Reading OpenROAD database at '/home/shehab/Desktop/ArithmeticMania/floating-point/runs/RUN_2024-12-25_04-56-51/18-openroad-tapendcapinsertion/floatingPointAdder.odb'…
Reading library file at '/home/shehab/.volare/volare/sky130/versions/0fe599b2afb6708d281543108caf8310912f54af/sky130A/libs.ref/sky130_fd_sc_hd/lib/sky130_fd_sc_hd__tt_025C_1v80.lib'…
Reading design constraints file at './mult.sdc'…
[INFO] No information on clock propagation in input SDC file-- propagating all clocks.
[WARNING STA-0450] virtual clock __VIRTUAL_CLK__ can not be propagated.
[INFO] Setting global connections...
[INFO PDN-0001] Inserting grid: stdcell_grid
Setting global connections for newly added cells…
[INFO] Setting global connections...
Updating metrics…
Cell type report:                       Count       Area
  Fill cell                                86     322.81
  Tap cell                                180     225.22
  Inverter                                 28     105.10
  Multi-Input combinational cell          952    6242.24
  Total                                  1246    6895.36
Writing OpenROAD database to '/home/shehab/Desktop/ArithmeticMania/floating-point/runs/RUN_2024-12-25_04-56-51/20-openroad-generatepdn/floatingPointAdder.odb'…
Writing netlist to '/home/shehab/Desktop/ArithmeticMania/floating-point/runs/RUN_2024-12-25_04-56-51/20-openroad-generatepdn/floatingPointAdder.nl.v'…
Writing powered netlist to '/home/shehab/Desktop/ArithmeticMania/floating-point/runs/RUN_2024-12-25_04-56-51/20-openroad-generatepdn/floatingPointAdder.pnl.v'…
Writing layout to '/home/shehab/Desktop/ArithmeticMania/floating-point/runs/RUN_2024-12-25_04-56-51/20-openroad-generatepdn/floatingPointAdder.def'…
Writing timing constraints to '/home/shehab/Desktop/ArithmeticMania/floating-point/runs/RUN_2024-12-25_04-56-51/20-openroad-generatepdn/floatingPointAdder.sdc'…
[INFO PSM-0040] All shapes on net VPWR are connected.
[INFO PSM-0040] All shapes on net VGND are connected.
