
===========================================================================
report_checks -unconstrained
===========================================================================
======================= max_ss_100C_1v60 Corner ===================================

Startpoint: x[27] (input port clocked by __VIRTUAL_CLK__)
Endpoint: result[25] (output port clocked by __VIRTUAL_CLK__)
Path Group: __VIRTUAL_CLK__
Path Type: max

Fanout         Cap        Slew       Delay        Time   Description
---------------------------------------------------------------------------------------------
                      0.000000    0.000000    0.000000   clock __VIRTUAL_CLK__ (rise edge)
                                  0.200000    0.200000   clock network delay (ideal)
                                  1.000000    1.200000 ^ input external delay
     1    0.033221    0.000000    0.000000    1.200000 ^ x[27] (in)
                                                         x[27] (net)
                      0.004259    0.002130    1.202130 ^ input20/A (sky130_fd_sc_hd__buf_2)
     7    0.108585    0.823568    0.691341    1.893471 ^ input20/X (sky130_fd_sc_hd__buf_2)
                                                         net20 (net)
                      0.824285    0.020270    1.913741 ^ _0975_/B_N (sky130_fd_sc_hd__nor2b_1)
     4    0.085788    2.565189    2.217192    4.130934 ^ _0975_/Y (sky130_fd_sc_hd__nor2b_1)
                                                         _0100_ (net)
                      2.565233    0.009118    4.140052 ^ _1082_/A1 (sky130_fd_sc_hd__a21oi_1)
     1    0.031927    0.849986    1.315468    5.455520 v _1082_/Y (sky130_fd_sc_hd__a21oi_1)
                                                         _0207_ (net)
                      0.849986    0.003547    5.459067 v _1100_/C1 (sky130_fd_sc_hd__o221ai_4)
     5    0.034546    0.543933    0.515676    5.974743 ^ _1100_/Y (sky130_fd_sc_hd__o221ai_4)
                                                         _0225_ (net)
                      0.543939    0.002666    5.977409 ^ _1101_/B1 (sky130_fd_sc_hd__o21ai_1)
     2    0.039722    0.696826    0.768920    6.746328 v _1101_/Y (sky130_fd_sc_hd__o21ai_1)
                                                         _0226_ (net)
                      0.697075    0.005793    6.752122 v _1104_/A (sky130_fd_sc_hd__nand2_2)
     1    0.035367    0.356674    0.545132    7.297254 ^ _1104_/Y (sky130_fd_sc_hd__nand2_2)
                                                         _0229_ (net)
                      0.356698    0.003308    7.300562 ^ _1106_/B (sky130_fd_sc_hd__nand2_8)
    27    0.152319    0.385900    0.412429    7.712991 v _1106_/Y (sky130_fd_sc_hd__nand2_8)
                                                         _0231_ (net)
                      0.387779    0.022196    7.735187 v _1109_/D1 (sky130_fd_sc_hd__o2111ai_4)
    19    0.128308    1.415177    0.649702    8.384889 ^ _1109_/Y (sky130_fd_sc_hd__o2111ai_4)
                                                         _0234_ (net)
                      1.415249    0.008417    8.393306 ^ _1260_/A1 (sky130_fd_sc_hd__o22ai_2)
     3    0.017963    0.319617    0.669557    9.062862 v _1260_/Y (sky130_fd_sc_hd__o22ai_2)
                                                         _0385_ (net)
                      0.319617    0.001001    9.063864 v _1292_/A2 (sky130_fd_sc_hd__o211ai_1)
     2    0.014538    0.595695    0.646542    9.710406 ^ _1292_/Y (sky130_fd_sc_hd__o211ai_1)
                                                         _0417_ (net)
                      0.595695    0.001251    9.711657 ^ _1352_/A (sky130_fd_sc_hd__nand3_1)
     1    0.010097    0.316369    0.470014   10.181671 v _1352_/Y (sky130_fd_sc_hd__nand3_1)
                                                         _0477_ (net)
                      0.316369    0.000974   10.182645 v _1358_/B1 (sky130_fd_sc_hd__a2bb2oi_2)
     3    0.027225    0.547357    0.616072   10.798717 ^ _1358_/Y (sky130_fd_sc_hd__a2bb2oi_2)
                                                         _0483_ (net)
                      0.547386    0.003369   10.802086 ^ _1379_/D (sky130_fd_sc_hd__nand4_2)
     6    0.019685    0.420057    0.554754   11.356840 v _1379_/Y (sky130_fd_sc_hd__nand4_2)
                                                         _0504_ (net)
                      0.420057    0.001242   11.358082 v _1381_/C (sky130_fd_sc_hd__nor3_1)
     3    0.010996    0.614360    0.634128   11.992210 ^ _1381_/Y (sky130_fd_sc_hd__nor3_1)
                                                         _0506_ (net)
                      0.614360    0.000324   11.992535 ^ _1384_/B (sky130_fd_sc_hd__nand4b_1)
     2    0.006217    0.288357    0.450911   12.443446 v _1384_/Y (sky130_fd_sc_hd__nand4b_1)
                                                         _0509_ (net)
                      0.288357    0.000413   12.443859 v _1386_/C (sky130_fd_sc_hd__nor3_1)
     2    0.004487    0.327189    0.361780   12.805638 ^ _1386_/Y (sky130_fd_sc_hd__nor3_1)
                                                         _0511_ (net)
                      0.327189    0.000142   12.805780 ^ _1390_/D_N (sky130_fd_sc_hd__or4b_2)
     3    0.011885    0.280147    1.593664   14.399445 v _1390_/X (sky130_fd_sc_hd__or4b_2)
                                                         _0515_ (net)
                      0.280147    0.000671   14.400116 v _1393_/A3 (sky130_fd_sc_hd__o31ai_2)
     2    0.014130    0.547417    0.583195   14.983311 ^ _1393_/Y (sky130_fd_sc_hd__o31ai_2)
                                                         _0518_ (net)
                      0.547417    0.000441   14.983751 ^ _1394_/B1 (sky130_fd_sc_hd__o21ai_2)
     2    0.012457    0.201252    0.331870   15.315621 v _1394_/Y (sky130_fd_sc_hd__o21ai_2)
                                                         _0519_ (net)
                      0.201252    0.000458   15.316079 v _1395_/B1 (sky130_fd_sc_hd__a41o_1)
     2    0.014964    0.164059    0.510122   15.826201 v _1395_/X (sky130_fd_sc_hd__a41o_1)
                                                         _0520_ (net)
                      0.164059    0.000648   15.826850 v _1396_/B1 (sky130_fd_sc_hd__a41oi_2)
     3    0.008387    0.285269    0.339156   16.166006 ^ _1396_/Y (sky130_fd_sc_hd__a41oi_2)
                                                         _0521_ (net)
                      0.285269    0.000258   16.166264 ^ _1397_/B1 (sky130_fd_sc_hd__o31a_1)
     3    0.014983    0.265819    0.473202   16.639465 ^ _1397_/X (sky130_fd_sc_hd__o31a_1)
                                                         _0522_ (net)
                      0.265819    0.000606   16.640072 ^ _1398_/B1 (sky130_fd_sc_hd__o41ai_4)
     3    0.014620    0.167042    0.247724   16.887794 v _1398_/Y (sky130_fd_sc_hd__o41ai_4)
                                                         _0523_ (net)
                      0.167043    0.000878   16.888672 v _1399_/B1 (sky130_fd_sc_hd__a21oi_1)
     1    0.006143    0.266420    0.299881   17.188553 ^ _1399_/Y (sky130_fd_sc_hd__a21oi_1)
                                                         _0524_ (net)
                      0.266420    0.000451   17.189005 ^ _1405_/B (sky130_fd_sc_hd__xor2_1)
     3    0.016018    0.323721    0.341105   17.530109 v _1405_/X (sky130_fd_sc_hd__xor2_1)
                                                         _0530_ (net)
                      0.323721    0.000682   17.530792 v _1409_/A (sky130_fd_sc_hd__or2_2)
     3    0.026144    0.217804    0.921196   18.451986 v _1409_/X (sky130_fd_sc_hd__or2_2)
                                                         _0534_ (net)
                      0.217812    0.001593   18.453581 v _1565_/A (sky130_fd_sc_hd__nand2_1)
     1    0.012490    0.207793    0.255513   18.709093 ^ _1565_/Y (sky130_fd_sc_hd__nand2_1)
                                                         _0690_ (net)
                      0.207795    0.001112   18.710205 ^ _1566_/A (sky130_fd_sc_hd__inv_1)
     2    0.021351    0.195347    0.249793   18.959999 v _1566_/Y (sky130_fd_sc_hd__inv_1)
                                                         _0691_ (net)
                      0.195364    0.001869   18.961866 v _1567_/B (sky130_fd_sc_hd__nand2_2)
     2    0.020275    0.187881    0.250676   19.212543 ^ _1567_/Y (sky130_fd_sc_hd__nand2_2)
                                                         _0692_ (net)
                      0.187881    0.000853   19.213396 ^ _1572_/A2_N (sky130_fd_sc_hd__o2bb2ai_4)
    12    0.097675    0.996116    0.544723   19.758120 ^ _1572_/Y (sky130_fd_sc_hd__o2bb2ai_4)
                                                         _0697_ (net)
                      0.996312    0.011674   19.769793 ^ _1580_/B (sky130_fd_sc_hd__nand3_4)
    11    0.067888    0.526025    0.734653   20.504446 v _1580_/Y (sky130_fd_sc_hd__nand3_4)
                                                         _0705_ (net)
                      0.526044    0.003919   20.508366 v _1599_/B (sky130_fd_sc_hd__nand3_1)
     2    0.013673    0.291824    0.467757   20.976122 ^ _1599_/Y (sky130_fd_sc_hd__nand3_1)
                                                         _0724_ (net)
                      0.291824    0.000774   20.976898 ^ _1617_/B (sky130_fd_sc_hd__nand4_2)
     2    0.015903    0.336018    0.413097   21.389994 v _1617_/Y (sky130_fd_sc_hd__nand4_2)
                                                         _0742_ (net)
                      0.336018    0.001119   21.391113 v _1619_/B2 (sky130_fd_sc_hd__o22ai_4)
     4    0.025775    0.413873    0.422885   21.813999 ^ _1619_/Y (sky130_fd_sc_hd__o22ai_4)
                                                         _0744_ (net)
                      0.413873    0.001393   21.815392 ^ _1627_/A1 (sky130_fd_sc_hd__a21boi_1)
     1    0.009434    0.210064    0.332316   22.147707 v _1627_/Y (sky130_fd_sc_hd__a21boi_1)
                                                         _0752_ (net)
                      0.210064    0.000700   22.148407 v _1632_/B2 (sky130_fd_sc_hd__o32ai_4)
     4    0.013665    0.422373    0.269569   22.417976 ^ _1632_/Y (sky130_fd_sc_hd__o32ai_4)
                                                         _0757_ (net)
                      0.422374    0.001110   22.419086 ^ _1641_/A1 (sky130_fd_sc_hd__a21oi_1)
     1    0.002746    0.186468    0.244313   22.663399 v _1641_/Y (sky130_fd_sc_hd__a21oi_1)
                                                         _0766_ (net)
                      0.186468    0.000128   22.663527 v _1646_/A1 (sky130_fd_sc_hd__a21oi_1)
     3    0.017455    0.617909    0.593978   23.257505 ^ _1646_/Y (sky130_fd_sc_hd__a21oi_1)
                                                         _0771_ (net)
                      0.617912    0.001158   23.258663 ^ _1834_/B2 (sky130_fd_sc_hd__o221ai_1)
     1    0.004662    0.245667    0.435714   23.694376 v _1834_/Y (sky130_fd_sc_hd__o221ai_1)
                                                         _0936_ (net)
                      0.245668    0.000306   23.694683 v _1835_/B2 (sky130_fd_sc_hd__a2bb2oi_1)
     1    0.018537    0.688960    0.659549   24.354231 ^ _1835_/Y (sky130_fd_sc_hd__a2bb2oi_1)
                                                         net82 (net)
                      0.688965    0.001581   24.355812 ^ output82/A (sky130_fd_sc_hd__buf_1)
     1    0.025969    0.491661    0.637543   24.993355 ^ output82/X (sky130_fd_sc_hd__buf_1)
                                                         result[25] (net)
                      0.491662    0.001821   24.995176 ^ result[25] (out)
                                             24.995176   data arrival time

                      0.000000   20.000000   20.000000   clock __VIRTUAL_CLK__ (rise edge)
                                  0.200000   20.200001   clock network delay (ideal)
                                  0.000000   20.200001   clock reconvergence pessimism
                                 -0.500000   19.700001   output external delay
                                             19.700001   data required time
---------------------------------------------------------------------------------------------
                                             19.700001   data required time
                                            -24.995176   data arrival time
---------------------------------------------------------------------------------------------
                                             -5.295176   slack (VIOLATED)




===========================================================================
report_checks --slack_max -0.01
============================================================================
======================= max_ss_100C_1v60 Corner ===================================

Startpoint: x[27] (input port clocked by __VIRTUAL_CLK__)
Endpoint: result[25] (output port clocked by __VIRTUAL_CLK__)
Path Group: __VIRTUAL_CLK__
Path Type: max

Fanout         Cap        Slew       Delay        Time   Description
---------------------------------------------------------------------------------------------
                      0.000000    0.000000    0.000000   clock __VIRTUAL_CLK__ (rise edge)
                                  0.200000    0.200000   clock network delay (ideal)
                                  1.000000    1.200000 ^ input external delay
     1    0.033221    0.000000    0.000000    1.200000 ^ x[27] (in)
                                                         x[27] (net)
                      0.004259    0.002130    1.202130 ^ input20/A (sky130_fd_sc_hd__buf_2)
     7    0.108585    0.823568    0.691341    1.893471 ^ input20/X (sky130_fd_sc_hd__buf_2)
                                                         net20 (net)
                      0.824285    0.020270    1.913741 ^ _0975_/B_N (sky130_fd_sc_hd__nor2b_1)
     4    0.085788    2.565189    2.217192    4.130934 ^ _0975_/Y (sky130_fd_sc_hd__nor2b_1)
                                                         _0100_ (net)
                      2.565233    0.009118    4.140052 ^ _1082_/A1 (sky130_fd_sc_hd__a21oi_1)
     1    0.031927    0.849986    1.315468    5.455520 v _1082_/Y (sky130_fd_sc_hd__a21oi_1)
                                                         _0207_ (net)
                      0.849986    0.003547    5.459067 v _1100_/C1 (sky130_fd_sc_hd__o221ai_4)
     5    0.034546    0.543933    0.515676    5.974743 ^ _1100_/Y (sky130_fd_sc_hd__o221ai_4)
                                                         _0225_ (net)
                      0.543939    0.002666    5.977409 ^ _1101_/B1 (sky130_fd_sc_hd__o21ai_1)
     2    0.039722    0.696826    0.768920    6.746328 v _1101_/Y (sky130_fd_sc_hd__o21ai_1)
                                                         _0226_ (net)
                      0.697075    0.005793    6.752122 v _1104_/A (sky130_fd_sc_hd__nand2_2)
     1    0.035367    0.356674    0.545132    7.297254 ^ _1104_/Y (sky130_fd_sc_hd__nand2_2)
                                                         _0229_ (net)
                      0.356698    0.003308    7.300562 ^ _1106_/B (sky130_fd_sc_hd__nand2_8)
    27    0.152319    0.385900    0.412429    7.712991 v _1106_/Y (sky130_fd_sc_hd__nand2_8)
                                                         _0231_ (net)
                      0.387779    0.022196    7.735187 v _1109_/D1 (sky130_fd_sc_hd__o2111ai_4)
    19    0.128308    1.415177    0.649702    8.384889 ^ _1109_/Y (sky130_fd_sc_hd__o2111ai_4)
                                                         _0234_ (net)
                      1.415249    0.008417    8.393306 ^ _1260_/A1 (sky130_fd_sc_hd__o22ai_2)
     3    0.017963    0.319617    0.669557    9.062862 v _1260_/Y (sky130_fd_sc_hd__o22ai_2)
                                                         _0385_ (net)
                      0.319617    0.001001    9.063864 v _1292_/A2 (sky130_fd_sc_hd__o211ai_1)
     2    0.014538    0.595695    0.646542    9.710406 ^ _1292_/Y (sky130_fd_sc_hd__o211ai_1)
                                                         _0417_ (net)
                      0.595695    0.001251    9.711657 ^ _1352_/A (sky130_fd_sc_hd__nand3_1)
     1    0.010097    0.316369    0.470014   10.181671 v _1352_/Y (sky130_fd_sc_hd__nand3_1)
                                                         _0477_ (net)
                      0.316369    0.000974   10.182645 v _1358_/B1 (sky130_fd_sc_hd__a2bb2oi_2)
     3    0.027225    0.547357    0.616072   10.798717 ^ _1358_/Y (sky130_fd_sc_hd__a2bb2oi_2)
                                                         _0483_ (net)
                      0.547386    0.003369   10.802086 ^ _1379_/D (sky130_fd_sc_hd__nand4_2)
     6    0.019685    0.420057    0.554754   11.356840 v _1379_/Y (sky130_fd_sc_hd__nand4_2)
                                                         _0504_ (net)
                      0.420057    0.001242   11.358082 v _1381_/C (sky130_fd_sc_hd__nor3_1)
     3    0.010996    0.614360    0.634128   11.992210 ^ _1381_/Y (sky130_fd_sc_hd__nor3_1)
                                                         _0506_ (net)
                      0.614360    0.000324   11.992535 ^ _1384_/B (sky130_fd_sc_hd__nand4b_1)
     2    0.006217    0.288357    0.450911   12.443446 v _1384_/Y (sky130_fd_sc_hd__nand4b_1)
                                                         _0509_ (net)
                      0.288357    0.000413   12.443859 v _1386_/C (sky130_fd_sc_hd__nor3_1)
     2    0.004487    0.327189    0.361780   12.805638 ^ _1386_/Y (sky130_fd_sc_hd__nor3_1)
                                                         _0511_ (net)
                      0.327189    0.000142   12.805780 ^ _1390_/D_N (sky130_fd_sc_hd__or4b_2)
     3    0.011885    0.280147    1.593664   14.399445 v _1390_/X (sky130_fd_sc_hd__or4b_2)
                                                         _0515_ (net)
                      0.280147    0.000671   14.400116 v _1393_/A3 (sky130_fd_sc_hd__o31ai_2)
     2    0.014130    0.547417    0.583195   14.983311 ^ _1393_/Y (sky130_fd_sc_hd__o31ai_2)
                                                         _0518_ (net)
                      0.547417    0.000441   14.983751 ^ _1394_/B1 (sky130_fd_sc_hd__o21ai_2)
     2    0.012457    0.201252    0.331870   15.315621 v _1394_/Y (sky130_fd_sc_hd__o21ai_2)
                                                         _0519_ (net)
                      0.201252    0.000458   15.316079 v _1395_/B1 (sky130_fd_sc_hd__a41o_1)
     2    0.014964    0.164059    0.510122   15.826201 v _1395_/X (sky130_fd_sc_hd__a41o_1)
                                                         _0520_ (net)
                      0.164059    0.000648   15.826850 v _1396_/B1 (sky130_fd_sc_hd__a41oi_2)
     3    0.008387    0.285269    0.339156   16.166006 ^ _1396_/Y (sky130_fd_sc_hd__a41oi_2)
                                                         _0521_ (net)
                      0.285269    0.000258   16.166264 ^ _1397_/B1 (sky130_fd_sc_hd__o31a_1)
     3    0.014983    0.265819    0.473202   16.639465 ^ _1397_/X (sky130_fd_sc_hd__o31a_1)
                                                         _0522_ (net)
                      0.265819    0.000606   16.640072 ^ _1398_/B1 (sky130_fd_sc_hd__o41ai_4)
     3    0.014620    0.167042    0.247724   16.887794 v _1398_/Y (sky130_fd_sc_hd__o41ai_4)
                                                         _0523_ (net)
                      0.167043    0.000878   16.888672 v _1399_/B1 (sky130_fd_sc_hd__a21oi_1)
     1    0.006143    0.266420    0.299881   17.188553 ^ _1399_/Y (sky130_fd_sc_hd__a21oi_1)
                                                         _0524_ (net)
                      0.266420    0.000451   17.189005 ^ _1405_/B (sky130_fd_sc_hd__xor2_1)
     3    0.016018    0.323721    0.341105   17.530109 v _1405_/X (sky130_fd_sc_hd__xor2_1)
                                                         _0530_ (net)
                      0.323721    0.000682   17.530792 v _1409_/A (sky130_fd_sc_hd__or2_2)
     3    0.026144    0.217804    0.921196   18.451986 v _1409_/X (sky130_fd_sc_hd__or2_2)
                                                         _0534_ (net)
                      0.217812    0.001593   18.453581 v _1565_/A (sky130_fd_sc_hd__nand2_1)
     1    0.012490    0.207793    0.255513   18.709093 ^ _1565_/Y (sky130_fd_sc_hd__nand2_1)
                                                         _0690_ (net)
                      0.207795    0.001112   18.710205 ^ _1566_/A (sky130_fd_sc_hd__inv_1)
     2    0.021351    0.195347    0.249793   18.959999 v _1566_/Y (sky130_fd_sc_hd__inv_1)
                                                         _0691_ (net)
                      0.195364    0.001869   18.961866 v _1567_/B (sky130_fd_sc_hd__nand2_2)
     2    0.020275    0.187881    0.250676   19.212543 ^ _1567_/Y (sky130_fd_sc_hd__nand2_2)
                                                         _0692_ (net)
                      0.187881    0.000853   19.213396 ^ _1572_/A2_N (sky130_fd_sc_hd__o2bb2ai_4)
    12    0.097675    0.996116    0.544723   19.758120 ^ _1572_/Y (sky130_fd_sc_hd__o2bb2ai_4)
                                                         _0697_ (net)
                      0.996312    0.011674   19.769793 ^ _1580_/B (sky130_fd_sc_hd__nand3_4)
    11    0.067888    0.526025    0.734653   20.504446 v _1580_/Y (sky130_fd_sc_hd__nand3_4)
                                                         _0705_ (net)
                      0.526044    0.003919   20.508366 v _1599_/B (sky130_fd_sc_hd__nand3_1)
     2    0.013673    0.291824    0.467757   20.976122 ^ _1599_/Y (sky130_fd_sc_hd__nand3_1)
                                                         _0724_ (net)
                      0.291824    0.000774   20.976898 ^ _1617_/B (sky130_fd_sc_hd__nand4_2)
     2    0.015903    0.336018    0.413097   21.389994 v _1617_/Y (sky130_fd_sc_hd__nand4_2)
                                                         _0742_ (net)
                      0.336018    0.001119   21.391113 v _1619_/B2 (sky130_fd_sc_hd__o22ai_4)
     4    0.025775    0.413873    0.422885   21.813999 ^ _1619_/Y (sky130_fd_sc_hd__o22ai_4)
                                                         _0744_ (net)
                      0.413873    0.001393   21.815392 ^ _1627_/A1 (sky130_fd_sc_hd__a21boi_1)
     1    0.009434    0.210064    0.332316   22.147707 v _1627_/Y (sky130_fd_sc_hd__a21boi_1)
                                                         _0752_ (net)
                      0.210064    0.000700   22.148407 v _1632_/B2 (sky130_fd_sc_hd__o32ai_4)
     4    0.013665    0.422373    0.269569   22.417976 ^ _1632_/Y (sky130_fd_sc_hd__o32ai_4)
                                                         _0757_ (net)
                      0.422374    0.001110   22.419086 ^ _1641_/A1 (sky130_fd_sc_hd__a21oi_1)
     1    0.002746    0.186468    0.244313   22.663399 v _1641_/Y (sky130_fd_sc_hd__a21oi_1)
                                                         _0766_ (net)
                      0.186468    0.000128   22.663527 v _1646_/A1 (sky130_fd_sc_hd__a21oi_1)
     3    0.017455    0.617909    0.593978   23.257505 ^ _1646_/Y (sky130_fd_sc_hd__a21oi_1)
                                                         _0771_ (net)
                      0.617912    0.001158   23.258663 ^ _1834_/B2 (sky130_fd_sc_hd__o221ai_1)
     1    0.004662    0.245667    0.435714   23.694376 v _1834_/Y (sky130_fd_sc_hd__o221ai_1)
                                                         _0936_ (net)
                      0.245668    0.000306   23.694683 v _1835_/B2 (sky130_fd_sc_hd__a2bb2oi_1)
     1    0.018537    0.688960    0.659549   24.354231 ^ _1835_/Y (sky130_fd_sc_hd__a2bb2oi_1)
                                                         net82 (net)
                      0.688965    0.001581   24.355812 ^ output82/A (sky130_fd_sc_hd__buf_1)
     1    0.025969    0.491661    0.637543   24.993355 ^ output82/X (sky130_fd_sc_hd__buf_1)
                                                         result[25] (net)
                      0.491662    0.001821   24.995176 ^ result[25] (out)
                                             24.995176   data arrival time

                      0.000000   20.000000   20.000000   clock __VIRTUAL_CLK__ (rise edge)
                                  0.200000   20.200001   clock network delay (ideal)
                                  0.000000   20.200001   clock reconvergence pessimism
                                 -0.500000   19.700001   output external delay
                                             19.700001   data required time
---------------------------------------------------------------------------------------------
                                             19.700001   data required time
                                            -24.995176   data arrival time
---------------------------------------------------------------------------------------------
                                             -5.295176   slack (VIOLATED)




===========================================================================
 report_check_types -max_slew -max_cap -max_fanout -violators
============================================================================
======================= max_ss_100C_1v60 Corner ===================================

max slew

Pin                                        Limit        Slew       Slack
------------------------------------------------------------------------
_0975_/Y                                1.486174    2.565189   -1.079015 (VIOLATED)
_1083_/A1                               1.500000    2.565234   -1.065234 (VIOLATED)
ANTENNA_2/DIODE                         1.500000    2.565232   -1.065232 (VIOLATED)
_1082_/A1                               1.500000    2.565233   -1.065233 (VIOLATED)
_1144_/B1                               1.500000    2.565233   -1.065233 (VIOLATED)
_0966_/Y                                1.489198    1.854660   -0.365462 (VIOLATED)
_0968_/A                                1.500000    1.854688   -0.354689 (VIOLATED)
_1859_/Y                                1.485998    1.768312   -0.282314 (VIOLATED)
_1906_/B1                               1.500000    1.768312   -0.268312 (VIOLATED)
_1919_/A                                1.500000    1.768312   -0.268312 (VIOLATED)
_1915_/Y                                1.489198    1.519835   -0.030637 (VIOLATED)
_1920_/B1                               1.500000    1.519843   -0.019843 (VIOLATED)
_1923_/A1                               1.500000    1.519840   -0.019840 (VIOLATED)

max capacitance

Pin                                        Limit         Cap       Slack
------------------------------------------------------------------------
_0975_/Y                                0.048533    0.085788   -0.037255 (VIOLATED)
_0966_/Y                                0.036631    0.048258   -0.011627 (VIOLATED)
_1859_/Y                                0.018321    0.023080   -0.004759 (VIOLATED)
_1915_/Y                                0.036631    0.038696   -0.002065 (VIOLATED)
_1802_/Y                                0.020152    0.020464   -0.000312 (VIOLATED)



===========================================================================
report_parasitic_annotation -report_unannotated
============================================================================
Found 0 unannotated drivers.
Found 0 partially unannotated drivers.

===========================================================================
max slew violation count 13
max fanout violation count 0
max cap violation count 5
============================================================================

===========================================================================
check_setup -verbose -unconstrained_endpoints -multiple_clock -no_clock -no_input_delay -loops -generated_clocks
===========================================================================
