
===========================================================================
report_checks -unconstrained
===========================================================================
======================= nom_ss_100C_1v60 Corner ===================================

Startpoint: x[27] (input port clocked by __VIRTUAL_CLK__)
Endpoint: result[25] (output port clocked by __VIRTUAL_CLK__)
Path Group: __VIRTUAL_CLK__
Path Type: max

Fanout         Cap        Slew       Delay        Time   Description
---------------------------------------------------------------------------------------------
                      0.000000    0.000000    0.000000   clock __VIRTUAL_CLK__ (rise edge)
                                  0.200000    0.200000   clock network delay (ideal)
                                  1.000000    1.200000 ^ input external delay
     1    0.030602    0.000000    0.000000    1.200000 ^ x[27] (in)
                                                         x[27] (net)
                      0.002507    0.001254    1.201254 ^ input20/A (sky130_fd_sc_hd__buf_2)
     7    0.101773    0.776231    0.660445    1.861698 ^ input20/X (sky130_fd_sc_hd__buf_2)
                                                         net20 (net)
                      0.776489    0.011838    1.873536 ^ _0975_/B_N (sky130_fd_sc_hd__nor2b_1)
     4    0.079553    2.381546    2.077731    3.951267 ^ _0975_/Y (sky130_fd_sc_hd__nor2b_1)
                                                         _0100_ (net)
                      2.381560    0.005022    3.956289 ^ _1082_/A1 (sky130_fd_sc_hd__a21oi_1)
     1    0.030248    0.797366    1.245558    5.201848 v _1082_/Y (sky130_fd_sc_hd__a21oi_1)
                                                         _0207_ (net)
                      0.797366    0.001612    5.203460 v _1100_/C1 (sky130_fd_sc_hd__o221ai_4)
     5    0.032513    0.524021    0.489116    5.692576 ^ _1100_/Y (sky130_fd_sc_hd__o221ai_4)
                                                         _0225_ (net)
                      0.524021    0.001216    5.693793 ^ _1101_/B1 (sky130_fd_sc_hd__o21ai_1)
     2    0.037368    0.658124    0.733004    6.426797 v _1101_/Y (sky130_fd_sc_hd__o21ai_1)
                                                         _0226_ (net)
                      0.658325    0.003868    6.430665 v _1104_/A (sky130_fd_sc_hd__nand2_2)
     1    0.033077    0.333940    0.518334    6.948999 ^ _1104_/Y (sky130_fd_sc_hd__nand2_2)
                                                         _0229_ (net)
                      0.333940    0.001242    6.950242 ^ _1106_/B (sky130_fd_sc_hd__nand2_8)
    27    0.146926    0.370936    0.407022    7.357264 v _1106_/Y (sky130_fd_sc_hd__nand2_8)
                                                         _0231_ (net)
                      0.371357    0.010377    7.367640 v _1109_/D1 (sky130_fd_sc_hd__o2111ai_4)
    19    0.123636    1.368620    0.630246    7.997886 ^ _1109_/Y (sky130_fd_sc_hd__o2111ai_4)
                                                         _0234_ (net)
                      1.368634    0.003705    8.001591 ^ _1260_/A1 (sky130_fd_sc_hd__o22ai_2)
     3    0.016606    0.305055    0.645547    8.647138 v _1260_/Y (sky130_fd_sc_hd__o22ai_2)
                                                         _0385_ (net)
                      0.305055    0.000433    8.647571 v _1292_/A2 (sky130_fd_sc_hd__o211ai_1)
     2    0.013720    0.570338    0.621277    9.268848 ^ _1292_/Y (sky130_fd_sc_hd__o211ai_1)
                                                         _0417_ (net)
                      0.570338    0.000570    9.269419 ^ _1352_/A (sky130_fd_sc_hd__nand3_1)
     1    0.009521    0.306370    0.448392    9.717811 v _1352_/Y (sky130_fd_sc_hd__nand3_1)
                                                         _0477_ (net)
                      0.306370    0.000395    9.718206 v _1358_/B1 (sky130_fd_sc_hd__a2bb2oi_2)
     3    0.025355    0.512589    0.589457   10.307664 ^ _1358_/Y (sky130_fd_sc_hd__a2bb2oi_2)
                                                         _0483_ (net)
                      0.512595    0.001467   10.309131 ^ _1379_/D (sky130_fd_sc_hd__nand4_2)
     6    0.019048    0.409608    0.537511   10.846642 v _1379_/Y (sky130_fd_sc_hd__nand4_2)
                                                         _0504_ (net)
                      0.409608    0.000628   10.847269 v _1381_/C (sky130_fd_sc_hd__nor3_1)
     3    0.010836    0.625242    0.625046   11.472315 ^ _1381_/Y (sky130_fd_sc_hd__nor3_1)
                                                         _0506_ (net)
                      0.625242    0.000134   11.472449 ^ _1384_/B (sky130_fd_sc_hd__nand4b_1)
     2    0.006029    0.284699    0.449995   11.922443 v _1384_/Y (sky130_fd_sc_hd__nand4b_1)
                                                         _0509_ (net)
                      0.284699    0.000172   11.922616 v _1386_/C (sky130_fd_sc_hd__nor3_1)
     2    0.004460    0.336995    0.359535   12.282151 ^ _1386_/Y (sky130_fd_sc_hd__nor3_1)
                                                         _0511_ (net)
                      0.336995    0.000061   12.282212 ^ _1390_/D_N (sky130_fd_sc_hd__or4b_2)
     3    0.011529    0.277373    1.591609   13.873820 v _1390_/X (sky130_fd_sc_hd__or4b_2)
                                                         _0515_ (net)
                      0.277373    0.000292   13.874113 v _1393_/A3 (sky130_fd_sc_hd__o31ai_2)
     2    0.013997    0.543908    0.579574   14.453687 ^ _1393_/Y (sky130_fd_sc_hd__o31ai_2)
                                                         _0518_ (net)
                      0.543908    0.000180   14.453867 ^ _1394_/B1 (sky130_fd_sc_hd__o21ai_2)
     2    0.012298    0.196962    0.329597   14.783463 v _1394_/Y (sky130_fd_sc_hd__o21ai_2)
                                                         _0519_ (net)
                      0.196962    0.000199   14.783663 v _1395_/B1 (sky130_fd_sc_hd__a41o_1)
     2    0.014690    0.161822    0.506887   15.290549 v _1395_/X (sky130_fd_sc_hd__a41o_1)
                                                         _0520_ (net)
                      0.161822    0.000259   15.290809 v _1396_/B1 (sky130_fd_sc_hd__a41oi_2)
     3    0.008215    0.282400    0.335840   15.626649 ^ _1396_/Y (sky130_fd_sc_hd__a41oi_2)
                                                         _0521_ (net)
                      0.282400    0.000105   15.626754 ^ _1397_/B1 (sky130_fd_sc_hd__o31a_1)
     3    0.014704    0.261360    0.469120   16.095873 ^ _1397_/X (sky130_fd_sc_hd__o31a_1)
                                                         _0522_ (net)
                      0.261360    0.000268   16.096142 ^ _1398_/B1 (sky130_fd_sc_hd__o41ai_4)
     3    0.014384    0.165200    0.245068   16.341209 v _1398_/Y (sky130_fd_sc_hd__o41ai_4)
                                                         _0523_ (net)
                      0.165200    0.000336   16.341545 v _1399_/B1 (sky130_fd_sc_hd__a21oi_1)
     1    0.005918    0.259598    0.294003   16.635548 ^ _1399_/Y (sky130_fd_sc_hd__a21oi_1)
                                                         _0524_ (net)
                      0.259598    0.000195   16.635744 ^ _1405_/B (sky130_fd_sc_hd__xor2_1)
     3    0.014852    0.306175    0.326136   16.961880 v _1405_/X (sky130_fd_sc_hd__xor2_1)
                                                         _0530_ (net)
                      0.306175    0.000293   16.962173 v _1409_/A (sky130_fd_sc_hd__or2_2)
     3    0.025253    0.214259    0.910259   17.872431 v _1409_/X (sky130_fd_sc_hd__or2_2)
                                                         _0534_ (net)
                      0.214259    0.000782   17.873213 v _1565_/A (sky130_fd_sc_hd__nand2_1)
     1    0.011477    0.194283    0.244023   18.117237 ^ _1565_/Y (sky130_fd_sc_hd__nand2_1)
                                                         _0690_ (net)
                      0.194283    0.000412   18.117649 ^ _1566_/A (sky130_fd_sc_hd__inv_1)
     2    0.020424    0.186947    0.238124   18.355772 v _1566_/Y (sky130_fd_sc_hd__inv_1)
                                                         _0691_ (net)
                      0.186949    0.000886   18.356659 v _1567_/B (sky130_fd_sc_hd__nand2_2)
     2    0.019997    0.185651    0.245402   18.602060 ^ _1567_/Y (sky130_fd_sc_hd__nand2_2)
                                                         _0692_ (net)
                      0.185651    0.000426   18.602488 ^ _1572_/A2_N (sky130_fd_sc_hd__o2bb2ai_4)
    12    0.095646    0.975816    0.541052   19.143539 ^ _1572_/Y (sky130_fd_sc_hd__o2bb2ai_4)
                                                         _0697_ (net)
                      0.975850    0.004864   19.148403 ^ _1580_/B (sky130_fd_sc_hd__nand3_4)
    11    0.065626    0.527391    0.716627   19.865028 v _1580_/Y (sky130_fd_sc_hd__nand3_4)
                                                         _0705_ (net)
                      0.527393    0.001986   19.867016 v _1599_/B (sky130_fd_sc_hd__nand3_1)
     2    0.012802    0.280207    0.458586   20.325602 ^ _1599_/Y (sky130_fd_sc_hd__nand3_1)
                                                         _0724_ (net)
                      0.280207    0.000393   20.325994 ^ _1617_/B (sky130_fd_sc_hd__nand4_2)
     2    0.015333    0.326907    0.402434   20.728428 v _1617_/Y (sky130_fd_sc_hd__nand4_2)
                                                         _0742_ (net)
                      0.326907    0.000506   20.728933 v _1619_/B2 (sky130_fd_sc_hd__o22ai_4)
     4    0.024233    0.398680    0.407502   21.136435 ^ _1619_/Y (sky130_fd_sc_hd__o22ai_4)
                                                         _0744_ (net)
                      0.398681    0.000533   21.136969 ^ _1627_/A1 (sky130_fd_sc_hd__a21boi_1)
     1    0.009273    0.205784    0.324585   21.461554 v _1627_/Y (sky130_fd_sc_hd__a21boi_1)
                                                         _0752_ (net)
                      0.205784    0.000291   21.461845 v _1632_/B2 (sky130_fd_sc_hd__o32ai_4)
     4    0.013178    0.415893    0.264409   21.726254 ^ _1632_/Y (sky130_fd_sc_hd__o32ai_4)
                                                         _0757_ (net)
                      0.415893    0.000441   21.726694 ^ _1641_/A1 (sky130_fd_sc_hd__a21oi_1)
     1    0.002708    0.180713    0.241638   21.968332 v _1641_/Y (sky130_fd_sc_hd__a21oi_1)
                                                         _0766_ (net)
                      0.180713    0.000053   21.968386 v _1646_/A1 (sky130_fd_sc_hd__a21oi_1)
     3    0.016402    0.584801    0.567255   22.535641 ^ _1646_/Y (sky130_fd_sc_hd__a21oi_1)
                                                         _0771_ (net)
                      0.584801    0.000465   22.536106 ^ _1834_/B2 (sky130_fd_sc_hd__o221ai_1)
     1    0.004361    0.237702    0.418572   22.954678 v _1834_/Y (sky130_fd_sc_hd__o221ai_1)
                                                         _0936_ (net)
                      0.237702    0.000149   22.954826 v _1835_/B2 (sky130_fd_sc_hd__a2bb2oi_1)
     1    0.016867    0.633859    0.617113   23.571939 ^ _1835_/Y (sky130_fd_sc_hd__a2bb2oi_1)
                                                         net82 (net)
                      0.633860    0.000645   23.572584 ^ output82/A (sky130_fd_sc_hd__buf_1)
     1    0.024857    0.471178    0.614579   24.187162 ^ output82/X (sky130_fd_sc_hd__buf_1)
                                                         result[25] (net)
                      0.471178    0.000757   24.187920 ^ result[25] (out)
                                             24.187920   data arrival time

                      0.000000   20.000000   20.000000   clock __VIRTUAL_CLK__ (rise edge)
                                  0.200000   20.200001   clock network delay (ideal)
                                  0.000000   20.200001   clock reconvergence pessimism
                                 -0.500000   19.700001   output external delay
                                             19.700001   data required time
---------------------------------------------------------------------------------------------
                                             19.700001   data required time
                                            -24.187920   data arrival time
---------------------------------------------------------------------------------------------
                                             -4.487919   slack (VIOLATED)




===========================================================================
report_checks --slack_max -0.01
============================================================================
======================= nom_ss_100C_1v60 Corner ===================================

Startpoint: x[27] (input port clocked by __VIRTUAL_CLK__)
Endpoint: result[25] (output port clocked by __VIRTUAL_CLK__)
Path Group: __VIRTUAL_CLK__
Path Type: max

Fanout         Cap        Slew       Delay        Time   Description
---------------------------------------------------------------------------------------------
                      0.000000    0.000000    0.000000   clock __VIRTUAL_CLK__ (rise edge)
                                  0.200000    0.200000   clock network delay (ideal)
                                  1.000000    1.200000 ^ input external delay
     1    0.030602    0.000000    0.000000    1.200000 ^ x[27] (in)
                                                         x[27] (net)
                      0.002507    0.001254    1.201254 ^ input20/A (sky130_fd_sc_hd__buf_2)
     7    0.101773    0.776231    0.660445    1.861698 ^ input20/X (sky130_fd_sc_hd__buf_2)
                                                         net20 (net)
                      0.776489    0.011838    1.873536 ^ _0975_/B_N (sky130_fd_sc_hd__nor2b_1)
     4    0.079553    2.381546    2.077731    3.951267 ^ _0975_/Y (sky130_fd_sc_hd__nor2b_1)
                                                         _0100_ (net)
                      2.381560    0.005022    3.956289 ^ _1082_/A1 (sky130_fd_sc_hd__a21oi_1)
     1    0.030248    0.797366    1.245558    5.201848 v _1082_/Y (sky130_fd_sc_hd__a21oi_1)
                                                         _0207_ (net)
                      0.797366    0.001612    5.203460 v _1100_/C1 (sky130_fd_sc_hd__o221ai_4)
     5    0.032513    0.524021    0.489116    5.692576 ^ _1100_/Y (sky130_fd_sc_hd__o221ai_4)
                                                         _0225_ (net)
                      0.524021    0.001216    5.693793 ^ _1101_/B1 (sky130_fd_sc_hd__o21ai_1)
     2    0.037368    0.658124    0.733004    6.426797 v _1101_/Y (sky130_fd_sc_hd__o21ai_1)
                                                         _0226_ (net)
                      0.658325    0.003868    6.430665 v _1104_/A (sky130_fd_sc_hd__nand2_2)
     1    0.033077    0.333940    0.518334    6.948999 ^ _1104_/Y (sky130_fd_sc_hd__nand2_2)
                                                         _0229_ (net)
                      0.333940    0.001242    6.950242 ^ _1106_/B (sky130_fd_sc_hd__nand2_8)
    27    0.146926    0.370936    0.407022    7.357264 v _1106_/Y (sky130_fd_sc_hd__nand2_8)
                                                         _0231_ (net)
                      0.371357    0.010377    7.367640 v _1109_/D1 (sky130_fd_sc_hd__o2111ai_4)
    19    0.123636    1.368620    0.630246    7.997886 ^ _1109_/Y (sky130_fd_sc_hd__o2111ai_4)
                                                         _0234_ (net)
                      1.368634    0.003705    8.001591 ^ _1260_/A1 (sky130_fd_sc_hd__o22ai_2)
     3    0.016606    0.305055    0.645547    8.647138 v _1260_/Y (sky130_fd_sc_hd__o22ai_2)
                                                         _0385_ (net)
                      0.305055    0.000433    8.647571 v _1292_/A2 (sky130_fd_sc_hd__o211ai_1)
     2    0.013720    0.570338    0.621277    9.268848 ^ _1292_/Y (sky130_fd_sc_hd__o211ai_1)
                                                         _0417_ (net)
                      0.570338    0.000570    9.269419 ^ _1352_/A (sky130_fd_sc_hd__nand3_1)
     1    0.009521    0.306370    0.448392    9.717811 v _1352_/Y (sky130_fd_sc_hd__nand3_1)
                                                         _0477_ (net)
                      0.306370    0.000395    9.718206 v _1358_/B1 (sky130_fd_sc_hd__a2bb2oi_2)
     3    0.025355    0.512589    0.589457   10.307664 ^ _1358_/Y (sky130_fd_sc_hd__a2bb2oi_2)
                                                         _0483_ (net)
                      0.512595    0.001467   10.309131 ^ _1379_/D (sky130_fd_sc_hd__nand4_2)
     6    0.019048    0.409608    0.537511   10.846642 v _1379_/Y (sky130_fd_sc_hd__nand4_2)
                                                         _0504_ (net)
                      0.409608    0.000628   10.847269 v _1381_/C (sky130_fd_sc_hd__nor3_1)
     3    0.010836    0.625242    0.625046   11.472315 ^ _1381_/Y (sky130_fd_sc_hd__nor3_1)
                                                         _0506_ (net)
                      0.625242    0.000134   11.472449 ^ _1384_/B (sky130_fd_sc_hd__nand4b_1)
     2    0.006029    0.284699    0.449995   11.922443 v _1384_/Y (sky130_fd_sc_hd__nand4b_1)
                                                         _0509_ (net)
                      0.284699    0.000172   11.922616 v _1386_/C (sky130_fd_sc_hd__nor3_1)
     2    0.004460    0.336995    0.359535   12.282151 ^ _1386_/Y (sky130_fd_sc_hd__nor3_1)
                                                         _0511_ (net)
                      0.336995    0.000061   12.282212 ^ _1390_/D_N (sky130_fd_sc_hd__or4b_2)
     3    0.011529    0.277373    1.591609   13.873820 v _1390_/X (sky130_fd_sc_hd__or4b_2)
                                                         _0515_ (net)
                      0.277373    0.000292   13.874113 v _1393_/A3 (sky130_fd_sc_hd__o31ai_2)
     2    0.013997    0.543908    0.579574   14.453687 ^ _1393_/Y (sky130_fd_sc_hd__o31ai_2)
                                                         _0518_ (net)
                      0.543908    0.000180   14.453867 ^ _1394_/B1 (sky130_fd_sc_hd__o21ai_2)
     2    0.012298    0.196962    0.329597   14.783463 v _1394_/Y (sky130_fd_sc_hd__o21ai_2)
                                                         _0519_ (net)
                      0.196962    0.000199   14.783663 v _1395_/B1 (sky130_fd_sc_hd__a41o_1)
     2    0.014690    0.161822    0.506887   15.290549 v _1395_/X (sky130_fd_sc_hd__a41o_1)
                                                         _0520_ (net)
                      0.161822    0.000259   15.290809 v _1396_/B1 (sky130_fd_sc_hd__a41oi_2)
     3    0.008215    0.282400    0.335840   15.626649 ^ _1396_/Y (sky130_fd_sc_hd__a41oi_2)
                                                         _0521_ (net)
                      0.282400    0.000105   15.626754 ^ _1397_/B1 (sky130_fd_sc_hd__o31a_1)
     3    0.014704    0.261360    0.469120   16.095873 ^ _1397_/X (sky130_fd_sc_hd__o31a_1)
                                                         _0522_ (net)
                      0.261360    0.000268   16.096142 ^ _1398_/B1 (sky130_fd_sc_hd__o41ai_4)
     3    0.014384    0.165200    0.245068   16.341209 v _1398_/Y (sky130_fd_sc_hd__o41ai_4)
                                                         _0523_ (net)
                      0.165200    0.000336   16.341545 v _1399_/B1 (sky130_fd_sc_hd__a21oi_1)
     1    0.005918    0.259598    0.294003   16.635548 ^ _1399_/Y (sky130_fd_sc_hd__a21oi_1)
                                                         _0524_ (net)
                      0.259598    0.000195   16.635744 ^ _1405_/B (sky130_fd_sc_hd__xor2_1)
     3    0.014852    0.306175    0.326136   16.961880 v _1405_/X (sky130_fd_sc_hd__xor2_1)
                                                         _0530_ (net)
                      0.306175    0.000293   16.962173 v _1409_/A (sky130_fd_sc_hd__or2_2)
     3    0.025253    0.214259    0.910259   17.872431 v _1409_/X (sky130_fd_sc_hd__or2_2)
                                                         _0534_ (net)
                      0.214259    0.000782   17.873213 v _1565_/A (sky130_fd_sc_hd__nand2_1)
     1    0.011477    0.194283    0.244023   18.117237 ^ _1565_/Y (sky130_fd_sc_hd__nand2_1)
                                                         _0690_ (net)
                      0.194283    0.000412   18.117649 ^ _1566_/A (sky130_fd_sc_hd__inv_1)
     2    0.020424    0.186947    0.238124   18.355772 v _1566_/Y (sky130_fd_sc_hd__inv_1)
                                                         _0691_ (net)
                      0.186949    0.000886   18.356659 v _1567_/B (sky130_fd_sc_hd__nand2_2)
     2    0.019997    0.185651    0.245402   18.602060 ^ _1567_/Y (sky130_fd_sc_hd__nand2_2)
                                                         _0692_ (net)
                      0.185651    0.000426   18.602488 ^ _1572_/A2_N (sky130_fd_sc_hd__o2bb2ai_4)
    12    0.095646    0.975816    0.541052   19.143539 ^ _1572_/Y (sky130_fd_sc_hd__o2bb2ai_4)
                                                         _0697_ (net)
                      0.975850    0.004864   19.148403 ^ _1580_/B (sky130_fd_sc_hd__nand3_4)
    11    0.065626    0.527391    0.716627   19.865028 v _1580_/Y (sky130_fd_sc_hd__nand3_4)
                                                         _0705_ (net)
                      0.527393    0.001986   19.867016 v _1599_/B (sky130_fd_sc_hd__nand3_1)
     2    0.012802    0.280207    0.458586   20.325602 ^ _1599_/Y (sky130_fd_sc_hd__nand3_1)
                                                         _0724_ (net)
                      0.280207    0.000393   20.325994 ^ _1617_/B (sky130_fd_sc_hd__nand4_2)
     2    0.015333    0.326907    0.402434   20.728428 v _1617_/Y (sky130_fd_sc_hd__nand4_2)
                                                         _0742_ (net)
                      0.326907    0.000506   20.728933 v _1619_/B2 (sky130_fd_sc_hd__o22ai_4)
     4    0.024233    0.398680    0.407502   21.136435 ^ _1619_/Y (sky130_fd_sc_hd__o22ai_4)
                                                         _0744_ (net)
                      0.398681    0.000533   21.136969 ^ _1627_/A1 (sky130_fd_sc_hd__a21boi_1)
     1    0.009273    0.205784    0.324585   21.461554 v _1627_/Y (sky130_fd_sc_hd__a21boi_1)
                                                         _0752_ (net)
                      0.205784    0.000291   21.461845 v _1632_/B2 (sky130_fd_sc_hd__o32ai_4)
     4    0.013178    0.415893    0.264409   21.726254 ^ _1632_/Y (sky130_fd_sc_hd__o32ai_4)
                                                         _0757_ (net)
                      0.415893    0.000441   21.726694 ^ _1641_/A1 (sky130_fd_sc_hd__a21oi_1)
     1    0.002708    0.180713    0.241638   21.968332 v _1641_/Y (sky130_fd_sc_hd__a21oi_1)
                                                         _0766_ (net)
                      0.180713    0.000053   21.968386 v _1646_/A1 (sky130_fd_sc_hd__a21oi_1)
     3    0.016402    0.584801    0.567255   22.535641 ^ _1646_/Y (sky130_fd_sc_hd__a21oi_1)
                                                         _0771_ (net)
                      0.584801    0.000465   22.536106 ^ _1834_/B2 (sky130_fd_sc_hd__o221ai_1)
     1    0.004361    0.237702    0.418572   22.954678 v _1834_/Y (sky130_fd_sc_hd__o221ai_1)
                                                         _0936_ (net)
                      0.237702    0.000149   22.954826 v _1835_/B2 (sky130_fd_sc_hd__a2bb2oi_1)
     1    0.016867    0.633859    0.617113   23.571939 ^ _1835_/Y (sky130_fd_sc_hd__a2bb2oi_1)
                                                         net82 (net)
                      0.633860    0.000645   23.572584 ^ output82/A (sky130_fd_sc_hd__buf_1)
     1    0.024857    0.471178    0.614579   24.187162 ^ output82/X (sky130_fd_sc_hd__buf_1)
                                                         result[25] (net)
                      0.471178    0.000757   24.187920 ^ result[25] (out)
                                             24.187920   data arrival time

                      0.000000   20.000000   20.000000   clock __VIRTUAL_CLK__ (rise edge)
                                  0.200000   20.200001   clock network delay (ideal)
                                  0.000000   20.200001   clock reconvergence pessimism
                                 -0.500000   19.700001   output external delay
                                             19.700001   data required time
---------------------------------------------------------------------------------------------
                                             19.700001   data required time
                                            -24.187920   data arrival time
---------------------------------------------------------------------------------------------
                                             -4.487919   slack (VIOLATED)




===========================================================================
 report_check_types -max_slew -max_cap -max_fanout -violators
============================================================================
======================= nom_ss_100C_1v60 Corner ===================================

max slew

Pin                                        Limit        Slew       Slack
------------------------------------------------------------------------
_0975_/Y                                1.486174    2.381546   -0.895373 (VIOLATED)
ANTENNA_2/DIODE                         1.500000    2.381560   -0.881560 (VIOLATED)
_1082_/A1                               1.500000    2.381560   -0.881560 (VIOLATED)
_1083_/A1                               1.500000    2.381560   -0.881560 (VIOLATED)
_1144_/B1                               1.500000    2.381559   -0.881559 (VIOLATED)
_0966_/Y                                1.489198    1.752123   -0.262925 (VIOLATED)
_0968_/A                                1.500000    1.752129   -0.252129 (VIOLATED)
_1859_/Y                                1.485998    1.700300   -0.214302 (VIOLATED)
_1906_/B1                               1.500000    1.700300   -0.200300 (VIOLATED)
_1919_/A                                1.500000    1.700300   -0.200300 (VIOLATED)

max capacitance

Pin                                        Limit         Cap       Slack
------------------------------------------------------------------------
_0975_/Y                                0.048533    0.079553   -0.031020 (VIOLATED)
_0966_/Y                                0.036631    0.045328   -0.008697 (VIOLATED)
_1859_/Y                                0.018321    0.021754   -0.003433 (VIOLATED)



===========================================================================
report_parasitic_annotation -report_unannotated
============================================================================
Found 0 unannotated drivers.
Found 0 partially unannotated drivers.

===========================================================================
max slew violation count 10
max fanout violation count 0
max cap violation count 3
============================================================================

===========================================================================
check_setup -verbose -unconstrained_endpoints -multiple_clock -no_clock -no_input_delay -loops -generated_clocks
===========================================================================
