
===========================================================================
report_checks -path_delay min (Hold)
============================================================================
======================= nom_ss_100C_1v60 Corner ===================================

Startpoint: y[28] (input port clocked by __VIRTUAL_CLK__)
Endpoint: result[5] (output port clocked by __VIRTUAL_CLK__)
Path Group: __VIRTUAL_CLK__
Path Type: min

Fanout         Cap        Slew       Delay        Time   Description
---------------------------------------------------------------------------------------------
                      0.000000    0.000000    0.000000   clock __VIRTUAL_CLK__ (rise edge)
                                  0.200000    0.200000   clock network delay (ideal)
                                  1.000000    1.200000 ^ input external delay
     1    0.006102    0.000000    0.000000    1.200000 ^ y[28] (in)
                                                         y[28] (net)
                      0.000229    0.000114    1.200114 ^ input53/A (sky130_fd_sc_hd__clkbuf_4)
     6    0.049185    0.244395    0.345357    1.545471 ^ input53/X (sky130_fd_sc_hd__clkbuf_4)
                                                         net53 (net)
                      0.244407    0.001993    1.547464 ^ _0970_/C (sky130_fd_sc_hd__nor4_4)
     3    0.025574    0.098150    0.182328    1.729792 v _0970_/Y (sky130_fd_sc_hd__nor4_4)
                                                         _0095_ (net)
                      0.098151    0.000551    1.730343 v _0973_/C (sky130_fd_sc_hd__nand3b_4)
    20    0.090174    0.427031    0.381148    2.111490 ^ _0973_/Y (sky130_fd_sc_hd__nand3b_4)
                                                         _0098_ (net)
                      0.427286    0.008479    2.119969 ^ _1752_/B2 (sky130_fd_sc_hd__o32ai_1)
     1    0.002329    0.101373    0.257257    2.377226 v _1752_/Y (sky130_fd_sc_hd__o32ai_1)
                                                         net92 (net)
                      0.101373    0.000047    2.377273 v output92/A (sky130_fd_sc_hd__buf_1)
     1    0.011037    0.135491    0.244782    2.622055 v output92/X (sky130_fd_sc_hd__buf_1)
                                                         result[5] (net)
                      0.135491    0.000239    2.622294 v result[5] (out)
                                              2.622294   data arrival time

                      0.000000    0.000000    0.000000   clock __VIRTUAL_CLK__ (rise edge)
                                  0.200000    0.200000   clock network delay (ideal)
                                  0.000000    0.200000   clock reconvergence pessimism
                                 -0.500000   -0.300000   output external delay
                                             -0.300000   data required time
---------------------------------------------------------------------------------------------
                                             -0.300000   data required time
                                             -2.622294   data arrival time
---------------------------------------------------------------------------------------------
                                              2.922294   slack (MET)


Startpoint: y[28] (input port clocked by __VIRTUAL_CLK__)
Endpoint: result[0] (output port clocked by __VIRTUAL_CLK__)
Path Group: __VIRTUAL_CLK__
Path Type: min

Fanout         Cap        Slew       Delay        Time   Description
---------------------------------------------------------------------------------------------
                      0.000000    0.000000    0.000000   clock __VIRTUAL_CLK__ (rise edge)
                                  0.200000    0.200000   clock network delay (ideal)
                                  1.000000    1.200000 ^ input external delay
     1    0.006102    0.000000    0.000000    1.200000 ^ y[28] (in)
                                                         y[28] (net)
                      0.000229    0.000114    1.200114 ^ input53/A (sky130_fd_sc_hd__clkbuf_4)
     6    0.049185    0.244395    0.345357    1.545471 ^ input53/X (sky130_fd_sc_hd__clkbuf_4)
                                                         net53 (net)
                      0.244407    0.001993    1.547464 ^ _0970_/C (sky130_fd_sc_hd__nor4_4)
     3    0.025574    0.098150    0.182328    1.729792 v _0970_/Y (sky130_fd_sc_hd__nor4_4)
                                                         _0095_ (net)
                      0.098151    0.000551    1.730343 v _0973_/C (sky130_fd_sc_hd__nand3b_4)
    20    0.090174    0.427031    0.381148    2.111490 ^ _0973_/Y (sky130_fd_sc_hd__nand3b_4)
                                                         _0098_ (net)
                      0.427267    0.008173    2.119663 ^ _1737_/B2 (sky130_fd_sc_hd__o32ai_1)
     1    0.002797    0.108973    0.265015    2.384678 v _1737_/Y (sky130_fd_sc_hd__o32ai_1)
                                                         net65 (net)
                      0.108973    0.000084    2.384762 v output65/A (sky130_fd_sc_hd__buf_1)
     1    0.010895    0.134148    0.247261    2.632023 v output65/X (sky130_fd_sc_hd__buf_1)
                                                         result[0] (net)
                      0.134148    0.000229    2.632252 v result[0] (out)
                                              2.632252   data arrival time

                      0.000000    0.000000    0.000000   clock __VIRTUAL_CLK__ (rise edge)
                                  0.200000    0.200000   clock network delay (ideal)
                                  0.000000    0.200000   clock reconvergence pessimism
                                 -0.500000   -0.300000   output external delay
                                             -0.300000   data required time
---------------------------------------------------------------------------------------------
                                             -0.300000   data required time
                                             -2.632252   data arrival time
---------------------------------------------------------------------------------------------
                                              2.932252   slack (MET)


Startpoint: y[28] (input port clocked by __VIRTUAL_CLK__)
Endpoint: result[13] (output port clocked by __VIRTUAL_CLK__)
Path Group: __VIRTUAL_CLK__
Path Type: min

Fanout         Cap        Slew       Delay        Time   Description
---------------------------------------------------------------------------------------------
                      0.000000    0.000000    0.000000   clock __VIRTUAL_CLK__ (rise edge)
                                  0.200000    0.200000   clock network delay (ideal)
                                  1.000000    1.200000 ^ input external delay
     1    0.006102    0.000000    0.000000    1.200000 ^ y[28] (in)
                                                         y[28] (net)
                      0.000229    0.000114    1.200114 ^ input53/A (sky130_fd_sc_hd__clkbuf_4)
     6    0.049185    0.244395    0.345357    1.545471 ^ input53/X (sky130_fd_sc_hd__clkbuf_4)
                                                         net53 (net)
                      0.244407    0.001993    1.547464 ^ _0970_/C (sky130_fd_sc_hd__nor4_4)
     3    0.025574    0.098150    0.182328    1.729792 v _0970_/Y (sky130_fd_sc_hd__nor4_4)
                                                         _0095_ (net)
                      0.098151    0.000551    1.730343 v _0973_/C (sky130_fd_sc_hd__nand3b_4)
    20    0.090174    0.427031    0.381148    2.111490 ^ _0973_/Y (sky130_fd_sc_hd__nand3b_4)
                                                         _0098_ (net)
                      0.427289    0.008541    2.120031 ^ _1776_/B2 (sky130_fd_sc_hd__o32ai_1)
     1    0.003880    0.124330    0.280957    2.400988 v _1776_/Y (sky130_fd_sc_hd__o32ai_1)
                                                         net69 (net)
                      0.124330    0.000133    2.401121 v output69/A (sky130_fd_sc_hd__buf_1)
     1    0.010884    0.134074    0.254557    2.655679 v output69/X (sky130_fd_sc_hd__buf_1)
                                                         result[13] (net)
                      0.134074    0.000228    2.655907 v result[13] (out)
                                              2.655907   data arrival time

                      0.000000    0.000000    0.000000   clock __VIRTUAL_CLK__ (rise edge)
                                  0.200000    0.200000   clock network delay (ideal)
                                  0.000000    0.200000   clock reconvergence pessimism
                                 -0.500000   -0.300000   output external delay
                                             -0.300000   data required time
---------------------------------------------------------------------------------------------
                                             -0.300000   data required time
                                             -2.655907   data arrival time
---------------------------------------------------------------------------------------------
                                              2.955907   slack (MET)


Startpoint: y[28] (input port clocked by __VIRTUAL_CLK__)
Endpoint: result[6] (output port clocked by __VIRTUAL_CLK__)
Path Group: __VIRTUAL_CLK__
Path Type: min

Fanout         Cap        Slew       Delay        Time   Description
---------------------------------------------------------------------------------------------
                      0.000000    0.000000    0.000000   clock __VIRTUAL_CLK__ (rise edge)
                                  0.200000    0.200000   clock network delay (ideal)
                                  1.000000    1.200000 ^ input external delay
     1    0.006102    0.000000    0.000000    1.200000 ^ y[28] (in)
                                                         y[28] (net)
                      0.000229    0.000114    1.200114 ^ input53/A (sky130_fd_sc_hd__clkbuf_4)
     6    0.049185    0.244395    0.345357    1.545471 ^ input53/X (sky130_fd_sc_hd__clkbuf_4)
                                                         net53 (net)
                      0.244407    0.001993    1.547464 ^ _0970_/C (sky130_fd_sc_hd__nor4_4)
     3    0.025574    0.098150    0.182328    1.729792 v _0970_/Y (sky130_fd_sc_hd__nor4_4)
                                                         _0095_ (net)
                      0.098151    0.000551    1.730343 v _0973_/C (sky130_fd_sc_hd__nand3b_4)
    20    0.090174    0.427031    0.381148    2.111490 ^ _0973_/Y (sky130_fd_sc_hd__nand3b_4)
                                                         _0098_ (net)
                      0.427250    0.007868    2.119359 ^ _1755_/A1 (sky130_fd_sc_hd__o22ai_1)
     1    0.002891    0.094813    0.299605    2.418963 v _1755_/Y (sky130_fd_sc_hd__o22ai_1)
                                                         net93 (net)
                      0.094813    0.000088    2.419051 v output93/A (sky130_fd_sc_hd__buf_1)
     1    0.010919    0.134348    0.240651    2.659702 v output93/X (sky130_fd_sc_hd__buf_1)
                                                         result[6] (net)
                      0.134348    0.000225    2.659927 v result[6] (out)
                                              2.659927   data arrival time

                      0.000000    0.000000    0.000000   clock __VIRTUAL_CLK__ (rise edge)
                                  0.200000    0.200000   clock network delay (ideal)
                                  0.000000    0.200000   clock reconvergence pessimism
                                 -0.500000   -0.300000   output external delay
                                             -0.300000   data required time
---------------------------------------------------------------------------------------------
                                             -0.300000   data required time
                                             -2.659927   data arrival time
---------------------------------------------------------------------------------------------
                                              2.959927   slack (MET)


Startpoint: y[28] (input port clocked by __VIRTUAL_CLK__)
Endpoint: result[2] (output port clocked by __VIRTUAL_CLK__)
Path Group: __VIRTUAL_CLK__
Path Type: min

Fanout         Cap        Slew       Delay        Time   Description
---------------------------------------------------------------------------------------------
                      0.000000    0.000000    0.000000   clock __VIRTUAL_CLK__ (rise edge)
                                  0.200000    0.200000   clock network delay (ideal)
                                  1.000000    1.200000 ^ input external delay
     1    0.006102    0.000000    0.000000    1.200000 ^ y[28] (in)
                                                         y[28] (net)
                      0.000229    0.000114    1.200114 ^ input53/A (sky130_fd_sc_hd__clkbuf_4)
     6    0.049185    0.244395    0.345357    1.545471 ^ input53/X (sky130_fd_sc_hd__clkbuf_4)
                                                         net53 (net)
                      0.244407    0.001993    1.547464 ^ _0970_/C (sky130_fd_sc_hd__nor4_4)
     3    0.025574    0.098150    0.182328    1.729792 v _0970_/Y (sky130_fd_sc_hd__nor4_4)
                                                         _0095_ (net)
                      0.098151    0.000551    1.730343 v _0973_/C (sky130_fd_sc_hd__nand3b_4)
    20    0.090174    0.427031    0.381148    2.111490 ^ _0973_/Y (sky130_fd_sc_hd__nand3b_4)
                                                         _0098_ (net)
                      0.427246    0.007801    2.119291 ^ _1743_/B2 (sky130_fd_sc_hd__o32ai_1)
     1    0.004179    0.128569    0.285284    2.404575 v _1743_/Y (sky130_fd_sc_hd__o32ai_1)
                                                         net87 (net)
                      0.128569    0.000147    2.404722 v output87/A (sky130_fd_sc_hd__buf_1)
     1    0.010911    0.134337    0.256820    2.661542 v output87/X (sky130_fd_sc_hd__buf_1)
                                                         result[2] (net)
                      0.134337    0.000226    2.661768 v result[2] (out)
                                              2.661768   data arrival time

                      0.000000    0.000000    0.000000   clock __VIRTUAL_CLK__ (rise edge)
                                  0.200000    0.200000   clock network delay (ideal)
                                  0.000000    0.200000   clock reconvergence pessimism
                                 -0.500000   -0.300000   output external delay
                                             -0.300000   data required time
---------------------------------------------------------------------------------------------
                                             -0.300000   data required time
                                             -2.661768   data arrival time
---------------------------------------------------------------------------------------------
                                              2.961768   slack (MET)


Startpoint: y[28] (input port clocked by __VIRTUAL_CLK__)
Endpoint: result[21] (output port clocked by __VIRTUAL_CLK__)
Path Group: __VIRTUAL_CLK__
Path Type: min

Fanout         Cap        Slew       Delay        Time   Description
---------------------------------------------------------------------------------------------
                      0.000000    0.000000    0.000000   clock __VIRTUAL_CLK__ (rise edge)
                                  0.200000    0.200000   clock network delay (ideal)
                                  1.000000    1.200000 ^ input external delay
     1    0.006102    0.000000    0.000000    1.200000 ^ y[28] (in)
                                                         y[28] (net)
                      0.000229    0.000114    1.200114 ^ input53/A (sky130_fd_sc_hd__clkbuf_4)
     6    0.049185    0.244395    0.345357    1.545471 ^ input53/X (sky130_fd_sc_hd__clkbuf_4)
                                                         net53 (net)
                      0.244407    0.001993    1.547464 ^ _0970_/C (sky130_fd_sc_hd__nor4_4)
     3    0.025574    0.098150    0.182328    1.729792 v _0970_/Y (sky130_fd_sc_hd__nor4_4)
                                                         _0095_ (net)
                      0.098151    0.000551    1.730343 v _0973_/C (sky130_fd_sc_hd__nand3b_4)
    20    0.090174    0.427031    0.381148    2.111490 ^ _0973_/Y (sky130_fd_sc_hd__nand3b_4)
                                                         _0098_ (net)
                      0.427179    0.006498    2.117989 ^ _1800_/A1 (sky130_fd_sc_hd__o22ai_1)
     1    0.002647    0.092037    0.295993    2.413981 v _1800_/Y (sky130_fd_sc_hd__o22ai_1)
                                                         net78 (net)
                      0.092037    0.000076    2.414057 v output78/A (sky130_fd_sc_hd__buf_1)
     1    0.012059    0.145624    0.248611    2.662668 v output78/X (sky130_fd_sc_hd__buf_1)
                                                         result[21] (net)
                      0.145624    0.000293    2.662961 v result[21] (out)
                                              2.662961   data arrival time

                      0.000000    0.000000    0.000000   clock __VIRTUAL_CLK__ (rise edge)
                                  0.200000    0.200000   clock network delay (ideal)
                                  0.000000    0.200000   clock reconvergence pessimism
                                 -0.500000   -0.300000   output external delay
                                             -0.300000   data required time
---------------------------------------------------------------------------------------------
                                             -0.300000   data required time
                                             -2.662961   data arrival time
---------------------------------------------------------------------------------------------
                                              2.962961   slack (MET)


Startpoint: y[28] (input port clocked by __VIRTUAL_CLK__)
Endpoint: result[15] (output port clocked by __VIRTUAL_CLK__)
Path Group: __VIRTUAL_CLK__
Path Type: min

Fanout         Cap        Slew       Delay        Time   Description
---------------------------------------------------------------------------------------------
                      0.000000    0.000000    0.000000   clock __VIRTUAL_CLK__ (rise edge)
                                  0.200000    0.200000   clock network delay (ideal)
                                  1.000000    1.200000 ^ input external delay
     1    0.006102    0.000000    0.000000    1.200000 ^ y[28] (in)
                                                         y[28] (net)
                      0.000229    0.000114    1.200114 ^ input53/A (sky130_fd_sc_hd__clkbuf_4)
     6    0.049185    0.244395    0.345357    1.545471 ^ input53/X (sky130_fd_sc_hd__clkbuf_4)
                                                         net53 (net)
                      0.244407    0.001993    1.547464 ^ _0970_/C (sky130_fd_sc_hd__nor4_4)
     3    0.025574    0.098150    0.182328    1.729792 v _0970_/Y (sky130_fd_sc_hd__nor4_4)
                                                         _0095_ (net)
                      0.098151    0.000551    1.730343 v _0973_/C (sky130_fd_sc_hd__nand3b_4)
    20    0.090174    0.427031    0.381148    2.111490 ^ _0973_/Y (sky130_fd_sc_hd__nand3b_4)
                                                         _0098_ (net)
                      0.427245    0.007784    2.119274 ^ _1782_/A1 (sky130_fd_sc_hd__o22ai_1)
     1    0.003572    0.103821    0.309400    2.428674 v _1782_/Y (sky130_fd_sc_hd__o22ai_1)
                                                         net71 (net)
                      0.103821    0.000116    2.428790 v output71/A (sky130_fd_sc_hd__buf_1)
     1    0.011030    0.135428    0.245902    2.674693 v output71/X (sky130_fd_sc_hd__buf_1)
                                                         result[15] (net)
                      0.135428    0.000234    2.674926 v result[15] (out)
                                              2.674926   data arrival time

                      0.000000    0.000000    0.000000   clock __VIRTUAL_CLK__ (rise edge)
                                  0.200000    0.200000   clock network delay (ideal)
                                  0.000000    0.200000   clock reconvergence pessimism
                                 -0.500000   -0.300000   output external delay
                                             -0.300000   data required time
---------------------------------------------------------------------------------------------
                                             -0.300000   data required time
                                             -2.674926   data arrival time
---------------------------------------------------------------------------------------------
                                              2.974926   slack (MET)


Startpoint: y[28] (input port clocked by __VIRTUAL_CLK__)
Endpoint: result[14] (output port clocked by __VIRTUAL_CLK__)
Path Group: __VIRTUAL_CLK__
Path Type: min

Fanout         Cap        Slew       Delay        Time   Description
---------------------------------------------------------------------------------------------
                      0.000000    0.000000    0.000000   clock __VIRTUAL_CLK__ (rise edge)
                                  0.200000    0.200000   clock network delay (ideal)
                                  1.000000    1.200000 ^ input external delay
     1    0.006102    0.000000    0.000000    1.200000 ^ y[28] (in)
                                                         y[28] (net)
                      0.000229    0.000114    1.200114 ^ input53/A (sky130_fd_sc_hd__clkbuf_4)
     6    0.049185    0.244395    0.345357    1.545471 ^ input53/X (sky130_fd_sc_hd__clkbuf_4)
                                                         net53 (net)
                      0.244407    0.001993    1.547464 ^ _0970_/C (sky130_fd_sc_hd__nor4_4)
     3    0.025574    0.098150    0.182328    1.729792 v _0970_/Y (sky130_fd_sc_hd__nor4_4)
                                                         _0095_ (net)
                      0.098151    0.000551    1.730343 v _0973_/C (sky130_fd_sc_hd__nand3b_4)
    20    0.090174    0.427031    0.381148    2.111490 ^ _0973_/Y (sky130_fd_sc_hd__nand3b_4)
                                                         _0098_ (net)
                      0.427133    0.005424    2.116914 ^ _1779_/B2 (sky130_fd_sc_hd__o32ai_1)
     1    0.005023    0.140678    0.297511    2.414425 v _1779_/Y (sky130_fd_sc_hd__o32ai_1)
                                                         net70 (net)
                      0.140678    0.000189    2.414614 v output70/A (sky130_fd_sc_hd__buf_1)
     1    0.011103    0.136177    0.264236    2.678850 v output70/X (sky130_fd_sc_hd__buf_1)
                                                         result[14] (net)
                      0.136177    0.000234    2.679084 v result[14] (out)
                                              2.679084   data arrival time

                      0.000000    0.000000    0.000000   clock __VIRTUAL_CLK__ (rise edge)
                                  0.200000    0.200000   clock network delay (ideal)
                                  0.000000    0.200000   clock reconvergence pessimism
                                 -0.500000   -0.300000   output external delay
                                             -0.300000   data required time
---------------------------------------------------------------------------------------------
                                             -0.300000   data required time
                                             -2.679084   data arrival time
---------------------------------------------------------------------------------------------
                                              2.979084   slack (MET)


Startpoint: y[28] (input port clocked by __VIRTUAL_CLK__)
Endpoint: result[20] (output port clocked by __VIRTUAL_CLK__)
Path Group: __VIRTUAL_CLK__
Path Type: min

Fanout         Cap        Slew       Delay        Time   Description
---------------------------------------------------------------------------------------------
                      0.000000    0.000000    0.000000   clock __VIRTUAL_CLK__ (rise edge)
                                  0.200000    0.200000   clock network delay (ideal)
                                  1.000000    1.200000 ^ input external delay
     1    0.006102    0.000000    0.000000    1.200000 ^ y[28] (in)
                                                         y[28] (net)
                      0.000229    0.000114    1.200114 ^ input53/A (sky130_fd_sc_hd__clkbuf_4)
     6    0.049185    0.244395    0.345357    1.545471 ^ input53/X (sky130_fd_sc_hd__clkbuf_4)
                                                         net53 (net)
                      0.244407    0.001993    1.547464 ^ _0970_/C (sky130_fd_sc_hd__nor4_4)
     3    0.025574    0.098150    0.182328    1.729792 v _0970_/Y (sky130_fd_sc_hd__nor4_4)
                                                         _0095_ (net)
                      0.098151    0.000551    1.730343 v _0973_/C (sky130_fd_sc_hd__nand3b_4)
    20    0.090174    0.427031    0.381148    2.111490 ^ _0973_/Y (sky130_fd_sc_hd__nand3b_4)
                                                         _0098_ (net)
                      0.427154    0.005926    2.117416 ^ _1797_/A1 (sky130_fd_sc_hd__o22ai_1)
     1    0.003183    0.115410    0.303892    2.421309 v _1797_/Y (sky130_fd_sc_hd__o22ai_1)
                                                         net77 (net)
                      0.115410    0.000098    2.421407 v output77/A (sky130_fd_sc_hd__buf_1)
     1    0.012347    0.148772    0.262128    2.683534 v output77/X (sky130_fd_sc_hd__buf_1)
                                                         result[20] (net)
                      0.148772    0.000327    2.683861 v result[20] (out)
                                              2.683861   data arrival time

                      0.000000    0.000000    0.000000   clock __VIRTUAL_CLK__ (rise edge)
                                  0.200000    0.200000   clock network delay (ideal)
                                  0.000000    0.200000   clock reconvergence pessimism
                                 -0.500000   -0.300000   output external delay
                                             -0.300000   data required time
---------------------------------------------------------------------------------------------
                                             -0.300000   data required time
                                             -2.683861   data arrival time
---------------------------------------------------------------------------------------------
                                              2.983861   slack (MET)


Startpoint: y[28] (input port clocked by __VIRTUAL_CLK__)
Endpoint: result[19] (output port clocked by __VIRTUAL_CLK__)
Path Group: __VIRTUAL_CLK__
Path Type: min

Fanout         Cap        Slew       Delay        Time   Description
---------------------------------------------------------------------------------------------
                      0.000000    0.000000    0.000000   clock __VIRTUAL_CLK__ (rise edge)
                                  0.200000    0.200000   clock network delay (ideal)
                                  1.000000    1.200000 ^ input external delay
     1    0.006102    0.000000    0.000000    1.200000 ^ y[28] (in)
                                                         y[28] (net)
                      0.000229    0.000114    1.200114 ^ input53/A (sky130_fd_sc_hd__clkbuf_4)
     6    0.049185    0.244395    0.345357    1.545471 ^ input53/X (sky130_fd_sc_hd__clkbuf_4)
                                                         net53 (net)
                      0.244407    0.001993    1.547464 ^ _0970_/C (sky130_fd_sc_hd__nor4_4)
     3    0.025574    0.098150    0.182328    1.729792 v _0970_/Y (sky130_fd_sc_hd__nor4_4)
                                                         _0095_ (net)
                      0.098151    0.000551    1.730343 v _0973_/C (sky130_fd_sc_hd__nand3b_4)
    20    0.090174    0.427031    0.381148    2.111490 ^ _0973_/Y (sky130_fd_sc_hd__nand3b_4)
                                                         _0098_ (net)
                      0.427188    0.006686    2.118176 ^ _1794_/B2 (sky130_fd_sc_hd__o32ai_1)
     1    0.004818    0.137645    0.294550    2.412726 v _1794_/Y (sky130_fd_sc_hd__o32ai_1)
                                                         net75 (net)
                      0.137645    0.000220    2.412946 v output75/A (sky130_fd_sc_hd__buf_1)
     1    0.012658    0.152177    0.275211    2.688158 v output75/X (sky130_fd_sc_hd__buf_1)
                                                         result[19] (net)
                      0.152177    0.000453    2.688611 v result[19] (out)
                                              2.688611   data arrival time

                      0.000000    0.000000    0.000000   clock __VIRTUAL_CLK__ (rise edge)
                                  0.200000    0.200000   clock network delay (ideal)
                                  0.000000    0.200000   clock reconvergence pessimism
                                 -0.500000   -0.300000   output external delay
                                             -0.300000   data required time
---------------------------------------------------------------------------------------------
                                             -0.300000   data required time
                                             -2.688611   data arrival time
---------------------------------------------------------------------------------------------
                                              2.988611   slack (MET)


Startpoint: y[28] (input port clocked by __VIRTUAL_CLK__)
Endpoint: result[7] (output port clocked by __VIRTUAL_CLK__)
Path Group: __VIRTUAL_CLK__
Path Type: min

Fanout         Cap        Slew       Delay        Time   Description
---------------------------------------------------------------------------------------------
                      0.000000    0.000000    0.000000   clock __VIRTUAL_CLK__ (rise edge)
                                  0.200000    0.200000   clock network delay (ideal)
                                  1.000000    1.200000 ^ input external delay
     1    0.006102    0.000000    0.000000    1.200000 ^ y[28] (in)
                                                         y[28] (net)
                      0.000229    0.000114    1.200114 ^ input53/A (sky130_fd_sc_hd__clkbuf_4)
     6    0.049185    0.244395    0.345357    1.545471 ^ input53/X (sky130_fd_sc_hd__clkbuf_4)
                                                         net53 (net)
                      0.244407    0.001993    1.547464 ^ _0970_/C (sky130_fd_sc_hd__nor4_4)
     3    0.025574    0.098150    0.182328    1.729792 v _0970_/Y (sky130_fd_sc_hd__nor4_4)
                                                         _0095_ (net)
                      0.098151    0.000551    1.730343 v _0973_/C (sky130_fd_sc_hd__nand3b_4)
    20    0.090174    0.427031    0.381148    2.111490 ^ _0973_/Y (sky130_fd_sc_hd__nand3b_4)
                                                         _0098_ (net)
                      0.427286    0.008493    2.119984 ^ _1758_/A1 (sky130_fd_sc_hd__o22ai_1)
     1    0.003997    0.110183    0.315175    2.435158 v _1758_/Y (sky130_fd_sc_hd__o22ai_1)
                                                         net94 (net)
                      0.110183    0.000134    2.435292 v output94/A (sky130_fd_sc_hd__buf_1)
     1    0.011773    0.142567    0.255016    2.690308 v output94/X (sky130_fd_sc_hd__buf_1)
                                                         result[7] (net)
                      0.142567    0.000399    2.690707 v result[7] (out)
                                              2.690707   data arrival time

                      0.000000    0.000000    0.000000   clock __VIRTUAL_CLK__ (rise edge)
                                  0.200000    0.200000   clock network delay (ideal)
                                  0.000000    0.200000   clock reconvergence pessimism
                                 -0.500000   -0.300000   output external delay
                                             -0.300000   data required time
---------------------------------------------------------------------------------------------
                                             -0.300000   data required time
                                             -2.690707   data arrival time
---------------------------------------------------------------------------------------------
                                              2.990707   slack (MET)


Startpoint: y[28] (input port clocked by __VIRTUAL_CLK__)
Endpoint: result[11] (output port clocked by __VIRTUAL_CLK__)
Path Group: __VIRTUAL_CLK__
Path Type: min

Fanout         Cap        Slew       Delay        Time   Description
---------------------------------------------------------------------------------------------
                      0.000000    0.000000    0.000000   clock __VIRTUAL_CLK__ (rise edge)
                                  0.200000    0.200000   clock network delay (ideal)
                                  1.000000    1.200000 ^ input external delay
     1    0.006102    0.000000    0.000000    1.200000 ^ y[28] (in)
                                                         y[28] (net)
                      0.000229    0.000114    1.200114 ^ input53/A (sky130_fd_sc_hd__clkbuf_4)
     6    0.049185    0.244395    0.345357    1.545471 ^ input53/X (sky130_fd_sc_hd__clkbuf_4)
                                                         net53 (net)
                      0.244407    0.001993    1.547464 ^ _0970_/C (sky130_fd_sc_hd__nor4_4)
     3    0.025574    0.098150    0.182328    1.729792 v _0970_/Y (sky130_fd_sc_hd__nor4_4)
                                                         _0095_ (net)
                      0.098151    0.000551    1.730343 v _0973_/C (sky130_fd_sc_hd__nand3b_4)
    20    0.090174    0.427031    0.381148    2.111490 ^ _0973_/Y (sky130_fd_sc_hd__nand3b_4)
                                                         _0098_ (net)
                      0.427291    0.008563    2.120053 ^ _1770_/B2 (sky130_fd_sc_hd__o32ai_1)
     1    0.005719    0.150622    0.307701    2.427754 v _1770_/Y (sky130_fd_sc_hd__o32ai_1)
                                                         net67 (net)
                      0.150622    0.000232    2.427986 v output67/A (sky130_fd_sc_hd__buf_1)
     1    0.011089    0.136064    0.268902    2.696888 v output67/X (sky130_fd_sc_hd__buf_1)
                                                         result[11] (net)
                      0.136064    0.000240    2.697129 v result[11] (out)
                                              2.697129   data arrival time

                      0.000000    0.000000    0.000000   clock __VIRTUAL_CLK__ (rise edge)
                                  0.200000    0.200000   clock network delay (ideal)
                                  0.000000    0.200000   clock reconvergence pessimism
                                 -0.500000   -0.300000   output external delay
                                             -0.300000   data required time
---------------------------------------------------------------------------------------------
                                             -0.300000   data required time
                                             -2.697129   data arrival time
---------------------------------------------------------------------------------------------
                                              2.997129   slack (MET)


Startpoint: y[28] (input port clocked by __VIRTUAL_CLK__)
Endpoint: result[8] (output port clocked by __VIRTUAL_CLK__)
Path Group: __VIRTUAL_CLK__
Path Type: min

Fanout         Cap        Slew       Delay        Time   Description
---------------------------------------------------------------------------------------------
                      0.000000    0.000000    0.000000   clock __VIRTUAL_CLK__ (rise edge)
                                  0.200000    0.200000   clock network delay (ideal)
                                  1.000000    1.200000 ^ input external delay
     1    0.006102    0.000000    0.000000    1.200000 ^ y[28] (in)
                                                         y[28] (net)
                      0.000229    0.000114    1.200114 ^ input53/A (sky130_fd_sc_hd__clkbuf_4)
     6    0.049185    0.244395    0.345357    1.545471 ^ input53/X (sky130_fd_sc_hd__clkbuf_4)
                                                         net53 (net)
                      0.244407    0.001993    1.547464 ^ _0970_/C (sky130_fd_sc_hd__nor4_4)
     3    0.025574    0.098150    0.182328    1.729792 v _0970_/Y (sky130_fd_sc_hd__nor4_4)
                                                         _0095_ (net)
                      0.098151    0.000551    1.730343 v _0973_/C (sky130_fd_sc_hd__nand3b_4)
    20    0.090174    0.427031    0.381148    2.111490 ^ _0973_/Y (sky130_fd_sc_hd__nand3b_4)
                                                         _0098_ (net)
                      0.427289    0.008529    2.120019 ^ _1761_/A1 (sky130_fd_sc_hd__o22ai_1)
     1    0.005133    0.125957    0.330541    2.450560 v _1761_/Y (sky130_fd_sc_hd__o22ai_1)
                                                         net95 (net)
                      0.125957    0.000205    2.450765 v output95/A (sky130_fd_sc_hd__buf_1)
     1    0.011524    0.140138    0.260628    2.711394 v output95/X (sky130_fd_sc_hd__buf_1)
                                                         result[8] (net)
                      0.140138    0.000273    2.711667 v result[8] (out)
                                              2.711667   data arrival time

                      0.000000    0.000000    0.000000   clock __VIRTUAL_CLK__ (rise edge)
                                  0.200000    0.200000   clock network delay (ideal)
                                  0.000000    0.200000   clock reconvergence pessimism
                                 -0.500000   -0.300000   output external delay
                                             -0.300000   data required time
---------------------------------------------------------------------------------------------
                                             -0.300000   data required time
                                             -2.711667   data arrival time
---------------------------------------------------------------------------------------------
                                              3.011667   slack (MET)


Startpoint: x[29] (input port clocked by __VIRTUAL_CLK__)
Endpoint: result[1] (output port clocked by __VIRTUAL_CLK__)
Path Group: __VIRTUAL_CLK__
Path Type: min

Fanout         Cap        Slew       Delay        Time   Description
---------------------------------------------------------------------------------------------
                      0.000000    0.000000    0.000000   clock __VIRTUAL_CLK__ (rise edge)
                                  0.200000    0.200000   clock network delay (ideal)
                                  1.000000    1.200000 ^ input external delay
     1    0.009898    0.000000    0.000000    1.200000 ^ x[29] (in)
                                                         x[29] (net)
                      0.000303    0.000151    1.200151 ^ input22/A (sky130_fd_sc_hd__clkbuf_8)
    12    0.098326    0.273387    0.352934    1.553086 ^ input22/X (sky130_fd_sc_hd__clkbuf_8)
                                                         net22 (net)
                      0.273490    0.004403    1.557489 ^ _0967_/B (sky130_fd_sc_hd__nor4_2)
     1    0.017727    0.123645    0.217669    1.775158 v _0967_/Y (sky130_fd_sc_hd__nor4_2)
                                                         _0092_ (net)
                      0.123646    0.000587    1.775745 v _0968_/B (sky130_fd_sc_hd__nand2_8)
    12    0.063886    0.183362    0.224430    2.000175 ^ _0968_/Y (sky130_fd_sc_hd__nand2_8)
                                                         _0093_ (net)
                      0.183443    0.003150    2.003325 ^ _0972_/A (sky130_fd_sc_hd__nor2_4)
    15    0.064574    0.156789    0.207453    2.210778 v _0972_/Y (sky130_fd_sc_hd__nor2_4)
                                                         _0097_ (net)
                      0.157153    0.006069    2.216847 v _1740_/A1_N (sky130_fd_sc_hd__o2bb2ai_1)
     1    0.002521    0.085784    0.265600    2.482447 v _1740_/Y (sky130_fd_sc_hd__o2bb2ai_1)
                                                         net76 (net)
                      0.085784    0.000053    2.482500 v output76/A (sky130_fd_sc_hd__buf_1)
     1    0.011031    0.135403    0.237224    2.719723 v output76/X (sky130_fd_sc_hd__buf_1)
                                                         result[1] (net)
                      0.135403    0.000242    2.719965 v result[1] (out)
                                              2.719965   data arrival time

                      0.000000    0.000000    0.000000   clock __VIRTUAL_CLK__ (rise edge)
                                  0.200000    0.200000   clock network delay (ideal)
                                  0.000000    0.200000   clock reconvergence pessimism
                                 -0.500000   -0.300000   output external delay
                                             -0.300000   data required time
---------------------------------------------------------------------------------------------
                                             -0.300000   data required time
                                             -2.719965   data arrival time
---------------------------------------------------------------------------------------------
                                              3.019965   slack (MET)


Startpoint: x[29] (input port clocked by __VIRTUAL_CLK__)
Endpoint: result[12] (output port clocked by __VIRTUAL_CLK__)
Path Group: __VIRTUAL_CLK__
Path Type: min

Fanout         Cap        Slew       Delay        Time   Description
---------------------------------------------------------------------------------------------
                      0.000000    0.000000    0.000000   clock __VIRTUAL_CLK__ (rise edge)
                                  0.200000    0.200000   clock network delay (ideal)
                                  1.000000    1.200000 ^ input external delay
     1    0.009898    0.000000    0.000000    1.200000 ^ x[29] (in)
                                                         x[29] (net)
                      0.000303    0.000151    1.200151 ^ input22/A (sky130_fd_sc_hd__clkbuf_8)
    12    0.098326    0.273387    0.352934    1.553086 ^ input22/X (sky130_fd_sc_hd__clkbuf_8)
                                                         net22 (net)
                      0.273490    0.004403    1.557489 ^ _0967_/B (sky130_fd_sc_hd__nor4_2)
     1    0.017727    0.123645    0.217669    1.775158 v _0967_/Y (sky130_fd_sc_hd__nor4_2)
                                                         _0092_ (net)
                      0.123646    0.000587    1.775745 v _0968_/B (sky130_fd_sc_hd__nand2_8)
    12    0.063886    0.183362    0.224430    2.000175 ^ _0968_/Y (sky130_fd_sc_hd__nand2_8)
                                                         _0093_ (net)
                      0.183443    0.003150    2.003325 ^ _0972_/A (sky130_fd_sc_hd__nor2_4)
    15    0.064574    0.156789    0.207453    2.210778 v _0972_/Y (sky130_fd_sc_hd__nor2_4)
                                                         _0097_ (net)
                      0.157200    0.006436    2.217214 v _1773_/A1_N (sky130_fd_sc_hd__o2bb2ai_1)
     1    0.002593    0.087518    0.266605    2.483819 v _1773_/Y (sky130_fd_sc_hd__o2bb2ai_1)
                                                         net68 (net)
                      0.087518    0.000074    2.483893 v output68/A (sky130_fd_sc_hd__buf_1)
     1    0.010817    0.133359    0.236295    2.720189 v output68/X (sky130_fd_sc_hd__buf_1)
                                                         result[12] (net)
                      0.133359    0.000227    2.720416 v result[12] (out)
                                              2.720416   data arrival time

                      0.000000    0.000000    0.000000   clock __VIRTUAL_CLK__ (rise edge)
                                  0.200000    0.200000   clock network delay (ideal)
                                  0.000000    0.200000   clock reconvergence pessimism
                                 -0.500000   -0.300000   output external delay
                                             -0.300000   data required time
---------------------------------------------------------------------------------------------
                                             -0.300000   data required time
                                             -2.720416   data arrival time
---------------------------------------------------------------------------------------------
                                              3.020416   slack (MET)


Startpoint: x[29] (input port clocked by __VIRTUAL_CLK__)
Endpoint: result[10] (output port clocked by __VIRTUAL_CLK__)
Path Group: __VIRTUAL_CLK__
Path Type: min

Fanout         Cap        Slew       Delay        Time   Description
---------------------------------------------------------------------------------------------
                      0.000000    0.000000    0.000000   clock __VIRTUAL_CLK__ (rise edge)
                                  0.200000    0.200000   clock network delay (ideal)
                                  1.000000    1.200000 ^ input external delay
     1    0.009898    0.000000    0.000000    1.200000 ^ x[29] (in)
                                                         x[29] (net)
                      0.000303    0.000151    1.200151 ^ input22/A (sky130_fd_sc_hd__clkbuf_8)
    12    0.098326    0.273387    0.352934    1.553086 ^ input22/X (sky130_fd_sc_hd__clkbuf_8)
                                                         net22 (net)
                      0.273490    0.004403    1.557489 ^ _0967_/B (sky130_fd_sc_hd__nor4_2)
     1    0.017727    0.123645    0.217669    1.775158 v _0967_/Y (sky130_fd_sc_hd__nor4_2)
                                                         _0092_ (net)
                      0.123646    0.000587    1.775745 v _0968_/B (sky130_fd_sc_hd__nand2_8)
    12    0.063886    0.183362    0.224430    2.000175 ^ _0968_/Y (sky130_fd_sc_hd__nand2_8)
                                                         _0093_ (net)
                      0.183443    0.003150    2.003325 ^ _0972_/A (sky130_fd_sc_hd__nor2_4)
    15    0.064574    0.156789    0.207453    2.210778 v _0972_/Y (sky130_fd_sc_hd__nor2_4)
                                                         _0097_ (net)
                      0.157230    0.006662    2.217440 v _1767_/A1_N (sky130_fd_sc_hd__o2bb2ai_1)
     1    0.002405    0.083373    0.264040    2.481480 v _1767_/Y (sky130_fd_sc_hd__o2bb2ai_1)
                                                         net66 (net)
                      0.083373    0.000069    2.481549 v output66/A (sky130_fd_sc_hd__buf_1)
     1    0.011600    0.140820    0.240752    2.722301 v output66/X (sky130_fd_sc_hd__buf_1)
                                                         result[10] (net)
                      0.140820    0.000293    2.722593 v result[10] (out)
                                              2.722593   data arrival time

                      0.000000    0.000000    0.000000   clock __VIRTUAL_CLK__ (rise edge)
                                  0.200000    0.200000   clock network delay (ideal)
                                  0.000000    0.200000   clock reconvergence pessimism
                                 -0.500000   -0.300000   output external delay
                                             -0.300000   data required time
---------------------------------------------------------------------------------------------
                                             -0.300000   data required time
                                             -2.722593   data arrival time
---------------------------------------------------------------------------------------------
                                              3.022593   slack (MET)


Startpoint: x[29] (input port clocked by __VIRTUAL_CLK__)
Endpoint: result[9] (output port clocked by __VIRTUAL_CLK__)
Path Group: __VIRTUAL_CLK__
Path Type: min

Fanout         Cap        Slew       Delay        Time   Description
---------------------------------------------------------------------------------------------
                      0.000000    0.000000    0.000000   clock __VIRTUAL_CLK__ (rise edge)
                                  0.200000    0.200000   clock network delay (ideal)
                                  1.000000    1.200000 ^ input external delay
     1    0.009898    0.000000    0.000000    1.200000 ^ x[29] (in)
                                                         x[29] (net)
                      0.000303    0.000151    1.200151 ^ input22/A (sky130_fd_sc_hd__clkbuf_8)
    12    0.098326    0.273387    0.352934    1.553086 ^ input22/X (sky130_fd_sc_hd__clkbuf_8)
                                                         net22 (net)
                      0.273490    0.004403    1.557489 ^ _0967_/B (sky130_fd_sc_hd__nor4_2)
     1    0.017727    0.123645    0.217669    1.775158 v _0967_/Y (sky130_fd_sc_hd__nor4_2)
                                                         _0092_ (net)
                      0.123646    0.000587    1.775745 v _0968_/B (sky130_fd_sc_hd__nand2_8)
    12    0.063886    0.183362    0.224430    2.000175 ^ _0968_/Y (sky130_fd_sc_hd__nand2_8)
                                                         _0093_ (net)
                      0.183443    0.003150    2.003325 ^ _0972_/A (sky130_fd_sc_hd__nor2_4)
    15    0.064574    0.156789    0.207453    2.210778 v _0972_/Y (sky130_fd_sc_hd__nor2_4)
                                                         _0097_ (net)
                      0.157231    0.006664    2.217442 v _1764_/A1_N (sky130_fd_sc_hd__o2bb2ai_1)
     1    0.002692    0.088822    0.267966    2.485408 v _1764_/Y (sky130_fd_sc_hd__o2bb2ai_1)
                                                         net96 (net)
                      0.088822    0.000081    2.485489 v output96/A (sky130_fd_sc_hd__buf_1)
     1    0.011381    0.138741    0.241571    2.727059 v output96/X (sky130_fd_sc_hd__buf_1)
                                                         result[9] (net)
                      0.138741    0.000270    2.727329 v result[9] (out)
                                              2.727329   data arrival time

                      0.000000    0.000000    0.000000   clock __VIRTUAL_CLK__ (rise edge)
                                  0.200000    0.200000   clock network delay (ideal)
                                  0.000000    0.200000   clock reconvergence pessimism
                                 -0.500000   -0.300000   output external delay
                                             -0.300000   data required time
---------------------------------------------------------------------------------------------
                                             -0.300000   data required time
                                             -2.727329   data arrival time
---------------------------------------------------------------------------------------------
                                              3.027329   slack (MET)


Startpoint: x[29] (input port clocked by __VIRTUAL_CLK__)
Endpoint: result[3] (output port clocked by __VIRTUAL_CLK__)
Path Group: __VIRTUAL_CLK__
Path Type: min

Fanout         Cap        Slew       Delay        Time   Description
---------------------------------------------------------------------------------------------
                      0.000000    0.000000    0.000000   clock __VIRTUAL_CLK__ (rise edge)
                                  0.200000    0.200000   clock network delay (ideal)
                                  1.000000    1.200000 ^ input external delay
     1    0.009898    0.000000    0.000000    1.200000 ^ x[29] (in)
                                                         x[29] (net)
                      0.000303    0.000151    1.200151 ^ input22/A (sky130_fd_sc_hd__clkbuf_8)
    12    0.098326    0.273387    0.352934    1.553086 ^ input22/X (sky130_fd_sc_hd__clkbuf_8)
                                                         net22 (net)
                      0.273490    0.004403    1.557489 ^ _0967_/B (sky130_fd_sc_hd__nor4_2)
     1    0.017727    0.123645    0.217669    1.775158 v _0967_/Y (sky130_fd_sc_hd__nor4_2)
                                                         _0092_ (net)
                      0.123646    0.000587    1.775745 v _0968_/B (sky130_fd_sc_hd__nand2_8)
    12    0.063886    0.183362    0.224430    2.000175 ^ _0968_/Y (sky130_fd_sc_hd__nand2_8)
                                                         _0093_ (net)
                      0.183443    0.003150    2.003325 ^ _0972_/A (sky130_fd_sc_hd__nor2_4)
    15    0.064574    0.156789    0.207453    2.210778 v _0972_/Y (sky130_fd_sc_hd__nor2_4)
                                                         _0097_ (net)
                      0.157238    0.006721    2.217499 v _1746_/A1_N (sky130_fd_sc_hd__o2bb2ai_1)
     1    0.002881    0.091760    0.270560    2.488058 v _1746_/Y (sky130_fd_sc_hd__o2bb2ai_1)
                                                         net90 (net)
                      0.091760    0.000063    2.488122 v output90/A (sky130_fd_sc_hd__buf_1)
     1    0.011945    0.144390    0.247571    2.735692 v output90/X (sky130_fd_sc_hd__buf_1)
                                                         result[3] (net)
                      0.144390    0.000299    2.735991 v result[3] (out)
                                              2.735991   data arrival time

                      0.000000    0.000000    0.000000   clock __VIRTUAL_CLK__ (rise edge)
                                  0.200000    0.200000   clock network delay (ideal)
                                  0.000000    0.200000   clock reconvergence pessimism
                                 -0.500000   -0.300000   output external delay
                                             -0.300000   data required time
---------------------------------------------------------------------------------------------
                                             -0.300000   data required time
                                             -2.735991   data arrival time
---------------------------------------------------------------------------------------------
                                              3.035991   slack (MET)


Startpoint: x[29] (input port clocked by __VIRTUAL_CLK__)
Endpoint: result[4] (output port clocked by __VIRTUAL_CLK__)
Path Group: __VIRTUAL_CLK__
Path Type: min

Fanout         Cap        Slew       Delay        Time   Description
---------------------------------------------------------------------------------------------
                      0.000000    0.000000    0.000000   clock __VIRTUAL_CLK__ (rise edge)
                                  0.200000    0.200000   clock network delay (ideal)
                                  1.000000    1.200000 ^ input external delay
     1    0.009898    0.000000    0.000000    1.200000 ^ x[29] (in)
                                                         x[29] (net)
                      0.000303    0.000151    1.200151 ^ input22/A (sky130_fd_sc_hd__clkbuf_8)
    12    0.098326    0.273387    0.352934    1.553086 ^ input22/X (sky130_fd_sc_hd__clkbuf_8)
                                                         net22 (net)
                      0.273490    0.004403    1.557489 ^ _0967_/B (sky130_fd_sc_hd__nor4_2)
     1    0.017727    0.123645    0.217669    1.775158 v _0967_/Y (sky130_fd_sc_hd__nor4_2)
                                                         _0092_ (net)
                      0.123646    0.000587    1.775745 v _0968_/B (sky130_fd_sc_hd__nand2_8)
    12    0.063886    0.183362    0.224430    2.000175 ^ _0968_/Y (sky130_fd_sc_hd__nand2_8)
                                                         _0093_ (net)
                      0.183443    0.003150    2.003325 ^ _0972_/A (sky130_fd_sc_hd__nor2_4)
    15    0.064574    0.156789    0.207453    2.210778 v _0972_/Y (sky130_fd_sc_hd__nor2_4)
                                                         _0097_ (net)
                      0.157236    0.006704    2.217483 v _1749_/A1_N (sky130_fd_sc_hd__o2bb2ai_1)
     1    0.003367    0.098183    0.277198    2.494680 v _1749_/Y (sky130_fd_sc_hd__o2bb2ai_1)
                                                         net91 (net)
                      0.098183    0.000081    2.494761 v output91/A (sky130_fd_sc_hd__buf_1)
     1    0.011983    0.144809    0.250955    2.745716 v output91/X (sky130_fd_sc_hd__buf_1)
                                                         result[4] (net)
                      0.144809    0.000307    2.746023 v result[4] (out)
                                              2.746023   data arrival time

                      0.000000    0.000000    0.000000   clock __VIRTUAL_CLK__ (rise edge)
                                  0.200000    0.200000   clock network delay (ideal)
                                  0.000000    0.200000   clock reconvergence pessimism
                                 -0.500000   -0.300000   output external delay
                                             -0.300000   data required time
---------------------------------------------------------------------------------------------
                                             -0.300000   data required time
                                             -2.746023   data arrival time
---------------------------------------------------------------------------------------------
                                              3.046023   slack (MET)


Startpoint: x[29] (input port clocked by __VIRTUAL_CLK__)
Endpoint: result[17] (output port clocked by __VIRTUAL_CLK__)
Path Group: __VIRTUAL_CLK__
Path Type: min

Fanout         Cap        Slew       Delay        Time   Description
---------------------------------------------------------------------------------------------
                      0.000000    0.000000    0.000000   clock __VIRTUAL_CLK__ (rise edge)
                                  0.200000    0.200000   clock network delay (ideal)
                                  1.000000    1.200000 ^ input external delay
     1    0.009898    0.000000    0.000000    1.200000 ^ x[29] (in)
                                                         x[29] (net)
                      0.000303    0.000151    1.200151 ^ input22/A (sky130_fd_sc_hd__clkbuf_8)
    12    0.098326    0.273387    0.352934    1.553086 ^ input22/X (sky130_fd_sc_hd__clkbuf_8)
                                                         net22 (net)
                      0.273490    0.004403    1.557489 ^ _0967_/B (sky130_fd_sc_hd__nor4_2)
     1    0.017727    0.123645    0.217669    1.775158 v _0967_/Y (sky130_fd_sc_hd__nor4_2)
                                                         _0092_ (net)
                      0.123646    0.000587    1.775745 v _0968_/B (sky130_fd_sc_hd__nand2_8)
    12    0.063886    0.183362    0.224430    2.000175 ^ _0968_/Y (sky130_fd_sc_hd__nand2_8)
                                                         _0093_ (net)
                      0.183443    0.003150    2.003325 ^ _0972_/A (sky130_fd_sc_hd__nor2_4)
    15    0.064574    0.156789    0.207453    2.210778 v _0972_/Y (sky130_fd_sc_hd__nor2_4)
                                                         _0097_ (net)
                      0.157131    0.005881    2.216659 v _1788_/A1_N (sky130_fd_sc_hd__o2bb2ai_1)
     1    0.003826    0.106217    0.282935    2.499594 v _1788_/Y (sky130_fd_sc_hd__o2bb2ai_1)
                                                         net73 (net)
                      0.106217    0.000099    2.499693 v output73/A (sky130_fd_sc_hd__buf_1)
     1    0.012488    0.150281    0.258814    2.758507 v output73/X (sky130_fd_sc_hd__buf_1)
                                                         result[17] (net)
                      0.150281    0.000325    2.758832 v result[17] (out)
                                              2.758832   data arrival time

                      0.000000    0.000000    0.000000   clock __VIRTUAL_CLK__ (rise edge)
                                  0.200000    0.200000   clock network delay (ideal)
                                  0.000000    0.200000   clock reconvergence pessimism
                                 -0.500000   -0.300000   output external delay
                                             -0.300000   data required time
---------------------------------------------------------------------------------------------
                                             -0.300000   data required time
                                             -2.758832   data arrival time
---------------------------------------------------------------------------------------------
                                              3.058832   slack (MET)


Startpoint: x[29] (input port clocked by __VIRTUAL_CLK__)
Endpoint: result[29] (output port clocked by __VIRTUAL_CLK__)
Path Group: __VIRTUAL_CLK__
Path Type: min

Fanout         Cap        Slew       Delay        Time   Description
---------------------------------------------------------------------------------------------
                      0.000000    0.000000    0.000000   clock __VIRTUAL_CLK__ (rise edge)
                                  0.200000    0.200000   clock network delay (ideal)
                                  1.000000    1.200000 v input external delay
     1    0.009467    0.000000    0.000000    1.200000 v x[29] (in)
                                                         x[29] (net)
                      0.000288    0.000144    1.200144 v input22/A (sky130_fd_sc_hd__clkbuf_8)
    12    0.092450    0.182988    0.326479    1.526623 v input22/X (sky130_fd_sc_hd__clkbuf_8)
                                                         net22 (net)
                      0.183176    0.005260    1.531883 v _1587_/A1 (sky130_fd_sc_hd__o21bai_2)
     3    0.015007    0.157754    0.403595    1.935478 ^ _1587_/Y (sky130_fd_sc_hd__o21bai_2)
                                                         _0712_ (net)
                      0.157754    0.000642    1.936120 ^ _1651_/A1 (sky130_fd_sc_hd__o21ai_1)
     2    0.007346    0.153569    0.226595    2.162715 v _1651_/Y (sky130_fd_sc_hd__o21ai_1)
                                                         _0776_ (net)
                      0.153569    0.000138    2.162854 v _1842_/B1 (sky130_fd_sc_hd__o21ai_1)
     1    0.002865    0.134801    0.160885    2.323739 ^ _1842_/Y (sky130_fd_sc_hd__o21ai_1)
                                                         _0941_ (net)
                      0.134801    0.000081    2.323819 ^ _1843_/A1 (sky130_fd_sc_hd__a21oi_1)
     1    0.004842    0.118917    0.169725    2.493544 v _1843_/Y (sky130_fd_sc_hd__a21oi_1)
                                                         net86 (net)
                      0.118917    0.000195    2.493740 v output86/A (sky130_fd_sc_hd__buf_1)
     1    0.013253    0.158622    0.270848    2.764588 v output86/X (sky130_fd_sc_hd__buf_1)
                                                         result[29] (net)
                      0.158622    0.000530    2.765118 v result[29] (out)
                                              2.765118   data arrival time

                      0.000000    0.000000    0.000000   clock __VIRTUAL_CLK__ (rise edge)
                                  0.200000    0.200000   clock network delay (ideal)
                                  0.000000    0.200000   clock reconvergence pessimism
                                 -0.500000   -0.300000   output external delay
                                             -0.300000   data required time
---------------------------------------------------------------------------------------------
                                             -0.300000   data required time
                                             -2.765118   data arrival time
---------------------------------------------------------------------------------------------
                                              3.065118   slack (MET)


Startpoint: x[29] (input port clocked by __VIRTUAL_CLK__)
Endpoint: result[18] (output port clocked by __VIRTUAL_CLK__)
Path Group: __VIRTUAL_CLK__
Path Type: min

Fanout         Cap        Slew       Delay        Time   Description
---------------------------------------------------------------------------------------------
                      0.000000    0.000000    0.000000   clock __VIRTUAL_CLK__ (rise edge)
                                  0.200000    0.200000   clock network delay (ideal)
                                  1.000000    1.200000 ^ input external delay
     1    0.009898    0.000000    0.000000    1.200000 ^ x[29] (in)
                                                         x[29] (net)
                      0.000303    0.000151    1.200151 ^ input22/A (sky130_fd_sc_hd__clkbuf_8)
    12    0.098326    0.273387    0.352934    1.553086 ^ input22/X (sky130_fd_sc_hd__clkbuf_8)
                                                         net22 (net)
                      0.273490    0.004403    1.557489 ^ _0967_/B (sky130_fd_sc_hd__nor4_2)
     1    0.017727    0.123645    0.217669    1.775158 v _0967_/Y (sky130_fd_sc_hd__nor4_2)
                                                         _0092_ (net)
                      0.123646    0.000587    1.775745 v _0968_/B (sky130_fd_sc_hd__nand2_8)
    12    0.063886    0.183362    0.224430    2.000175 ^ _0968_/Y (sky130_fd_sc_hd__nand2_8)
                                                         _0093_ (net)
                      0.183443    0.003150    2.003325 ^ _0972_/A (sky130_fd_sc_hd__nor2_4)
    15    0.064574    0.156789    0.207453    2.210778 v _0972_/Y (sky130_fd_sc_hd__nor2_4)
                                                         _0097_ (net)
                      0.157064    0.005296    2.216074 v _1791_/A1_N (sky130_fd_sc_hd__o2bb2ai_1)
     1    0.004607    0.117622    0.292707    2.508780 v _1791_/Y (sky130_fd_sc_hd__o2bb2ai_1)
                                                         net74 (net)
                      0.117622    0.000166    2.508947 v output74/A (sky130_fd_sc_hd__buf_1)
     1    0.012502    0.150456    0.264405    2.773352 v output74/X (sky130_fd_sc_hd__buf_1)
                                                         result[18] (net)
                      0.150456    0.000343    2.773695 v result[18] (out)
                                              2.773695   data arrival time

                      0.000000    0.000000    0.000000   clock __VIRTUAL_CLK__ (rise edge)
                                  0.200000    0.200000   clock network delay (ideal)
                                  0.000000    0.200000   clock reconvergence pessimism
                                 -0.500000   -0.300000   output external delay
                                             -0.300000   data required time
---------------------------------------------------------------------------------------------
                                             -0.300000   data required time
                                             -2.773695   data arrival time
---------------------------------------------------------------------------------------------
                                              3.073695   slack (MET)


Startpoint: x[29] (input port clocked by __VIRTUAL_CLK__)
Endpoint: result[28] (output port clocked by __VIRTUAL_CLK__)
Path Group: __VIRTUAL_CLK__
Path Type: min

Fanout         Cap        Slew       Delay        Time   Description
---------------------------------------------------------------------------------------------
                      0.000000    0.000000    0.000000   clock __VIRTUAL_CLK__ (rise edge)
                                  0.200000    0.200000   clock network delay (ideal)
                                  1.000000    1.200000 ^ input external delay
     1    0.009898    0.000000    0.000000    1.200000 ^ x[29] (in)
                                                         x[29] (net)
                      0.000303    0.000151    1.200151 ^ input22/A (sky130_fd_sc_hd__clkbuf_8)
    12    0.098326    0.273387    0.352934    1.553086 ^ input22/X (sky130_fd_sc_hd__clkbuf_8)
                                                         net22 (net)
                      0.273490    0.004403    1.557489 ^ _0967_/B (sky130_fd_sc_hd__nor4_2)
     1    0.017727    0.123645    0.217669    1.775158 v _0967_/Y (sky130_fd_sc_hd__nor4_2)
                                                         _0092_ (net)
                      0.123646    0.000587    1.775745 v _0968_/B (sky130_fd_sc_hd__nand2_8)
    12    0.063886    0.183362    0.224430    2.000175 ^ _0968_/Y (sky130_fd_sc_hd__nand2_8)
                                                         _0093_ (net)
                      0.183443    0.003150    2.003325 ^ _0972_/A (sky130_fd_sc_hd__nor2_4)
    15    0.064574    0.156789    0.207453    2.210778 v _0972_/Y (sky130_fd_sc_hd__nor2_4)
                                                         _0097_ (net)
                      0.156974    0.004363    2.215141 v _1841_/B1 (sky130_fd_sc_hd__a21oi_1)
     1    0.004152    0.185236    0.249367    2.464508 ^ _1841_/Y (sky130_fd_sc_hd__a21oi_1)
                                                         net85 (net)
                      0.185236    0.000108    2.464616 ^ output85/A (sky130_fd_sc_hd__buf_1)
     1    0.012663    0.249385    0.327110    2.791727 ^ output85/X (sky130_fd_sc_hd__buf_1)
                                                         result[28] (net)
                      0.249385    0.000520    2.792247 ^ result[28] (out)
                                              2.792247   data arrival time

                      0.000000    0.000000    0.000000   clock __VIRTUAL_CLK__ (rise edge)
                                  0.200000    0.200000   clock network delay (ideal)
                                  0.000000    0.200000   clock reconvergence pessimism
                                 -0.500000   -0.300000   output external delay
                                             -0.300000   data required time
---------------------------------------------------------------------------------------------
                                             -0.300000   data required time
                                             -2.792247   data arrival time
---------------------------------------------------------------------------------------------
                                              3.092247   slack (MET)


Startpoint: y[28] (input port clocked by __VIRTUAL_CLK__)
Endpoint: result[16] (output port clocked by __VIRTUAL_CLK__)
Path Group: __VIRTUAL_CLK__
Path Type: min

Fanout         Cap        Slew       Delay        Time   Description
---------------------------------------------------------------------------------------------
                      0.000000    0.000000    0.000000   clock __VIRTUAL_CLK__ (rise edge)
                                  0.200000    0.200000   clock network delay (ideal)
                                  1.000000    1.200000 ^ input external delay
     1    0.006102    0.000000    0.000000    1.200000 ^ y[28] (in)
                                                         y[28] (net)
                      0.000229    0.000114    1.200114 ^ input53/A (sky130_fd_sc_hd__clkbuf_4)
     6    0.049185    0.244395    0.345357    1.545471 ^ input53/X (sky130_fd_sc_hd__clkbuf_4)
                                                         net53 (net)
                      0.244407    0.001993    1.547464 ^ _0970_/C (sky130_fd_sc_hd__nor4_4)
     3    0.025574    0.098150    0.182328    1.729792 v _0970_/Y (sky130_fd_sc_hd__nor4_4)
                                                         _0095_ (net)
                      0.098151    0.000551    1.730343 v _0973_/C (sky130_fd_sc_hd__nand3b_4)
    20    0.090174    0.427031    0.381148    2.111490 ^ _0973_/Y (sky130_fd_sc_hd__nand3b_4)
                                                         _0098_ (net)
                      0.427133    0.005403    2.116893 ^ _1785_/B1 (sky130_fd_sc_hd__o32ai_1)
     1    0.008818    0.189896    0.383823    2.500716 v _1785_/Y (sky130_fd_sc_hd__o32ai_1)
                                                         net72 (net)
                      0.189896    0.000417    2.501133 v output72/A (sky130_fd_sc_hd__buf_1)
     1    0.012216    0.147404    0.296953    2.798086 v output72/X (sky130_fd_sc_hd__buf_1)
                                                         result[16] (net)
                      0.147404    0.000316    2.798402 v result[16] (out)
                                              2.798402   data arrival time

                      0.000000    0.000000    0.000000   clock __VIRTUAL_CLK__ (rise edge)
                                  0.200000    0.200000   clock network delay (ideal)
                                  0.000000    0.200000   clock reconvergence pessimism
                                 -0.500000   -0.300000   output external delay
                                             -0.300000   data required time
---------------------------------------------------------------------------------------------
                                             -0.300000   data required time
                                             -2.798402   data arrival time
---------------------------------------------------------------------------------------------
                                              3.098402   slack (MET)


Startpoint: x[29] (input port clocked by __VIRTUAL_CLK__)
Endpoint: result[27] (output port clocked by __VIRTUAL_CLK__)
Path Group: __VIRTUAL_CLK__
Path Type: min

Fanout         Cap        Slew       Delay        Time   Description
---------------------------------------------------------------------------------------------
                      0.000000    0.000000    0.000000   clock __VIRTUAL_CLK__ (rise edge)
                                  0.200000    0.200000   clock network delay (ideal)
                                  1.000000    1.200000 ^ input external delay
     1    0.009898    0.000000    0.000000    1.200000 ^ x[29] (in)
                                                         x[29] (net)
                      0.000303    0.000151    1.200151 ^ input22/A (sky130_fd_sc_hd__clkbuf_8)
    12    0.098326    0.273387    0.352934    1.553086 ^ input22/X (sky130_fd_sc_hd__clkbuf_8)
                                                         net22 (net)
                      0.273490    0.004403    1.557489 ^ _0967_/B (sky130_fd_sc_hd__nor4_2)
     1    0.017727    0.123645    0.217669    1.775158 v _0967_/Y (sky130_fd_sc_hd__nor4_2)
                                                         _0092_ (net)
                      0.123646    0.000587    1.775745 v _0968_/B (sky130_fd_sc_hd__nand2_8)
    12    0.063886    0.183362    0.224430    2.000175 ^ _0968_/Y (sky130_fd_sc_hd__nand2_8)
                                                         _0093_ (net)
                      0.183501    0.004091    2.004266 ^ _1839_/A1_N (sky130_fd_sc_hd__a2bb2oi_1)
     1    0.007055    0.286232    0.420807    2.425072 ^ _1839_/Y (sky130_fd_sc_hd__a2bb2oi_1)
                                                         net84 (net)
                      0.286232    0.000348    2.425421 ^ output84/A (sky130_fd_sc_hd__buf_1)
     1    0.015746    0.305418    0.400350    2.825771 ^ output84/X (sky130_fd_sc_hd__buf_1)
                                                         result[27] (net)
                      0.305418    0.000697    2.826467 ^ result[27] (out)
                                              2.826467   data arrival time

                      0.000000    0.000000    0.000000   clock __VIRTUAL_CLK__ (rise edge)
                                  0.200000    0.200000   clock network delay (ideal)
                                  0.000000    0.200000   clock reconvergence pessimism
                                 -0.500000   -0.300000   output external delay
                                             -0.300000   data required time
---------------------------------------------------------------------------------------------
                                             -0.300000   data required time
                                             -2.826467   data arrival time
---------------------------------------------------------------------------------------------
                                              3.126467   slack (MET)


Startpoint: x[29] (input port clocked by __VIRTUAL_CLK__)
Endpoint: result[30] (output port clocked by __VIRTUAL_CLK__)
Path Group: __VIRTUAL_CLK__
Path Type: min

Fanout         Cap        Slew       Delay        Time   Description
---------------------------------------------------------------------------------------------
                      0.000000    0.000000    0.000000   clock __VIRTUAL_CLK__ (rise edge)
                                  0.200000    0.200000   clock network delay (ideal)
                                  1.000000    1.200000 ^ input external delay
     1    0.009898    0.000000    0.000000    1.200000 ^ x[29] (in)
                                                         x[29] (net)
                      0.000303    0.000151    1.200151 ^ input22/A (sky130_fd_sc_hd__clkbuf_8)
    12    0.098326    0.273387    0.352934    1.553086 ^ input22/X (sky130_fd_sc_hd__clkbuf_8)
                                                         net22 (net)
                      0.273490    0.004403    1.557489 ^ _0967_/B (sky130_fd_sc_hd__nor4_2)
     1    0.017727    0.123645    0.217669    1.775158 v _0967_/Y (sky130_fd_sc_hd__nor4_2)
                                                         _0092_ (net)
                      0.123646    0.000587    1.775745 v _0968_/B (sky130_fd_sc_hd__nand2_8)
    12    0.063886    0.183362    0.224430    2.000175 ^ _0968_/Y (sky130_fd_sc_hd__nand2_8)
                                                         _0093_ (net)
                      0.183443    0.003150    2.003325 ^ _0972_/A (sky130_fd_sc_hd__nor2_4)
    15    0.064574    0.156789    0.207453    2.210778 v _0972_/Y (sky130_fd_sc_hd__nor2_4)
                                                         _0097_ (net)
                      0.157040    0.005063    2.215841 v _1844_/B1 (sky130_fd_sc_hd__a21oi_1)
     1    0.004739    0.203117    0.263148    2.478990 ^ _1844_/Y (sky130_fd_sc_hd__a21oi_1)
                                                         net88 (net)
                      0.203117    0.000167    2.479157 ^ output88/A (sky130_fd_sc_hd__buf_1)
     1    0.013745    0.268962    0.348569    2.827726 ^ output88/X (sky130_fd_sc_hd__buf_1)
                                                         result[30] (net)
                      0.268962    0.000526    2.828252 ^ result[30] (out)
                                              2.828252   data arrival time

                      0.000000    0.000000    0.000000   clock __VIRTUAL_CLK__ (rise edge)
                                  0.200000    0.200000   clock network delay (ideal)
                                  0.000000    0.200000   clock reconvergence pessimism
                                 -0.500000   -0.300000   output external delay
                                             -0.300000   data required time
---------------------------------------------------------------------------------------------
                                             -0.300000   data required time
                                             -2.828252   data arrival time
---------------------------------------------------------------------------------------------
                                              3.128252   slack (MET)


Startpoint: y[30] (input port clocked by __VIRTUAL_CLK__)
Endpoint: result[22] (output port clocked by __VIRTUAL_CLK__)
Path Group: __VIRTUAL_CLK__
Path Type: min

Fanout         Cap        Slew       Delay        Time   Description
---------------------------------------------------------------------------------------------
                      0.000000    0.000000    0.000000   clock __VIRTUAL_CLK__ (rise edge)
                                  0.200000    0.200000   clock network delay (ideal)
                                  1.000000    1.200000 ^ input external delay
     1    0.004267    0.000000    0.000000    1.200000 ^ y[30] (in)
                                                         y[30] (net)
                      0.000119    0.000059    1.200059 ^ input56/A (sky130_fd_sc_hd__clkbuf_4)
     8    0.052154    0.257313    0.355114    1.555174 ^ input56/X (sky130_fd_sc_hd__clkbuf_4)
                                                         net56 (net)
                      0.257317    0.001462    1.556636 ^ _1643_/A (sky130_fd_sc_hd__nor4_1)
     2    0.004847    0.085950    0.187486    1.744122 v _1643_/Y (sky130_fd_sc_hd__nor4_1)
                                                         _0768_ (net)
                      0.085950    0.000098    1.744220 v _1647_/B1_N (sky130_fd_sc_hd__o21bai_1)
     1    0.005848    0.122033    0.362213    2.106433 v _1647_/Y (sky130_fd_sc_hd__o21bai_1)
                                                         _0772_ (net)
                      0.122033    0.000241    2.106674 v _1821_/A1 (sky130_fd_sc_hd__o21ai_1)
     1    0.003673    0.146188    0.252127    2.358801 ^ _1821_/Y (sky130_fd_sc_hd__o21ai_1)
                                                         _0925_ (net)
                      0.146188    0.000109    2.358910 ^ _1822_/B1 (sky130_fd_sc_hd__a22oi_1)
     1    0.004837    0.146210    0.176346    2.535255 v _1822_/Y (sky130_fd_sc_hd__a22oi_1)
                                                         net79 (net)
                      0.146210    0.000179    2.535434 v output79/A (sky130_fd_sc_hd__buf_1)
     1    0.014404    0.171098    0.293191    2.828625 v output79/X (sky130_fd_sc_hd__buf_1)
                                                         result[22] (net)
                      0.171098    0.000425    2.829050 v result[22] (out)
                                              2.829050   data arrival time

                      0.000000    0.000000    0.000000   clock __VIRTUAL_CLK__ (rise edge)
                                  0.200000    0.200000   clock network delay (ideal)
                                  0.000000    0.200000   clock reconvergence pessimism
                                 -0.500000   -0.300000   output external delay
                                             -0.300000   data required time
---------------------------------------------------------------------------------------------
                                             -0.300000   data required time
                                             -2.829050   data arrival time
---------------------------------------------------------------------------------------------
                                              3.129050   slack (MET)


Startpoint: y[31] (input port clocked by __VIRTUAL_CLK__)
Endpoint: result[31] (output port clocked by __VIRTUAL_CLK__)
Path Group: __VIRTUAL_CLK__
Path Type: min

Fanout         Cap        Slew       Delay        Time   Description
---------------------------------------------------------------------------------------------
                      0.000000    0.000000    0.000000   clock __VIRTUAL_CLK__ (rise edge)
                                  0.200000    0.200000   clock network delay (ideal)
                                  1.000000    1.200000 v input external delay
     1    0.004644    0.000000    0.000000    1.200000 v y[31] (in)
                                                         y[31] (net)
                      0.000157    0.000079    1.200079 v input57/A (sky130_fd_sc_hd__clkbuf_4)
     5    0.042965    0.166501    0.314325    1.514404 v input57/X (sky130_fd_sc_hd__clkbuf_4)
                                                         net57 (net)
                      0.166505    0.001132    1.515536 v _1925_/A1 (sky130_fd_sc_hd__a211oi_1)
     1    0.004574    0.344858    0.447227    1.962763 ^ _1925_/Y (sky130_fd_sc_hd__a211oi_1)
                                                         _0082_ (net)
                      0.344858    0.000157    1.962920 ^ _1927_/B2 (sky130_fd_sc_hd__o2bb2ai_1)
     2    0.026792    0.437639    0.494532    2.457453 v _1927_/Y (sky130_fd_sc_hd__o2bb2ai_1)
                                                         net89 (net)
                      0.437642    0.001857    2.459310 v output89/A (sky130_fd_sc_hd__buf_1)
     1    0.016547    0.197033    0.424596    2.883906 v output89/X (sky130_fd_sc_hd__buf_1)
                                                         result[31] (net)
                      0.197034    0.000764    2.884670 v result[31] (out)
                                              2.884670   data arrival time

                      0.000000    0.000000    0.000000   clock __VIRTUAL_CLK__ (rise edge)
                                  0.200000    0.200000   clock network delay (ideal)
                                  0.000000    0.200000   clock reconvergence pessimism
                                 -0.500000   -0.300000   output external delay
                                             -0.300000   data required time
---------------------------------------------------------------------------------------------
                                             -0.300000   data required time
                                             -2.884670   data arrival time
---------------------------------------------------------------------------------------------
                                              3.184669   slack (MET)


Startpoint: x[29] (input port clocked by __VIRTUAL_CLK__)
Endpoint: result[25] (output port clocked by __VIRTUAL_CLK__)
Path Group: __VIRTUAL_CLK__
Path Type: min

Fanout         Cap        Slew       Delay        Time   Description
---------------------------------------------------------------------------------------------
                      0.000000    0.000000    0.000000   clock __VIRTUAL_CLK__ (rise edge)
                                  0.200000    0.200000   clock network delay (ideal)
                                  1.000000    1.200000 ^ input external delay
     1    0.009898    0.000000    0.000000    1.200000 ^ x[29] (in)
                                                         x[29] (net)
                      0.000303    0.000151    1.200151 ^ input22/A (sky130_fd_sc_hd__clkbuf_8)
    12    0.098326    0.273387    0.352934    1.553086 ^ input22/X (sky130_fd_sc_hd__clkbuf_8)
                                                         net22 (net)
                      0.273490    0.004403    1.557489 ^ _0967_/B (sky130_fd_sc_hd__nor4_2)
     1    0.017727    0.123645    0.217669    1.775158 v _0967_/Y (sky130_fd_sc_hd__nor4_2)
                                                         _0092_ (net)
                      0.123646    0.000587    1.775745 v _0968_/B (sky130_fd_sc_hd__nand2_8)
    12    0.063886    0.183362    0.224430    2.000175 ^ _0968_/Y (sky130_fd_sc_hd__nand2_8)
                                                         _0093_ (net)
                      0.183500    0.004077    2.004252 ^ _1835_/A1_N (sky130_fd_sc_hd__a2bb2oi_1)
     1    0.016867    0.599241    0.661271    2.665524 ^ _1835_/Y (sky130_fd_sc_hd__a2bb2oi_1)
                                                         net82 (net)
                      0.599242    0.000644    2.666167 ^ output82/A (sky130_fd_sc_hd__buf_1)
     1    0.024857    0.471146    0.605382    3.271550 ^ output82/X (sky130_fd_sc_hd__buf_1)
                                                         result[25] (net)
                      0.471146    0.000758    3.272308 ^ result[25] (out)
                                              3.272308   data arrival time

                      0.000000    0.000000    0.000000   clock __VIRTUAL_CLK__ (rise edge)
                                  0.200000    0.200000   clock network delay (ideal)
                                  0.000000    0.200000   clock reconvergence pessimism
                                 -0.500000   -0.300000   output external delay
                                             -0.300000   data required time
---------------------------------------------------------------------------------------------
                                             -0.300000   data required time
                                             -3.272308   data arrival time
---------------------------------------------------------------------------------------------
                                              3.572308   slack (MET)


Startpoint: x[29] (input port clocked by __VIRTUAL_CLK__)
Endpoint: result[24] (output port clocked by __VIRTUAL_CLK__)
Path Group: __VIRTUAL_CLK__
Path Type: min

Fanout         Cap        Slew       Delay        Time   Description
---------------------------------------------------------------------------------------------
                      0.000000    0.000000    0.000000   clock __VIRTUAL_CLK__ (rise edge)
                                  0.200000    0.200000   clock network delay (ideal)
                                  1.000000    1.200000 ^ input external delay
     1    0.009898    0.000000    0.000000    1.200000 ^ x[29] (in)
                                                         x[29] (net)
                      0.000303    0.000151    1.200151 ^ input22/A (sky130_fd_sc_hd__clkbuf_8)
    12    0.098326    0.273387    0.352934    1.553086 ^ input22/X (sky130_fd_sc_hd__clkbuf_8)
                                                         net22 (net)
                      0.273490    0.004403    1.557489 ^ _0967_/B (sky130_fd_sc_hd__nor4_2)
     1    0.017727    0.123645    0.217669    1.775158 v _0967_/Y (sky130_fd_sc_hd__nor4_2)
                                                         _0092_ (net)
                      0.123646    0.000587    1.775745 v _0968_/B (sky130_fd_sc_hd__nand2_8)
    12    0.063886    0.183362    0.224430    2.000175 ^ _0968_/Y (sky130_fd_sc_hd__nand2_8)
                                                         _0093_ (net)
                      0.183461    0.003466    2.003642 ^ _1833_/A1_N (sky130_fd_sc_hd__a2bb2oi_1)
     1    0.016790    0.596798    0.659042    2.662683 ^ _1833_/Y (sky130_fd_sc_hd__a2bb2oi_1)
                                                         net81 (net)
                      0.596802    0.001254    2.663937 ^ output81/A (sky130_fd_sc_hd__buf_1)
     1    0.025845    0.489154    0.617003    3.280940 ^ output81/X (sky130_fd_sc_hd__buf_1)
                                                         result[24] (net)
                      0.489154    0.001487    3.282427 ^ result[24] (out)
                                              3.282427   data arrival time

                      0.000000    0.000000    0.000000   clock __VIRTUAL_CLK__ (rise edge)
                                  0.200000    0.200000   clock network delay (ideal)
                                  0.000000    0.200000   clock reconvergence pessimism
                                 -0.500000   -0.300000   output external delay
                                             -0.300000   data required time
---------------------------------------------------------------------------------------------
                                             -0.300000   data required time
                                             -3.282427   data arrival time
---------------------------------------------------------------------------------------------
                                              3.582427   slack (MET)


Startpoint: x[29] (input port clocked by __VIRTUAL_CLK__)
Endpoint: result[26] (output port clocked by __VIRTUAL_CLK__)
Path Group: __VIRTUAL_CLK__
Path Type: min

Fanout         Cap        Slew       Delay        Time   Description
---------------------------------------------------------------------------------------------
                      0.000000    0.000000    0.000000   clock __VIRTUAL_CLK__ (rise edge)
                                  0.200000    0.200000   clock network delay (ideal)
                                  1.000000    1.200000 ^ input external delay
     1    0.009898    0.000000    0.000000    1.200000 ^ x[29] (in)
                                                         x[29] (net)
                      0.000303    0.000151    1.200151 ^ input22/A (sky130_fd_sc_hd__clkbuf_8)
    12    0.098326    0.273387    0.352934    1.553086 ^ input22/X (sky130_fd_sc_hd__clkbuf_8)
                                                         net22 (net)
                      0.273490    0.004403    1.557489 ^ _0967_/B (sky130_fd_sc_hd__nor4_2)
     1    0.017727    0.123645    0.217669    1.775158 v _0967_/Y (sky130_fd_sc_hd__nor4_2)
                                                         _0092_ (net)
                      0.123646    0.000587    1.775745 v _0968_/B (sky130_fd_sc_hd__nand2_8)
    12    0.063886    0.183362    0.224430    2.000175 ^ _0968_/Y (sky130_fd_sc_hd__nand2_8)
                                                         _0093_ (net)
                      0.183491    0.003949    2.004124 ^ _1837_/A1_N (sky130_fd_sc_hd__a2bb2oi_1)
     1    0.018724    0.659281    0.706507    2.710631 ^ _1837_/Y (sky130_fd_sc_hd__a2bb2oi_1)
                                                         net83 (net)
                      0.659283    0.000816    2.711447 ^ output83/A (sky130_fd_sc_hd__buf_1)
     1    0.025906    0.490222    0.632385    3.343832 ^ output83/X (sky130_fd_sc_hd__buf_1)
                                                         result[26] (net)
                      0.490222    0.000854    3.344687 ^ result[26] (out)
                                              3.344687   data arrival time

                      0.000000    0.000000    0.000000   clock __VIRTUAL_CLK__ (rise edge)
                                  0.200000    0.200000   clock network delay (ideal)
                                  0.000000    0.200000   clock reconvergence pessimism
                                 -0.500000   -0.300000   output external delay
                                             -0.300000   data required time
---------------------------------------------------------------------------------------------
                                             -0.300000   data required time
                                             -3.344687   data arrival time
---------------------------------------------------------------------------------------------
                                              3.644686   slack (MET)


Startpoint: x[29] (input port clocked by __VIRTUAL_CLK__)
Endpoint: result[23] (output port clocked by __VIRTUAL_CLK__)
Path Group: __VIRTUAL_CLK__
Path Type: min

Fanout         Cap        Slew       Delay        Time   Description
---------------------------------------------------------------------------------------------
                      0.000000    0.000000    0.000000   clock __VIRTUAL_CLK__ (rise edge)
                                  0.200000    0.200000   clock network delay (ideal)
                                  1.000000    1.200000 ^ input external delay
     1    0.009898    0.000000    0.000000    1.200000 ^ x[29] (in)
                                                         x[29] (net)
                      0.000303    0.000151    1.200151 ^ input22/A (sky130_fd_sc_hd__clkbuf_8)
    12    0.098326    0.273387    0.352934    1.553086 ^ input22/X (sky130_fd_sc_hd__clkbuf_8)
                                                         net22 (net)
                      0.273490    0.004403    1.557489 ^ _0967_/B (sky130_fd_sc_hd__nor4_2)
     1    0.017727    0.123645    0.217669    1.775158 v _0967_/Y (sky130_fd_sc_hd__nor4_2)
                                                         _0092_ (net)
                      0.123646    0.000587    1.775745 v _0968_/B (sky130_fd_sc_hd__nand2_8)
    12    0.063886    0.183362    0.224430    2.000175 ^ _0968_/Y (sky130_fd_sc_hd__nand2_8)
                                                         _0093_ (net)
                      0.183498    0.004052    2.004227 ^ _1831_/A1_N (sky130_fd_sc_hd__a2bb2oi_1)
     1    0.017867    0.631678    0.685626    2.689854 ^ _1831_/Y (sky130_fd_sc_hd__a2bb2oi_1)
                                                         net80 (net)
                      0.631679    0.000709    2.690563 ^ output80/A (sky130_fd_sc_hd__buf_1)
     1    0.027907    0.526276    0.653674    3.344237 ^ output80/X (sky130_fd_sc_hd__buf_1)
                                                         result[23] (net)
                      0.526276    0.000701    3.344938 ^ result[23] (out)
                                              3.344938   data arrival time

                      0.000000    0.000000    0.000000   clock __VIRTUAL_CLK__ (rise edge)
                                  0.200000    0.200000   clock network delay (ideal)
                                  0.000000    0.200000   clock reconvergence pessimism
                                 -0.500000   -0.300000   output external delay
                                             -0.300000   data required time
---------------------------------------------------------------------------------------------
                                             -0.300000   data required time
                                             -3.344938   data arrival time
---------------------------------------------------------------------------------------------
                                              3.644938   slack (MET)



