
===========================================================================
report_checks -unconstrained
===========================================================================
======================= min_ff_n40C_1v95 Corner ===================================

Startpoint: x[27] (input port clocked by __VIRTUAL_CLK__)
Endpoint: result[23] (output port clocked by __VIRTUAL_CLK__)
Path Group: __VIRTUAL_CLK__
Path Type: max

Fanout         Cap        Slew       Delay        Time   Description
---------------------------------------------------------------------------------------------
                      0.000000    0.000000    0.000000   clock __VIRTUAL_CLK__ (rise edge)
                                  0.200000    0.200000   clock network delay (ideal)
                                  1.000000    1.200000 ^ input external delay
     1    0.027293    0.000000    0.000000    1.200000 ^ x[27] (in)
                                                         x[27] (net)
                      0.001439    0.000720    1.200720 ^ input20/A (sky130_fd_sc_hd__buf_2)
     7    0.093514    0.340130    0.270183    1.470903 ^ input20/X (sky130_fd_sc_hd__buf_2)
                                                         net20 (net)
                      0.340355    0.007272    1.478175 ^ _0975_/B_N (sky130_fd_sc_hd__nor2b_1)
     4    0.072542    0.934868    0.721837    2.200012 ^ _0975_/Y (sky130_fd_sc_hd__nor2b_1)
                                                         _0100_ (net)
                      0.934879    0.002822    2.202834 ^ _1083_/A1 (sky130_fd_sc_hd__a21o_1)
     2    0.016042    0.112642    0.096573    2.299407 ^ _1083_/X (sky130_fd_sc_hd__a21o_1)
                                                         _0208_ (net)
                      0.112645    0.000479    2.299885 ^ _1084_/B1 (sky130_fd_sc_hd__a21oi_2)
     4    0.028128    0.109616    0.065128    2.365014 v _1084_/Y (sky130_fd_sc_hd__a21oi_2)
                                                         _0209_ (net)
                      0.109617    0.000228    2.365242 v _1101_/A2 (sky130_fd_sc_hd__o21ai_1)
     2    0.034617    0.464528    0.391021    2.756263 ^ _1101_/Y (sky130_fd_sc_hd__o21ai_1)
                                                         _0226_ (net)
                      0.464549    0.002654    2.758917 ^ _1104_/A (sky130_fd_sc_hd__nand2_2)
     1    0.029975    0.155268    0.115402    2.874319 v _1104_/Y (sky130_fd_sc_hd__nand2_2)
                                                         _0229_ (net)
                      0.155269    0.000305    2.874624 v _1106_/B (sky130_fd_sc_hd__nand2_8)
    27    0.146387    0.195744    0.207384    3.082009 ^ _1106_/Y (sky130_fd_sc_hd__nand2_8)
                                                         _0231_ (net)
                      0.196059    0.006356    3.088364 ^ _1109_/D1 (sky130_fd_sc_hd__o2111ai_4)
    19    0.111044    0.339583    0.252362    3.340726 v _1109_/Y (sky130_fd_sc_hd__o2111ai_4)
                                                         _0234_ (net)
                      0.339654    0.003999    3.344725 v _1164_/A2 (sky130_fd_sc_hd__o211ai_1)
     2    0.007446    0.183764    0.269827    3.614552 ^ _1164_/Y (sky130_fd_sc_hd__o211ai_1)
                                                         _0289_ (net)
                      0.183764    0.000115    3.614667 ^ _1184_/A (sky130_fd_sc_hd__nand3_1)
     1    0.003355    0.058251    0.049279    3.663946 v _1184_/Y (sky130_fd_sc_hd__nand3_1)
                                                         _0309_ (net)
                      0.058251    0.000042    3.663989 v _1186_/A2 (sky130_fd_sc_hd__a21oi_1)
     1    0.017390    0.276280    0.251222    3.915210 ^ _1186_/Y (sky130_fd_sc_hd__a21oi_1)
                                                         _0311_ (net)
                      0.276280    0.000256    3.915466 ^ _1227_/B1 (sky130_fd_sc_hd__o221ai_4)
     4    0.039286    0.151802    0.130368    4.045835 v _1227_/Y (sky130_fd_sc_hd__o221ai_4)
                                                         _0352_ (net)
                      0.151810    0.000813    4.046648 v _1515_/A1 (sky130_fd_sc_hd__a211oi_4)
     4    0.023412    0.242748    0.269984    4.316632 ^ _1515_/Y (sky130_fd_sc_hd__a211oi_4)
                                                         _0640_ (net)
                      0.242748    0.000308    4.316940 ^ _1528_/A1 (sky130_fd_sc_hd__o211ai_2)
     1    0.008673    0.070144    0.075432    4.392372 v _1528_/Y (sky130_fd_sc_hd__o211ai_2)
                                                         _0653_ (net)
                      0.070144    0.000082    4.392454 v _1530_/A3 (sky130_fd_sc_hd__a31oi_4)
     2    0.018422    0.157709    0.182209    4.574663 ^ _1530_/Y (sky130_fd_sc_hd__a31oi_4)
                                                         _0655_ (net)
                      0.157709    0.000417    4.575079 ^ _1533_/A2 (sky130_fd_sc_hd__o21bai_2)
     2    0.014032    0.058122    0.066280    4.641360 v _1533_/Y (sky130_fd_sc_hd__o21bai_2)
                                                         _0658_ (net)
                      0.058122    0.000151    4.641510 v _1534_/A1 (sky130_fd_sc_hd__a21oi_2)
     3    0.019053    0.182000    0.180080    4.821591 ^ _1534_/Y (sky130_fd_sc_hd__a21oi_2)
                                                         _0659_ (net)
                      0.182000    0.000070    4.821661 ^ _1537_/A2 (sky130_fd_sc_hd__o211ai_2)
     2    0.009125    0.067140    0.064834    4.886495 v _1537_/Y (sky130_fd_sc_hd__o211ai_2)
                                                         _0662_ (net)
                      0.067140    0.000122    4.886617 v _1539_/A2_N (sky130_fd_sc_hd__o2bb2ai_2)
     2    0.014315    0.054945    0.099731    4.986348 v _1539_/Y (sky130_fd_sc_hd__o2bb2ai_2)
                                                         _0664_ (net)
                      0.054948    0.000307    4.986655 v _1541_/A1 (sky130_fd_sc_hd__a31oi_4)
     3    0.023277    0.180414    0.159643    5.146298 ^ _1541_/Y (sky130_fd_sc_hd__a31oi_4)
                                                         _0666_ (net)
                      0.180414    0.000426    5.146724 ^ _1543_/B2 (sky130_fd_sc_hd__o221ai_4)
     2    0.008213    0.057833    0.051650    5.198374 v _1543_/Y (sky130_fd_sc_hd__o221ai_4)
                                                         _0668_ (net)
                      0.057833    0.000097    5.198472 v _1545_/A (sky130_fd_sc_hd__nand3_2)
     2    0.014477    0.075232    0.076216    5.274688 ^ _1545_/Y (sky130_fd_sc_hd__nand3_2)
                                                         _0670_ (net)
                      0.075232    0.000242    5.274930 ^ _1547_/C1 (sky130_fd_sc_hd__o221ai_4)
     2    0.011605    0.064897    0.044841    5.319770 v _1547_/Y (sky130_fd_sc_hd__o221ai_4)
                                                         _0672_ (net)
                      0.064897    0.000091    5.319861 v _1549_/A1 (sky130_fd_sc_hd__a31oi_4)
     2    0.014550    0.139655    0.132106    5.451968 ^ _1549_/Y (sky130_fd_sc_hd__a31oi_4)
                                                         _0674_ (net)
                      0.139655    0.000163    5.452130 ^ _1550_/A2 (sky130_fd_sc_hd__o21bai_2)
     2    0.013906    0.065774    0.065441    5.517571 v _1550_/Y (sky130_fd_sc_hd__o21bai_2)
                                                         _0675_ (net)
                      0.065774    0.000089    5.517660 v _1552_/A1 (sky130_fd_sc_hd__a21oi_2)
     2    0.016758    0.162944    0.168758    5.686418 ^ _1552_/Y (sky130_fd_sc_hd__a21oi_2)
                                                         _0677_ (net)
                      0.162944    0.000241    5.686659 ^ _1554_/A2 (sky130_fd_sc_hd__o21bai_2)
     2    0.013020    0.062314    0.063952    5.750610 v _1554_/Y (sky130_fd_sc_hd__o21bai_2)
                                                         _0679_ (net)
                      0.062314    0.000052    5.750662 v _1557_/A (sky130_fd_sc_hd__nand2_1)
     2    0.017034    0.123533    0.116105    5.866768 ^ _1557_/Y (sky130_fd_sc_hd__nand2_1)
                                                         _0682_ (net)
                      0.123536    0.000531    5.867299 ^ _1559_/C1 (sky130_fd_sc_hd__o221ai_4)
     2    0.013113    0.061232    0.053610    5.920908 v _1559_/Y (sky130_fd_sc_hd__o221ai_4)
                                                         _0684_ (net)
                      0.061232    0.000124    5.921032 v _1561_/A1 (sky130_fd_sc_hd__a31oi_4)
     2    0.019500    0.162672    0.148508    6.069541 ^ _1561_/Y (sky130_fd_sc_hd__a31oi_4)
                                                         _0686_ (net)
                      0.162673    0.000179    6.069720 ^ _1563_/A2 (sky130_fd_sc_hd__o21bai_4)
     3    0.022149    0.069773    0.060965    6.130685 v _1563_/Y (sky130_fd_sc_hd__o21bai_4)
                                                         _0688_ (net)
                      0.069773    0.000196    6.130881 v _1567_/A (sky130_fd_sc_hd__nand2_2)
     2    0.019862    0.088635    0.093675    6.224556 ^ _1567_/Y (sky130_fd_sc_hd__nand2_2)
                                                         _0692_ (net)
                      0.088665    0.000179    6.224735 ^ _1572_/A2_N (sky130_fd_sc_hd__o2bb2ai_4)
    12    0.093597    0.435783    0.217840    6.442575 ^ _1572_/Y (sky130_fd_sc_hd__o2bb2ai_4)
                                                         _0697_ (net)
                      0.435804    0.002554    6.445129 ^ _1580_/B (sky130_fd_sc_hd__nand3_4)
    11    0.063259    0.183442    0.168103    6.613232 v _1580_/Y (sky130_fd_sc_hd__nand3_4)
                                                         _0705_ (net)
                      0.183452    0.001083    6.614316 v _1599_/B (sky130_fd_sc_hd__nand3_1)
     2    0.012049    0.120968    0.165616    6.779932 ^ _1599_/Y (sky130_fd_sc_hd__nand3_1)
                                                         _0724_ (net)
                      0.120968    0.000170    6.780101 ^ _1617_/B (sky130_fd_sc_hd__nand4_2)
     2    0.014874    0.093264    0.100862    6.880963 v _1617_/Y (sky130_fd_sc_hd__nand4_2)
                                                         _0742_ (net)
                      0.093264    0.000235    6.881198 v _1619_/B2 (sky130_fd_sc_hd__o22ai_4)
     4    0.022740    0.157328    0.145766    7.026964 ^ _1619_/Y (sky130_fd_sc_hd__o22ai_4)
                                                         _0744_ (net)
                      0.157328    0.000160    7.027124 ^ _1627_/A1 (sky130_fd_sc_hd__a21boi_1)
     1    0.009054    0.069233    0.071725    7.098849 v _1627_/Y (sky130_fd_sc_hd__a21boi_1)
                                                         _0752_ (net)
                      0.069233    0.000101    7.098950 v _1632_/B2 (sky130_fd_sc_hd__o32ai_4)
     4    0.012944    0.182460    0.100290    7.199241 ^ _1632_/Y (sky130_fd_sc_hd__o32ai_4)
                                                         _0757_ (net)
                      0.182460    0.000226    7.199466 ^ _1640_/A (sky130_fd_sc_hd__nand2_1)
     1    0.005349    0.055796    0.046831    7.246297 v _1640_/Y (sky130_fd_sc_hd__nand2_1)
                                                         _0765_ (net)
                      0.055796    0.000063    7.246361 v _1644_/A2_N (sky130_fd_sc_hd__o2bb2ai_2)
     2    0.014333    0.059403    0.095227    7.341588 v _1644_/Y (sky130_fd_sc_hd__o2bb2ai_2)
                                                         _0769_ (net)
                      0.059403    0.000059    7.341647 v _1829_/A (sky130_fd_sc_hd__nand4_2)
     3    0.012064    0.081708    0.076535    7.418181 ^ _1829_/Y (sky130_fd_sc_hd__nand4_2)
                                                         _0932_ (net)
                      0.081708    0.000127    7.418309 ^ _1830_/A (sky130_fd_sc_hd__nand3_1)
     1    0.007341    0.095618    0.061525    7.479834 v _1830_/Y (sky130_fd_sc_hd__nand3_1)
                                                         _0933_ (net)
                      0.095619    0.000242    7.480075 v _1831_/B2 (sky130_fd_sc_hd__a2bb2oi_1)
     1    0.015978    0.275726    0.238924    7.718999 ^ _1831_/Y (sky130_fd_sc_hd__a2bb2oi_1)
                                                         net80 (net)
                      0.275726    0.000281    7.719280 ^ output80/A (sky130_fd_sc_hd__buf_1)
     1    0.026418    0.231513    0.198085    7.917365 ^ output80/X (sky130_fd_sc_hd__buf_1)
                                                         result[23] (net)
                      0.231513    0.000244    7.917609 ^ result[23] (out)
                                              7.917609   data arrival time

                      0.000000   20.000000   20.000000   clock __VIRTUAL_CLK__ (rise edge)
                                  0.200000   20.200001   clock network delay (ideal)
                                  0.000000   20.200001   clock reconvergence pessimism
                                 -0.500000   19.700001   output external delay
                                             19.700001   data required time
---------------------------------------------------------------------------------------------
                                             19.700001   data required time
                                             -7.917609   data arrival time
---------------------------------------------------------------------------------------------
                                             11.782392   slack (MET)




===========================================================================
report_checks --slack_max -0.01
============================================================================
======================= min_ff_n40C_1v95 Corner ===================================

No paths found.


===========================================================================
 report_check_types -max_slew -max_cap -max_fanout -violators
============================================================================
======================= min_ff_n40C_1v95 Corner ===================================



===========================================================================
report_parasitic_annotation -report_unannotated
============================================================================
Found 0 unannotated drivers.
Found 0 partially unannotated drivers.

===========================================================================
max slew violation count 0
max fanout violation count 0
max cap violation count 0
============================================================================

===========================================================================
check_setup -verbose -unconstrained_endpoints -multiple_clock -no_clock -no_input_delay -loops -generated_clocks
===========================================================================
