
===========================================================================
report_checks -path_delay min (Hold)
============================================================================
======================= min_ff_n40C_1v95 Corner ===================================

Startpoint: y[28] (input port clocked by __VIRTUAL_CLK__)
Endpoint: result[5] (output port clocked by __VIRTUAL_CLK__)
Path Group: __VIRTUAL_CLK__
Path Type: min

Fanout         Cap        Slew       Delay        Time   Description
---------------------------------------------------------------------------------------------
                      0.000000    0.000000    0.000000   clock __VIRTUAL_CLK__ (rise edge)
                                  0.200000    0.200000   clock network delay (ideal)
                                  1.000000    1.200000 ^ input external delay
     1    0.005744    0.000000    0.000000    1.200000 ^ y[28] (in)
                                                         y[28] (net)
                      0.000111    0.000055    1.200055 ^ input53/A (sky130_fd_sc_hd__clkbuf_4)
     6    0.047938    0.113901    0.137499    1.337554 ^ input53/X (sky130_fd_sc_hd__clkbuf_4)
                                                         net53 (net)
                      0.113915    0.001054    1.338608 ^ _0970_/C (sky130_fd_sc_hd__nor4_4)
     3    0.024973    0.050652    0.054957    1.393565 v _0970_/Y (sky130_fd_sc_hd__nor4_4)
                                                         _0095_ (net)
                      0.050652    0.000184    1.393749 v _0973_/C (sky130_fd_sc_hd__nand3b_4)
    20    0.086583    0.200501    0.173938    1.567687 ^ _0973_/Y (sky130_fd_sc_hd__nand3b_4)
                                                         _0098_ (net)
                      0.200649    0.004472    1.572159 ^ _1752_/B2 (sky130_fd_sc_hd__o32ai_1)
     1    0.002378    0.022521    0.021804    1.593962 v _1752_/Y (sky130_fd_sc_hd__o32ai_1)
                                                         net92 (net)
                      0.022521    0.000012    1.593974 v output92/A (sky130_fd_sc_hd__buf_1)
     1    0.010956    0.047515    0.078643    1.672618 v output92/X (sky130_fd_sc_hd__buf_1)
                                                         result[5] (net)
                      0.047515    0.000116    1.672734 v result[5] (out)
                                              1.672734   data arrival time

                      0.000000    0.000000    0.000000   clock __VIRTUAL_CLK__ (rise edge)
                                  0.200000    0.200000   clock network delay (ideal)
                                  0.000000    0.200000   clock reconvergence pessimism
                                 -0.500000   -0.300000   output external delay
                                             -0.300000   data required time
---------------------------------------------------------------------------------------------
                                             -0.300000   data required time
                                             -1.672734   data arrival time
---------------------------------------------------------------------------------------------
                                              1.972734   slack (MET)


Startpoint: y[28] (input port clocked by __VIRTUAL_CLK__)
Endpoint: result[0] (output port clocked by __VIRTUAL_CLK__)
Path Group: __VIRTUAL_CLK__
Path Type: min

Fanout         Cap        Slew       Delay        Time   Description
---------------------------------------------------------------------------------------------
                      0.000000    0.000000    0.000000   clock __VIRTUAL_CLK__ (rise edge)
                                  0.200000    0.200000   clock network delay (ideal)
                                  1.000000    1.200000 ^ input external delay
     1    0.005744    0.000000    0.000000    1.200000 ^ y[28] (in)
                                                         y[28] (net)
                      0.000111    0.000055    1.200055 ^ input53/A (sky130_fd_sc_hd__clkbuf_4)
     6    0.047938    0.113901    0.137499    1.337554 ^ input53/X (sky130_fd_sc_hd__clkbuf_4)
                                                         net53 (net)
                      0.113915    0.001054    1.338608 ^ _0970_/C (sky130_fd_sc_hd__nor4_4)
     3    0.024973    0.050652    0.054957    1.393565 v _0970_/Y (sky130_fd_sc_hd__nor4_4)
                                                         _0095_ (net)
                      0.050652    0.000184    1.393749 v _0973_/C (sky130_fd_sc_hd__nand3b_4)
    20    0.086583    0.200501    0.173938    1.567687 ^ _0973_/Y (sky130_fd_sc_hd__nand3b_4)
                                                         _0098_ (net)
                      0.200641    0.004339    1.572026 ^ _1737_/B2 (sky130_fd_sc_hd__o32ai_1)
     1    0.002785    0.026638    0.024570    1.596596 v _1737_/Y (sky130_fd_sc_hd__o32ai_1)
                                                         net65 (net)
                      0.026638    0.000028    1.596624 v output65/A (sky130_fd_sc_hd__buf_1)
     1    0.010834    0.047056    0.079961    1.676585 v output65/X (sky130_fd_sc_hd__buf_1)
                                                         result[0] (net)
                      0.047056    0.000108    1.676694 v result[0] (out)
                                              1.676694   data arrival time

                      0.000000    0.000000    0.000000   clock __VIRTUAL_CLK__ (rise edge)
                                  0.200000    0.200000   clock network delay (ideal)
                                  0.000000    0.200000   clock reconvergence pessimism
                                 -0.500000   -0.300000   output external delay
                                             -0.300000   data required time
---------------------------------------------------------------------------------------------
                                             -0.300000   data required time
                                             -1.676694   data arrival time
---------------------------------------------------------------------------------------------
                                              1.976694   slack (MET)


Startpoint: y[28] (input port clocked by __VIRTUAL_CLK__)
Endpoint: result[13] (output port clocked by __VIRTUAL_CLK__)
Path Group: __VIRTUAL_CLK__
Path Type: min

Fanout         Cap        Slew       Delay        Time   Description
---------------------------------------------------------------------------------------------
                      0.000000    0.000000    0.000000   clock __VIRTUAL_CLK__ (rise edge)
                                  0.200000    0.200000   clock network delay (ideal)
                                  1.000000    1.200000 ^ input external delay
     1    0.005744    0.000000    0.000000    1.200000 ^ y[28] (in)
                                                         y[28] (net)
                      0.000111    0.000055    1.200055 ^ input53/A (sky130_fd_sc_hd__clkbuf_4)
     6    0.047938    0.113901    0.137499    1.337554 ^ input53/X (sky130_fd_sc_hd__clkbuf_4)
                                                         net53 (net)
                      0.113915    0.001054    1.338608 ^ _0970_/C (sky130_fd_sc_hd__nor4_4)
     3    0.024973    0.050652    0.054957    1.393565 v _0970_/Y (sky130_fd_sc_hd__nor4_4)
                                                         _0095_ (net)
                      0.050652    0.000184    1.393749 v _0973_/C (sky130_fd_sc_hd__nand3b_4)
    20    0.086583    0.200501    0.173938    1.567687 ^ _0973_/Y (sky130_fd_sc_hd__nand3b_4)
                                                         _0098_ (net)
                      0.200653    0.004521    1.572208 ^ _1776_/B2 (sky130_fd_sc_hd__o32ai_1)
     1    0.003758    0.028365    0.030481    1.602689 v _1776_/Y (sky130_fd_sc_hd__o32ai_1)
                                                         net69 (net)
                      0.028365    0.000054    1.602743 v output69/A (sky130_fd_sc_hd__buf_1)
     1    0.010822    0.047007    0.080633    1.683375 v output69/X (sky130_fd_sc_hd__buf_1)
                                                         result[13] (net)
                      0.047007    0.000108    1.683483 v result[13] (out)
                                              1.683483   data arrival time

                      0.000000    0.000000    0.000000   clock __VIRTUAL_CLK__ (rise edge)
                                  0.200000    0.200000   clock network delay (ideal)
                                  0.000000    0.200000   clock reconvergence pessimism
                                 -0.500000   -0.300000   output external delay
                                             -0.300000   data required time
---------------------------------------------------------------------------------------------
                                             -0.300000   data required time
                                             -1.683483   data arrival time
---------------------------------------------------------------------------------------------
                                              1.983483   slack (MET)


Startpoint: y[28] (input port clocked by __VIRTUAL_CLK__)
Endpoint: result[2] (output port clocked by __VIRTUAL_CLK__)
Path Group: __VIRTUAL_CLK__
Path Type: min

Fanout         Cap        Slew       Delay        Time   Description
---------------------------------------------------------------------------------------------
                      0.000000    0.000000    0.000000   clock __VIRTUAL_CLK__ (rise edge)
                                  0.200000    0.200000   clock network delay (ideal)
                                  1.000000    1.200000 ^ input external delay
     1    0.005744    0.000000    0.000000    1.200000 ^ y[28] (in)
                                                         y[28] (net)
                      0.000111    0.000055    1.200055 ^ input53/A (sky130_fd_sc_hd__clkbuf_4)
     6    0.047938    0.113901    0.137499    1.337554 ^ input53/X (sky130_fd_sc_hd__clkbuf_4)
                                                         net53 (net)
                      0.113915    0.001054    1.338608 ^ _0970_/C (sky130_fd_sc_hd__nor4_4)
     3    0.024973    0.050652    0.054957    1.393565 v _0970_/Y (sky130_fd_sc_hd__nor4_4)
                                                         _0095_ (net)
                      0.050652    0.000184    1.393749 v _0973_/C (sky130_fd_sc_hd__nand3b_4)
    20    0.086583    0.200501    0.173938    1.567687 ^ _0973_/Y (sky130_fd_sc_hd__nand3b_4)
                                                         _0098_ (net)
                      0.200624    0.004081    1.571768 ^ _1743_/B2 (sky130_fd_sc_hd__o32ai_1)
     1    0.004010    0.028389    0.032009    1.603777 v _1743_/Y (sky130_fd_sc_hd__o32ai_1)
                                                         net87 (net)
                      0.028389    0.000060    1.603838 v output87/A (sky130_fd_sc_hd__buf_1)
     1    0.010850    0.047114    0.080726    1.684564 v output87/X (sky130_fd_sc_hd__buf_1)
                                                         result[2] (net)
                      0.047114    0.000105    1.684668 v result[2] (out)
                                              1.684668   data arrival time

                      0.000000    0.000000    0.000000   clock __VIRTUAL_CLK__ (rise edge)
                                  0.200000    0.200000   clock network delay (ideal)
                                  0.000000    0.200000   clock reconvergence pessimism
                                 -0.500000   -0.300000   output external delay
                                             -0.300000   data required time
---------------------------------------------------------------------------------------------
                                             -0.300000   data required time
                                             -1.684668   data arrival time
---------------------------------------------------------------------------------------------
                                              1.984668   slack (MET)


Startpoint: y[28] (input port clocked by __VIRTUAL_CLK__)
Endpoint: result[14] (output port clocked by __VIRTUAL_CLK__)
Path Group: __VIRTUAL_CLK__
Path Type: min

Fanout         Cap        Slew       Delay        Time   Description
---------------------------------------------------------------------------------------------
                      0.000000    0.000000    0.000000   clock __VIRTUAL_CLK__ (rise edge)
                                  0.200000    0.200000   clock network delay (ideal)
                                  1.000000    1.200000 ^ input external delay
     1    0.005744    0.000000    0.000000    1.200000 ^ y[28] (in)
                                                         y[28] (net)
                      0.000111    0.000055    1.200055 ^ input53/A (sky130_fd_sc_hd__clkbuf_4)
     6    0.047938    0.113901    0.137499    1.337554 ^ input53/X (sky130_fd_sc_hd__clkbuf_4)
                                                         net53 (net)
                      0.113915    0.001054    1.338608 ^ _0970_/C (sky130_fd_sc_hd__nor4_4)
     3    0.024973    0.050652    0.054957    1.393565 v _0970_/Y (sky130_fd_sc_hd__nor4_4)
                                                         _0095_ (net)
                      0.050652    0.000184    1.393749 v _0973_/C (sky130_fd_sc_hd__nand3b_4)
    20    0.086583    0.200501    0.173938    1.567687 ^ _0973_/Y (sky130_fd_sc_hd__nand3b_4)
                                                         _0098_ (net)
                      0.200561    0.002869    1.570556 ^ _1779_/B2 (sky130_fd_sc_hd__o32ai_1)
     1    0.004761    0.030083    0.036572    1.607127 v _1779_/Y (sky130_fd_sc_hd__o32ai_1)
                                                         net70 (net)
                      0.030083    0.000085    1.607213 v output70/A (sky130_fd_sc_hd__buf_1)
     1    0.011005    0.047698    0.081865    1.689077 v output70/X (sky130_fd_sc_hd__buf_1)
                                                         result[14] (net)
                      0.047698    0.000110    1.689188 v result[14] (out)
                                              1.689188   data arrival time

                      0.000000    0.000000    0.000000   clock __VIRTUAL_CLK__ (rise edge)
                                  0.200000    0.200000   clock network delay (ideal)
                                  0.000000    0.200000   clock reconvergence pessimism
                                 -0.500000   -0.300000   output external delay
                                             -0.300000   data required time
---------------------------------------------------------------------------------------------
                                             -0.300000   data required time
                                             -1.689188   data arrival time
---------------------------------------------------------------------------------------------
                                              1.989188   slack (MET)


Startpoint: y[28] (input port clocked by __VIRTUAL_CLK__)
Endpoint: result[19] (output port clocked by __VIRTUAL_CLK__)
Path Group: __VIRTUAL_CLK__
Path Type: min

Fanout         Cap        Slew       Delay        Time   Description
---------------------------------------------------------------------------------------------
                      0.000000    0.000000    0.000000   clock __VIRTUAL_CLK__ (rise edge)
                                  0.200000    0.200000   clock network delay (ideal)
                                  1.000000    1.200000 ^ input external delay
     1    0.005744    0.000000    0.000000    1.200000 ^ y[28] (in)
                                                         y[28] (net)
                      0.000111    0.000055    1.200055 ^ input53/A (sky130_fd_sc_hd__clkbuf_4)
     6    0.047938    0.113901    0.137499    1.337554 ^ input53/X (sky130_fd_sc_hd__clkbuf_4)
                                                         net53 (net)
                      0.113915    0.001054    1.338608 ^ _0970_/C (sky130_fd_sc_hd__nor4_4)
     3    0.024973    0.050652    0.054957    1.393565 v _0970_/Y (sky130_fd_sc_hd__nor4_4)
                                                         _0095_ (net)
                      0.050652    0.000184    1.393749 v _0973_/C (sky130_fd_sc_hd__nand3b_4)
    20    0.086583    0.200501    0.173938    1.567687 ^ _0973_/Y (sky130_fd_sc_hd__nand3b_4)
                                                         _0098_ (net)
                      0.200594    0.003548    1.571234 ^ _1794_/B2 (sky130_fd_sc_hd__o32ai_1)
     1    0.004544    0.029033    0.035245    1.606479 v _1794_/Y (sky130_fd_sc_hd__o32ai_1)
                                                         net75 (net)
                      0.029033    0.000102    1.606581 v output75/A (sky130_fd_sc_hd__buf_1)
     1    0.012361    0.052841    0.085261    1.691843 v output75/X (sky130_fd_sc_hd__buf_1)
                                                         result[19] (net)
                      0.052841    0.000240    1.692083 v result[19] (out)
                                              1.692083   data arrival time

                      0.000000    0.000000    0.000000   clock __VIRTUAL_CLK__ (rise edge)
                                  0.200000    0.200000   clock network delay (ideal)
                                  0.000000    0.200000   clock reconvergence pessimism
                                 -0.500000   -0.300000   output external delay
                                             -0.300000   data required time
---------------------------------------------------------------------------------------------
                                             -0.300000   data required time
                                             -1.692083   data arrival time
---------------------------------------------------------------------------------------------
                                              1.992083   slack (MET)


Startpoint: y[28] (input port clocked by __VIRTUAL_CLK__)
Endpoint: result[11] (output port clocked by __VIRTUAL_CLK__)
Path Group: __VIRTUAL_CLK__
Path Type: min

Fanout         Cap        Slew       Delay        Time   Description
---------------------------------------------------------------------------------------------
                      0.000000    0.000000    0.000000   clock __VIRTUAL_CLK__ (rise edge)
                                  0.200000    0.200000   clock network delay (ideal)
                                  1.000000    1.200000 ^ input external delay
     1    0.005744    0.000000    0.000000    1.200000 ^ y[28] (in)
                                                         y[28] (net)
                      0.000111    0.000055    1.200055 ^ input53/A (sky130_fd_sc_hd__clkbuf_4)
     6    0.047938    0.113901    0.137499    1.337554 ^ input53/X (sky130_fd_sc_hd__clkbuf_4)
                                                         net53 (net)
                      0.113915    0.001054    1.338608 ^ _0970_/C (sky130_fd_sc_hd__nor4_4)
     3    0.024973    0.050652    0.054957    1.393565 v _0970_/Y (sky130_fd_sc_hd__nor4_4)
                                                         _0095_ (net)
                      0.050652    0.000184    1.393749 v _0973_/C (sky130_fd_sc_hd__nand3b_4)
    20    0.086583    0.200501    0.173938    1.567687 ^ _0973_/Y (sky130_fd_sc_hd__nand3b_4)
                                                         _0098_ (net)
                      0.200653    0.004523    1.572210 ^ _1770_/B2 (sky130_fd_sc_hd__o32ai_1)
     1    0.005362    0.032220    0.040214    1.612424 v _1770_/Y (sky130_fd_sc_hd__o32ai_1)
                                                         net67 (net)
                      0.032220    0.000110    1.612535 v output67/A (sky130_fd_sc_hd__buf_1)
     1    0.011000    0.047678    0.082721    1.695256 v output67/X (sky130_fd_sc_hd__buf_1)
                                                         result[11] (net)
                      0.047678    0.000117    1.695372 v result[11] (out)
                                              1.695372   data arrival time

                      0.000000    0.000000    0.000000   clock __VIRTUAL_CLK__ (rise edge)
                                  0.200000    0.200000   clock network delay (ideal)
                                  0.000000    0.200000   clock reconvergence pessimism
                                 -0.500000   -0.300000   output external delay
                                             -0.300000   data required time
---------------------------------------------------------------------------------------------
                                             -0.300000   data required time
                                             -1.695372   data arrival time
---------------------------------------------------------------------------------------------
                                              1.995372   slack (MET)


Startpoint: y[28] (input port clocked by __VIRTUAL_CLK__)
Endpoint: result[6] (output port clocked by __VIRTUAL_CLK__)
Path Group: __VIRTUAL_CLK__
Path Type: min

Fanout         Cap        Slew       Delay        Time   Description
---------------------------------------------------------------------------------------------
                      0.000000    0.000000    0.000000   clock __VIRTUAL_CLK__ (rise edge)
                                  0.200000    0.200000   clock network delay (ideal)
                                  1.000000    1.200000 ^ input external delay
     1    0.005744    0.000000    0.000000    1.200000 ^ y[28] (in)
                                                         y[28] (net)
                      0.000111    0.000055    1.200055 ^ input53/A (sky130_fd_sc_hd__clkbuf_4)
     6    0.047938    0.113901    0.137499    1.337554 ^ input53/X (sky130_fd_sc_hd__clkbuf_4)
                                                         net53 (net)
                      0.113915    0.001054    1.338608 ^ _0970_/C (sky130_fd_sc_hd__nor4_4)
     3    0.024973    0.050652    0.054957    1.393565 v _0970_/Y (sky130_fd_sc_hd__nor4_4)
                                                         _0095_ (net)
                      0.050652    0.000184    1.393749 v _0973_/C (sky130_fd_sc_hd__nand3b_4)
    20    0.086583    0.200501    0.173938    1.567687 ^ _0973_/Y (sky130_fd_sc_hd__nand3b_4)
                                                         _0098_ (net)
                      0.200629    0.004162    1.571849 ^ _1755_/A1 (sky130_fd_sc_hd__o22ai_1)
     1    0.002859    0.028288    0.053455    1.625304 v _1755_/Y (sky130_fd_sc_hd__o22ai_1)
                                                         net93 (net)
                      0.028288    0.000029    1.625333 v output93/A (sky130_fd_sc_hd__buf_1)
     1    0.010850    0.047113    0.080685    1.706018 v output93/X (sky130_fd_sc_hd__buf_1)
                                                         result[6] (net)
                      0.047113    0.000104    1.706122 v result[6] (out)
                                              1.706122   data arrival time

                      0.000000    0.000000    0.000000   clock __VIRTUAL_CLK__ (rise edge)
                                  0.200000    0.200000   clock network delay (ideal)
                                  0.000000    0.200000   clock reconvergence pessimism
                                 -0.500000   -0.300000   output external delay
                                             -0.300000   data required time
---------------------------------------------------------------------------------------------
                                             -0.300000   data required time
                                             -1.706122   data arrival time
---------------------------------------------------------------------------------------------
                                              2.006122   slack (MET)


Startpoint: y[28] (input port clocked by __VIRTUAL_CLK__)
Endpoint: result[21] (output port clocked by __VIRTUAL_CLK__)
Path Group: __VIRTUAL_CLK__
Path Type: min

Fanout         Cap        Slew       Delay        Time   Description
---------------------------------------------------------------------------------------------
                      0.000000    0.000000    0.000000   clock __VIRTUAL_CLK__ (rise edge)
                                  0.200000    0.200000   clock network delay (ideal)
                                  1.000000    1.200000 ^ input external delay
     1    0.005744    0.000000    0.000000    1.200000 ^ y[28] (in)
                                                         y[28] (net)
                      0.000111    0.000055    1.200055 ^ input53/A (sky130_fd_sc_hd__clkbuf_4)
     6    0.047938    0.113901    0.137499    1.337554 ^ input53/X (sky130_fd_sc_hd__clkbuf_4)
                                                         net53 (net)
                      0.113915    0.001054    1.338608 ^ _0970_/C (sky130_fd_sc_hd__nor4_4)
     3    0.024973    0.050652    0.054957    1.393565 v _0970_/Y (sky130_fd_sc_hd__nor4_4)
                                                         _0095_ (net)
                      0.050652    0.000184    1.393749 v _0973_/C (sky130_fd_sc_hd__nand3b_4)
    20    0.086583    0.200501    0.173938    1.567687 ^ _0973_/Y (sky130_fd_sc_hd__nand3b_4)
                                                         _0098_ (net)
                      0.200585    0.003392    1.571078 ^ _1800_/A1 (sky130_fd_sc_hd__o22ai_1)
     1    0.002642    0.026784    0.052050    1.623129 v _1800_/Y (sky130_fd_sc_hd__o22ai_1)
                                                         net78 (net)
                      0.026784    0.000025    1.623154 v output78/A (sky130_fd_sc_hd__buf_1)
     1    0.011826    0.050805    0.082854    1.706008 v output78/X (sky130_fd_sc_hd__buf_1)
                                                         result[21] (net)
                      0.050805    0.000154    1.706161 v result[21] (out)
                                              1.706161   data arrival time

                      0.000000    0.000000    0.000000   clock __VIRTUAL_CLK__ (rise edge)
                                  0.200000    0.200000   clock network delay (ideal)
                                  0.000000    0.200000   clock reconvergence pessimism
                                 -0.500000   -0.300000   output external delay
                                             -0.300000   data required time
---------------------------------------------------------------------------------------------
                                             -0.300000   data required time
                                             -1.706161   data arrival time
---------------------------------------------------------------------------------------------
                                              2.006161   slack (MET)


Startpoint: y[28] (input port clocked by __VIRTUAL_CLK__)
Endpoint: result[20] (output port clocked by __VIRTUAL_CLK__)
Path Group: __VIRTUAL_CLK__
Path Type: min

Fanout         Cap        Slew       Delay        Time   Description
---------------------------------------------------------------------------------------------
                      0.000000    0.000000    0.000000   clock __VIRTUAL_CLK__ (rise edge)
                                  0.200000    0.200000   clock network delay (ideal)
                                  1.000000    1.200000 ^ input external delay
     1    0.005744    0.000000    0.000000    1.200000 ^ y[28] (in)
                                                         y[28] (net)
                      0.000111    0.000055    1.200055 ^ input53/A (sky130_fd_sc_hd__clkbuf_4)
     6    0.047938    0.113901    0.137499    1.337554 ^ input53/X (sky130_fd_sc_hd__clkbuf_4)
                                                         net53 (net)
                      0.113915    0.001054    1.338608 ^ _0970_/C (sky130_fd_sc_hd__nor4_4)
     3    0.024973    0.050652    0.054957    1.393565 v _0970_/Y (sky130_fd_sc_hd__nor4_4)
                                                         _0095_ (net)
                      0.050652    0.000184    1.393749 v _0973_/C (sky130_fd_sc_hd__nand3b_4)
    20    0.086583    0.200501    0.173938    1.567687 ^ _0973_/Y (sky130_fd_sc_hd__nand3b_4)
                                                         _0098_ (net)
                      0.200568    0.003025    1.570711 ^ _1797_/A1 (sky130_fd_sc_hd__o22ai_1)
     1    0.003124    0.025219    0.054949    1.625661 v _1797_/Y (sky130_fd_sc_hd__o22ai_1)
                                                         net77 (net)
                      0.025219    0.000035    1.625696 v output77/A (sky130_fd_sc_hd__buf_1)
     1    0.012089    0.051812    0.082956    1.708653 v output77/X (sky130_fd_sc_hd__buf_1)
                                                         result[20] (net)
                      0.051812    0.000179    1.708832 v result[20] (out)
                                              1.708832   data arrival time

                      0.000000    0.000000    0.000000   clock __VIRTUAL_CLK__ (rise edge)
                                  0.200000    0.200000   clock network delay (ideal)
                                  0.000000    0.200000   clock reconvergence pessimism
                                 -0.500000   -0.300000   output external delay
                                             -0.300000   data required time
---------------------------------------------------------------------------------------------
                                             -0.300000   data required time
                                             -1.708832   data arrival time
---------------------------------------------------------------------------------------------
                                              2.008832   slack (MET)


Startpoint: y[28] (input port clocked by __VIRTUAL_CLK__)
Endpoint: result[15] (output port clocked by __VIRTUAL_CLK__)
Path Group: __VIRTUAL_CLK__
Path Type: min

Fanout         Cap        Slew       Delay        Time   Description
---------------------------------------------------------------------------------------------
                      0.000000    0.000000    0.000000   clock __VIRTUAL_CLK__ (rise edge)
                                  0.200000    0.200000   clock network delay (ideal)
                                  1.000000    1.200000 ^ input external delay
     1    0.005744    0.000000    0.000000    1.200000 ^ y[28] (in)
                                                         y[28] (net)
                      0.000111    0.000055    1.200055 ^ input53/A (sky130_fd_sc_hd__clkbuf_4)
     6    0.047938    0.113901    0.137499    1.337554 ^ input53/X (sky130_fd_sc_hd__clkbuf_4)
                                                         net53 (net)
                      0.113915    0.001054    1.338608 ^ _0970_/C (sky130_fd_sc_hd__nor4_4)
     3    0.024973    0.050652    0.054957    1.393565 v _0970_/Y (sky130_fd_sc_hd__nor4_4)
                                                         _0095_ (net)
                      0.050652    0.000184    1.393749 v _0973_/C (sky130_fd_sc_hd__nand3b_4)
    20    0.086583    0.200501    0.173938    1.567687 ^ _0973_/Y (sky130_fd_sc_hd__nand3b_4)
                                                         _0098_ (net)
                      0.200624    0.004071    1.571758 ^ _1782_/A1 (sky130_fd_sc_hd__o22ai_1)
     1    0.003479    0.029304    0.056815    1.628573 v _1782_/Y (sky130_fd_sc_hd__o22ai_1)
                                                         net71 (net)
                      0.029304    0.000046    1.628619 v output71/A (sky130_fd_sc_hd__buf_1)
     1    0.010949    0.047486    0.081381    1.710000 v output71/X (sky130_fd_sc_hd__buf_1)
                                                         result[15] (net)
                      0.047486    0.000110    1.710111 v result[15] (out)
                                              1.710111   data arrival time

                      0.000000    0.000000    0.000000   clock __VIRTUAL_CLK__ (rise edge)
                                  0.200000    0.200000   clock network delay (ideal)
                                  0.000000    0.200000   clock reconvergence pessimism
                                 -0.500000   -0.300000   output external delay
                                             -0.300000   data required time
---------------------------------------------------------------------------------------------
                                             -0.300000   data required time
                                             -1.710111   data arrival time
---------------------------------------------------------------------------------------------
                                              2.010111   slack (MET)


Startpoint: y[30] (input port clocked by __VIRTUAL_CLK__)
Endpoint: result[22] (output port clocked by __VIRTUAL_CLK__)
Path Group: __VIRTUAL_CLK__
Path Type: min

Fanout         Cap        Slew       Delay        Time   Description
---------------------------------------------------------------------------------------------
                      0.000000    0.000000    0.000000   clock __VIRTUAL_CLK__ (rise edge)
                                  0.200000    0.200000   clock network delay (ideal)
                                  1.000000    1.200000 ^ input external delay
     1    0.004085    0.000000    0.000000    1.200000 ^ y[30] (in)
                                                         y[30] (net)
                      0.000043    0.000022    1.200022 ^ input56/A (sky130_fd_sc_hd__clkbuf_4)
     8    0.050352    0.119068    0.141391    1.341412 ^ input56/X (sky130_fd_sc_hd__clkbuf_4)
                                                         net56 (net)
                      0.119072    0.000556    1.341968 ^ _1643_/A (sky130_fd_sc_hd__nor4_1)
     2    0.004913    0.038887    0.051818    1.393786 v _1643_/Y (sky130_fd_sc_hd__nor4_1)
                                                         _0768_ (net)
                      0.038887    0.000034    1.393820 v _1647_/B1_N (sky130_fd_sc_hd__o21bai_1)
     1    0.005392    0.031890    0.093144    1.486964 v _1647_/Y (sky130_fd_sc_hd__o21bai_1)
                                                         _0772_ (net)
                      0.031890    0.000069    1.487033 v _1821_/A1 (sky130_fd_sc_hd__o21ai_1)
     1    0.003557    0.045245    0.091135    1.578168 ^ _1821_/Y (sky130_fd_sc_hd__o21ai_1)
                                                         _0925_ (net)
                      0.045245    0.000038    1.578206 ^ _1822_/B1 (sky130_fd_sc_hd__a22oi_1)
     1    0.004582    0.034530    0.040802    1.619008 v _1822_/Y (sky130_fd_sc_hd__a22oi_1)
                                                         net79 (net)
                      0.034530    0.000078    1.619085 v output79/A (sky130_fd_sc_hd__buf_1)
     1    0.013824    0.058307    0.091776    1.710861 v output79/X (sky130_fd_sc_hd__buf_1)
                                                         result[22] (net)
                      0.058307    0.000179    1.711040 v result[22] (out)
                                              1.711040   data arrival time

                      0.000000    0.000000    0.000000   clock __VIRTUAL_CLK__ (rise edge)
                                  0.200000    0.200000   clock network delay (ideal)
                                  0.000000    0.200000   clock reconvergence pessimism
                                 -0.500000   -0.300000   output external delay
                                             -0.300000   data required time
---------------------------------------------------------------------------------------------
                                             -0.300000   data required time
                                             -1.711040   data arrival time
---------------------------------------------------------------------------------------------
                                              2.011040   slack (MET)


Startpoint: y[28] (input port clocked by __VIRTUAL_CLK__)
Endpoint: result[7] (output port clocked by __VIRTUAL_CLK__)
Path Group: __VIRTUAL_CLK__
Path Type: min

Fanout         Cap        Slew       Delay        Time   Description
---------------------------------------------------------------------------------------------
                      0.000000    0.000000    0.000000   clock __VIRTUAL_CLK__ (rise edge)
                                  0.200000    0.200000   clock network delay (ideal)
                                  1.000000    1.200000 ^ input external delay
     1    0.005744    0.000000    0.000000    1.200000 ^ y[28] (in)
                                                         y[28] (net)
                      0.000111    0.000055    1.200055 ^ input53/A (sky130_fd_sc_hd__clkbuf_4)
     6    0.047938    0.113901    0.137499    1.337554 ^ input53/X (sky130_fd_sc_hd__clkbuf_4)
                                                         net53 (net)
                      0.113915    0.001054    1.338608 ^ _0970_/C (sky130_fd_sc_hd__nor4_4)
     3    0.024973    0.050652    0.054957    1.393565 v _0970_/Y (sky130_fd_sc_hd__nor4_4)
                                                         _0095_ (net)
                      0.050652    0.000184    1.393749 v _0973_/C (sky130_fd_sc_hd__nand3b_4)
    20    0.086583    0.200501    0.173938    1.567687 ^ _0973_/Y (sky130_fd_sc_hd__nand3b_4)
                                                         _0098_ (net)
                      0.200650    0.004488    1.572175 ^ _1758_/A1 (sky130_fd_sc_hd__o22ai_1)
     1    0.003849    0.027619    0.058754    1.630928 v _1758_/Y (sky130_fd_sc_hd__o22ai_1)
                                                         net94 (net)
                      0.027619    0.000054    1.630983 v output94/A (sky130_fd_sc_hd__buf_1)
     1    0.011618    0.050035    0.082562    1.713545 v output94/X (sky130_fd_sc_hd__buf_1)
                                                         result[7] (net)
                      0.050035    0.000206    1.713751 v result[7] (out)
                                              1.713751   data arrival time

                      0.000000    0.000000    0.000000   clock __VIRTUAL_CLK__ (rise edge)
                                  0.200000    0.200000   clock network delay (ideal)
                                  0.000000    0.200000   clock reconvergence pessimism
                                 -0.500000   -0.300000   output external delay
                                             -0.300000   data required time
---------------------------------------------------------------------------------------------
                                             -0.300000   data required time
                                             -1.713751   data arrival time
---------------------------------------------------------------------------------------------
                                              2.013751   slack (MET)


Startpoint: y[31] (input port clocked by __VIRTUAL_CLK__)
Endpoint: result[31] (output port clocked by __VIRTUAL_CLK__)
Path Group: __VIRTUAL_CLK__
Path Type: min

Fanout         Cap        Slew       Delay        Time   Description
---------------------------------------------------------------------------------------------
                      0.000000    0.000000    0.000000   clock __VIRTUAL_CLK__ (rise edge)
                                  0.200000    0.200000   clock network delay (ideal)
                                  1.000000    1.200000 v input external delay
     1    0.004388    0.000000    0.000000    1.200000 v y[31] (in)
                                                         y[31] (net)
                      0.000070    0.000035    1.200035 v input57/A (sky130_fd_sc_hd__clkbuf_4)
     5    0.041228    0.065103    0.118189    1.318224 v input57/X (sky130_fd_sc_hd__clkbuf_4)
                                                         net57 (net)
                      0.065105    0.000499    1.318723 v _1925_/A1 (sky130_fd_sc_hd__a211oi_1)
     1    0.004362    0.111018    0.161776    1.480500 ^ _1925_/Y (sky130_fd_sc_hd__a211oi_1)
                                                         _0082_ (net)
                      0.111018    0.000063    1.480562 ^ _1927_/B2 (sky130_fd_sc_hd__o2bb2ai_1)
     2    0.023493    0.093187    0.117127    1.597689 v _1927_/Y (sky130_fd_sc_hd__o2bb2ai_1)
                                                         net89 (net)
                      0.093199    0.001069    1.598758 v output89/A (sky130_fd_sc_hd__buf_1)
     1    0.015918    0.066606    0.119502    1.718260 v output89/X (sky130_fd_sc_hd__buf_1)
                                                         result[31] (net)
                      0.066609    0.000480    1.718740 v result[31] (out)
                                              1.718740   data arrival time

                      0.000000    0.000000    0.000000   clock __VIRTUAL_CLK__ (rise edge)
                                  0.200000    0.200000   clock network delay (ideal)
                                  0.000000    0.200000   clock reconvergence pessimism
                                 -0.500000   -0.300000   output external delay
                                             -0.300000   data required time
---------------------------------------------------------------------------------------------
                                             -0.300000   data required time
                                             -1.718740   data arrival time
---------------------------------------------------------------------------------------------
                                              2.018740   slack (MET)


Startpoint: y[28] (input port clocked by __VIRTUAL_CLK__)
Endpoint: result[8] (output port clocked by __VIRTUAL_CLK__)
Path Group: __VIRTUAL_CLK__
Path Type: min

Fanout         Cap        Slew       Delay        Time   Description
---------------------------------------------------------------------------------------------
                      0.000000    0.000000    0.000000   clock __VIRTUAL_CLK__ (rise edge)
                                  0.200000    0.200000   clock network delay (ideal)
                                  1.000000    1.200000 ^ input external delay
     1    0.005744    0.000000    0.000000    1.200000 ^ y[28] (in)
                                                         y[28] (net)
                      0.000111    0.000055    1.200055 ^ input53/A (sky130_fd_sc_hd__clkbuf_4)
     6    0.047938    0.113901    0.137499    1.337554 ^ input53/X (sky130_fd_sc_hd__clkbuf_4)
                                                         net53 (net)
                      0.113915    0.001054    1.338608 ^ _0970_/C (sky130_fd_sc_hd__nor4_4)
     3    0.024973    0.050652    0.054957    1.393565 v _0970_/Y (sky130_fd_sc_hd__nor4_4)
                                                         _0095_ (net)
                      0.050652    0.000184    1.393749 v _0973_/C (sky130_fd_sc_hd__nand3b_4)
    20    0.086583    0.200501    0.173938    1.567687 ^ _0973_/Y (sky130_fd_sc_hd__nand3b_4)
                                                         _0098_ (net)
                      0.200652    0.004514    1.572201 ^ _1761_/A1 (sky130_fd_sc_hd__o22ai_1)
     1    0.004849    0.031878    0.063990    1.636190 v _1761_/Y (sky130_fd_sc_hd__o22ai_1)
                                                         net95 (net)
                      0.031878    0.000102    1.636292 v output95/A (sky130_fd_sc_hd__buf_1)
     1    0.011389    0.049144    0.083686    1.719978 v output95/X (sky130_fd_sc_hd__buf_1)
                                                         result[8] (net)
                      0.049144    0.000141    1.720119 v result[8] (out)
                                              1.720119   data arrival time

                      0.000000    0.000000    0.000000   clock __VIRTUAL_CLK__ (rise edge)
                                  0.200000    0.200000   clock network delay (ideal)
                                  0.000000    0.200000   clock reconvergence pessimism
                                 -0.500000   -0.300000   output external delay
                                             -0.300000   data required time
---------------------------------------------------------------------------------------------
                                             -0.300000   data required time
                                             -1.720119   data arrival time
---------------------------------------------------------------------------------------------
                                              2.020119   slack (MET)


Startpoint: x[29] (input port clocked by __VIRTUAL_CLK__)
Endpoint: result[29] (output port clocked by __VIRTUAL_CLK__)
Path Group: __VIRTUAL_CLK__
Path Type: min

Fanout         Cap        Slew       Delay        Time   Description
---------------------------------------------------------------------------------------------
                      0.000000    0.000000    0.000000   clock __VIRTUAL_CLK__ (rise edge)
                                  0.200000    0.200000   clock network delay (ideal)
                                  1.000000    1.200000 v input external delay
     1    0.008712    0.000000    0.000000    1.200000 v x[29] (in)
                                                         x[29] (net)
                      0.000112    0.000056    1.200056 v input22/A (sky130_fd_sc_hd__clkbuf_8)
    12    0.087917    0.073920    0.125755    1.325811 v input22/X (sky130_fd_sc_hd__clkbuf_8)
                                                         net22 (net)
                      0.074123    0.002970    1.328782 v _1587_/A1 (sky130_fd_sc_hd__o21bai_2)
     3    0.014165    0.060606    0.159163    1.487944 ^ _1587_/Y (sky130_fd_sc_hd__o21bai_2)
                                                         _0712_ (net)
                      0.060607    0.000359    1.488304 ^ _1651_/A1 (sky130_fd_sc_hd__o21ai_1)
     2    0.007245    0.042548    0.059856    1.548160 v _1651_/Y (sky130_fd_sc_hd__o21ai_1)
                                                         _0776_ (net)
                      0.042548    0.000039    1.548198 v _1842_/B1 (sky130_fd_sc_hd__o21ai_1)
     1    0.002826    0.039797    0.050162    1.598360 ^ _1842_/Y (sky130_fd_sc_hd__o21ai_1)
                                                         _0941_ (net)
                      0.039797    0.000024    1.598384 ^ _1843_/A1 (sky130_fd_sc_hd__a21oi_1)
     1    0.004555    0.032686    0.039318    1.637703 v _1843_/Y (sky130_fd_sc_hd__a21oi_1)
                                                         net86 (net)
                      0.032686    0.000069    1.637772 v output86/A (sky130_fd_sc_hd__buf_1)
     1    0.012953    0.055069    0.088423    1.726195 v output86/X (sky130_fd_sc_hd__buf_1)
                                                         result[29] (net)
                      0.055070    0.000294    1.726489 v result[29] (out)
                                              1.726489   data arrival time

                      0.000000    0.000000    0.000000   clock __VIRTUAL_CLK__ (rise edge)
                                  0.200000    0.200000   clock network delay (ideal)
                                  0.000000    0.200000   clock reconvergence pessimism
                                 -0.500000   -0.300000   output external delay
                                             -0.300000   data required time
---------------------------------------------------------------------------------------------
                                             -0.300000   data required time
                                             -1.726489   data arrival time
---------------------------------------------------------------------------------------------
                                              2.026489   slack (MET)


Startpoint: y[28] (input port clocked by __VIRTUAL_CLK__)
Endpoint: result[16] (output port clocked by __VIRTUAL_CLK__)
Path Group: __VIRTUAL_CLK__
Path Type: min

Fanout         Cap        Slew       Delay        Time   Description
---------------------------------------------------------------------------------------------
                      0.000000    0.000000    0.000000   clock __VIRTUAL_CLK__ (rise edge)
                                  0.200000    0.200000   clock network delay (ideal)
                                  1.000000    1.200000 ^ input external delay
     1    0.005744    0.000000    0.000000    1.200000 ^ y[28] (in)
                                                         y[28] (net)
                      0.000111    0.000055    1.200055 ^ input53/A (sky130_fd_sc_hd__clkbuf_4)
     6    0.047938    0.113901    0.137499    1.337554 ^ input53/X (sky130_fd_sc_hd__clkbuf_4)
                                                         net53 (net)
                      0.113915    0.001054    1.338608 ^ _0970_/C (sky130_fd_sc_hd__nor4_4)
     3    0.024973    0.050652    0.054957    1.393565 v _0970_/Y (sky130_fd_sc_hd__nor4_4)
                                                         _0095_ (net)
                      0.050652    0.000184    1.393749 v _0973_/C (sky130_fd_sc_hd__nand3b_4)
    20    0.086583    0.200501    0.173938    1.567687 ^ _0973_/Y (sky130_fd_sc_hd__nand3b_4)
                                                         _0098_ (net)
                      0.200561    0.002858    1.570545 ^ _1785_/B1 (sky130_fd_sc_hd__o32ai_1)
     1    0.008100    0.040682    0.068604    1.639149 v _1785_/Y (sky130_fd_sc_hd__o32ai_1)
                                                         net72 (net)
                      0.040685    0.000270    1.639418 v output72/A (sky130_fd_sc_hd__buf_1)
     1    0.011985    0.051368    0.088993    1.728411 v output72/X (sky130_fd_sc_hd__buf_1)
                                                         result[16] (net)
                      0.051368    0.000172    1.728583 v result[16] (out)
                                              1.728583   data arrival time

                      0.000000    0.000000    0.000000   clock __VIRTUAL_CLK__ (rise edge)
                                  0.200000    0.200000   clock network delay (ideal)
                                  0.000000    0.200000   clock reconvergence pessimism
                                 -0.500000   -0.300000   output external delay
                                             -0.300000   data required time
---------------------------------------------------------------------------------------------
                                             -0.300000   data required time
                                             -1.728583   data arrival time
---------------------------------------------------------------------------------------------
                                              2.028583   slack (MET)


Startpoint: y[4] (input port clocked by __VIRTUAL_CLK__)
Endpoint: result[4] (output port clocked by __VIRTUAL_CLK__)
Path Group: __VIRTUAL_CLK__
Path Type: min

Fanout         Cap        Slew       Delay        Time   Description
---------------------------------------------------------------------------------------------
                      0.000000    0.000000    0.000000   clock __VIRTUAL_CLK__ (rise edge)
                                  0.200000    0.200000   clock network delay (ideal)
                                  1.000000    1.200000 ^ input external delay
     1    0.003539    0.000000    0.000000    1.200000 ^ y[4] (in)
                                                         y[4] (net)
                      0.000044    0.000022    1.200022 ^ input59/A (sky130_fd_sc_hd__clkbuf_2)
     8    0.032052    0.136120    0.130989    1.331011 ^ input59/X (sky130_fd_sc_hd__clkbuf_2)
                                                         net59 (net)
                      0.136129    0.000919    1.331930 ^ _1506_/A1 (sky130_fd_sc_hd__o221ai_1)
     1    0.003571    0.038073    0.074266    1.406196 v _1506_/Y (sky130_fd_sc_hd__o221ai_1)
                                                         _0631_ (net)
                      0.038073    0.000047    1.406243 v _1532_/A (sky130_fd_sc_hd__nand2_1)
     2    0.013581    0.097284    0.090734    1.496978 ^ _1532_/Y (sky130_fd_sc_hd__nand2_1)
                                                         _0657_ (net)
                      0.097284    0.000074    1.497051 ^ _1716_/B (sky130_fd_sc_hd__xor2_2)
     5    0.020521    0.051475    0.079384    1.576436 v _1716_/X (sky130_fd_sc_hd__xor2_2)
                                                         _0841_ (net)
                      0.051484    0.000652    1.577088 v _1749_/A2_N (sky130_fd_sc_hd__o2bb2ai_1)
     1    0.003286    0.021580    0.072902    1.649990 v _1749_/Y (sky130_fd_sc_hd__o2bb2ai_1)
                                                         net91 (net)
                      0.021580    0.000028    1.650017 v output91/A (sky130_fd_sc_hd__buf_1)
     1    0.011789    0.050657    0.080664    1.730682 v output91/X (sky130_fd_sc_hd__buf_1)
                                                         result[4] (net)
                      0.050657    0.000164    1.730846 v result[4] (out)
                                              1.730846   data arrival time

                      0.000000    0.000000    0.000000   clock __VIRTUAL_CLK__ (rise edge)
                                  0.200000    0.200000   clock network delay (ideal)
                                  0.000000    0.200000   clock reconvergence pessimism
                                 -0.500000   -0.300000   output external delay
                                             -0.300000   data required time
---------------------------------------------------------------------------------------------
                                             -0.300000   data required time
                                             -1.730846   data arrival time
---------------------------------------------------------------------------------------------
                                              2.030846   slack (MET)


Startpoint: y[28] (input port clocked by __VIRTUAL_CLK__)
Endpoint: result[28] (output port clocked by __VIRTUAL_CLK__)
Path Group: __VIRTUAL_CLK__
Path Type: min

Fanout         Cap        Slew       Delay        Time   Description
---------------------------------------------------------------------------------------------
                      0.000000    0.000000    0.000000   clock __VIRTUAL_CLK__ (rise edge)
                                  0.200000    0.200000   clock network delay (ideal)
                                  1.000000    1.200000 v input external delay
     1    0.005500    0.000000    0.000000    1.200000 v y[28] (in)
                                                         y[28] (net)
                      0.000105    0.000053    1.200053 v input53/A (sky130_fd_sc_hd__clkbuf_4)
     6    0.043920    0.068434    0.121031    1.321084 v input53/X (sky130_fd_sc_hd__clkbuf_4)
                                                         net53 (net)
                      0.068442    0.000779    1.321863 v _1590_/A0 (sky130_fd_sc_hd__mux2i_4)
     5    0.029264    0.211642    0.181266    1.503128 ^ _1590_/Y (sky130_fd_sc_hd__mux2i_4)
                                                         _0715_ (net)
                      0.211642    0.000859    1.503988 ^ _1656_/A1 (sky130_fd_sc_hd__o22ai_2)
     2    0.008928    0.036035    0.066042    1.570029 v _1656_/Y (sky130_fd_sc_hd__o22ai_2)
                                                         _0781_ (net)
                      0.036035    0.000132    1.570162 v _1840_/B1 (sky130_fd_sc_hd__o21ai_1)
     1    0.002647    0.039198    0.046385    1.616547 ^ _1840_/Y (sky130_fd_sc_hd__o21ai_1)
                                                         _0939_ (net)
                      0.039198    0.000010    1.616557 ^ _1841_/A1 (sky130_fd_sc_hd__a21oi_1)
     1    0.003882    0.030240    0.036908    1.653465 v _1841_/Y (sky130_fd_sc_hd__a21oi_1)
                                                         net85 (net)
                      0.030240    0.000042    1.653507 v output85/A (sky130_fd_sc_hd__buf_1)
     1    0.012457    0.053209    0.085992    1.739500 v output85/X (sky130_fd_sc_hd__buf_1)
                                                         result[28] (net)
                      0.053210    0.000299    1.739798 v result[28] (out)
                                              1.739798   data arrival time

                      0.000000    0.000000    0.000000   clock __VIRTUAL_CLK__ (rise edge)
                                  0.200000    0.200000   clock network delay (ideal)
                                  0.000000    0.200000   clock reconvergence pessimism
                                 -0.500000   -0.300000   output external delay
                                             -0.300000   data required time
---------------------------------------------------------------------------------------------
                                             -0.300000   data required time
                                             -1.739798   data arrival time
---------------------------------------------------------------------------------------------
                                              2.039798   slack (MET)


Startpoint: x[29] (input port clocked by __VIRTUAL_CLK__)
Endpoint: result[12] (output port clocked by __VIRTUAL_CLK__)
Path Group: __VIRTUAL_CLK__
Path Type: min

Fanout         Cap        Slew       Delay        Time   Description
---------------------------------------------------------------------------------------------
                      0.000000    0.000000    0.000000   clock __VIRTUAL_CLK__ (rise edge)
                                  0.200000    0.200000   clock network delay (ideal)
                                  1.000000    1.200000 ^ input external delay
     1    0.009178    0.000000    0.000000    1.200000 ^ x[29] (in)
                                                         x[29] (net)
                      0.000119    0.000059    1.200059 ^ input22/A (sky130_fd_sc_hd__clkbuf_8)
    12    0.094743    0.128239    0.145949    1.346008 ^ input22/X (sky130_fd_sc_hd__clkbuf_8)
                                                         net22 (net)
                      0.128304    0.002381    1.348389 ^ _0967_/B (sky130_fd_sc_hd__nor4_2)
     1    0.017448    0.060028    0.065945    1.414334 v _0967_/Y (sky130_fd_sc_hd__nor4_2)
                                                         _0092_ (net)
                      0.060028    0.000210    1.414544 v _0968_/B (sky130_fd_sc_hd__nand2_8)
    12    0.062333    0.086819    0.101047    1.515591 ^ _0968_/Y (sky130_fd_sc_hd__nand2_8)
                                                         _0093_ (net)
                      0.086864    0.001609    1.517200 ^ _0972_/A (sky130_fd_sc_hd__nor2_4)
    15    0.060918    0.067438    0.069205    1.586405 v _0972_/Y (sky130_fd_sc_hd__nor2_4)
                                                         _0097_ (net)
                      0.067714    0.003421    1.589826 v _1773_/A1_N (sky130_fd_sc_hd__o2bb2ai_1)
     1    0.002597    0.019267    0.081220    1.671046 v _1773_/Y (sky130_fd_sc_hd__o2bb2ai_1)
                                                         net68 (net)
                      0.019267    0.000024    1.671070 v output68/A (sky130_fd_sc_hd__buf_1)
     1    0.010765    0.046751    0.076887    1.747957 v output68/X (sky130_fd_sc_hd__buf_1)
                                                         result[12] (net)
                      0.046751    0.000107    1.748065 v result[12] (out)
                                              1.748065   data arrival time

                      0.000000    0.000000    0.000000   clock __VIRTUAL_CLK__ (rise edge)
                                  0.200000    0.200000   clock network delay (ideal)
                                  0.000000    0.200000   clock reconvergence pessimism
                                 -0.500000   -0.300000   output external delay
                                             -0.300000   data required time
---------------------------------------------------------------------------------------------
                                             -0.300000   data required time
                                             -1.748065   data arrival time
---------------------------------------------------------------------------------------------
                                              2.048064   slack (MET)


Startpoint: x[29] (input port clocked by __VIRTUAL_CLK__)
Endpoint: result[1] (output port clocked by __VIRTUAL_CLK__)
Path Group: __VIRTUAL_CLK__
Path Type: min

Fanout         Cap        Slew       Delay        Time   Description
---------------------------------------------------------------------------------------------
                      0.000000    0.000000    0.000000   clock __VIRTUAL_CLK__ (rise edge)
                                  0.200000    0.200000   clock network delay (ideal)
                                  1.000000    1.200000 ^ input external delay
     1    0.009178    0.000000    0.000000    1.200000 ^ x[29] (in)
                                                         x[29] (net)
                      0.000119    0.000059    1.200059 ^ input22/A (sky130_fd_sc_hd__clkbuf_8)
    12    0.094743    0.128239    0.145949    1.346008 ^ input22/X (sky130_fd_sc_hd__clkbuf_8)
                                                         net22 (net)
                      0.128304    0.002381    1.348389 ^ _0967_/B (sky130_fd_sc_hd__nor4_2)
     1    0.017448    0.060028    0.065945    1.414334 v _0967_/Y (sky130_fd_sc_hd__nor4_2)
                                                         _0092_ (net)
                      0.060028    0.000210    1.414544 v _0968_/B (sky130_fd_sc_hd__nand2_8)
    12    0.062333    0.086819    0.101047    1.515591 ^ _0968_/Y (sky130_fd_sc_hd__nand2_8)
                                                         _0093_ (net)
                      0.086864    0.001609    1.517200 ^ _0972_/A (sky130_fd_sc_hd__nor2_4)
    15    0.060918    0.067438    0.069205    1.586405 v _0972_/Y (sky130_fd_sc_hd__nor2_4)
                                                         _0097_ (net)
                      0.067677    0.003189    1.589595 v _1740_/A1_N (sky130_fd_sc_hd__o2bb2ai_1)
     1    0.002543    0.019502    0.081005    1.670600 v _1740_/Y (sky130_fd_sc_hd__o2bb2ai_1)
                                                         net76 (net)
                      0.019502    0.000014    1.670614 v output76/A (sky130_fd_sc_hd__buf_1)
     1    0.010959    0.047486    0.077527    1.748140 v output76/X (sky130_fd_sc_hd__buf_1)
                                                         result[1] (net)
                      0.047486    0.000117    1.748258 v result[1] (out)
                                              1.748258   data arrival time

                      0.000000    0.000000    0.000000   clock __VIRTUAL_CLK__ (rise edge)
                                  0.200000    0.200000   clock network delay (ideal)
                                  0.000000    0.200000   clock reconvergence pessimism
                                 -0.500000   -0.300000   output external delay
                                             -0.300000   data required time
---------------------------------------------------------------------------------------------
                                             -0.300000   data required time
                                             -1.748258   data arrival time
---------------------------------------------------------------------------------------------
                                              2.048258   slack (MET)


Startpoint: x[29] (input port clocked by __VIRTUAL_CLK__)
Endpoint: result[10] (output port clocked by __VIRTUAL_CLK__)
Path Group: __VIRTUAL_CLK__
Path Type: min

Fanout         Cap        Slew       Delay        Time   Description
---------------------------------------------------------------------------------------------
                      0.000000    0.000000    0.000000   clock __VIRTUAL_CLK__ (rise edge)
                                  0.200000    0.200000   clock network delay (ideal)
                                  1.000000    1.200000 ^ input external delay
     1    0.009178    0.000000    0.000000    1.200000 ^ x[29] (in)
                                                         x[29] (net)
                      0.000119    0.000059    1.200059 ^ input22/A (sky130_fd_sc_hd__clkbuf_8)
    12    0.094743    0.128239    0.145949    1.346008 ^ input22/X (sky130_fd_sc_hd__clkbuf_8)
                                                         net22 (net)
                      0.128304    0.002381    1.348389 ^ _0967_/B (sky130_fd_sc_hd__nor4_2)
     1    0.017448    0.060028    0.065945    1.414334 v _0967_/Y (sky130_fd_sc_hd__nor4_2)
                                                         _0092_ (net)
                      0.060028    0.000210    1.414544 v _0968_/B (sky130_fd_sc_hd__nand2_8)
    12    0.062333    0.086819    0.101047    1.515591 ^ _0968_/Y (sky130_fd_sc_hd__nand2_8)
                                                         _0093_ (net)
                      0.086864    0.001609    1.517200 ^ _0972_/A (sky130_fd_sc_hd__nor2_4)
    15    0.060918    0.067438    0.069205    1.586405 v _0972_/Y (sky130_fd_sc_hd__nor2_4)
                                                         _0097_ (net)
                      0.067744    0.003599    1.590005 v _1767_/A1_N (sky130_fd_sc_hd__o2bb2ai_1)
     1    0.002437    0.018732    0.080626    1.670631 v _1767_/Y (sky130_fd_sc_hd__o2bb2ai_1)
                                                         net66 (net)
                      0.018732    0.000022    1.670652 v output66/A (sky130_fd_sc_hd__buf_1)
     1    0.011468    0.049401    0.078684    1.749336 v output66/X (sky130_fd_sc_hd__buf_1)
                                                         result[10] (net)
                      0.049401    0.000157    1.749494 v result[10] (out)
                                              1.749494   data arrival time

                      0.000000    0.000000    0.000000   clock __VIRTUAL_CLK__ (rise edge)
                                  0.200000    0.200000   clock network delay (ideal)
                                  0.000000    0.200000   clock reconvergence pessimism
                                 -0.500000   -0.300000   output external delay
                                             -0.300000   data required time
---------------------------------------------------------------------------------------------
                                             -0.300000   data required time
                                             -1.749494   data arrival time
---------------------------------------------------------------------------------------------
                                              2.049494   slack (MET)


Startpoint: x[29] (input port clocked by __VIRTUAL_CLK__)
Endpoint: result[9] (output port clocked by __VIRTUAL_CLK__)
Path Group: __VIRTUAL_CLK__
Path Type: min

Fanout         Cap        Slew       Delay        Time   Description
---------------------------------------------------------------------------------------------
                      0.000000    0.000000    0.000000   clock __VIRTUAL_CLK__ (rise edge)
                                  0.200000    0.200000   clock network delay (ideal)
                                  1.000000    1.200000 ^ input external delay
     1    0.009178    0.000000    0.000000    1.200000 ^ x[29] (in)
                                                         x[29] (net)
                      0.000119    0.000059    1.200059 ^ input22/A (sky130_fd_sc_hd__clkbuf_8)
    12    0.094743    0.128239    0.145949    1.346008 ^ input22/X (sky130_fd_sc_hd__clkbuf_8)
                                                         net22 (net)
                      0.128304    0.002381    1.348389 ^ _0967_/B (sky130_fd_sc_hd__nor4_2)
     1    0.017448    0.060028    0.065945    1.414334 v _0967_/Y (sky130_fd_sc_hd__nor4_2)
                                                         _0092_ (net)
                      0.060028    0.000210    1.414544 v _0968_/B (sky130_fd_sc_hd__nand2_8)
    12    0.062333    0.086819    0.101047    1.515591 ^ _0968_/Y (sky130_fd_sc_hd__nand2_8)
                                                         _0093_ (net)
                      0.086864    0.001609    1.517200 ^ _0972_/A (sky130_fd_sc_hd__nor2_4)
    15    0.060918    0.067438    0.069205    1.586405 v _0972_/Y (sky130_fd_sc_hd__nor2_4)
                                                         _0097_ (net)
                      0.067742    0.003591    1.589996 v _1764_/A1_N (sky130_fd_sc_hd__o2bb2ai_1)
     1    0.002691    0.019595    0.081584    1.671580 v _1764_/Y (sky130_fd_sc_hd__o2bb2ai_1)
                                                         net96 (net)
                      0.019595    0.000027    1.671607 v output96/A (sky130_fd_sc_hd__buf_1)
     1    0.011266    0.048648    0.078433    1.750040 v output96/X (sky130_fd_sc_hd__buf_1)
                                                         result[9] (net)
                      0.048648    0.000139    1.750179 v result[9] (out)
                                              1.750179   data arrival time

                      0.000000    0.000000    0.000000   clock __VIRTUAL_CLK__ (rise edge)
                                  0.200000    0.200000   clock network delay (ideal)
                                  0.000000    0.200000   clock reconvergence pessimism
                                 -0.500000   -0.300000   output external delay
                                             -0.300000   data required time
---------------------------------------------------------------------------------------------
                                             -0.300000   data required time
                                             -1.750179   data arrival time
---------------------------------------------------------------------------------------------
                                              2.050179   slack (MET)


Startpoint: x[29] (input port clocked by __VIRTUAL_CLK__)
Endpoint: result[3] (output port clocked by __VIRTUAL_CLK__)
Path Group: __VIRTUAL_CLK__
Path Type: min

Fanout         Cap        Slew       Delay        Time   Description
---------------------------------------------------------------------------------------------
                      0.000000    0.000000    0.000000   clock __VIRTUAL_CLK__ (rise edge)
                                  0.200000    0.200000   clock network delay (ideal)
                                  1.000000    1.200000 ^ input external delay
     1    0.009178    0.000000    0.000000    1.200000 ^ x[29] (in)
                                                         x[29] (net)
                      0.000119    0.000059    1.200059 ^ input22/A (sky130_fd_sc_hd__clkbuf_8)
    12    0.094743    0.128239    0.145949    1.346008 ^ input22/X (sky130_fd_sc_hd__clkbuf_8)
                                                         net22 (net)
                      0.128304    0.002381    1.348389 ^ _0967_/B (sky130_fd_sc_hd__nor4_2)
     1    0.017448    0.060028    0.065945    1.414334 v _0967_/Y (sky130_fd_sc_hd__nor4_2)
                                                         _0092_ (net)
                      0.060028    0.000210    1.414544 v _0968_/B (sky130_fd_sc_hd__nand2_8)
    12    0.062333    0.086819    0.101047    1.515591 ^ _0968_/Y (sky130_fd_sc_hd__nand2_8)
                                                         _0093_ (net)
                      0.086864    0.001609    1.517200 ^ _0972_/A (sky130_fd_sc_hd__nor2_4)
    15    0.060918    0.067438    0.069205    1.586405 v _0972_/Y (sky130_fd_sc_hd__nor2_4)
                                                         _0097_ (net)
                      0.067749    0.003628    1.590033 v _1746_/A1_N (sky130_fd_sc_hd__o2bb2ai_1)
     1    0.002886    0.020639    0.082331    1.672364 v _1746_/Y (sky130_fd_sc_hd__o2bb2ai_1)
                                                         net90 (net)
                      0.020639    0.000021    1.672385 v output90/A (sky130_fd_sc_hd__buf_1)
     1    0.011759    0.050526    0.080230    1.752616 v output90/X (sky130_fd_sc_hd__buf_1)
                                                         result[3] (net)
                      0.050526    0.000160    1.752776 v result[3] (out)
                                              1.752776   data arrival time

                      0.000000    0.000000    0.000000   clock __VIRTUAL_CLK__ (rise edge)
                                  0.200000    0.200000   clock network delay (ideal)
                                  0.000000    0.200000   clock reconvergence pessimism
                                 -0.500000   -0.300000   output external delay
                                             -0.300000   data required time
---------------------------------------------------------------------------------------------
                                             -0.300000   data required time
                                             -1.752776   data arrival time
---------------------------------------------------------------------------------------------
                                              2.052776   slack (MET)


Startpoint: x[29] (input port clocked by __VIRTUAL_CLK__)
Endpoint: result[17] (output port clocked by __VIRTUAL_CLK__)
Path Group: __VIRTUAL_CLK__
Path Type: min

Fanout         Cap        Slew       Delay        Time   Description
---------------------------------------------------------------------------------------------
                      0.000000    0.000000    0.000000   clock __VIRTUAL_CLK__ (rise edge)
                                  0.200000    0.200000   clock network delay (ideal)
                                  1.000000    1.200000 ^ input external delay
     1    0.009178    0.000000    0.000000    1.200000 ^ x[29] (in)
                                                         x[29] (net)
                      0.000119    0.000059    1.200059 ^ input22/A (sky130_fd_sc_hd__clkbuf_8)
    12    0.094743    0.128239    0.145949    1.346008 ^ input22/X (sky130_fd_sc_hd__clkbuf_8)
                                                         net22 (net)
                      0.128304    0.002381    1.348389 ^ _0967_/B (sky130_fd_sc_hd__nor4_2)
     1    0.017448    0.060028    0.065945    1.414334 v _0967_/Y (sky130_fd_sc_hd__nor4_2)
                                                         _0092_ (net)
                      0.060028    0.000210    1.414544 v _0968_/B (sky130_fd_sc_hd__nand2_8)
    12    0.062333    0.086819    0.101047    1.515591 ^ _0968_/Y (sky130_fd_sc_hd__nand2_8)
                                                         _0093_ (net)
                      0.086864    0.001609    1.517200 ^ _0972_/A (sky130_fd_sc_hd__nor2_4)
    15    0.060918    0.067438    0.069205    1.586405 v _0972_/Y (sky130_fd_sc_hd__nor2_4)
                                                         _0097_ (net)
                      0.067655    0.003039    1.589445 v _1788_/A1_N (sky130_fd_sc_hd__o2bb2ai_1)
     1    0.003690    0.022862    0.084917    1.674362 v _1788_/Y (sky130_fd_sc_hd__o2bb2ai_1)
                                                         net73 (net)
                      0.022862    0.000038    1.674399 v output73/A (sky130_fd_sc_hd__buf_1)
     1    0.012210    0.052270    0.082348    1.756747 v output73/X (sky130_fd_sc_hd__buf_1)
                                                         result[17] (net)
                      0.052270    0.000177    1.756924 v result[17] (out)
                                              1.756924   data arrival time

                      0.000000    0.000000    0.000000   clock __VIRTUAL_CLK__ (rise edge)
                                  0.200000    0.200000   clock network delay (ideal)
                                  0.000000    0.200000   clock reconvergence pessimism
                                 -0.500000   -0.300000   output external delay
                                             -0.300000   data required time
---------------------------------------------------------------------------------------------
                                             -0.300000   data required time
                                             -1.756924   data arrival time
---------------------------------------------------------------------------------------------
                                              2.056924   slack (MET)


Startpoint: x[29] (input port clocked by __VIRTUAL_CLK__)
Endpoint: result[18] (output port clocked by __VIRTUAL_CLK__)
Path Group: __VIRTUAL_CLK__
Path Type: min

Fanout         Cap        Slew       Delay        Time   Description
---------------------------------------------------------------------------------------------
                      0.000000    0.000000    0.000000   clock __VIRTUAL_CLK__ (rise edge)
                                  0.200000    0.200000   clock network delay (ideal)
                                  1.000000    1.200000 ^ input external delay
     1    0.009178    0.000000    0.000000    1.200000 ^ x[29] (in)
                                                         x[29] (net)
                      0.000119    0.000059    1.200059 ^ input22/A (sky130_fd_sc_hd__clkbuf_8)
    12    0.094743    0.128239    0.145949    1.346008 ^ input22/X (sky130_fd_sc_hd__clkbuf_8)
                                                         net22 (net)
                      0.128304    0.002381    1.348389 ^ _0967_/B (sky130_fd_sc_hd__nor4_2)
     1    0.017448    0.060028    0.065945    1.414334 v _0967_/Y (sky130_fd_sc_hd__nor4_2)
                                                         _0092_ (net)
                      0.060028    0.000210    1.414544 v _0968_/B (sky130_fd_sc_hd__nand2_8)
    12    0.062333    0.086819    0.101047    1.515591 ^ _0968_/Y (sky130_fd_sc_hd__nand2_8)
                                                         _0093_ (net)
                      0.086864    0.001609    1.517200 ^ _0972_/A (sky130_fd_sc_hd__nor2_4)
    15    0.060918    0.067438    0.069205    1.586405 v _0972_/Y (sky130_fd_sc_hd__nor2_4)
                                                         _0097_ (net)
                      0.067624    0.002816    1.589221 v _1791_/A1_N (sky130_fd_sc_hd__o2bb2ai_1)
     1    0.004327    0.025173    0.086926    1.676147 v _1791_/Y (sky130_fd_sc_hd__o2bb2ai_1)
                                                         net74 (net)
                      0.025173    0.000048    1.676195 v output74/A (sky130_fd_sc_hd__buf_1)
     1    0.012241    0.052389    0.083366    1.759560 v output74/X (sky130_fd_sc_hd__buf_1)
                                                         result[18] (net)
                      0.052389    0.000190    1.759750 v result[18] (out)
                                              1.759750   data arrival time

                      0.000000    0.000000    0.000000   clock __VIRTUAL_CLK__ (rise edge)
                                  0.200000    0.200000   clock network delay (ideal)
                                  0.000000    0.200000   clock reconvergence pessimism
                                 -0.500000   -0.300000   output external delay
                                             -0.300000   data required time
---------------------------------------------------------------------------------------------
                                             -0.300000   data required time
                                             -1.759750   data arrival time
---------------------------------------------------------------------------------------------
                                              2.059750   slack (MET)


Startpoint: y[23] (input port clocked by __VIRTUAL_CLK__)
Endpoint: result[27] (output port clocked by __VIRTUAL_CLK__)
Path Group: __VIRTUAL_CLK__
Path Type: min

Fanout         Cap        Slew       Delay        Time   Description
---------------------------------------------------------------------------------------------
                      0.000000    0.000000    0.000000   clock __VIRTUAL_CLK__ (rise edge)
                                  0.200000    0.200000   clock network delay (ideal)
                                  1.000000    1.200000 ^ input external delay
     1    0.007124    0.000000    0.000000    1.200000 ^ y[23] (in)
                                                         y[23] (net)
                      0.000069    0.000035    1.200035 ^ input48/A (sky130_fd_sc_hd__clkbuf_4)
     7    0.052339    0.123365    0.144184    1.344218 ^ input48/X (sky130_fd_sc_hd__clkbuf_4)
                                                         net48 (net)
                      0.123387    0.001373    1.345592 ^ _0969_/D (sky130_fd_sc_hd__nor4_4)
     3    0.027036    0.048977    0.048655    1.394246 v _0969_/Y (sky130_fd_sc_hd__nor4_4)
                                                         _0094_ (net)
                      0.048986    0.000495    1.394742 v _0971_/A (sky130_fd_sc_hd__nand2_4)
    10    0.063742    0.142177    0.127851    1.522592 ^ _0971_/Y (sky130_fd_sc_hd__nand2_4)
                                                         _0096_ (net)
                      0.142221    0.002053    1.524645 ^ _1839_/A2_N (sky130_fd_sc_hd__a2bb2oi_1)
     1    0.006730    0.092281    0.103350    1.627995 ^ _1839_/Y (sky130_fd_sc_hd__a2bb2oi_1)
                                                         net84 (net)
                      0.092281    0.000210    1.628205 ^ output84/A (sky130_fd_sc_hd__buf_1)
     1    0.015198    0.136964    0.131748    1.759953 ^ output84/X (sky130_fd_sc_hd__buf_1)
                                                         result[27] (net)
                      0.136966    0.000421    1.760374 ^ result[27] (out)
                                              1.760374   data arrival time

                      0.000000    0.000000    0.000000   clock __VIRTUAL_CLK__ (rise edge)
                                  0.200000    0.200000   clock network delay (ideal)
                                  0.000000    0.200000   clock reconvergence pessimism
                                 -0.500000   -0.300000   output external delay
                                             -0.300000   data required time
---------------------------------------------------------------------------------------------
                                             -0.300000   data required time
                                             -1.760374   data arrival time
---------------------------------------------------------------------------------------------
                                              2.060374   slack (MET)


Startpoint: x[29] (input port clocked by __VIRTUAL_CLK__)
Endpoint: result[30] (output port clocked by __VIRTUAL_CLK__)
Path Group: __VIRTUAL_CLK__
Path Type: min

Fanout         Cap        Slew       Delay        Time   Description
---------------------------------------------------------------------------------------------
                      0.000000    0.000000    0.000000   clock __VIRTUAL_CLK__ (rise edge)
                                  0.200000    0.200000   clock network delay (ideal)
                                  1.000000    1.200000 ^ input external delay
     1    0.009178    0.000000    0.000000    1.200000 ^ x[29] (in)
                                                         x[29] (net)
                      0.000119    0.000059    1.200059 ^ input22/A (sky130_fd_sc_hd__clkbuf_8)
    12    0.094743    0.128239    0.145949    1.346008 ^ input22/X (sky130_fd_sc_hd__clkbuf_8)
                                                         net22 (net)
                      0.128304    0.002381    1.348389 ^ _0967_/B (sky130_fd_sc_hd__nor4_2)
     1    0.017448    0.060028    0.065945    1.414334 v _0967_/Y (sky130_fd_sc_hd__nor4_2)
                                                         _0092_ (net)
                      0.060028    0.000210    1.414544 v _0968_/B (sky130_fd_sc_hd__nand2_8)
    12    0.062333    0.086819    0.101047    1.515591 ^ _0968_/Y (sky130_fd_sc_hd__nand2_8)
                                                         _0093_ (net)
                      0.086864    0.001609    1.517200 ^ _0972_/A (sky130_fd_sc_hd__nor2_4)
    15    0.060918    0.067438    0.069205    1.586405 v _0972_/Y (sky130_fd_sc_hd__nor2_4)
                                                         _0097_ (net)
                      0.067599    0.002632    1.589037 v _1844_/B1 (sky130_fd_sc_hd__a21oi_1)
     1    0.004580    0.066816    0.077407    1.666444 ^ _1844_/Y (sky130_fd_sc_hd__a21oi_1)
                                                         net88 (net)
                      0.066816    0.000074    1.666518 ^ output88/A (sky130_fd_sc_hd__buf_1)
     1    0.013303    0.120825    0.118879    1.785398 ^ output88/X (sky130_fd_sc_hd__buf_1)
                                                         result[30] (net)
                      0.120826    0.000291    1.785689 ^ result[30] (out)
                                              1.785689   data arrival time

                      0.000000    0.000000    0.000000   clock __VIRTUAL_CLK__ (rise edge)
                                  0.200000    0.200000   clock network delay (ideal)
                                  0.000000    0.200000   clock reconvergence pessimism
                                 -0.500000   -0.300000   output external delay
                                             -0.300000   data required time
---------------------------------------------------------------------------------------------
                                             -0.300000   data required time
                                             -1.785689   data arrival time
---------------------------------------------------------------------------------------------
                                              2.085689   slack (MET)


Startpoint: y[25] (input port clocked by __VIRTUAL_CLK__)
Endpoint: result[25] (output port clocked by __VIRTUAL_CLK__)
Path Group: __VIRTUAL_CLK__
Path Type: min

Fanout         Cap        Slew       Delay        Time   Description
---------------------------------------------------------------------------------------------
                      0.000000    0.000000    0.000000   clock __VIRTUAL_CLK__ (rise edge)
                                  0.200000    0.200000   clock network delay (ideal)
                                  1.000000    1.200000 v input external delay
     1    0.007121    0.000000    0.000000    1.200000 v y[25] (in)
                                                         y[25] (net)
                      0.000223    0.000111    1.200111 v input50/A (sky130_fd_sc_hd__buf_4)
     8    0.060934    0.064672    0.118862    1.318974 v input50/X (sky130_fd_sc_hd__buf_4)
                                                         net50 (net)
                      0.064791    0.002435    1.321409 v _1600_/B1 (sky130_fd_sc_hd__a21oi_2)
     2    0.014776    0.107357    0.107644    1.429053 ^ _1600_/Y (sky130_fd_sc_hd__a21oi_2)
                                                         _0725_ (net)
                      0.107357    0.000208    1.429261 ^ _1601_/B1 (sky130_fd_sc_hd__a31o_1)
     2    0.013633    0.101120    0.112628    1.541889 ^ _1601_/X (sky130_fd_sc_hd__a31o_1)
                                                         _0726_ (net)
                      0.101149    0.000206    1.542095 ^ _1665_/A1 (sky130_fd_sc_hd__o22ai_1)
     2    0.006564    0.046178    0.062861    1.604956 v _1665_/Y (sky130_fd_sc_hd__o22ai_1)
                                                         _0790_ (net)
                      0.046178    0.000029    1.604985 v _1834_/C1 (sky130_fd_sc_hd__o221ai_1)
     1    0.004288    0.045587    0.057056    1.662041 ^ _1834_/Y (sky130_fd_sc_hd__o221ai_1)
                                                         _0936_ (net)
                      0.045587    0.000061    1.662102 ^ _1835_/B2 (sky130_fd_sc_hd__a2bb2oi_1)
     1    0.014879    0.056838    0.070797    1.732900 v _1835_/Y (sky130_fd_sc_hd__a2bb2oi_1)
                                                         net82 (net)
                      0.056841    0.000429    1.733329 v output82/A (sky130_fd_sc_hd__buf_1)
     1    0.023055    0.092741    0.127322    1.860651 v output82/X (sky130_fd_sc_hd__buf_1)
                                                         result[25] (net)
                      0.092741    0.000281    1.860932 v result[25] (out)
                                              1.860932   data arrival time

                      0.000000    0.000000    0.000000   clock __VIRTUAL_CLK__ (rise edge)
                                  0.200000    0.200000   clock network delay (ideal)
                                  0.000000    0.200000   clock reconvergence pessimism
                                 -0.500000   -0.300000   output external delay
                                             -0.300000   data required time
---------------------------------------------------------------------------------------------
                                             -0.300000   data required time
                                             -1.860932   data arrival time
---------------------------------------------------------------------------------------------
                                              2.160932   slack (MET)


Startpoint: y[23] (input port clocked by __VIRTUAL_CLK__)
Endpoint: result[24] (output port clocked by __VIRTUAL_CLK__)
Path Group: __VIRTUAL_CLK__
Path Type: min

Fanout         Cap        Slew       Delay        Time   Description
---------------------------------------------------------------------------------------------
                      0.000000    0.000000    0.000000   clock __VIRTUAL_CLK__ (rise edge)
                                  0.200000    0.200000   clock network delay (ideal)
                                  1.000000    1.200000 ^ input external delay
     1    0.007124    0.000000    0.000000    1.200000 ^ y[23] (in)
                                                         y[23] (net)
                      0.000069    0.000035    1.200035 ^ input48/A (sky130_fd_sc_hd__clkbuf_4)
     7    0.052339    0.123365    0.144184    1.344218 ^ input48/X (sky130_fd_sc_hd__clkbuf_4)
                                                         net48 (net)
                      0.123387    0.001373    1.345592 ^ _0969_/D (sky130_fd_sc_hd__nor4_4)
     3    0.027036    0.048977    0.048655    1.394246 v _0969_/Y (sky130_fd_sc_hd__nor4_4)
                                                         _0094_ (net)
                      0.048986    0.000495    1.394742 v _0971_/A (sky130_fd_sc_hd__nand2_4)
    10    0.063742    0.142177    0.127851    1.522592 ^ _0971_/Y (sky130_fd_sc_hd__nand2_4)
                                                         _0096_ (net)
                      0.142211    0.001824    1.524416 ^ _1833_/A2_N (sky130_fd_sc_hd__a2bb2oi_1)
     1    0.015150    0.184239    0.169445    1.693861 ^ _1833_/Y (sky130_fd_sc_hd__a2bb2oi_1)
                                                         net81 (net)
                      0.184243    0.000735    1.694596 ^ output81/A (sky130_fd_sc_hd__buf_1)
     1    0.024001    0.211503    0.184777    1.879372 ^ output81/X (sky130_fd_sc_hd__buf_1)
                                                         result[24] (net)
                      0.211506    0.000714    1.880087 ^ result[24] (out)
                                              1.880087   data arrival time

                      0.000000    0.000000    0.000000   clock __VIRTUAL_CLK__ (rise edge)
                                  0.200000    0.200000   clock network delay (ideal)
                                  0.000000    0.200000   clock reconvergence pessimism
                                 -0.500000   -0.300000   output external delay
                                             -0.300000   data required time
---------------------------------------------------------------------------------------------
                                             -0.300000   data required time
                                             -1.880087   data arrival time
---------------------------------------------------------------------------------------------
                                              2.180087   slack (MET)


Startpoint: y[23] (input port clocked by __VIRTUAL_CLK__)
Endpoint: result[26] (output port clocked by __VIRTUAL_CLK__)
Path Group: __VIRTUAL_CLK__
Path Type: min

Fanout         Cap        Slew       Delay        Time   Description
---------------------------------------------------------------------------------------------
                      0.000000    0.000000    0.000000   clock __VIRTUAL_CLK__ (rise edge)
                                  0.200000    0.200000   clock network delay (ideal)
                                  1.000000    1.200000 ^ input external delay
     1    0.007124    0.000000    0.000000    1.200000 ^ y[23] (in)
                                                         y[23] (net)
                      0.000069    0.000035    1.200035 ^ input48/A (sky130_fd_sc_hd__clkbuf_4)
     7    0.052339    0.123365    0.144184    1.344218 ^ input48/X (sky130_fd_sc_hd__clkbuf_4)
                                                         net48 (net)
                      0.123387    0.001373    1.345592 ^ _0969_/D (sky130_fd_sc_hd__nor4_4)
     3    0.027036    0.048977    0.048655    1.394246 v _0969_/Y (sky130_fd_sc_hd__nor4_4)
                                                         _0094_ (net)
                      0.048986    0.000495    1.394742 v _0971_/A (sky130_fd_sc_hd__nand2_4)
    10    0.063742    0.142177    0.127851    1.522592 ^ _0971_/Y (sky130_fd_sc_hd__nand2_4)
                                                         _0096_ (net)
                      0.142218    0.001981    1.524574 ^ _1837_/A2_N (sky130_fd_sc_hd__a2bb2oi_1)
     1    0.016666    0.200695    0.181599    1.706172 ^ _1837_/Y (sky130_fd_sc_hd__a2bb2oi_1)
                                                         net83 (net)
                      0.200695    0.000326    1.706498 ^ output83/A (sky130_fd_sc_hd__buf_1)
     1    0.023931    0.210787    0.184378    1.890876 ^ output83/X (sky130_fd_sc_hd__buf_1)
                                                         result[26] (net)
                      0.210788    0.000341    1.891217 ^ result[26] (out)
                                              1.891217   data arrival time

                      0.000000    0.000000    0.000000   clock __VIRTUAL_CLK__ (rise edge)
                                  0.200000    0.200000   clock network delay (ideal)
                                  0.000000    0.200000   clock reconvergence pessimism
                                 -0.500000   -0.300000   output external delay
                                             -0.300000   data required time
---------------------------------------------------------------------------------------------
                                             -0.300000   data required time
                                             -1.891217   data arrival time
---------------------------------------------------------------------------------------------
                                              2.191217   slack (MET)


Startpoint: y[23] (input port clocked by __VIRTUAL_CLK__)
Endpoint: result[23] (output port clocked by __VIRTUAL_CLK__)
Path Group: __VIRTUAL_CLK__
Path Type: min

Fanout         Cap        Slew       Delay        Time   Description
---------------------------------------------------------------------------------------------
                      0.000000    0.000000    0.000000   clock __VIRTUAL_CLK__ (rise edge)
                                  0.200000    0.200000   clock network delay (ideal)
                                  1.000000    1.200000 ^ input external delay
     1    0.007124    0.000000    0.000000    1.200000 ^ y[23] (in)
                                                         y[23] (net)
                      0.000069    0.000035    1.200035 ^ input48/A (sky130_fd_sc_hd__clkbuf_4)
     7    0.052339    0.123365    0.144184    1.344218 ^ input48/X (sky130_fd_sc_hd__clkbuf_4)
                                                         net48 (net)
                      0.123387    0.001373    1.345592 ^ _0969_/D (sky130_fd_sc_hd__nor4_4)
     3    0.027036    0.048977    0.048655    1.394246 v _0969_/Y (sky130_fd_sc_hd__nor4_4)
                                                         _0094_ (net)
                      0.048986    0.000495    1.394742 v _0971_/A (sky130_fd_sc_hd__nand2_4)
    10    0.063742    0.142177    0.127851    1.522592 ^ _0971_/Y (sky130_fd_sc_hd__nand2_4)
                                                         _0096_ (net)
                      0.142216    0.001929    1.524521 ^ _1831_/A2_N (sky130_fd_sc_hd__a2bb2oi_1)
     1    0.015978    0.193206    0.176205    1.700727 ^ _1831_/Y (sky130_fd_sc_hd__a2bb2oi_1)
                                                         net80 (net)
                      0.193206    0.000281    1.701007 ^ output80/A (sky130_fd_sc_hd__buf_1)
     1    0.026418    0.231771    0.199140    1.900147 ^ output80/X (sky130_fd_sc_hd__buf_1)
                                                         result[23] (net)
                      0.231772    0.000245    1.900392 ^ result[23] (out)
                                              1.900392   data arrival time

                      0.000000    0.000000    0.000000   clock __VIRTUAL_CLK__ (rise edge)
                                  0.200000    0.200000   clock network delay (ideal)
                                  0.000000    0.200000   clock reconvergence pessimism
                                 -0.500000   -0.300000   output external delay
                                             -0.300000   data required time
---------------------------------------------------------------------------------------------
                                             -0.300000   data required time
                                             -1.900392   data arrival time
---------------------------------------------------------------------------------------------
                                              2.200392   slack (MET)



