
===========================================================================
report_checks -unconstrained
===========================================================================
======================= nom_ff_n40C_1v95 Corner ===================================

Startpoint: x[28] (input port clocked by __VIRTUAL_CLK__)
Endpoint: result[10] (output port clocked by __VIRTUAL_CLK__)
Path Group: __VIRTUAL_CLK__
Path Type: max

Fanout         Cap        Slew       Delay        Time   Description
---------------------------------------------------------------------------------------------
                      0.000000    0.000000    0.000000   clock __VIRTUAL_CLK__ (rise edge)
                                  0.200000    0.200000   clock network delay (ideal)
                                  1.000000    1.200000 ^ input external delay
     6    0.013087    0.000000    0.000000    1.200000 ^ x[28] (in)
                                                         x[28] (net)
                      0.000000    0.000000    1.200000 ^ _1019_/B_N (sky130_fd_sc_hd__nor2b_1)
     4    0.010331    0.154303    0.139046    1.339046 ^ _1019_/Y (sky130_fd_sc_hd__nor2b_1)
                                                         _0144_ (net)
                      0.154303    0.000000    1.339046 ^ _1036_/A2 (sky130_fd_sc_hd__o21ai_1)
     7    0.016153    0.093378    0.099217    1.438263 v _1036_/Y (sky130_fd_sc_hd__o21ai_1)
                                                         _0161_ (net)
                      0.093378    0.000000    1.438263 v _1037_/A2 (sky130_fd_sc_hd__a31oi_1)
    54    0.131541    2.130358    1.596515    3.034778 ^ _1037_/Y (sky130_fd_sc_hd__a31oi_1)
                                                         _0162_ (net)
                      2.130358    0.000000    3.034778 ^ _1040_/B1 (sky130_fd_sc_hd__o21ai_1)
    21    0.046591    0.573734    0.325441    3.360219 v _1040_/Y (sky130_fd_sc_hd__o21ai_1)
                                                         _0165_ (net)
                      0.573734    0.000000    3.360219 v _1099_/A1 (sky130_fd_sc_hd__o21ai_1)
    23    0.055482    0.738285    0.748970    4.109189 ^ _1099_/Y (sky130_fd_sc_hd__o21ai_1)
                                                         _0224_ (net)
                      0.738285    0.000000    4.109189 ^ _1293_/B (sky130_fd_sc_hd__nand4_1)
     2    0.004558    0.137717    0.051305    4.160493 v _1293_/Y (sky130_fd_sc_hd__nand4_1)
                                                         _0418_ (net)
                      0.137717    0.000000    4.160493 v _1308_/C1 (sky130_fd_sc_hd__o211ai_1)
     2    0.004917    0.193365    0.108116    4.268609 ^ _1308_/Y (sky130_fd_sc_hd__o211ai_1)
                                                         _0433_ (net)
                      0.193365    0.000000    4.268609 ^ _1310_/B (sky130_fd_sc_hd__nand3_1)
     3    0.006813    0.100280    0.075181    4.343791 v _1310_/Y (sky130_fd_sc_hd__nand3_1)
                                                         _0435_ (net)
                      0.100280    0.000000    4.343791 v _1373_/A1 (sky130_fd_sc_hd__a32oi_1)
     2    0.004987    0.114792    0.132229    4.476020 ^ _1373_/Y (sky130_fd_sc_hd__a32oi_1)
                                                         _0498_ (net)
                      0.114792    0.000000    4.476020 ^ _1376_/B2 (sky130_fd_sc_hd__o2bb2ai_1)
     4    0.009184    0.090151    0.069075    4.545094 v _1376_/Y (sky130_fd_sc_hd__o2bb2ai_1)
                                                         _0501_ (net)
                      0.090151    0.000000    4.545094 v _1515_/A2 (sky130_fd_sc_hd__a211oi_1)
     4    0.009718    0.270350    0.271552    4.816647 ^ _1515_/Y (sky130_fd_sc_hd__a211oi_1)
                                                         _0640_ (net)
                      0.270350    0.000000    4.816647 ^ _1518_/B1 (sky130_fd_sc_hd__o221ai_1)
     3    0.006805    0.132935    0.100259    4.916906 v _1518_/Y (sky130_fd_sc_hd__o221ai_1)
                                                         _0643_ (net)
                      0.132935    0.000000    4.916906 v _1530_/A2 (sky130_fd_sc_hd__a31oi_1)
     2    0.007021    0.158448    0.191666    5.108572 ^ _1530_/Y (sky130_fd_sc_hd__a31oi_1)
                                                         _0655_ (net)
                      0.158448    0.000000    5.108572 ^ _1533_/A2 (sky130_fd_sc_hd__o21bai_1)
     2    0.006727    0.055727    0.062464    5.171036 v _1533_/Y (sky130_fd_sc_hd__o21bai_1)
                                                         _0658_ (net)
                      0.055727    0.000000    5.171036 v _1534_/A1 (sky130_fd_sc_hd__a21oi_1)
     3    0.009705    0.175155    0.157917    5.328953 ^ _1534_/Y (sky130_fd_sc_hd__a21oi_1)
                                                         _0659_ (net)
                      0.175155    0.000000    5.328953 ^ _1537_/A2 (sky130_fd_sc_hd__o211ai_1)
     2    0.004669    0.062381    0.064230    5.393183 v _1537_/Y (sky130_fd_sc_hd__o211ai_1)
                                                         _0662_ (net)
                      0.062381    0.000000    5.393183 v _1539_/A2_N (sky130_fd_sc_hd__o2bb2ai_1)
     2    0.004458    0.052254    0.080974    5.474157 v _1539_/Y (sky130_fd_sc_hd__o2bb2ai_1)
                                                         _0664_ (net)
                      0.052254    0.000000    5.474157 v _1541_/A1 (sky130_fd_sc_hd__a31oi_1)
     3    0.009535    0.197396    0.160580    5.634737 ^ _1541_/Y (sky130_fd_sc_hd__a31oi_1)
                                                         _0666_ (net)
                      0.197396    0.000000    5.634737 ^ _1543_/B2 (sky130_fd_sc_hd__o221ai_1)
     2    0.004479    0.062148    0.061211    5.695948 v _1543_/Y (sky130_fd_sc_hd__o221ai_1)
                                                         _0668_ (net)
                      0.062148    0.000000    5.695948 v _1545_/A (sky130_fd_sc_hd__nand3_1)
     2    0.004907    0.061471    0.066405    5.762353 ^ _1545_/Y (sky130_fd_sc_hd__nand3_1)
                                                         _0670_ (net)
                      0.061471    0.000000    5.762353 ^ _1547_/C1 (sky130_fd_sc_hd__o221ai_1)
     2    0.004458    0.067270    0.045678    5.808032 v _1547_/Y (sky130_fd_sc_hd__o221ai_1)
                                                         _0672_ (net)
                      0.067270    0.000000    5.808032 v _1549_/A1 (sky130_fd_sc_hd__a31oi_1)
     2    0.007147    0.159760    0.141490    5.949522 ^ _1549_/Y (sky130_fd_sc_hd__a31oi_1)
                                                         _0674_ (net)
                      0.159760    0.000000    5.949522 ^ _1550_/A2 (sky130_fd_sc_hd__o21bai_1)
     2    0.006603    0.061223    0.061819    6.011341 v _1550_/Y (sky130_fd_sc_hd__o21bai_1)
                                                         _0675_ (net)
                      0.061223    0.000000    6.011341 v _1552_/A1 (sky130_fd_sc_hd__a21oi_1)
     2    0.007021    0.137592    0.133388    6.144729 ^ _1552_/Y (sky130_fd_sc_hd__a21oi_1)
                                                         _0677_ (net)
                      0.137592    0.000000    6.144729 ^ _1554_/A2 (sky130_fd_sc_hd__o21bai_1)
     2    0.006580    0.057348    0.061027    6.205756 v _1554_/Y (sky130_fd_sc_hd__o21bai_1)
                                                         _0679_ (net)
                      0.057348    0.000000    6.205756 v _1557_/A (sky130_fd_sc_hd__nand2_1)
     2    0.004474    0.044942    0.055745    6.261500 ^ _1557_/Y (sky130_fd_sc_hd__nand2_1)
                                                         _0682_ (net)
                      0.044942    0.000000    6.261500 ^ _1559_/C1 (sky130_fd_sc_hd__o221ai_1)
     2    0.004458    0.068091    0.042078    6.303579 v _1559_/Y (sky130_fd_sc_hd__o221ai_1)
                                                         _0684_ (net)
                      0.068091    0.000000    6.303579 v _1561_/A1 (sky130_fd_sc_hd__a31oi_1)
     2    0.007148    0.159778    0.141806    6.445385 ^ _1561_/Y (sky130_fd_sc_hd__a31oi_1)
                                                         _0686_ (net)
                      0.159778    0.000000    6.445385 ^ _1563_/A2 (sky130_fd_sc_hd__o21bai_1)
     3    0.008862    0.070538    0.072217    6.517602 v _1563_/Y (sky130_fd_sc_hd__o21bai_1)
                                                         _0688_ (net)
                      0.070538    0.000000    6.517602 v _1567_/A (sky130_fd_sc_hd__nand2_1)
     2    0.005147    0.049225    0.063914    6.581516 ^ _1567_/Y (sky130_fd_sc_hd__nand2_1)
                                                         _0692_ (net)
                      0.049225    0.000000    6.581516 ^ _1572_/A2_N (sky130_fd_sc_hd__o2bb2ai_1)
    12    0.029134    0.427097    0.207009    6.788526 ^ _1572_/Y (sky130_fd_sc_hd__o2bb2ai_1)
                                                         _0697_ (net)
                      0.427097    0.000000    6.788526 ^ _1580_/B (sky130_fd_sc_hd__nand3_1)
    11    0.025077    0.196900    0.195820    6.984346 v _1580_/Y (sky130_fd_sc_hd__nand3_1)
                                                         _0705_ (net)
                      0.196900    0.000000    6.984346 v _1581_/B (sky130_fd_sc_hd__nand2_1)
    26    0.068664    0.466361    0.413006    7.397351 ^ _1581_/Y (sky130_fd_sc_hd__nand2_1)
                                                         _0706_ (net)
                      0.466361    0.000000    7.397351 ^ _1625_/A1 (sky130_fd_sc_hd__a21oi_1)
     2    0.004426    0.097272    0.045576    7.442928 v _1625_/Y (sky130_fd_sc_hd__a21oi_1)
                                                         _0750_ (net)
                      0.097272    0.000000    7.442928 v _1626_/B (sky130_fd_sc_hd__nand2_1)
     2    0.005014    0.056191    0.080068    7.522996 ^ _1626_/Y (sky130_fd_sc_hd__nand2_1)
                                                         _0751_ (net)
                      0.056191    0.000000    7.522996 ^ _1631_/A2_N (sky130_fd_sc_hd__o2bb2ai_1)
     2    0.004787    0.103289    0.076508    7.599504 ^ _1631_/Y (sky130_fd_sc_hd__o2bb2ai_1)
                                                         _0756_ (net)
                      0.103289    0.000000    7.599504 ^ _1634_/C (sky130_fd_sc_hd__nand3b_1)
     2    0.004475    0.045775    0.056253    7.655756 v _1634_/Y (sky130_fd_sc_hd__nand3b_1)
                                                         _0759_ (net)
                      0.045775    0.000000    7.655756 v _1644_/A1_N (sky130_fd_sc_hd__o2bb2ai_1)
     2    0.004562    0.084630    0.078757    7.734513 v _1644_/Y (sky130_fd_sc_hd__o2bb2ai_1)
                                                         _0769_ (net)
                      0.084630    0.000000    7.734513 v _1683_/A1 (sky130_fd_sc_hd__a21oi_1)
    22    0.055296    0.816682    0.618398    8.352911 ^ _1683_/Y (sky130_fd_sc_hd__a21oi_1)
                                                         _0808_ (net)
                      0.816682    0.000000    8.352911 ^ _1767_/B2 (sky130_fd_sc_hd__o2bb2ai_1)
     1    0.010000    0.153561    0.061560    8.414471 v _1767_/Y (sky130_fd_sc_hd__o2bb2ai_1)
                                                         result[10] (net)
                      0.153561    0.000000    8.414471 v result[10] (out)
                                              8.414471   data arrival time

                      0.000000   20.000000   20.000000   clock __VIRTUAL_CLK__ (rise edge)
                                  0.200000   20.200001   clock network delay (ideal)
                                  0.000000   20.200001   clock reconvergence pessimism
                                 -0.500000   19.700001   output external delay
                                             19.700001   data required time
---------------------------------------------------------------------------------------------
                                             19.700001   data required time
                                             -8.414471   data arrival time
---------------------------------------------------------------------------------------------
                                             11.285530   slack (MET)




===========================================================================
report_checks --slack_max -0.01
============================================================================
======================= nom_ff_n40C_1v95 Corner ===================================

No paths found.


===========================================================================
 report_check_types -max_slew -max_cap -max_fanout -violators
============================================================================
======================= nom_ff_n40C_1v95 Corner ===================================

max slew

Pin                                        Limit        Slew       Slack
------------------------------------------------------------------------
_1039_/Y                                1.489285    2.409262   -0.919977 (VIOLATED)
_1048_/A2                               1.500000    2.409262   -0.909262 (VIOLATED)
_1049_/A1                               1.500000    2.409262   -0.909262 (VIOLATED)
_1055_/A2                               1.500000    2.409262   -0.909262 (VIOLATED)
_1062_/A2                               1.500000    2.409262   -0.909262 (VIOLATED)
_1063_/B                                1.500000    2.409262   -0.909262 (VIOLATED)
_1065_/A2                               1.500000    2.409262   -0.909262 (VIOLATED)
_1066_/A2                               1.500000    2.409262   -0.909262 (VIOLATED)
_1072_/A2                               1.500000    2.409262   -0.909262 (VIOLATED)
_1073_/C                                1.500000    2.409262   -0.909262 (VIOLATED)
_1076_/A2                               1.500000    2.409262   -0.909262 (VIOLATED)
_1077_/B                                1.500000    2.409262   -0.909262 (VIOLATED)
_1111_/B1                               1.500000    2.409262   -0.909262 (VIOLATED)
_1112_/A1                               1.500000    2.409262   -0.909262 (VIOLATED)
_1116_/A2                               1.500000    2.409262   -0.909262 (VIOLATED)
_1131_/A2                               1.500000    2.409262   -0.909262 (VIOLATED)
_1134_/A2                               1.500000    2.409262   -0.909262 (VIOLATED)
_1135_/A2                               1.500000    2.409262   -0.909262 (VIOLATED)
_1146_/A2                               1.500000    2.409262   -0.909262 (VIOLATED)
_1150_/A2                               1.500000    2.409262   -0.909262 (VIOLATED)
_1156_/A2                               1.500000    2.409262   -0.909262 (VIOLATED)
_1159_/A2                               1.500000    2.409262   -0.909262 (VIOLATED)
_1160_/A2                               1.500000    2.409262   -0.909262 (VIOLATED)
_1167_/A2                               1.500000    2.409262   -0.909262 (VIOLATED)
_1177_/A2                               1.500000    2.409262   -0.909262 (VIOLATED)
_1198_/A2                               1.500000    2.409262   -0.909262 (VIOLATED)
_1201_/A2                               1.500000    2.409262   -0.909262 (VIOLATED)
_1209_/A2                               1.500000    2.409262   -0.909262 (VIOLATED)
_1210_/A2                               1.500000    2.409262   -0.909262 (VIOLATED)
_1215_/B2                               1.500000    2.409262   -0.909262 (VIOLATED)
_1217_/B2                               1.500000    2.409262   -0.909262 (VIOLATED)
_1355_/S1                               1.500000    2.409262   -0.909262 (VIOLATED)
_1370_/S1                               1.500000    2.409262   -0.909262 (VIOLATED)
_1407_/A2                               1.500000    2.409262   -0.909262 (VIOLATED)
_1412_/A2                               1.500000    2.409262   -0.909262 (VIOLATED)
_1418_/A2                               1.500000    2.409262   -0.909262 (VIOLATED)
_1424_/S                                1.500000    2.409262   -0.909262 (VIOLATED)
_1429_/A2                               1.500000    2.409262   -0.909262 (VIOLATED)
_1432_/A2                               1.500000    2.409262   -0.909262 (VIOLATED)
_1433_/A2                               1.500000    2.409262   -0.909262 (VIOLATED)
_1435_/S                                1.500000    2.409262   -0.909262 (VIOLATED)
_1438_/S                                1.500000    2.409262   -0.909262 (VIOLATED)
_1449_/A2                               1.500000    2.409262   -0.909262 (VIOLATED)
_1452_/S                                1.500000    2.409262   -0.909262 (VIOLATED)
_1479_/A2                               1.500000    2.409262   -0.909262 (VIOLATED)
_1485_/A2                               1.500000    2.409262   -0.909262 (VIOLATED)
_1505_/A2                               1.500000    2.409262   -0.909262 (VIOLATED)
_1506_/A2                               1.500000    2.409262   -0.909262 (VIOLATED)
_1509_/S                                1.500000    2.409262   -0.909262 (VIOLATED)
_1523_/A2                               1.500000    2.409262   -0.909262 (VIOLATED)
_1590_/S                                1.500000    2.409262   -0.909262 (VIOLATED)
_1591_/S                                1.500000    2.409262   -0.909262 (VIOLATED)
_1592_/S                                1.500000    2.409262   -0.909262 (VIOLATED)
_1597_/S                                1.500000    2.409262   -0.909262 (VIOLATED)
_1606_/S                                1.500000    2.409262   -0.909262 (VIOLATED)
_1607_/S                                1.500000    2.409262   -0.909262 (VIOLATED)
_1922_/S                                1.500000    2.409262   -0.909262 (VIOLATED)
_1037_/Y                                1.486765    2.130358   -0.643593 (VIOLATED)
_1040_/B1                               1.500000    2.130358   -0.630358 (VIOLATED)
_1047_/C                                1.500000    2.130358   -0.630358 (VIOLATED)
_1064_/B2                               1.500000    2.130358   -0.630358 (VIOLATED)
_1088_/B                                1.500000    2.130358   -0.630358 (VIOLATED)
_1096_/A2_N                             1.500000    2.130358   -0.630358 (VIOLATED)
_1098_/C                                1.500000    2.130358   -0.630358 (VIOLATED)
_1111_/A1_N                             1.500000    2.130358   -0.630358 (VIOLATED)
_1113_/A2                               1.500000    2.130358   -0.630358 (VIOLATED)
_1114_/A3                               1.500000    2.130358   -0.630358 (VIOLATED)
_1117_/A2                               1.500000    2.130358   -0.630358 (VIOLATED)
_1118_/A3                               1.500000    2.130358   -0.630358 (VIOLATED)
_1124_/A2                               1.500000    2.130358   -0.630358 (VIOLATED)
_1125_/A3                               1.500000    2.130358   -0.630358 (VIOLATED)
_1130_/B                                1.500000    2.130358   -0.630358 (VIOLATED)
_1133_/B                                1.500000    2.130358   -0.630358 (VIOLATED)
_1145_/C1                               1.500000    2.130358   -0.630358 (VIOLATED)
_1149_/B                                1.500000    2.130358   -0.630358 (VIOLATED)
_1155_/B                                1.500000    2.130358   -0.630358 (VIOLATED)
_1158_/B                                1.500000    2.130358   -0.630358 (VIOLATED)
_1166_/B                                1.500000    2.130358   -0.630358 (VIOLATED)
_1176_/B                                1.500000    2.130358   -0.630358 (VIOLATED)
_1197_/B                                1.500000    2.130358   -0.630358 (VIOLATED)
_1200_/B                                1.500000    2.130358   -0.630358 (VIOLATED)
_1207_/C                                1.500000    2.130358   -0.630358 (VIOLATED)
_1208_/C                                1.500000    2.130358   -0.630358 (VIOLATED)
_1214_/B                                1.500000    2.130358   -0.630358 (VIOLATED)
_1216_/B                                1.500000    2.130358   -0.630358 (VIOLATED)
_1228_/A2                               1.500000    2.130358   -0.630358 (VIOLATED)
_1229_/A3                               1.500000    2.130358   -0.630358 (VIOLATED)
_1406_/C                                1.500000    2.130358   -0.630358 (VIOLATED)
_1411_/C                                1.500000    2.130358   -0.630358 (VIOLATED)
_1417_/C                                1.500000    2.130358   -0.630358 (VIOLATED)
_1428_/C                                1.500000    2.130358   -0.630358 (VIOLATED)
_1431_/C                                1.500000    2.130358   -0.630358 (VIOLATED)
_1442_/A2                               1.500000    2.130358   -0.630358 (VIOLATED)
_1443_/A3                               1.500000    2.130358   -0.630358 (VIOLATED)
_1448_/C                                1.500000    2.130358   -0.630358 (VIOLATED)
_1456_/B                                1.500000    2.130358   -0.630358 (VIOLATED)
_1457_/A2                               1.500000    2.130358   -0.630358 (VIOLATED)
_1460_/A2                               1.500000    2.130358   -0.630358 (VIOLATED)
_1461_/A3                               1.500000    2.130358   -0.630358 (VIOLATED)
_1467_/A2                               1.500000    2.130358   -0.630358 (VIOLATED)
_1468_/A3                               1.500000    2.130358   -0.630358 (VIOLATED)
_1472_/A3                               1.500000    2.130358   -0.630358 (VIOLATED)
_1478_/C                                1.500000    2.130358   -0.630358 (VIOLATED)
_1484_/C                                1.500000    2.130358   -0.630358 (VIOLATED)
_1496_/B                                1.500000    2.130358   -0.630358 (VIOLATED)
_1503_/A2                               1.500000    2.130358   -0.630358 (VIOLATED)
_1522_/C                                1.500000    2.130358   -0.630358 (VIOLATED)
_1585_/A2                               1.500000    2.130358   -0.630358 (VIOLATED)
_1600_/A2                               1.500000    2.130358   -0.630358 (VIOLATED)
_1601_/A3                               1.500000    2.130358   -0.630358 (VIOLATED)
_1602_/A3                               1.500000    2.130358   -0.630358 (VIOLATED)
_1608_/A2                               1.500000    2.130358   -0.630358 (VIOLATED)
_1032_/Y                                1.499432    1.587236   -0.087804 (VIOLATED)
_1047_/B                                1.500000    1.587236   -0.087236 (VIOLATED)
_1064_/B1                               1.500000    1.587236   -0.087236 (VIOLATED)
_1088_/A                                1.500000    1.587236   -0.087236 (VIOLATED)
_1096_/A1_N                             1.500000    1.587236   -0.087236 (VIOLATED)
_1098_/B                                1.500000    1.587236   -0.087236 (VIOLATED)
_1113_/A1                               1.500000    1.587236   -0.087236 (VIOLATED)
_1114_/A2                               1.500000    1.587236   -0.087236 (VIOLATED)
_1117_/A1                               1.500000    1.587236   -0.087236 (VIOLATED)
_1118_/A2                               1.500000    1.587236   -0.087236 (VIOLATED)
_1124_/A1                               1.500000    1.587236   -0.087236 (VIOLATED)
_1125_/A2                               1.500000    1.587236   -0.087236 (VIOLATED)
_1130_/A                                1.500000    1.587236   -0.087236 (VIOLATED)
_1133_/A                                1.500000    1.587236   -0.087236 (VIOLATED)
_1145_/D1                               1.500000    1.587236   -0.087236 (VIOLATED)
_1149_/A                                1.500000    1.587236   -0.087236 (VIOLATED)
_1155_/A                                1.500000    1.587236   -0.087236 (VIOLATED)
_1158_/A                                1.500000    1.587236   -0.087236 (VIOLATED)
_1166_/A                                1.500000    1.587236   -0.087236 (VIOLATED)
_1176_/A                                1.500000    1.587236   -0.087236 (VIOLATED)
_1197_/A                                1.500000    1.587236   -0.087236 (VIOLATED)
_1200_/A                                1.500000    1.587236   -0.087236 (VIOLATED)
_1207_/B                                1.500000    1.587236   -0.087236 (VIOLATED)
_1208_/B                                1.500000    1.587236   -0.087236 (VIOLATED)
_1214_/A                                1.500000    1.587236   -0.087236 (VIOLATED)
_1228_/A1                               1.500000    1.587236   -0.087236 (VIOLATED)
_1229_/A2                               1.500000    1.587236   -0.087236 (VIOLATED)
_1406_/B                                1.500000    1.587236   -0.087236 (VIOLATED)
_1411_/B                                1.500000    1.587236   -0.087236 (VIOLATED)
_1417_/B                                1.500000    1.587236   -0.087236 (VIOLATED)
_1428_/B                                1.500000    1.587236   -0.087236 (VIOLATED)
_1431_/B                                1.500000    1.587236   -0.087236 (VIOLATED)
_1442_/A1                               1.500000    1.587236   -0.087236 (VIOLATED)
_1443_/A2                               1.500000    1.587236   -0.087236 (VIOLATED)
_1448_/B                                1.500000    1.587236   -0.087236 (VIOLATED)
_1456_/A                                1.500000    1.587236   -0.087236 (VIOLATED)
_1457_/A1                               1.500000    1.587236   -0.087236 (VIOLATED)
_1460_/A1                               1.500000    1.587236   -0.087236 (VIOLATED)
_1461_/A2                               1.500000    1.587236   -0.087236 (VIOLATED)
_1467_/A1                               1.500000    1.587236   -0.087236 (VIOLATED)
_1468_/A2                               1.500000    1.587236   -0.087236 (VIOLATED)
_1472_/A2                               1.500000    1.587236   -0.087236 (VIOLATED)
_1478_/B                                1.500000    1.587236   -0.087236 (VIOLATED)
_1484_/B                                1.500000    1.587236   -0.087236 (VIOLATED)
_1496_/A                                1.500000    1.587236   -0.087236 (VIOLATED)
_1503_/A1                               1.500000    1.587236   -0.087236 (VIOLATED)
_1522_/B                                1.500000    1.587236   -0.087236 (VIOLATED)
_1585_/A1                               1.500000    1.587236   -0.087236 (VIOLATED)
_1600_/A1                               1.500000    1.587236   -0.087236 (VIOLATED)
_1601_/A2                               1.500000    1.587236   -0.087236 (VIOLATED)
_1602_/A2                               1.500000    1.587236   -0.087236 (VIOLATED)
_1608_/A1                               1.500000    1.587236   -0.087236 (VIOLATED)

max capacitance

Pin                                        Limit         Cap       Slack
------------------------------------------------------------------------
_1039_/Y                                0.101634    0.168686   -0.067052 (VIOLATED)
_1037_/Y                                0.089732    0.131541   -0.041809 (VIOLATED)
_1032_/Y                                0.114451    0.124051   -0.009600 (VIOLATED)



===========================================================================
report_parasitic_annotation -report_unannotated
============================================================================
Found 1044 unannotated drivers.
 x[0]
 x[10]
 x[11]
 x[12]
 x[13]
 x[14]
 x[15]
 x[16]
 x[17]
 x[18]
 x[19]
 x[1]
 x[20]
 x[21]
 x[22]
 x[23]
 x[24]
 x[25]
 x[26]
 x[27]
 x[28]
 x[29]
 x[2]
 x[30]
 x[31]
 x[3]
 x[4]
 x[5]
 x[6]
 x[7]
 x[8]
 x[9]
 y[0]
 y[10]
 y[11]
 y[12]
 y[13]
 y[14]
 y[15]
 y[16]
 y[17]
 y[18]
 y[19]
 y[1]
 y[20]
 y[21]
 y[22]
 y[23]
 y[24]
 y[25]
 y[26]
 y[27]
 y[28]
 y[29]
 y[2]
 y[30]
 y[31]
 y[3]
 y[4]
 y[5]
 y[6]
 y[7]
 y[8]
 y[9]
 _0948_/Y
 _0949_/Y
 _0950_/Y
 _0951_/Y
 _0952_/Y
 _0953_/Y
 _0954_/Y
 _0955_/Y
 _0956_/Y
 _0957_/Y
 _0958_/Y
 _0959_/Y
 _0960_/Y
 _0961_/Y
 _0962_/Y
 _0963_/Y
 _0964_/Y
 _0965_/Y
 _0966_/Y
 _0967_/Y
 _0968_/Y
 _0969_/Y
 _0970_/Y
 _0971_/Y
 _0972_/Y
 _0973_/Y
 _0974_/Y
 _0975_/Y
 _0976_/Y
 _0977_/Y
 _0978_/Y
 _0979_/Y
 _0980_/Y
 _0981_/Y
 _0982_/Y
 _0983_/Y
 _0984_/Y
 _0985_/Y
 _0986_/Y
 _0987_/Y
 _0988_/Y
 _0989_/Y
 _0990_/Y
 _0991_/Y
 _0992_/Y
 _0993_/Y
 _0994_/Y
 _0995_/Y
 _0996_/Y
 _0997_/X
 _0998_/Y
 _0999_/Y
 _1000_/Y
 _1001_/Y
 _1002_/Y
 _1003_/Y
 _1004_/Y
 _1005_/Y
 _1006_/Y
 _1007_/Y
 _1008_/Y
 _1009_/Y
 _1010_/Y
 _1011_/Y
 _1012_/X
 _1013_/Y
 _1014_/Y
 _1015_/Y
 _1016_/Y
 _1017_/Y
 _1018_/Y
 _1019_/Y
 _1020_/Y
 _1021_/Y
 _1022_/Y
 _1023_/Y
 _1024_/Y
 _1025_/Y
 _1026_/Y
 _1027_/Y
 _1028_/Y
 _1029_/Y
 _1030_/Y
 _1031_/X
 _1032_/Y
 _1033_/Y
 _1034_/X
 _1035_/Y
 _1036_/Y
 _1037_/Y
 _1038_/X
 _1039_/Y
 _1040_/Y
 _1041_/X
 _1042_/Y
 _1043_/X
 _1044_/Y
 _1045_/Y
 _1046_/X
 _1047_/Y
 _1048_/Y
 _1049_/X
 _1050_/Y
 _1051_/Y
 _1052_/Y
 _1053_/Y
 _1054_/Y
 _1055_/Y
 _1056_/Y
 _1057_/Y
 _1058_/X
 _1059_/X
 _1060_/Y
 _1061_/Y
 _1062_/Y
 _1063_/Y
 _1064_/X
 _1065_/X
 _1066_/Y
 _1067_/Y
 _1068_/Y
 _1069_/X
 _1070_/X
 _1071_/Y
 _1072_/Y
 _1073_/Y
 _1074_/Y
 _1075_/Y
 _1076_/Y
 _1077_/Y
 _1078_/Y
 _1079_/Y
 _1080_/Y
 _1081_/Y
 _1082_/Y
 _1083_/X
 _1084_/Y
 _1085_/Y
 _1086_/Y
 _1087_/Y
 _1088_/Y
 _1089_/Y
 _1090_/Y
 _1091_/X
 _1092_/Y
 _1093_/Y
 _1094_/Y
 _1095_/Y
 _1096_/Y
 _1097_/Y
 _1098_/Y
 _1099_/Y
 _1100_/Y
 _1101_/Y
 _1102_/X
 _1103_/Y
 _1104_/Y
 _1105_/Y
 _1106_/Y
 _1107_/Y
 _1108_/Y
 _1109_/Y
 _1110_/Y
 _1111_/Y
 _1112_/Y
 _1113_/Y
 _1114_/Y
 _1115_/X
 _1116_/Y
 _1117_/Y
 _1118_/Y
 _1119_/Y
 _1120_/Y
 _1121_/Y
 _1122_/Y
 _1123_/Y
 _1124_/Y
 _1125_/Y
 _1126_/Y
 _1127_/Y
 _1128_/Y
 _1129_/Y
 _1130_/Y
 _1131_/Y
 _1132_/Y
 _1133_/Y
 _1134_/X
 _1135_/Y
 _1136_/Y
 _1137_/Y
 _1138_/Y
 _1139_/Y
 _1140_/Y
 _1141_/X
 _1142_/Y
 _1143_/Y
 _1144_/Y
 _1145_/Y
 _1146_/Y
 _1147_/Y
 _1148_/X
 _1149_/Y
 _1150_/Y
 _1151_/Y
 _1152_/Y
 _1153_/Y
 _1154_/X
 _1155_/Y
 _1156_/Y
 _1157_/Y
 _1158_/Y
 _1159_/X
 _1160_/Y
 _1161_/Y
 _1162_/Y
 _1163_/Y
 _1164_/Y
 _1165_/Y
 _1166_/Y
 _1167_/Y
 _1168_/Y
 _1169_/Y
 _1170_/Y
 _1171_/Y
 _1172_/Y
 _1173_/Y
 _1174_/Y
 _1175_/Y
 _1176_/Y
 _1177_/Y
 _1178_/Y
 _1179_/Y
 _1180_/Y
 _1181_/Y
 _1182_/Y
 _1183_/Y
 _1184_/Y
 _1185_/Y
 _1186_/Y
 _1187_/Y
 _1188_/Y
 _1189_/Y
 _1190_/Y
 _1191_/Y
 _1192_/Y
 _1193_/Y
 _1194_/Y
 _1195_/Y
 _1196_/Y
 _1197_/Y
 _1198_/Y
 _1199_/Y
 _1200_/Y
 _1201_/Y
 _1202_/Y
 _1203_/Y
 _1204_/Y
 _1205_/Y
 _1206_/Y
 _1207_/Y
 _1208_/Y
 _1209_/Y
 _1210_/Y
 _1211_/Y
 _1212_/X
 _1213_/Y
 _1214_/Y
 _1215_/Y
 _1216_/Y
 _1217_/Y
 _1218_/Y
 _1219_/Y
 _1220_/Y
 _1221_/Y
 _1222_/Y
 _1223_/Y
 _1224_/Y
 _1225_/Y
 _1226_/Y
 _1227_/Y
 _1228_/Y
 _1229_/Y
 _1230_/Y
 _1231_/X
 _1232_/Y
 _1233_/Y
 _1234_/Y
 _1235_/Y
 _1236_/Y
 _1237_/Y
 _1238_/Y
 _1239_/X
 _1240_/Y
 _1241_/Y
 _1242_/Y
 _1243_/X
 _1244_/Y
 _1245_/Y
 _1246_/Y
 _1247_/Y
 _1248_/Y
 _1249_/Y
 _1250_/Y
 _1251_/Y
 _1252_/Y
 _1253_/Y
 _1254_/Y
 _1255_/X
 _1256_/Y
 _1257_/Y
 _1258_/Y
 _1259_/Y
 _1260_/Y
 _1261_/Y
 _1262_/X
 _1263_/Y
 _1264_/Y
 _1265_/Y
 _1266_/Y
 _1267_/Y
 _1268_/Y
 _1269_/Y
 _1270_/Y
 _1271_/Y
 _1272_/X
 _1273_/Y
 _1274_/Y
 _1275_/Y
 _1276_/X
 _1277_/Y
 _1278_/Y
 _1279_/Y
 _1280_/Y
 _1281_/Y
 _1282_/Y
 _1283_/Y
 _1284_/Y
 _1285_/X
 _1286_/Y
 _1287_/Y
 _1288_/Y
 _1289_/Y
 _1290_/X
 _1291_/Y
 _1292_/Y
 _1293_/Y
 _1294_/Y
 _1295_/Y
 _1296_/Y
 _1297_/X
 _1298_/Y
 _1299_/Y
 _1300_/Y
 _1301_/Y
 _1302_/Y
 _1303_/X
 _1304_/Y
 _1305_/Y
 _1306_/Y
 _1307_/Y
 _1308_/Y
 _1309_/Y
 _1310_/Y
 _1311_/Y
 _1312_/Y
 _1313_/X
 _1314_/Y
 _1315_/Y
 _1316_/Y
 _1317_/Y
 _1318_/Y
 _1319_/Y
 _1320_/Y
 _1321_/X
 _1322_/Y
 _1323_/Y
 _1324_/Y
 _1325_/X
 _1326_/Y
 _1327_/Y
 _1328_/Y
 _1329_/Y
 _1330_/X
 _1331_/Y
 _1332_/X
 _1333_/Y
 _1334_/Y
 _1335_/Y
 _1336_/Y
 _1337_/Y
 _1338_/Y
 _1339_/Y
 _1340_/Y
 _1341_/X
 _1342_/Y
 _1343_/X
 _1344_/Y
 _1345_/Y
 _1346_/Y
 _1347_/Y
 _1348_/Y
 _1349_/Y
 _1350_/Y
 _1351_/Y
 _1352_/Y
 _1353_/Y
 _1354_/Y
 _1355_/X
 _1356_/Y
 _1357_/Y
 _1358_/Y
 _1359_/Y
 _1360_/Y
 _1361_/Y
 _1362_/Y
 _1363_/Y
 _1364_/Y
 _1365_/Y
 _1366_/Y
 _1367_/Y
 _1368_/Y
 _1369_/Y
 _1370_/X
 _1371_/Y
 _1372_/X
 _1373_/Y
 _1374_/X
 _1375_/Y
 _1376_/Y
 _1377_/Y
 _1378_/Y
 _1379_/Y
 _1380_/Y
 _1381_/Y
 _1382_/Y
 _1383_/Y
 _1384_/Y
 _1385_/X
 _1386_/Y
 _1387_/Y
 _1388_/Y
 _1389_/Y
 _1390_/X
 _1391_/Y
 _1392_/Y
 _1393_/Y
 _1394_/Y
 _1395_/X
 _1396_/Y
 _1397_/X
 _1398_/Y
 _1399_/Y
 _1400_/Y
 _1401_/X
 _1402_/Y
 _1403_/Y
 _1404_/Y
 _1405_/X
 _1406_/Y
 _1407_/Y
 _1408_/Y
 _1409_/X
 _1410_/Y
 _1411_/Y
 _1412_/Y
 _1413_/Y
 _1414_/Y
 _1415_/X
 _1416_/Y
 _1417_/Y
 _1418_/Y
 _1419_/Y
 _1420_/X
 _1421_/Y
 _1422_/X
 _1423_/Y
 _1424_/Y
 _1425_/Y
 _1426_/Y
 _1427_/Y
 _1428_/Y
 _1429_/Y
 _1430_/X
 _1431_/Y
 _1432_/Y
 _1433_/X
 _1434_/Y
 _1435_/Y
 _1436_/Y
 _1437_/X
 _1438_/Y
 _1439_/Y
 _1440_/Y
 _1441_/Y
 _1442_/Y
 _1443_/Y
 _1444_/Y
 _1445_/Y
 _1446_/X
 _1447_/X
 _1448_/Y
 _1449_/Y
 _1450_/Y
 _1451_/X
 _1452_/Y
 _1453_/Y
 _1454_/Y
 _1455_/X
 _1456_/X
 _1457_/Y
 _1458_/X
 _1459_/Y
 _1460_/Y
 _1461_/Y
 _1462_/Y
 _1463_/Y
 _1464_/X
 _1465_/Y
 _1466_/Y
 _1467_/Y
 _1468_/Y
 _1469_/Y
 _1470_/X
 _1471_/Y
 _1472_/Y
 _1473_/X
 _1474_/Y
 _1475_/Y
 _1476_/X
 _1477_/X
 _1478_/Y
 _1479_/Y
 _1480_/Y
 _1481_/X
 _1482_/Y
 _1483_/X
 _1484_/Y
 _1485_/Y
 _1486_/Y
 _1487_/X
 _1488_/Y
 _1489_/Y
 _1490_/Y
 _1491_/Y
 _1492_/Y
 _1493_/Y
 _1494_/Y
 _1495_/Y
 _1496_/Y
 _1497_/Y
 _1498_/Y
 _1499_/X
 _1500_/Y
 _1501_/Y
 _1502_/Y
 _1503_/X
 _1504_/X
 _1505_/X
 _1506_/Y
 _1507_/X
 _1508_/Y
 _1509_/X
 _1510_/Y
 _1511_/Y
 _1512_/Y
 _1513_/Y
 _1514_/Y
 _1515_/Y
 _1516_/X
 _1517_/Y
 _1518_/Y
 _1519_/Y
 _1520_/Y
 _1521_/Y
 _1522_/Y
 _1523_/Y
 _1524_/X
 _1525_/X
 _1526_/X
 _1527_/Y
 _1528_/Y
 _1529_/Y
 _1530_/Y
 _1531_/X
 _1532_/Y
 _1533_/Y
 _1534_/Y
 _1535_/X
 _1536_/X
 _1537_/Y
 _1538_/Y
 _1539_/Y
 _1540_/Y
 _1541_/Y
 _1542_/Y
 _1543_/Y
 _1544_/Y
 _1545_/Y
 _1546_/X
 _1547_/Y
 _1548_/Y
 _1549_/Y
 _1550_/Y
 _1551_/X
 _1552_/Y
 _1553_/X
 _1554_/Y
 _1555_/X
 _1556_/Y
 _1557_/Y
 _1558_/Y
 _1559_/Y
 _1560_/Y
 _1561_/Y
 _1562_/Y
 _1563_/Y
 _1564_/Y
 _1565_/Y
 _1566_/Y
 _1567_/Y
 _1568_/Y
 _1569_/Y
 _1570_/X
 _1571_/Y
 _1572_/Y
 _1573_/Y
 _1574_/Y
 _1575_/X
 _1576_/Y
 _1577_/Y
 _1578_/Y
 _1579_/X
 _1580_/Y
 _1581_/Y
 _1582_/Y
 _1583_/Y
 _1584_/Y
 _1585_/Y
 _1586_/Y
 _1587_/Y
 _1588_/Y
 _1589_/Y
 _1590_/Y
 _1591_/Y
 _1592_/X
 _1593_/Y
 _1594_/Y
 _1595_/Y
 _1596_/Y
 _1597_/X
 _1598_/Y
 _1599_/Y
 _1600_/Y
 _1601_/X
 _1602_/Y
 _1603_/Y
 _1604_/Y
 _1605_/Y
 _1606_/Y
 _1607_/X
 _1608_/Y
 _1609_/Y
 _1610_/Y
 _1611_/Y
 _1612_/Y
 _1613_/Y
 _1614_/Y
 _1615_/Y
 _1616_/Y
 _1617_/Y
 _1618_/Y
 _1619_/Y
 _1620_/Y
 _1621_/X
 _1622_/Y
 _1623_/Y
 _1624_/Y
 _1625_/Y
 _1626_/Y
 _1627_/Y
 _1628_/Y
 _1629_/Y
 _1630_/Y
 _1631_/Y
 _1632_/Y
 _1633_/Y
 _1634_/Y
 _1635_/Y
 _1636_/Y
 _1637_/Y
 _1638_/Y
 _1639_/Y
 _1640_/Y
 _1641_/Y
 _1642_/Y
 _1643_/Y
 _1644_/Y
 _1645_/Y
 _1646_/Y
 _1647_/Y
 _1648_/Y
 _1649_/Y
 _1650_/Y
 _1651_/Y
 _1652_/Y
 _1653_/X
 _1654_/Y
 _1655_/X
 _1656_/Y
 _1657_/Y
 _1658_/X
 _1659_/Y
 _1660_/Y
 _1661_/Y
 _1662_/Y
 _1663_/Y
 _1664_/Y
 _1665_/Y
 _1666_/Y
 _1667_/Y
 _1668_/Y
 _1669_/Y
 _1670_/Y
 _1671_/Y
 _1672_/Y
 _1673_/Y
 _1674_/X
 _1675_/Y
 _1676_/Y
 _1677_/X
 _1678_/Y
 _1679_/Y
 _1680_/Y
 _1681_/Y
 _1682_/Y
 _1683_/Y
 _1684_/Y
 _1685_/Y
 _1686_/Y
 _1687_/Y
 _1688_/Y
 _1689_/Y
 _1690_/Y
 _1691_/Y
 _1692_/Y
 _1693_/X
 _1694_/Y
 _1695_/Y
 _1696_/Y
 _1697_/X
 _1698_/Y
 _1699_/Y
 _1700_/X
 _1701_/X
 _1702_/X
 _1703_/X
 _1704_/Y
 _1705_/Y
 _1706_/X
 _1707_/Y
 _1708_/X
 _1709_/X
 _1710_/Y
 _1711_/Y
 _1712_/Y
 _1713_/Y
 _1714_/Y
 _1715_/Y
 _1716_/X
 _1717_/Y
 _1718_/Y
 _1719_/X
 _1720_/Y
 _1721_/Y
 _1722_/Y
 _1723_/X
 _1724_/Y
 _1725_/Y
 _1726_/X
 _1727_/Y
 _1728_/Y
 _1729_/X
 _1730_/Y
 _1731_/X
 _1732_/Y
 _1733_/Y
 _1734_/X
 _1735_/Y
 _1736_/Y
 _1737_/Y
 _1738_/Y
 _1739_/Y
 _1740_/Y
 _1741_/Y
 _1742_/Y
 _1743_/Y
 _1744_/Y
 _1745_/Y
 _1746_/Y
 _1747_/Y
 _1748_/X
 _1749_/Y
 _1750_/Y
 _1751_/X
 _1752_/Y
 _1753_/Y
 _1754_/Y
 _1755_/Y
 _1756_/Y
 _1757_/Y
 _1758_/Y
 _1759_/Y
 _1760_/Y
 _1761_/Y
 _1762_/Y
 _1763_/Y
 _1764_/Y
 _1765_/Y
 _1766_/X
 _1767_/Y
 _1768_/Y
 _1769_/Y
 _1770_/Y
 _1771_/Y
 _1772_/Y
 _1773_/Y
 _1774_/Y
 _1775_/Y
 _1776_/Y
 _1777_/X
 _1778_/X
 _1779_/Y
 _1780_/Y
 _1781_/Y
 _1782_/Y
 _1783_/Y
 _1784_/X
 _1785_/Y
 _1786_/Y
 _1787_/Y
 _1788_/Y
 _1789_/Y
 _1790_/Y
 _1791_/Y
 _1792_/Y
 _1793_/X
 _1794_/Y
 _1795_/Y
 _1796_/Y
 _1797_/Y
 _1798_/Y
 _1799_/Y
 _1800_/Y
 _1801_/X
 _1802_/Y
 _1803_/Y
 _1804_/Y
 _1805_/X
 _1806_/Y
 _1807_/Y
 _1808_/Y
 _1809_/Y
 _1810_/Y
 _1811_/Y
 _1812_/Y
 _1813_/Y
 _1814_/Y
 _1815_/Y
 _1816_/Y
 _1817_/X
 _1818_/Y
 _1819_/Y
 _1820_/X
 _1821_/Y
 _1822_/Y
 _1823_/Y
 _1824_/X
 _1825_/X
 _1826_/Y
 _1827_/Y
 _1828_/X
 _1829_/Y
 _1830_/Y
 _1831_/Y
 _1832_/Y
 _1833_/Y
 _1834_/Y
 _1835_/Y
 _1836_/Y
 _1837_/Y
 _1838_/Y
 _1839_/Y
 _1840_/Y
 _1841_/Y
 _1842_/Y
 _1843_/Y
 _1844_/Y
 _1845_/Y
 _1846_/Y
 _1847_/Y
 _1848_/Y
 _1849_/Y
 _1850_/Y
 _1851_/Y
 _1852_/Y
 _1853_/Y
 _1854_/Y
 _1855_/Y
 _1856_/Y
 _1857_/Y
 _1858_/X
 _1859_/Y
 _1860_/Y
 _1861_/Y
 _1862_/Y
 _1863_/Y
 _1864_/Y
 _1865_/Y
 _1866_/Y
 _1867_/Y
 _1868_/Y
 _1869_/Y
 _1870_/Y
 _1871_/Y
 _1872_/Y
 _1873_/Y
 _1874_/Y
 _1875_/Y
 _1876_/Y
 _1877_/Y
 _1878_/X
 _1879_/X
 _1880_/Y
 _1881_/Y
 _1882_/X
 _1883_/Y
 _1884_/Y
 _1885_/Y
 _1886_/Y
 _1887_/Y
 _1888_/X
 _1889_/Y
 _1890_/Y
 _1891_/Y
 _1892_/Y
 _1893_/Y
 _1894_/Y
 _1895_/Y
 _1896_/Y
 _1897_/Y
 _1898_/Y
 _1899_/X
 _1900_/Y
 _1901_/Y
 _1902_/Y
 _1903_/Y
 _1904_/Y
 _1905_/Y
 _1906_/X
 _1907_/Y
 _1908_/X
 _1909_/Y
 _1910_/Y
 _1911_/X
 _1912_/Y
 _1913_/Y
 _1914_/Y
 _1915_/Y
 _1916_/X
 _1917_/Y
 _1918_/Y
 _1919_/Y
 _1920_/X
 _1921_/Y
 _1922_/Y
 _1923_/Y
 _1924_/X
 _1925_/Y
 _1926_/Y
 _1927_/Y
Found 0 partially unannotated drivers.

===========================================================================
max slew violation count 164
max fanout violation count 0
max cap violation count 3
============================================================================

===========================================================================
check_setup -verbose -unconstrained_endpoints -multiple_clock -no_clock -no_input_delay -loops -generated_clocks
===========================================================================
