Reading OpenROAD database at '/home/shehab/Desktop/ArithmeticMania/floating-point/runs/RUN_2024-12-25_04-56-51/31-openroad-repairdesignpostgpl/floatingPointAdder.odb'…
Reading library file at '/home/shehab/.volare/volare/sky130/versions/0fe599b2afb6708d281543108caf8310912f54af/sky130A/libs.ref/sky130_fd_sc_hd/lib/sky130_fd_sc_hd__tt_025C_1v80.lib'…
Reading design constraints file at './mult.sdc'…
[INFO] No information on clock propagation in input SDC file-- propagating all clocks.
[WARNING STA-0450] virtual clock __VIRTUAL_CLK__ can not be propagated.
Placement Analysis
---------------------------------
total displacement          0.0 u
average displacement        0.0 u
max displacement            0.0 u
original HPWL           33212.9 u
legalized HPWL          33928.6 u
delta HPWL                    2 %

[INFO DPL-0020] Mirrored 469 instances
[INFO DPL-0021] HPWL before           33928.6 u
[INFO DPL-0022] HPWL after            33212.9 u
[INFO DPL-0023] HPWL delta               -2.1 %
Setting global connections for newly added cells…
[INFO] Setting global connections...
Updating metrics…
Cell type report:                       Count       Area
  Fill cell                                86     322.81
  Tap cell                                180     225.22
  Timing Repair Buffer                    104     641.87
  Inverter                                 28     112.61
  Multi-Input combinational cell          952    9778.13
  Total                                  1350   11080.63
Writing OpenROAD database to '/home/shehab/Desktop/ArithmeticMania/floating-point/runs/RUN_2024-12-25_04-56-51/33-openroad-detailedplacement/floatingPointAdder.odb'…
Writing netlist to '/home/shehab/Desktop/ArithmeticMania/floating-point/runs/RUN_2024-12-25_04-56-51/33-openroad-detailedplacement/floatingPointAdder.nl.v'…
Writing powered netlist to '/home/shehab/Desktop/ArithmeticMania/floating-point/runs/RUN_2024-12-25_04-56-51/33-openroad-detailedplacement/floatingPointAdder.pnl.v'…
Writing layout to '/home/shehab/Desktop/ArithmeticMania/floating-point/runs/RUN_2024-12-25_04-56-51/33-openroad-detailedplacement/floatingPointAdder.def'…
Writing timing constraints to '/home/shehab/Desktop/ArithmeticMania/floating-point/runs/RUN_2024-12-25_04-56-51/33-openroad-detailedplacement/floatingPointAdder.sdc'…
