
===========================================================================
report_checks -path_delay min (Hold)
============================================================================
======================= max_ff_n40C_1v95 Corner ===================================

Startpoint: y[28] (input port clocked by __VIRTUAL_CLK__)
Endpoint: result[5] (output port clocked by __VIRTUAL_CLK__)
Path Group: __VIRTUAL_CLK__
Path Type: min

Fanout         Cap        Slew       Delay        Time   Description
---------------------------------------------------------------------------------------------
                      0.000000    0.000000    0.000000   clock __VIRTUAL_CLK__ (rise edge)
                                  0.200000    0.200000   clock network delay (ideal)
                                  1.000000    1.200000 ^ input external delay
     1    0.006680    0.000000    0.000000    1.200000 ^ y[28] (in)
                                                         y[28] (net)
                      0.000380    0.000190    1.200190 ^ input53/A (sky130_fd_sc_hd__clkbuf_4)
     6    0.051399    0.121713    0.140754    1.340944 ^ input53/X (sky130_fd_sc_hd__clkbuf_4)
                                                         net53 (net)
                      0.121961    0.004486    1.345430 ^ _0970_/C (sky130_fd_sc_hd__nor4_4)
     3    0.026029    0.053277    0.056719    1.402149 v _0970_/Y (sky130_fd_sc_hd__nor4_4)
                                                         _0095_ (net)
                      0.053288    0.001409    1.403558 v _0973_/C (sky130_fd_sc_hd__nand3b_4)
    20    0.095264    0.220226    0.181347    1.584905 ^ _0973_/Y (sky130_fd_sc_hd__nand3b_4)
                                                         _0098_ (net)
                      0.222241    0.016955    1.601860 ^ _1752_/B2 (sky130_fd_sc_hd__o32ai_1)
     1    0.002426    0.022738    0.020767    1.622627 v _1752_/Y (sky130_fd_sc_hd__o32ai_1)
                                                         net92 (net)
                      0.022738    0.000113    1.622740 v output92/A (sky130_fd_sc_hd__buf_1)
     1    0.011105    0.048171    0.078888    1.701628 v output92/X (sky130_fd_sc_hd__buf_1)
                                                         result[5] (net)
                      0.048176    0.000511    1.702139 v result[5] (out)
                                              1.702139   data arrival time

                      0.000000    0.000000    0.000000   clock __VIRTUAL_CLK__ (rise edge)
                                  0.200000    0.200000   clock network delay (ideal)
                                  0.000000    0.200000   clock reconvergence pessimism
                                 -0.500000   -0.300000   output external delay
                                             -0.300000   data required time
---------------------------------------------------------------------------------------------
                                             -0.300000   data required time
                                             -1.702139   data arrival time
---------------------------------------------------------------------------------------------
                                              2.002139   slack (MET)


Startpoint: y[28] (input port clocked by __VIRTUAL_CLK__)
Endpoint: result[0] (output port clocked by __VIRTUAL_CLK__)
Path Group: __VIRTUAL_CLK__
Path Type: min

Fanout         Cap        Slew       Delay        Time   Description
---------------------------------------------------------------------------------------------
                      0.000000    0.000000    0.000000   clock __VIRTUAL_CLK__ (rise edge)
                                  0.200000    0.200000   clock network delay (ideal)
                                  1.000000    1.200000 ^ input external delay
     1    0.006680    0.000000    0.000000    1.200000 ^ y[28] (in)
                                                         y[28] (net)
                      0.000380    0.000190    1.200190 ^ input53/A (sky130_fd_sc_hd__clkbuf_4)
     6    0.051399    0.121713    0.140754    1.340944 ^ input53/X (sky130_fd_sc_hd__clkbuf_4)
                                                         net53 (net)
                      0.121961    0.004486    1.345430 ^ _0970_/C (sky130_fd_sc_hd__nor4_4)
     3    0.026029    0.053277    0.056719    1.402149 v _0970_/Y (sky130_fd_sc_hd__nor4_4)
                                                         _0095_ (net)
                      0.053288    0.001409    1.403558 v _0973_/C (sky130_fd_sc_hd__nand3b_4)
    20    0.095264    0.220226    0.181347    1.584905 ^ _0973_/Y (sky130_fd_sc_hd__nand3b_4)
                                                         _0098_ (net)
                      0.222066    0.016227    1.601132 ^ _1737_/B2 (sky130_fd_sc_hd__o32ai_1)
     1    0.003019    0.027565    0.024794    1.625926 v _1737_/Y (sky130_fd_sc_hd__o32ai_1)
                                                         net65 (net)
                      0.027566    0.000199    1.626125 v output65/A (sky130_fd_sc_hd__buf_1)
     1    0.010948    0.047577    0.080406    1.706532 v output65/X (sky130_fd_sc_hd__buf_1)
                                                         result[0] (net)
                      0.047582    0.000498    1.707030 v result[0] (out)
                                              1.707030   data arrival time

                      0.000000    0.000000    0.000000   clock __VIRTUAL_CLK__ (rise edge)
                                  0.200000    0.200000   clock network delay (ideal)
                                  0.000000    0.200000   clock reconvergence pessimism
                                 -0.500000   -0.300000   output external delay
                                             -0.300000   data required time
---------------------------------------------------------------------------------------------
                                             -0.300000   data required time
                                             -1.707030   data arrival time
---------------------------------------------------------------------------------------------
                                              2.007030   slack (MET)


Startpoint: y[28] (input port clocked by __VIRTUAL_CLK__)
Endpoint: result[13] (output port clocked by __VIRTUAL_CLK__)
Path Group: __VIRTUAL_CLK__
Path Type: min

Fanout         Cap        Slew       Delay        Time   Description
---------------------------------------------------------------------------------------------
                      0.000000    0.000000    0.000000   clock __VIRTUAL_CLK__ (rise edge)
                                  0.200000    0.200000   clock network delay (ideal)
                                  1.000000    1.200000 ^ input external delay
     1    0.006680    0.000000    0.000000    1.200000 ^ y[28] (in)
                                                         y[28] (net)
                      0.000380    0.000190    1.200190 ^ input53/A (sky130_fd_sc_hd__clkbuf_4)
     6    0.051399    0.121713    0.140754    1.340944 ^ input53/X (sky130_fd_sc_hd__clkbuf_4)
                                                         net53 (net)
                      0.121961    0.004486    1.345430 ^ _0970_/C (sky130_fd_sc_hd__nor4_4)
     3    0.026029    0.053277    0.056719    1.402149 v _0970_/Y (sky130_fd_sc_hd__nor4_4)
                                                         _0095_ (net)
                      0.053288    0.001409    1.403558 v _0973_/C (sky130_fd_sc_hd__nand3b_4)
    20    0.095264    0.220226    0.181347    1.584905 ^ _0973_/Y (sky130_fd_sc_hd__nand3b_4)
                                                         _0098_ (net)
                      0.222263    0.017044    1.601949 ^ _1776_/B2 (sky130_fd_sc_hd__o32ai_1)
     1    0.004256    0.029923    0.032681    1.634630 v _1776_/Y (sky130_fd_sc_hd__o32ai_1)
                                                         net69 (net)
                      0.029924    0.000273    1.634903 v output69/A (sky130_fd_sc_hd__buf_1)
     1    0.010943    0.047556    0.081359    1.716262 v output69/X (sky130_fd_sc_hd__buf_1)
                                                         result[13] (net)
                      0.047560    0.000496    1.716758 v result[13] (out)
                                              1.716758   data arrival time

                      0.000000    0.000000    0.000000   clock __VIRTUAL_CLK__ (rise edge)
                                  0.200000    0.200000   clock network delay (ideal)
                                  0.000000    0.200000   clock reconvergence pessimism
                                 -0.500000   -0.300000   output external delay
                                             -0.300000   data required time
---------------------------------------------------------------------------------------------
                                             -0.300000   data required time
                                             -1.716758   data arrival time
---------------------------------------------------------------------------------------------
                                              2.016758   slack (MET)


Startpoint: y[28] (input port clocked by __VIRTUAL_CLK__)
Endpoint: result[2] (output port clocked by __VIRTUAL_CLK__)
Path Group: __VIRTUAL_CLK__
Path Type: min

Fanout         Cap        Slew       Delay        Time   Description
---------------------------------------------------------------------------------------------
                      0.000000    0.000000    0.000000   clock __VIRTUAL_CLK__ (rise edge)
                                  0.200000    0.200000   clock network delay (ideal)
                                  1.000000    1.200000 ^ input external delay
     1    0.006680    0.000000    0.000000    1.200000 ^ y[28] (in)
                                                         y[28] (net)
                      0.000380    0.000190    1.200190 ^ input53/A (sky130_fd_sc_hd__clkbuf_4)
     6    0.051399    0.121713    0.140754    1.340944 ^ input53/X (sky130_fd_sc_hd__clkbuf_4)
                                                         net53 (net)
                      0.121961    0.004486    1.345430 ^ _0970_/C (sky130_fd_sc_hd__nor4_4)
     3    0.026029    0.053277    0.056719    1.402149 v _0970_/Y (sky130_fd_sc_hd__nor4_4)
                                                         _0095_ (net)
                      0.053288    0.001409    1.403558 v _0973_/C (sky130_fd_sc_hd__nand3b_4)
    20    0.095264    0.220226    0.181347    1.584905 ^ _0973_/Y (sky130_fd_sc_hd__nand3b_4)
                                                         _0098_ (net)
                      0.221896    0.015488    1.600393 ^ _1743_/B2 (sky130_fd_sc_hd__o32ai_1)
     1    0.004554    0.030059    0.034580    1.634973 v _1743_/Y (sky130_fd_sc_hd__o32ai_1)
                                                         net87 (net)
                      0.030060    0.000308    1.635282 v output87/A (sky130_fd_sc_hd__buf_1)
     1    0.010985    0.047713    0.081529    1.716811 v output87/X (sky130_fd_sc_hd__buf_1)
                                                         result[2] (net)
                      0.047717    0.000497    1.717308 v result[2] (out)
                                              1.717308   data arrival time

                      0.000000    0.000000    0.000000   clock __VIRTUAL_CLK__ (rise edge)
                                  0.200000    0.200000   clock network delay (ideal)
                                  0.000000    0.200000   clock reconvergence pessimism
                                 -0.500000   -0.300000   output external delay
                                             -0.300000   data required time
---------------------------------------------------------------------------------------------
                                             -0.300000   data required time
                                             -1.717308   data arrival time
---------------------------------------------------------------------------------------------
                                              2.017308   slack (MET)


Startpoint: y[28] (input port clocked by __VIRTUAL_CLK__)
Endpoint: result[14] (output port clocked by __VIRTUAL_CLK__)
Path Group: __VIRTUAL_CLK__
Path Type: min

Fanout         Cap        Slew       Delay        Time   Description
---------------------------------------------------------------------------------------------
                      0.000000    0.000000    0.000000   clock __VIRTUAL_CLK__ (rise edge)
                                  0.200000    0.200000   clock network delay (ideal)
                                  1.000000    1.200000 ^ input external delay
     1    0.006680    0.000000    0.000000    1.200000 ^ y[28] (in)
                                                         y[28] (net)
                      0.000380    0.000190    1.200190 ^ input53/A (sky130_fd_sc_hd__clkbuf_4)
     6    0.051399    0.121713    0.140754    1.340944 ^ input53/X (sky130_fd_sc_hd__clkbuf_4)
                                                         net53 (net)
                      0.121961    0.004486    1.345430 ^ _0970_/C (sky130_fd_sc_hd__nor4_4)
     3    0.026029    0.053277    0.056719    1.402149 v _0970_/Y (sky130_fd_sc_hd__nor4_4)
                                                         _0095_ (net)
                      0.053288    0.001409    1.403558 v _0973_/C (sky130_fd_sc_hd__nand3b_4)
    20    0.095264    0.220226    0.181347    1.584905 ^ _0973_/Y (sky130_fd_sc_hd__nand3b_4)
                                                         _0098_ (net)
                      0.220928    0.010229    1.595134 ^ _1779_/B2 (sky130_fd_sc_hd__o32ai_1)
     1    0.005610    0.032744    0.041291    1.636425 v _1779_/Y (sky130_fd_sc_hd__o32ai_1)
                                                         net70 (net)
                      0.032746    0.000414    1.636839 v output70/A (sky130_fd_sc_hd__buf_1)
     1    0.011216    0.048581    0.083289    1.720128 v output70/X (sky130_fd_sc_hd__buf_1)
                                                         result[14] (net)
                      0.048586    0.000510    1.720638 v result[14] (out)
                                              1.720638   data arrival time

                      0.000000    0.000000    0.000000   clock __VIRTUAL_CLK__ (rise edge)
                                  0.200000    0.200000   clock network delay (ideal)
                                  0.000000    0.200000   clock reconvergence pessimism
                                 -0.500000   -0.300000   output external delay
                                             -0.300000   data required time
---------------------------------------------------------------------------------------------
                                             -0.300000   data required time
                                             -1.720638   data arrival time
---------------------------------------------------------------------------------------------
                                              2.020638   slack (MET)


Startpoint: y[28] (input port clocked by __VIRTUAL_CLK__)
Endpoint: result[19] (output port clocked by __VIRTUAL_CLK__)
Path Group: __VIRTUAL_CLK__
Path Type: min

Fanout         Cap        Slew       Delay        Time   Description
---------------------------------------------------------------------------------------------
                      0.000000    0.000000    0.000000   clock __VIRTUAL_CLK__ (rise edge)
                                  0.200000    0.200000   clock network delay (ideal)
                                  1.000000    1.200000 ^ input external delay
     1    0.006680    0.000000    0.000000    1.200000 ^ y[28] (in)
                                                         y[28] (net)
                      0.000380    0.000190    1.200190 ^ input53/A (sky130_fd_sc_hd__clkbuf_4)
     6    0.051399    0.121713    0.140754    1.340944 ^ input53/X (sky130_fd_sc_hd__clkbuf_4)
                                                         net53 (net)
                      0.121961    0.004486    1.345430 ^ _0970_/C (sky130_fd_sc_hd__nor4_4)
     3    0.026029    0.053277    0.056719    1.402149 v _0970_/Y (sky130_fd_sc_hd__nor4_4)
                                                         _0095_ (net)
                      0.053288    0.001409    1.403558 v _0973_/C (sky130_fd_sc_hd__nand3b_4)
    20    0.095264    0.220226    0.181347    1.584905 ^ _0973_/Y (sky130_fd_sc_hd__nand3b_4)
                                                         _0098_ (net)
                      0.221347    0.012798    1.597703 ^ _1794_/B2 (sky130_fd_sc_hd__o32ai_1)
     1    0.005234    0.031145    0.038850    1.636552 v _1794_/Y (sky130_fd_sc_hd__o32ai_1)
                                                         net75 (net)
                      0.031148    0.000550    1.637103 v output75/A (sky130_fd_sc_hd__buf_1)
     1    0.012860    0.054650    0.087080    1.724182 v output75/X (sky130_fd_sc_hd__buf_1)
                                                         result[19] (net)
                      0.054672    0.001017    1.725199 v result[19] (out)
                                              1.725199   data arrival time

                      0.000000    0.000000    0.000000   clock __VIRTUAL_CLK__ (rise edge)
                                  0.200000    0.200000   clock network delay (ideal)
                                  0.000000    0.200000   clock reconvergence pessimism
                                 -0.500000   -0.300000   output external delay
                                             -0.300000   data required time
---------------------------------------------------------------------------------------------
                                             -0.300000   data required time
                                             -1.725199   data arrival time
---------------------------------------------------------------------------------------------
                                              2.025199   slack (MET)


Startpoint: y[28] (input port clocked by __VIRTUAL_CLK__)
Endpoint: result[11] (output port clocked by __VIRTUAL_CLK__)
Path Group: __VIRTUAL_CLK__
Path Type: min

Fanout         Cap        Slew       Delay        Time   Description
---------------------------------------------------------------------------------------------
                      0.000000    0.000000    0.000000   clock __VIRTUAL_CLK__ (rise edge)
                                  0.200000    0.200000   clock network delay (ideal)
                                  1.000000    1.200000 ^ input external delay
     1    0.006680    0.000000    0.000000    1.200000 ^ y[28] (in)
                                                         y[28] (net)
                      0.000380    0.000190    1.200190 ^ input53/A (sky130_fd_sc_hd__clkbuf_4)
     6    0.051399    0.121713    0.140754    1.340944 ^ input53/X (sky130_fd_sc_hd__clkbuf_4)
                                                         net53 (net)
                      0.121961    0.004486    1.345430 ^ _0970_/C (sky130_fd_sc_hd__nor4_4)
     3    0.026029    0.053277    0.056719    1.402149 v _0970_/Y (sky130_fd_sc_hd__nor4_4)
                                                         _0095_ (net)
                      0.053288    0.001409    1.403558 v _0973_/C (sky130_fd_sc_hd__nand3b_4)
    20    0.095264    0.220226    0.181347    1.584905 ^ _0973_/Y (sky130_fd_sc_hd__nand3b_4)
                                                         _0098_ (net)
                      0.222268    0.017064    1.601969 ^ _1770_/B2 (sky130_fd_sc_hd__o32ai_1)
     1    0.006306    0.035109    0.045109    1.647078 v _1770_/Y (sky130_fd_sc_hd__o32ai_1)
                                                         net67 (net)
                      0.035127    0.000454    1.647532 v output67/A (sky130_fd_sc_hd__buf_1)
     1    0.011138    0.048285    0.084039    1.731571 v output67/X (sky130_fd_sc_hd__buf_1)
                                                         result[11] (net)
                      0.048290    0.000513    1.732084 v result[11] (out)
                                              1.732084   data arrival time

                      0.000000    0.000000    0.000000   clock __VIRTUAL_CLK__ (rise edge)
                                  0.200000    0.200000   clock network delay (ideal)
                                  0.000000    0.200000   clock reconvergence pessimism
                                 -0.500000   -0.300000   output external delay
                                             -0.300000   data required time
---------------------------------------------------------------------------------------------
                                             -0.300000   data required time
                                             -1.732084   data arrival time
---------------------------------------------------------------------------------------------
                                              2.032084   slack (MET)


Startpoint: y[28] (input port clocked by __VIRTUAL_CLK__)
Endpoint: result[21] (output port clocked by __VIRTUAL_CLK__)
Path Group: __VIRTUAL_CLK__
Path Type: min

Fanout         Cap        Slew       Delay        Time   Description
---------------------------------------------------------------------------------------------
                      0.000000    0.000000    0.000000   clock __VIRTUAL_CLK__ (rise edge)
                                  0.200000    0.200000   clock network delay (ideal)
                                  1.000000    1.200000 ^ input external delay
     1    0.006680    0.000000    0.000000    1.200000 ^ y[28] (in)
                                                         y[28] (net)
                      0.000380    0.000190    1.200190 ^ input53/A (sky130_fd_sc_hd__clkbuf_4)
     6    0.051399    0.121713    0.140754    1.340944 ^ input53/X (sky130_fd_sc_hd__clkbuf_4)
                                                         net53 (net)
                      0.121961    0.004486    1.345430 ^ _0970_/C (sky130_fd_sc_hd__nor4_4)
     3    0.026029    0.053277    0.056719    1.402149 v _0970_/Y (sky130_fd_sc_hd__nor4_4)
                                                         _0095_ (net)
                      0.053288    0.001409    1.403558 v _0973_/C (sky130_fd_sc_hd__nand3b_4)
    20    0.095264    0.220226    0.181347    1.584905 ^ _0973_/Y (sky130_fd_sc_hd__nand3b_4)
                                                         _0098_ (net)
                      0.221306    0.012574    1.597479 ^ _1800_/A1 (sky130_fd_sc_hd__o22ai_1)
     1    0.002832    0.027428    0.053705    1.651184 v _1800_/Y (sky130_fd_sc_hd__o22ai_1)
                                                         net78 (net)
                      0.027428    0.000192    1.651376 v output78/A (sky130_fd_sc_hd__buf_1)
     1    0.012240    0.052475    0.084000    1.735376 v output78/X (sky130_fd_sc_hd__buf_1)
                                                         result[21] (net)
                      0.052482    0.000605    1.735982 v result[21] (out)
                                              1.735982   data arrival time

                      0.000000    0.000000    0.000000   clock __VIRTUAL_CLK__ (rise edge)
                                  0.200000    0.200000   clock network delay (ideal)
                                  0.000000    0.200000   clock reconvergence pessimism
                                 -0.500000   -0.300000   output external delay
                                             -0.300000   data required time
---------------------------------------------------------------------------------------------
                                             -0.300000   data required time
                                             -1.735982   data arrival time
---------------------------------------------------------------------------------------------
                                              2.035982   slack (MET)


Startpoint: y[30] (input port clocked by __VIRTUAL_CLK__)
Endpoint: result[22] (output port clocked by __VIRTUAL_CLK__)
Path Group: __VIRTUAL_CLK__
Path Type: min

Fanout         Cap        Slew       Delay        Time   Description
---------------------------------------------------------------------------------------------
                      0.000000    0.000000    0.000000   clock __VIRTUAL_CLK__ (rise edge)
                                  0.200000    0.200000   clock network delay (ideal)
                                  1.000000    1.200000 ^ input external delay
     1    0.004550    0.000000    0.000000    1.200000 ^ y[30] (in)
                                                         y[30] (net)
                      0.000233    0.000117    1.200117 ^ input56/A (sky130_fd_sc_hd__clkbuf_4)
     8    0.055177    0.129831    0.146869    1.346985 ^ input56/X (sky130_fd_sc_hd__clkbuf_4)
                                                         net56 (net)
                      0.129979    0.003602    1.350588 ^ _1643_/A (sky130_fd_sc_hd__nor4_1)
     2    0.005215    0.041280    0.053967    1.404554 v _1643_/Y (sky130_fd_sc_hd__nor4_1)
                                                         _0768_ (net)
                      0.041280    0.000272    1.404827 v _1647_/B1_N (sky130_fd_sc_hd__o21bai_1)
     1    0.006209    0.035404    0.096710    1.501536 v _1647_/Y (sky130_fd_sc_hd__o21bai_1)
                                                         _0772_ (net)
                      0.035417    0.000536    1.502072 v _1821_/A1 (sky130_fd_sc_hd__o21ai_1)
     1    0.003835    0.047856    0.094856    1.596929 ^ _1821_/Y (sky130_fd_sc_hd__o21ai_1)
                                                         _0925_ (net)
                      0.047858    0.000246    1.597175 ^ _1822_/B1 (sky130_fd_sc_hd__a22oi_1)
     1    0.005132    0.036775    0.043233    1.640408 v _1822_/Y (sky130_fd_sc_hd__a22oi_1)
                                                         net79 (net)
                      0.036775    0.000294    1.640702 v output79/A (sky130_fd_sc_hd__buf_1)
     1    0.014704    0.061777    0.094755    1.735457 v output79/X (sky130_fd_sc_hd__buf_1)
                                                         result[22] (net)
                      0.061791    0.000885    1.736342 v result[22] (out)
                                              1.736342   data arrival time

                      0.000000    0.000000    0.000000   clock __VIRTUAL_CLK__ (rise edge)
                                  0.200000    0.200000   clock network delay (ideal)
                                  0.000000    0.200000   clock reconvergence pessimism
                                 -0.500000   -0.300000   output external delay
                                             -0.300000   data required time
---------------------------------------------------------------------------------------------
                                             -0.300000   data required time
                                             -1.736342   data arrival time
---------------------------------------------------------------------------------------------
                                              2.036342   slack (MET)


Startpoint: y[28] (input port clocked by __VIRTUAL_CLK__)
Endpoint: result[6] (output port clocked by __VIRTUAL_CLK__)
Path Group: __VIRTUAL_CLK__
Path Type: min

Fanout         Cap        Slew       Delay        Time   Description
---------------------------------------------------------------------------------------------
                      0.000000    0.000000    0.000000   clock __VIRTUAL_CLK__ (rise edge)
                                  0.200000    0.200000   clock network delay (ideal)
                                  1.000000    1.200000 ^ input external delay
     1    0.006680    0.000000    0.000000    1.200000 ^ y[28] (in)
                                                         y[28] (net)
                      0.000380    0.000190    1.200190 ^ input53/A (sky130_fd_sc_hd__clkbuf_4)
     6    0.051399    0.121713    0.140754    1.340944 ^ input53/X (sky130_fd_sc_hd__clkbuf_4)
                                                         net53 (net)
                      0.121961    0.004486    1.345430 ^ _0970_/C (sky130_fd_sc_hd__nor4_4)
     3    0.026029    0.053277    0.056719    1.402149 v _0970_/Y (sky130_fd_sc_hd__nor4_4)
                                                         _0095_ (net)
                      0.053288    0.001409    1.403558 v _0973_/C (sky130_fd_sc_hd__nand3b_4)
    20    0.095264    0.220226    0.181347    1.584905 ^ _0973_/Y (sky130_fd_sc_hd__nand3b_4)
                                                         _0098_ (net)
                      0.221884    0.015434    1.600339 ^ _1755_/A1 (sky130_fd_sc_hd__o22ai_1)
     1    0.003093    0.029305    0.055313    1.655652 v _1755_/Y (sky130_fd_sc_hd__o22ai_1)
                                                         net93 (net)
                      0.029306    0.000213    1.655865 v output93/A (sky130_fd_sc_hd__buf_1)
     1    0.011003    0.047781    0.081275    1.737141 v output93/X (sky130_fd_sc_hd__buf_1)
                                                         result[6] (net)
                      0.047785    0.000496    1.737637 v result[6] (out)
                                              1.737637   data arrival time

                      0.000000    0.000000    0.000000   clock __VIRTUAL_CLK__ (rise edge)
                                  0.200000    0.200000   clock network delay (ideal)
                                  0.000000    0.200000   clock reconvergence pessimism
                                 -0.500000   -0.300000   output external delay
                                             -0.300000   data required time
---------------------------------------------------------------------------------------------
                                             -0.300000   data required time
                                             -1.737637   data arrival time
---------------------------------------------------------------------------------------------
                                              2.037637   slack (MET)


Startpoint: y[28] (input port clocked by __VIRTUAL_CLK__)
Endpoint: result[20] (output port clocked by __VIRTUAL_CLK__)
Path Group: __VIRTUAL_CLK__
Path Type: min

Fanout         Cap        Slew       Delay        Time   Description
---------------------------------------------------------------------------------------------
                      0.000000    0.000000    0.000000   clock __VIRTUAL_CLK__ (rise edge)
                                  0.200000    0.200000   clock network delay (ideal)
                                  1.000000    1.200000 ^ input external delay
     1    0.006680    0.000000    0.000000    1.200000 ^ y[28] (in)
                                                         y[28] (net)
                      0.000380    0.000190    1.200190 ^ input53/A (sky130_fd_sc_hd__clkbuf_4)
     6    0.051399    0.121713    0.140754    1.340944 ^ input53/X (sky130_fd_sc_hd__clkbuf_4)
                                                         net53 (net)
                      0.121961    0.004486    1.345430 ^ _0970_/C (sky130_fd_sc_hd__nor4_4)
     3    0.026029    0.053277    0.056719    1.402149 v _0970_/Y (sky130_fd_sc_hd__nor4_4)
                                                         _0095_ (net)
                      0.053288    0.001409    1.403558 v _0973_/C (sky130_fd_sc_hd__nand3b_4)
    20    0.095264    0.220226    0.181347    1.584905 ^ _0973_/Y (sky130_fd_sc_hd__nand3b_4)
                                                         _0098_ (net)
                      0.221090    0.011302    1.596207 ^ _1797_/A1 (sky130_fd_sc_hd__o22ai_1)
     1    0.003471    0.026489    0.057378    1.653584 v _1797_/Y (sky130_fd_sc_hd__o22ai_1)
                                                         net77 (net)
                      0.026489    0.000219    1.653803 v output77/A (sky130_fd_sc_hd__buf_1)
     1    0.012679    0.054154    0.084832    1.738636 v output77/X (sky130_fd_sc_hd__buf_1)
                                                         result[20] (net)
                      0.054162    0.000667    1.739302 v result[20] (out)
                                              1.739302   data arrival time

                      0.000000    0.000000    0.000000   clock __VIRTUAL_CLK__ (rise edge)
                                  0.200000    0.200000   clock network delay (ideal)
                                  0.000000    0.200000   clock reconvergence pessimism
                                 -0.500000   -0.300000   output external delay
                                             -0.300000   data required time
---------------------------------------------------------------------------------------------
                                             -0.300000   data required time
                                             -1.739302   data arrival time
---------------------------------------------------------------------------------------------
                                              2.039302   slack (MET)


Startpoint: y[28] (input port clocked by __VIRTUAL_CLK__)
Endpoint: result[15] (output port clocked by __VIRTUAL_CLK__)
Path Group: __VIRTUAL_CLK__
Path Type: min

Fanout         Cap        Slew       Delay        Time   Description
---------------------------------------------------------------------------------------------
                      0.000000    0.000000    0.000000   clock __VIRTUAL_CLK__ (rise edge)
                                  0.200000    0.200000   clock network delay (ideal)
                                  1.000000    1.200000 ^ input external delay
     1    0.006680    0.000000    0.000000    1.200000 ^ y[28] (in)
                                                         y[28] (net)
                      0.000380    0.000190    1.200190 ^ input53/A (sky130_fd_sc_hd__clkbuf_4)
     6    0.051399    0.121713    0.140754    1.340944 ^ input53/X (sky130_fd_sc_hd__clkbuf_4)
                                                         net53 (net)
                      0.121961    0.004486    1.345430 ^ _0970_/C (sky130_fd_sc_hd__nor4_4)
     3    0.026029    0.053277    0.056719    1.402149 v _0970_/Y (sky130_fd_sc_hd__nor4_4)
                                                         _0095_ (net)
                      0.053288    0.001409    1.403558 v _0973_/C (sky130_fd_sc_hd__nand3b_4)
    20    0.095264    0.220226    0.181347    1.584905 ^ _0973_/Y (sky130_fd_sc_hd__nand3b_4)
                                                         _0098_ (net)
                      0.221889    0.015457    1.600362 ^ _1782_/A1 (sky130_fd_sc_hd__o22ai_1)
     1    0.003898    0.030614    0.059755    1.660117 v _1782_/Y (sky130_fd_sc_hd__o22ai_1)
                                                         net71 (net)
                      0.030614    0.000249    1.660366 v output71/A (sky130_fd_sc_hd__buf_1)
     1    0.011114    0.048202    0.082122    1.742488 v output71/X (sky130_fd_sc_hd__buf_1)
                                                         result[15] (net)
                      0.048207    0.000509    1.742997 v result[15] (out)
                                              1.742997   data arrival time

                      0.000000    0.000000    0.000000   clock __VIRTUAL_CLK__ (rise edge)
                                  0.200000    0.200000   clock network delay (ideal)
                                  0.000000    0.200000   clock reconvergence pessimism
                                 -0.500000   -0.300000   output external delay
                                             -0.300000   data required time
---------------------------------------------------------------------------------------------
                                             -0.300000   data required time
                                             -1.742997   data arrival time
---------------------------------------------------------------------------------------------
                                              2.042997   slack (MET)


Startpoint: y[28] (input port clocked by __VIRTUAL_CLK__)
Endpoint: result[7] (output port clocked by __VIRTUAL_CLK__)
Path Group: __VIRTUAL_CLK__
Path Type: min

Fanout         Cap        Slew       Delay        Time   Description
---------------------------------------------------------------------------------------------
                      0.000000    0.000000    0.000000   clock __VIRTUAL_CLK__ (rise edge)
                                  0.200000    0.200000   clock network delay (ideal)
                                  1.000000    1.200000 ^ input external delay
     1    0.006680    0.000000    0.000000    1.200000 ^ y[28] (in)
                                                         y[28] (net)
                      0.000380    0.000190    1.200190 ^ input53/A (sky130_fd_sc_hd__clkbuf_4)
     6    0.051399    0.121713    0.140754    1.340944 ^ input53/X (sky130_fd_sc_hd__clkbuf_4)
                                                         net53 (net)
                      0.121961    0.004486    1.345430 ^ _0970_/C (sky130_fd_sc_hd__nor4_4)
     3    0.026029    0.053277    0.056719    1.402149 v _0970_/Y (sky130_fd_sc_hd__nor4_4)
                                                         _0095_ (net)
                      0.053288    0.001409    1.403558 v _0973_/C (sky130_fd_sc_hd__nand3b_4)
    20    0.095264    0.220226    0.181347    1.584905 ^ _0973_/Y (sky130_fd_sc_hd__nand3b_4)
                                                         _0098_ (net)
                      0.222241    0.016953    1.601857 ^ _1758_/A1 (sky130_fd_sc_hd__o22ai_1)
     1    0.004348    0.029365    0.062251    1.664108 v _1758_/Y (sky130_fd_sc_hd__o22ai_1)
                                                         net94 (net)
                      0.029366    0.000268    1.664376 v output94/A (sky130_fd_sc_hd__buf_1)
     1    0.011909    0.051072    0.083651    1.748027 v output94/X (sky130_fd_sc_hd__buf_1)
                                                         result[7] (net)
                      0.051091    0.000935    1.748962 v result[7] (out)
                                              1.748962   data arrival time

                      0.000000    0.000000    0.000000   clock __VIRTUAL_CLK__ (rise edge)
                                  0.200000    0.200000   clock network delay (ideal)
                                  0.000000    0.200000   clock reconvergence pessimism
                                 -0.500000   -0.300000   output external delay
                                             -0.300000   data required time
---------------------------------------------------------------------------------------------
                                             -0.300000   data required time
                                             -1.748962   data arrival time
---------------------------------------------------------------------------------------------
                                              2.048962   slack (MET)


Startpoint: y[28] (input port clocked by __VIRTUAL_CLK__)
Endpoint: result[8] (output port clocked by __VIRTUAL_CLK__)
Path Group: __VIRTUAL_CLK__
Path Type: min

Fanout         Cap        Slew       Delay        Time   Description
---------------------------------------------------------------------------------------------
                      0.000000    0.000000    0.000000   clock __VIRTUAL_CLK__ (rise edge)
                                  0.200000    0.200000   clock network delay (ideal)
                                  1.000000    1.200000 ^ input external delay
     1    0.006680    0.000000    0.000000    1.200000 ^ y[28] (in)
                                                         y[28] (net)
                      0.000380    0.000190    1.200190 ^ input53/A (sky130_fd_sc_hd__clkbuf_4)
     6    0.051399    0.121713    0.140754    1.340944 ^ input53/X (sky130_fd_sc_hd__clkbuf_4)
                                                         net53 (net)
                      0.121961    0.004486    1.345430 ^ _0970_/C (sky130_fd_sc_hd__nor4_4)
     3    0.026029    0.053277    0.056719    1.402149 v _0970_/Y (sky130_fd_sc_hd__nor4_4)
                                                         _0095_ (net)
                      0.053288    0.001409    1.403558 v _0973_/C (sky130_fd_sc_hd__nand3b_4)
    20    0.095264    0.220226    0.181347    1.584905 ^ _0973_/Y (sky130_fd_sc_hd__nand3b_4)
                                                         _0098_ (net)
                      0.222257    0.017020    1.601925 ^ _1761_/A1 (sky130_fd_sc_hd__o22ai_1)
     1    0.005623    0.034757    0.069237    1.671162 v _1761_/Y (sky130_fd_sc_hd__o22ai_1)
                                                         net95 (net)
                      0.034782    0.000465    1.671628 v output95/A (sky130_fd_sc_hd__buf_1)
     1    0.011629    0.050149    0.085265    1.756892 v output95/X (sky130_fd_sc_hd__buf_1)
                                                         result[8] (net)
                      0.050155    0.000575    1.757467 v result[8] (out)
                                              1.757467   data arrival time

                      0.000000    0.000000    0.000000   clock __VIRTUAL_CLK__ (rise edge)
                                  0.200000    0.200000   clock network delay (ideal)
                                  0.000000    0.200000   clock reconvergence pessimism
                                 -0.500000   -0.300000   output external delay
                                             -0.300000   data required time
---------------------------------------------------------------------------------------------
                                             -0.300000   data required time
                                             -1.757467   data arrival time
---------------------------------------------------------------------------------------------
                                              2.057467   slack (MET)


Startpoint: y[4] (input port clocked by __VIRTUAL_CLK__)
Endpoint: result[4] (output port clocked by __VIRTUAL_CLK__)
Path Group: __VIRTUAL_CLK__
Path Type: min

Fanout         Cap        Slew       Delay        Time   Description
---------------------------------------------------------------------------------------------
                      0.000000    0.000000    0.000000   clock __VIRTUAL_CLK__ (rise edge)
                                  0.200000    0.200000   clock network delay (ideal)
                                  1.000000    1.200000 ^ input external delay
     1    0.003818    0.000000    0.000000    1.200000 ^ y[4] (in)
                                                         y[4] (net)
                      0.000216    0.000108    1.200108 ^ input59/A (sky130_fd_sc_hd__clkbuf_2)
     8    0.036113    0.152663    0.140560    1.340668 ^ input59/X (sky130_fd_sc_hd__clkbuf_2)
                                                         net59 (net)
                      0.152833    0.004141    1.344809 ^ _1506_/A1 (sky130_fd_sc_hd__o221ai_1)
     1    0.003927    0.040258    0.076960    1.421769 v _1506_/Y (sky130_fd_sc_hd__o221ai_1)
                                                         _0631_ (net)
                      0.040259    0.000250    1.422019 v _1532_/A (sky130_fd_sc_hd__nand2_1)
     2    0.013715    0.098238    0.091870    1.513889 ^ _1532_/Y (sky130_fd_sc_hd__nand2_1)
                                                         _0657_ (net)
                      0.098243    0.000601    1.514490 ^ _1716_/B (sky130_fd_sc_hd__xor2_2)
     5    0.022911    0.056279    0.083705    1.598195 v _1716_/X (sky130_fd_sc_hd__xor2_2)
                                                         _0841_ (net)
                      0.056413    0.002396    1.600591 v _1749_/A2_N (sky130_fd_sc_hd__o2bb2ai_1)
     1    0.003498    0.022345    0.075525    1.676116 v _1749_/Y (sky130_fd_sc_hd__o2bb2ai_1)
                                                         net91 (net)
                      0.022345    0.000149    1.676265 v output91/A (sky130_fd_sc_hd__buf_1)
     1    0.012072    0.051848    0.081451    1.757716 v output91/X (sky130_fd_sc_hd__buf_1)
                                                         result[4] (net)
                      0.051855    0.000617    1.758333 v result[4] (out)
                                              1.758333   data arrival time

                      0.000000    0.000000    0.000000   clock __VIRTUAL_CLK__ (rise edge)
                                  0.200000    0.200000   clock network delay (ideal)
                                  0.000000    0.200000   clock reconvergence pessimism
                                 -0.500000   -0.300000   output external delay
                                             -0.300000   data required time
---------------------------------------------------------------------------------------------
                                             -0.300000   data required time
                                             -1.758333   data arrival time
---------------------------------------------------------------------------------------------
                                              2.058333   slack (MET)


Startpoint: x[29] (input port clocked by __VIRTUAL_CLK__)
Endpoint: result[29] (output port clocked by __VIRTUAL_CLK__)
Path Group: __VIRTUAL_CLK__
Path Type: min

Fanout         Cap        Slew       Delay        Time   Description
---------------------------------------------------------------------------------------------
                      0.000000    0.000000    0.000000   clock __VIRTUAL_CLK__ (rise edge)
                                  0.200000    0.200000   clock network delay (ideal)
                                  1.000000    1.200000 v input external delay
     1    0.009990    0.000000    0.000000    1.200000 v x[29] (in)
                                                         x[29] (net)
                      0.000501    0.000250    1.200250 v input22/A (sky130_fd_sc_hd__clkbuf_8)
    12    0.096289    0.078205    0.126245    1.326495 v input22/X (sky130_fd_sc_hd__clkbuf_8)
                                                         net22 (net)
                      0.080808    0.011233    1.337729 v _1587_/A1 (sky130_fd_sc_hd__o21bai_2)
     3    0.016327    0.068070    0.172697    1.510426 ^ _1587_/Y (sky130_fd_sc_hd__o21bai_2)
                                                         _0712_ (net)
                      0.068096    0.001249    1.511674 ^ _1651_/A1 (sky130_fd_sc_hd__o21ai_1)
     2    0.007540    0.044810    0.062170    1.573844 v _1651_/Y (sky130_fd_sc_hd__o21ai_1)
                                                         _0776_ (net)
                      0.044815    0.000384    1.574229 v _1842_/B1 (sky130_fd_sc_hd__o21ai_1)
     1    0.002939    0.040814    0.051744    1.625972 ^ _1842_/Y (sky130_fd_sc_hd__o21ai_1)
                                                         _0941_ (net)
                      0.040817    0.000205    1.626177 ^ _1843_/A1 (sky130_fd_sc_hd__a21oi_1)
     1    0.005093    0.034731    0.041282    1.667459 v _1843_/Y (sky130_fd_sc_hd__a21oi_1)
                                                         net86 (net)
                      0.034736    0.000377    1.667836 v output86/A (sky130_fd_sc_hd__buf_1)
     1    0.013415    0.056729    0.090037    1.757873 v output86/X (sky130_fd_sc_hd__buf_1)
                                                         result[29] (net)
                      0.056756    0.001146    1.759018 v result[29] (out)
                                              1.759018   data arrival time

                      0.000000    0.000000    0.000000   clock __VIRTUAL_CLK__ (rise edge)
                                  0.200000    0.200000   clock network delay (ideal)
                                  0.000000    0.200000   clock reconvergence pessimism
                                 -0.500000   -0.300000   output external delay
                                             -0.300000   data required time
---------------------------------------------------------------------------------------------
                                             -0.300000   data required time
                                             -1.759018   data arrival time
---------------------------------------------------------------------------------------------
                                              2.059018   slack (MET)


Startpoint: y[31] (input port clocked by __VIRTUAL_CLK__)
Endpoint: result[31] (output port clocked by __VIRTUAL_CLK__)
Path Group: __VIRTUAL_CLK__
Path Type: min

Fanout         Cap        Slew       Delay        Time   Description
---------------------------------------------------------------------------------------------
                      0.000000    0.000000    0.000000   clock __VIRTUAL_CLK__ (rise edge)
                                  0.200000    0.200000   clock network delay (ideal)
                                  1.000000    1.200000 v input external delay
     1    0.004950    0.000000    0.000000    1.200000 v y[31] (in)
                                                         y[31] (net)
                      0.000273    0.000136    1.200136 v input57/A (sky130_fd_sc_hd__clkbuf_4)
     5    0.042561    0.067559    0.117746    1.317882 v input57/X (sky130_fd_sc_hd__clkbuf_4)
                                                         net57 (net)
                      0.067740    0.002631    1.320513 v _1925_/A1 (sky130_fd_sc_hd__a211oi_1)
     1    0.004903    0.119420    0.170481    1.490994 ^ _1925_/Y (sky130_fd_sc_hd__a211oi_1)
                                                         _0082_ (net)
                      0.119420    0.000315    1.491309 ^ _1927_/B2 (sky130_fd_sc_hd__o2bb2ai_1)
     2    0.028891    0.113599    0.134649    1.625958 v _1927_/Y (sky130_fd_sc_hd__o2bb2ai_1)
                                                         net89 (net)
                      0.113830    0.003899    1.629857 v output89/A (sky130_fd_sc_hd__buf_1)
     1    0.017472    0.072509    0.130750    1.760607 v output89/X (sky130_fd_sc_hd__buf_1)
                                                         result[31] (net)
                      0.072540    0.001398    1.762005 v result[31] (out)
                                              1.762005   data arrival time

                      0.000000    0.000000    0.000000   clock __VIRTUAL_CLK__ (rise edge)
                                  0.200000    0.200000   clock network delay (ideal)
                                  0.000000    0.200000   clock reconvergence pessimism
                                 -0.500000   -0.300000   output external delay
                                             -0.300000   data required time
---------------------------------------------------------------------------------------------
                                             -0.300000   data required time
                                             -1.762005   data arrival time
---------------------------------------------------------------------------------------------
                                              2.062005   slack (MET)


Startpoint: y[28] (input port clocked by __VIRTUAL_CLK__)
Endpoint: result[16] (output port clocked by __VIRTUAL_CLK__)
Path Group: __VIRTUAL_CLK__
Path Type: min

Fanout         Cap        Slew       Delay        Time   Description
---------------------------------------------------------------------------------------------
                      0.000000    0.000000    0.000000   clock __VIRTUAL_CLK__ (rise edge)
                                  0.200000    0.200000   clock network delay (ideal)
                                  1.000000    1.200000 ^ input external delay
     1    0.006680    0.000000    0.000000    1.200000 ^ y[28] (in)
                                                         y[28] (net)
                      0.000380    0.000190    1.200190 ^ input53/A (sky130_fd_sc_hd__clkbuf_4)
     6    0.051399    0.121713    0.140754    1.340944 ^ input53/X (sky130_fd_sc_hd__clkbuf_4)
                                                         net53 (net)
                      0.121961    0.004486    1.345430 ^ _0970_/C (sky130_fd_sc_hd__nor4_4)
     3    0.026029    0.053277    0.056719    1.402149 v _0970_/Y (sky130_fd_sc_hd__nor4_4)
                                                         _0095_ (net)
                      0.053288    0.001409    1.403558 v _0973_/C (sky130_fd_sc_hd__nand3b_4)
    20    0.095264    0.220226    0.181347    1.584905 ^ _0973_/Y (sky130_fd_sc_hd__nand3b_4)
                                                         _0098_ (net)
                      0.220923    0.010197    1.595102 ^ _1785_/B1 (sky130_fd_sc_hd__o32ai_1)
     1    0.009729    0.046400    0.077382    1.672484 v _1785_/Y (sky130_fd_sc_hd__o32ai_1)
                                                         net72 (net)
                      0.046423    0.000824    1.673308 v output72/A (sky130_fd_sc_hd__buf_1)
     1    0.012383    0.052951    0.092165    1.765473 v output72/X (sky130_fd_sc_hd__buf_1)
                                                         result[16] (net)
                      0.052959    0.000636    1.766110 v result[16] (out)
                                              1.766110   data arrival time

                      0.000000    0.000000    0.000000   clock __VIRTUAL_CLK__ (rise edge)
                                  0.200000    0.200000   clock network delay (ideal)
                                  0.000000    0.200000   clock reconvergence pessimism
                                 -0.500000   -0.300000   output external delay
                                             -0.300000   data required time
---------------------------------------------------------------------------------------------
                                             -0.300000   data required time
                                             -1.766110   data arrival time
---------------------------------------------------------------------------------------------
                                              2.066110   slack (MET)


Startpoint: y[28] (input port clocked by __VIRTUAL_CLK__)
Endpoint: result[28] (output port clocked by __VIRTUAL_CLK__)
Path Group: __VIRTUAL_CLK__
Path Type: min

Fanout         Cap        Slew       Delay        Time   Description
---------------------------------------------------------------------------------------------
                      0.000000    0.000000    0.000000   clock __VIRTUAL_CLK__ (rise edge)
                                  0.200000    0.200000   clock network delay (ideal)
                                  1.000000    1.200000 v input external delay
     1    0.006436    0.000000    0.000000    1.200000 v y[28] (in)
                                                         y[28] (net)
                      0.000359    0.000180    1.200180 v input53/A (sky130_fd_sc_hd__clkbuf_4)
     6    0.047381    0.073658    0.122634    1.322813 v input53/X (sky130_fd_sc_hd__clkbuf_4)
                                                         net53 (net)
                      0.073864    0.003230    1.326044 v _1590_/A0 (sky130_fd_sc_hd__mux2i_4)
     5    0.032773    0.229267    0.195593    1.521636 ^ _1590_/Y (sky130_fd_sc_hd__mux2i_4)
                                                         _0715_ (net)
                      0.229437    0.004795    1.526431 ^ _1656_/A1 (sky130_fd_sc_hd__o22ai_2)
     2    0.009697    0.037814    0.069214    1.595645 v _1656_/Y (sky130_fd_sc_hd__o22ai_2)
                                                         _0781_ (net)
                      0.037819    0.000728    1.596373 v _1840_/B1 (sky130_fd_sc_hd__o21ai_1)
     1    0.002691    0.038401    0.047344    1.643717 ^ _1840_/Y (sky130_fd_sc_hd__o21ai_1)
                                                         _0939_ (net)
                      0.038401    0.000123    1.643840 ^ _1841_/A1 (sky130_fd_sc_hd__a21oi_1)
     1    0.004204    0.031273    0.037757    1.681596 v _1841_/Y (sky130_fd_sc_hd__a21oi_1)
                                                         net85 (net)
                      0.031273    0.000178    1.681774 v output85/A (sky130_fd_sc_hd__buf_1)
     1    0.012867    0.054680    0.087072    1.768847 v output85/X (sky130_fd_sc_hd__buf_1)
                                                         result[28] (net)
                      0.054706    0.001115    1.769962 v result[28] (out)
                                              1.769962   data arrival time

                      0.000000    0.000000    0.000000   clock __VIRTUAL_CLK__ (rise edge)
                                  0.200000    0.200000   clock network delay (ideal)
                                  0.000000    0.200000   clock reconvergence pessimism
                                 -0.500000   -0.300000   output external delay
                                             -0.300000   data required time
---------------------------------------------------------------------------------------------
                                             -0.300000   data required time
                                             -1.769962   data arrival time
---------------------------------------------------------------------------------------------
                                              2.069962   slack (MET)


Startpoint: x[9] (input port clocked by __VIRTUAL_CLK__)
Endpoint: result[10] (output port clocked by __VIRTUAL_CLK__)
Path Group: __VIRTUAL_CLK__
Path Type: min

Fanout         Cap        Slew       Delay        Time   Description
---------------------------------------------------------------------------------------------
                      0.000000    0.000000    0.000000   clock __VIRTUAL_CLK__ (rise edge)
                                  0.200000    0.200000   clock network delay (ideal)
                                  1.000000    1.200000 v input external delay
     1    0.004048    0.000000    0.000000    1.200000 v x[9] (in)
                                                         x[9] (net)
                      0.000198    0.000099    1.200099 v input32/A (sky130_fd_sc_hd__buf_1)
     4    0.014899    0.062019    0.081041    1.281140 v input32/X (sky130_fd_sc_hd__buf_1)
                                                         net32 (net)
                      0.062056    0.000941    1.282081 v _0957_/A (sky130_fd_sc_hd__clkinv_2)
     5    0.033745    0.093660    0.094355    1.376436 ^ _0957_/Y (sky130_fd_sc_hd__clkinv_2)
                                                         _0066_ (net)
                      0.093692    0.001427    1.377864 ^ _1472_/A1 (sky130_fd_sc_hd__a311oi_2)
     1    0.009624    0.034792    0.077551    1.455415 v _1472_/Y (sky130_fd_sc_hd__a311oi_2)
                                                         _0597_ (net)
                      0.034821    0.000745    1.456159 v _1541_/B1 (sky130_fd_sc_hd__a31oi_4)
     3    0.023855    0.098869    0.090229    1.546389 ^ _1541_/Y (sky130_fd_sc_hd__a31oi_4)
                                                         _0666_ (net)
                      0.098915    0.001701    1.548090 ^ _1708_/A (sky130_fd_sc_hd__xor2_2)
     5    0.019082    0.048997    0.080435    1.628524 v _1708_/X (sky130_fd_sc_hd__xor2_2)
                                                         _0833_ (net)
                      0.049013    0.000857    1.629381 v _1767_/A2_N (sky130_fd_sc_hd__o2bb2ai_1)
     1    0.002531    0.019057    0.069148    1.698529 v _1767_/Y (sky130_fd_sc_hd__o2bb2ai_1)
                                                         net66 (net)
                      0.019058    0.000181    1.698709 v output66/A (sky130_fd_sc_hd__buf_1)
     1    0.011777    0.050678    0.079369    1.778078 v output66/X (sky130_fd_sc_hd__buf_1)
                                                         result[10] (net)
                      0.050685    0.000612    1.778690 v result[10] (out)
                                              1.778690   data arrival time

                      0.000000    0.000000    0.000000   clock __VIRTUAL_CLK__ (rise edge)
                                  0.200000    0.200000   clock network delay (ideal)
                                  0.000000    0.200000   clock reconvergence pessimism
                                 -0.500000   -0.300000   output external delay
                                             -0.300000   data required time
---------------------------------------------------------------------------------------------
                                             -0.300000   data required time
                                             -1.778690   data arrival time
---------------------------------------------------------------------------------------------
                                              2.078690   slack (MET)


Startpoint: y[12] (input port clocked by __VIRTUAL_CLK__)
Endpoint: result[12] (output port clocked by __VIRTUAL_CLK__)
Path Group: __VIRTUAL_CLK__
Path Type: min

Fanout         Cap        Slew       Delay        Time   Description
---------------------------------------------------------------------------------------------
                      0.000000    0.000000    0.000000   clock __VIRTUAL_CLK__ (rise edge)
                                  0.200000    0.200000   clock network delay (ideal)
                                  1.000000    1.200000 ^ input external delay
     1    0.003346    0.000000    0.000000    1.200000 ^ y[12] (in)
                                                         y[12] (net)
                      0.000205    0.000102    1.200102 ^ input36/A (sky130_fd_sc_hd__clkbuf_2)
     5    0.033671    0.142842    0.133169    1.333271 ^ input36/X (sky130_fd_sc_hd__clkbuf_2)
                                                         net36 (net)
                      0.143099    0.004927    1.338198 ^ _1452_/A0 (sky130_fd_sc_hd__mux2i_4)
     3    0.024214    0.056587    0.068034    1.406233 v _1452_/Y (sky130_fd_sc_hd__mux2i_4)
                                                         _0577_ (net)
                      0.056614    0.001099    1.407332 v _1453_/B (sky130_fd_sc_hd__xnor2_2)
     2    0.014059    0.064015    0.152742    1.560074 ^ _1453_/Y (sky130_fd_sc_hd__xnor2_2)
                                                         _0578_ (net)
                      0.064035    0.001058    1.561132 ^ _1706_/A (sky130_fd_sc_hd__xor2_2)
     5    0.017672    0.046544    0.070618    1.631750 v _1706_/X (sky130_fd_sc_hd__xor2_2)
                                                         _0831_ (net)
                      0.046565    0.000924    1.632674 v _1773_/A2_N (sky130_fd_sc_hd__o2bb2ai_1)
     1    0.002725    0.019706    0.068830    1.701504 v _1773_/Y (sky130_fd_sc_hd__o2bb2ai_1)
                                                         net68 (net)
                      0.019707    0.000184    1.701688 v output68/A (sky130_fd_sc_hd__buf_1)
     1    0.010864    0.047220    0.077076    1.778764 v output68/X (sky130_fd_sc_hd__buf_1)
                                                         result[12] (net)
                      0.047225    0.000493    1.779257 v result[12] (out)
                                              1.779257   data arrival time

                      0.000000    0.000000    0.000000   clock __VIRTUAL_CLK__ (rise edge)
                                  0.200000    0.200000   clock network delay (ideal)
                                  0.000000    0.200000   clock reconvergence pessimism
                                 -0.500000   -0.300000   output external delay
                                             -0.300000   data required time
---------------------------------------------------------------------------------------------
                                             -0.300000   data required time
                                             -1.779257   data arrival time
---------------------------------------------------------------------------------------------
                                              2.079257   slack (MET)


Startpoint: x[30] (input port clocked by __VIRTUAL_CLK__)
Endpoint: result[1] (output port clocked by __VIRTUAL_CLK__)
Path Group: __VIRTUAL_CLK__
Path Type: min

Fanout         Cap        Slew       Delay        Time   Description
---------------------------------------------------------------------------------------------
                      0.000000    0.000000    0.000000   clock __VIRTUAL_CLK__ (rise edge)
                                  0.200000    0.200000   clock network delay (ideal)
                                  1.000000    1.200000 ^ input external delay
     1    0.003701    0.000000    0.000000    1.200000 ^ x[30] (in)
                                                         x[30] (net)
                      0.000200    0.000100    1.200100 ^ input24/A (sky130_fd_sc_hd__clkbuf_4)
     8    0.061524    0.143085    0.155631    1.355730 ^ input24/X (sky130_fd_sc_hd__clkbuf_4)
                                                         net24 (net)
                      0.143245    0.003934    1.359665 ^ _0967_/A (sky130_fd_sc_hd__nor4_2)
     1    0.017755    0.062869    0.066046    1.425711 v _0967_/Y (sky130_fd_sc_hd__nor4_2)
                                                         _0092_ (net)
                      0.062879    0.001409    1.427119 v _0968_/B (sky130_fd_sc_hd__nand2_8)
    12    0.066665    0.093255    0.102785    1.529905 ^ _0968_/Y (sky130_fd_sc_hd__nand2_8)
                                                         _0093_ (net)
                      0.094045    0.006827    1.536732 ^ _0972_/A (sky130_fd_sc_hd__nor2_4)
    15    0.067634    0.075294    0.070383    1.607115 v _0972_/Y (sky130_fd_sc_hd__nor2_4)
                                                         _0097_ (net)
                      0.078820    0.012632    1.619747 v _1740_/A1_N (sky130_fd_sc_hd__o2bb2ai_1)
     1    0.002611    0.019952    0.085665    1.705412 v _1740_/Y (sky130_fd_sc_hd__o2bb2ai_1)
                                                         net76 (net)
                      0.019952    0.000125    1.705537 v output76/A (sky130_fd_sc_hd__buf_1)
     1    0.011114    0.048171    0.077869    1.783406 v output76/X (sky130_fd_sc_hd__buf_1)
                                                         result[1] (net)
                      0.048176    0.000517    1.783924 v result[1] (out)
                                              1.783924   data arrival time

                      0.000000    0.000000    0.000000   clock __VIRTUAL_CLK__ (rise edge)
                                  0.200000    0.200000   clock network delay (ideal)
                                  0.000000    0.200000   clock reconvergence pessimism
                                 -0.500000   -0.300000   output external delay
                                             -0.300000   data required time
---------------------------------------------------------------------------------------------
                                             -0.300000   data required time
                                             -1.783924   data arrival time
---------------------------------------------------------------------------------------------
                                              2.083924   slack (MET)


Startpoint: x[30] (input port clocked by __VIRTUAL_CLK__)
Endpoint: result[9] (output port clocked by __VIRTUAL_CLK__)
Path Group: __VIRTUAL_CLK__
Path Type: min

Fanout         Cap        Slew       Delay        Time   Description
---------------------------------------------------------------------------------------------
                      0.000000    0.000000    0.000000   clock __VIRTUAL_CLK__ (rise edge)
                                  0.200000    0.200000   clock network delay (ideal)
                                  1.000000    1.200000 ^ input external delay
     1    0.003701    0.000000    0.000000    1.200000 ^ x[30] (in)
                                                         x[30] (net)
                      0.000200    0.000100    1.200100 ^ input24/A (sky130_fd_sc_hd__clkbuf_4)
     8    0.061524    0.143085    0.155631    1.355730 ^ input24/X (sky130_fd_sc_hd__clkbuf_4)
                                                         net24 (net)
                      0.143245    0.003934    1.359665 ^ _0967_/A (sky130_fd_sc_hd__nor4_2)
     1    0.017755    0.062869    0.066046    1.425711 v _0967_/Y (sky130_fd_sc_hd__nor4_2)
                                                         _0092_ (net)
                      0.062879    0.001409    1.427119 v _0968_/B (sky130_fd_sc_hd__nand2_8)
    12    0.066665    0.093255    0.102785    1.529905 ^ _0968_/Y (sky130_fd_sc_hd__nand2_8)
                                                         _0093_ (net)
                      0.094045    0.006827    1.536732 ^ _0972_/A (sky130_fd_sc_hd__nor2_4)
    15    0.067634    0.075294    0.070383    1.607115 v _0972_/Y (sky130_fd_sc_hd__nor2_4)
                                                         _0097_ (net)
                      0.079419    0.013693    1.620808 v _1764_/A1_N (sky130_fd_sc_hd__o2bb2ai_1)
     1    0.002858    0.020169    0.086814    1.707622 v _1764_/Y (sky130_fd_sc_hd__o2bb2ai_1)
                                                         net96 (net)
                      0.020169    0.000205    1.707827 v output96/A (sky130_fd_sc_hd__buf_1)
     1    0.011543    0.049809    0.079134    1.786961 v output96/X (sky130_fd_sc_hd__buf_1)
                                                         result[9] (net)
                      0.049815    0.000579    1.787540 v result[9] (out)
                                              1.787540   data arrival time

                      0.000000    0.000000    0.000000   clock __VIRTUAL_CLK__ (rise edge)
                                  0.200000    0.200000   clock network delay (ideal)
                                  0.000000    0.200000   clock reconvergence pessimism
                                 -0.500000   -0.300000   output external delay
                                             -0.300000   data required time
---------------------------------------------------------------------------------------------
                                             -0.300000   data required time
                                             -1.787540   data arrival time
---------------------------------------------------------------------------------------------
                                              2.087540   slack (MET)


Startpoint: x[30] (input port clocked by __VIRTUAL_CLK__)
Endpoint: result[3] (output port clocked by __VIRTUAL_CLK__)
Path Group: __VIRTUAL_CLK__
Path Type: min

Fanout         Cap        Slew       Delay        Time   Description
---------------------------------------------------------------------------------------------
                      0.000000    0.000000    0.000000   clock __VIRTUAL_CLK__ (rise edge)
                                  0.200000    0.200000   clock network delay (ideal)
                                  1.000000    1.200000 ^ input external delay
     1    0.003701    0.000000    0.000000    1.200000 ^ x[30] (in)
                                                         x[30] (net)
                      0.000200    0.000100    1.200100 ^ input24/A (sky130_fd_sc_hd__clkbuf_4)
     8    0.061524    0.143085    0.155631    1.355730 ^ input24/X (sky130_fd_sc_hd__clkbuf_4)
                                                         net24 (net)
                      0.143245    0.003934    1.359665 ^ _0967_/A (sky130_fd_sc_hd__nor4_2)
     1    0.017755    0.062869    0.066046    1.425711 v _0967_/Y (sky130_fd_sc_hd__nor4_2)
                                                         _0092_ (net)
                      0.062879    0.001409    1.427119 v _0968_/B (sky130_fd_sc_hd__nand2_8)
    12    0.066665    0.093255    0.102785    1.529905 ^ _0968_/Y (sky130_fd_sc_hd__nand2_8)
                                                         _0093_ (net)
                      0.094045    0.006827    1.536732 ^ _0972_/A (sky130_fd_sc_hd__nor2_4)
    15    0.067634    0.075294    0.070383    1.607115 v _0972_/Y (sky130_fd_sc_hd__nor2_4)
                                                         _0097_ (net)
                      0.079491    0.013816    1.620931 v _1746_/A1_N (sky130_fd_sc_hd__o2bb2ai_1)
     1    0.002994    0.021219    0.087402    1.708333 v _1746_/Y (sky130_fd_sc_hd__o2bb2ai_1)
                                                         net90 (net)
                      0.021219    0.000127    1.708460 v output90/A (sky130_fd_sc_hd__buf_1)
     1    0.012018    0.051618    0.080887    1.789347 v output90/X (sky130_fd_sc_hd__buf_1)
                                                         result[3] (net)
                      0.051625    0.000605    1.789952 v result[3] (out)
                                              1.789952   data arrival time

                      0.000000    0.000000    0.000000   clock __VIRTUAL_CLK__ (rise edge)
                                  0.200000    0.200000   clock network delay (ideal)
                                  0.000000    0.200000   clock reconvergence pessimism
                                 -0.500000   -0.300000   output external delay
                                             -0.300000   data required time
---------------------------------------------------------------------------------------------
                                             -0.300000   data required time
                                             -1.789952   data arrival time
---------------------------------------------------------------------------------------------
                                              2.089952   slack (MET)


Startpoint: x[30] (input port clocked by __VIRTUAL_CLK__)
Endpoint: result[17] (output port clocked by __VIRTUAL_CLK__)
Path Group: __VIRTUAL_CLK__
Path Type: min

Fanout         Cap        Slew       Delay        Time   Description
---------------------------------------------------------------------------------------------
                      0.000000    0.000000    0.000000   clock __VIRTUAL_CLK__ (rise edge)
                                  0.200000    0.200000   clock network delay (ideal)
                                  1.000000    1.200000 ^ input external delay
     1    0.003701    0.000000    0.000000    1.200000 ^ x[30] (in)
                                                         x[30] (net)
                      0.000200    0.000100    1.200100 ^ input24/A (sky130_fd_sc_hd__clkbuf_4)
     8    0.061524    0.143085    0.155631    1.355730 ^ input24/X (sky130_fd_sc_hd__clkbuf_4)
                                                         net24 (net)
                      0.143245    0.003934    1.359665 ^ _0967_/A (sky130_fd_sc_hd__nor4_2)
     1    0.017755    0.062869    0.066046    1.425711 v _0967_/Y (sky130_fd_sc_hd__nor4_2)
                                                         _0092_ (net)
                      0.062879    0.001409    1.427119 v _0968_/B (sky130_fd_sc_hd__nand2_8)
    12    0.066665    0.093255    0.102785    1.529905 ^ _0968_/Y (sky130_fd_sc_hd__nand2_8)
                                                         _0093_ (net)
                      0.094045    0.006827    1.536732 ^ _0972_/A (sky130_fd_sc_hd__nor2_4)
    15    0.067634    0.075294    0.070383    1.607115 v _0972_/Y (sky130_fd_sc_hd__nor2_4)
                                                         _0097_ (net)
                      0.078705    0.012420    1.619535 v _1788_/A1_N (sky130_fd_sc_hd__o2bb2ai_1)
     1    0.003978    0.023823    0.090216    1.709751 v _1788_/Y (sky130_fd_sc_hd__o2bb2ai_1)
                                                         net73 (net)
                      0.023824    0.000171    1.709922 v output73/A (sky130_fd_sc_hd__buf_1)
     1    0.012615    0.053918    0.083583    1.793505 v output73/X (sky130_fd_sc_hd__buf_1)
                                                         result[17] (net)
                      0.053926    0.000646    1.794151 v result[17] (out)
                                              1.794151   data arrival time

                      0.000000    0.000000    0.000000   clock __VIRTUAL_CLK__ (rise edge)
                                  0.200000    0.200000   clock network delay (ideal)
                                  0.000000    0.200000   clock reconvergence pessimism
                                 -0.500000   -0.300000   output external delay
                                             -0.300000   data required time
---------------------------------------------------------------------------------------------
                                             -0.300000   data required time
                                             -1.794151   data arrival time
---------------------------------------------------------------------------------------------
                                              2.094151   slack (MET)


Startpoint: y[23] (input port clocked by __VIRTUAL_CLK__)
Endpoint: result[27] (output port clocked by __VIRTUAL_CLK__)
Path Group: __VIRTUAL_CLK__
Path Type: min

Fanout         Cap        Slew       Delay        Time   Description
---------------------------------------------------------------------------------------------
                      0.000000    0.000000    0.000000   clock __VIRTUAL_CLK__ (rise edge)
                                  0.200000    0.200000   clock network delay (ideal)
                                  1.000000    1.200000 ^ input external delay
     1    0.007904    0.000000    0.000000    1.200000 ^ y[23] (in)
                                                         y[23] (net)
                      0.000444    0.000222    1.200222 ^ input48/A (sky130_fd_sc_hd__clkbuf_4)
     7    0.055453    0.130555    0.146392    1.346614 ^ input48/X (sky130_fd_sc_hd__clkbuf_4)
                                                         net48 (net)
                      0.130946    0.005812    1.352426 ^ _0969_/D (sky130_fd_sc_hd__nor4_4)
     3    0.028853    0.051756    0.049676    1.402102 v _0969_/Y (sky130_fd_sc_hd__nor4_4)
                                                         _0094_ (net)
                      0.051883    0.001941    1.404043 v _0971_/A (sky130_fd_sc_hd__nand2_4)
    10    0.069071    0.154248    0.133630    1.537673 ^ _0971_/Y (sky130_fd_sc_hd__nand2_4)
                                                         _0096_ (net)
                      0.154711    0.006885    1.544558 ^ _1839_/A2_N (sky130_fd_sc_hd__a2bb2oi_1)
     1    0.007729    0.103177    0.110638    1.655197 ^ _1839_/Y (sky130_fd_sc_hd__a2bb2oi_1)
                                                         net84 (net)
                      0.103186    0.000750    1.655946 ^ output84/A (sky130_fd_sc_hd__buf_1)
     1    0.016459    0.147788    0.139423    1.795369 ^ output84/X (sky130_fd_sc_hd__buf_1)
                                                         result[27] (net)
                      0.147803    0.001236    1.796605 ^ result[27] (out)
                                              1.796605   data arrival time

                      0.000000    0.000000    0.000000   clock __VIRTUAL_CLK__ (rise edge)
                                  0.200000    0.200000   clock network delay (ideal)
                                  0.000000    0.200000   clock reconvergence pessimism
                                 -0.500000   -0.300000   output external delay
                                             -0.300000   data required time
---------------------------------------------------------------------------------------------
                                             -0.300000   data required time
                                             -1.796605   data arrival time
---------------------------------------------------------------------------------------------
                                              2.096605   slack (MET)


Startpoint: x[30] (input port clocked by __VIRTUAL_CLK__)
Endpoint: result[18] (output port clocked by __VIRTUAL_CLK__)
Path Group: __VIRTUAL_CLK__
Path Type: min

Fanout         Cap        Slew       Delay        Time   Description
---------------------------------------------------------------------------------------------
                      0.000000    0.000000    0.000000   clock __VIRTUAL_CLK__ (rise edge)
                                  0.200000    0.200000   clock network delay (ideal)
                                  1.000000    1.200000 ^ input external delay
     1    0.003701    0.000000    0.000000    1.200000 ^ x[30] (in)
                                                         x[30] (net)
                      0.000200    0.000100    1.200100 ^ input24/A (sky130_fd_sc_hd__clkbuf_4)
     8    0.061524    0.143085    0.155631    1.355730 ^ input24/X (sky130_fd_sc_hd__clkbuf_4)
                                                         net24 (net)
                      0.143245    0.003934    1.359665 ^ _0967_/A (sky130_fd_sc_hd__nor4_2)
     1    0.017755    0.062869    0.066046    1.425711 v _0967_/Y (sky130_fd_sc_hd__nor4_2)
                                                         _0092_ (net)
                      0.062879    0.001409    1.427119 v _0968_/B (sky130_fd_sc_hd__nand2_8)
    12    0.066665    0.093255    0.102785    1.529905 ^ _0968_/Y (sky130_fd_sc_hd__nand2_8)
                                                         _0093_ (net)
                      0.094045    0.006827    1.536732 ^ _0972_/A (sky130_fd_sc_hd__nor2_4)
    15    0.067634    0.075294    0.070383    1.607115 v _0972_/Y (sky130_fd_sc_hd__nor2_4)
                                                         _0097_ (net)
                      0.077943    0.010926    1.618041 v _1791_/A1_N (sky130_fd_sc_hd__o2bb2ai_1)
     1    0.004839    0.027014    0.092589    1.710630 v _1791_/Y (sky130_fd_sc_hd__o2bb2ai_1)
                                                         net74 (net)
                      0.027017    0.000330    1.710961 v output74/A (sky130_fd_sc_hd__buf_1)
     1    0.012706    0.054258    0.085122    1.796083 v output74/X (sky130_fd_sc_hd__buf_1)
                                                         result[18] (net)
                      0.054266    0.000675    1.796758 v result[18] (out)
                                              1.796758   data arrival time

                      0.000000    0.000000    0.000000   clock __VIRTUAL_CLK__ (rise edge)
                                  0.200000    0.200000   clock network delay (ideal)
                                  0.000000    0.200000   clock reconvergence pessimism
                                 -0.500000   -0.300000   output external delay
                                             -0.300000   data required time
---------------------------------------------------------------------------------------------
                                             -0.300000   data required time
                                             -1.796758   data arrival time
---------------------------------------------------------------------------------------------
                                              2.096758   slack (MET)


Startpoint: x[30] (input port clocked by __VIRTUAL_CLK__)
Endpoint: result[30] (output port clocked by __VIRTUAL_CLK__)
Path Group: __VIRTUAL_CLK__
Path Type: min

Fanout         Cap        Slew       Delay        Time   Description
---------------------------------------------------------------------------------------------
                      0.000000    0.000000    0.000000   clock __VIRTUAL_CLK__ (rise edge)
                                  0.200000    0.200000   clock network delay (ideal)
                                  1.000000    1.200000 ^ input external delay
     1    0.003701    0.000000    0.000000    1.200000 ^ x[30] (in)
                                                         x[30] (net)
                      0.000200    0.000100    1.200100 ^ input24/A (sky130_fd_sc_hd__clkbuf_4)
     8    0.061524    0.143085    0.155631    1.355730 ^ input24/X (sky130_fd_sc_hd__clkbuf_4)
                                                         net24 (net)
                      0.143245    0.003934    1.359665 ^ _0967_/A (sky130_fd_sc_hd__nor4_2)
     1    0.017755    0.062869    0.066046    1.425711 v _0967_/Y (sky130_fd_sc_hd__nor4_2)
                                                         _0092_ (net)
                      0.062879    0.001409    1.427119 v _0968_/B (sky130_fd_sc_hd__nand2_8)
    12    0.066665    0.093255    0.102785    1.529905 ^ _0968_/Y (sky130_fd_sc_hd__nand2_8)
                                                         _0093_ (net)
                      0.094045    0.006827    1.536732 ^ _0972_/A (sky130_fd_sc_hd__nor2_4)
    15    0.067634    0.075294    0.070383    1.607115 v _0972_/Y (sky130_fd_sc_hd__nor2_4)
                                                         _0097_ (net)
                      0.077816    0.010660    1.617775 v _1844_/B1 (sky130_fd_sc_hd__a21oi_1)
     1    0.005142    0.073500    0.085711    1.703486 ^ _1844_/Y (sky130_fd_sc_hd__a21oi_1)
                                                         net88 (net)
                      0.073500    0.000350    1.703836 ^ output88/A (sky130_fd_sc_hd__buf_1)
     1    0.014085    0.127583    0.123447    1.827283 ^ output88/X (sky130_fd_sc_hd__buf_1)
                                                         result[30] (net)
                      0.127598    0.001131    1.828414 ^ result[30] (out)
                                              1.828414   data arrival time

                      0.000000    0.000000    0.000000   clock __VIRTUAL_CLK__ (rise edge)
                                  0.200000    0.200000   clock network delay (ideal)
                                  0.000000    0.200000   clock reconvergence pessimism
                                 -0.500000   -0.300000   output external delay
                                             -0.300000   data required time
---------------------------------------------------------------------------------------------
                                             -0.300000   data required time
                                             -1.828414   data arrival time
---------------------------------------------------------------------------------------------
                                              2.128414   slack (MET)


Startpoint: y[25] (input port clocked by __VIRTUAL_CLK__)
Endpoint: result[25] (output port clocked by __VIRTUAL_CLK__)
Path Group: __VIRTUAL_CLK__
Path Type: min

Fanout         Cap        Slew       Delay        Time   Description
---------------------------------------------------------------------------------------------
                      0.000000    0.000000    0.000000   clock __VIRTUAL_CLK__ (rise edge)
                                  0.200000    0.200000   clock network delay (ideal)
                                  1.000000    1.200000 v input external delay
     1    0.008401    0.000000    0.000000    1.200000 v y[25] (in)
                                                         y[25] (net)
                      0.000607    0.000303    1.200303 v input50/A (sky130_fd_sc_hd__buf_4)
     8    0.066453    0.066847    0.119410    1.319713 v input50/X (sky130_fd_sc_hd__buf_4)
                                                         net50 (net)
                      0.068782    0.008955    1.328668 v _1600_/B1 (sky130_fd_sc_hd__a21oi_2)
     2    0.015592    0.112573    0.112396    1.441064 ^ _1600_/Y (sky130_fd_sc_hd__a21oi_2)
                                                         _0725_ (net)
                      0.112584    0.000902    1.441965 ^ _1601_/B1 (sky130_fd_sc_hd__a31o_1)
     2    0.015817    0.116365    0.123027    1.564992 ^ _1601_/X (sky130_fd_sc_hd__a31o_1)
                                                         _0726_ (net)
                      0.116384    0.001243    1.566236 ^ _1665_/A1 (sky130_fd_sc_hd__o22ai_1)
     2    0.007201    0.051059    0.068571    1.634807 v _1665_/Y (sky130_fd_sc_hd__o22ai_1)
                                                         _0790_ (net)
                      0.051059    0.000240    1.635047 v _1834_/C1 (sky130_fd_sc_hd__o221ai_1)
     1    0.004802    0.048936    0.061495    1.696543 ^ _1834_/Y (sky130_fd_sc_hd__o221ai_1)
                                                         _0936_ (net)
                      0.048938    0.000317    1.696860 ^ _1835_/B2 (sky130_fd_sc_hd__a2bb2oi_1)
     1    0.018482    0.065494    0.081740    1.778600 v _1835_/Y (sky130_fd_sc_hd__a2bb2oi_1)
                                                         net82 (net)
                      0.065539    0.001571    1.780171 v output82/A (sky130_fd_sc_hd__buf_1)
     1    0.025969    0.103951    0.137656    1.917827 v output82/X (sky130_fd_sc_hd__buf_1)
                                                         result[25] (net)
                      0.103987    0.001817    1.919644 v result[25] (out)
                                              1.919644   data arrival time

                      0.000000    0.000000    0.000000   clock __VIRTUAL_CLK__ (rise edge)
                                  0.200000    0.200000   clock network delay (ideal)
                                  0.000000    0.200000   clock reconvergence pessimism
                                 -0.500000   -0.300000   output external delay
                                             -0.300000   data required time
---------------------------------------------------------------------------------------------
                                             -0.300000   data required time
                                             -1.919644   data arrival time
---------------------------------------------------------------------------------------------
                                              2.219644   slack (MET)


Startpoint: y[23] (input port clocked by __VIRTUAL_CLK__)
Endpoint: result[24] (output port clocked by __VIRTUAL_CLK__)
Path Group: __VIRTUAL_CLK__
Path Type: min

Fanout         Cap        Slew       Delay        Time   Description
---------------------------------------------------------------------------------------------
                      0.000000    0.000000    0.000000   clock __VIRTUAL_CLK__ (rise edge)
                                  0.200000    0.200000   clock network delay (ideal)
                                  1.000000    1.200000 ^ input external delay
     1    0.007904    0.000000    0.000000    1.200000 ^ y[23] (in)
                                                         y[23] (net)
                      0.000444    0.000222    1.200222 ^ input48/A (sky130_fd_sc_hd__clkbuf_4)
     7    0.055453    0.130555    0.146392    1.346614 ^ input48/X (sky130_fd_sc_hd__clkbuf_4)
                                                         net48 (net)
                      0.130946    0.005812    1.352426 ^ _0969_/D (sky130_fd_sc_hd__nor4_4)
     3    0.028853    0.051756    0.049676    1.402102 v _0969_/Y (sky130_fd_sc_hd__nor4_4)
                                                         _0094_ (net)
                      0.051883    0.001941    1.404043 v _0971_/A (sky130_fd_sc_hd__nand2_4)
    10    0.069071    0.154248    0.133630    1.537673 ^ _0971_/Y (sky130_fd_sc_hd__nand2_4)
                                                         _0096_ (net)
                      0.154630    0.006273    1.543946 ^ _1833_/A2_N (sky130_fd_sc_hd__a2bb2oi_1)
     1    0.018615    0.222346    0.195409    1.739355 ^ _1833_/Y (sky130_fd_sc_hd__a2bb2oi_1)
                                                         net81 (net)
                      0.222387    0.002511    1.741867 ^ output81/A (sky130_fd_sc_hd__buf_1)
     1    0.027172    0.238476    0.201298    1.943165 ^ output81/X (sky130_fd_sc_hd__buf_1)
                                                         result[24] (net)
                      0.238540    0.003256    1.946421 ^ result[24] (out)
                                              1.946421   data arrival time

                      0.000000    0.000000    0.000000   clock __VIRTUAL_CLK__ (rise edge)
                                  0.200000    0.200000   clock network delay (ideal)
                                  0.000000    0.200000   clock reconvergence pessimism
                                 -0.500000   -0.300000   output external delay
                                             -0.300000   data required time
---------------------------------------------------------------------------------------------
                                             -0.300000   data required time
                                             -1.946421   data arrival time
---------------------------------------------------------------------------------------------
                                              2.246421   slack (MET)


Startpoint: y[23] (input port clocked by __VIRTUAL_CLK__)
Endpoint: result[26] (output port clocked by __VIRTUAL_CLK__)
Path Group: __VIRTUAL_CLK__
Path Type: min

Fanout         Cap        Slew       Delay        Time   Description
---------------------------------------------------------------------------------------------
                      0.000000    0.000000    0.000000   clock __VIRTUAL_CLK__ (rise edge)
                                  0.200000    0.200000   clock network delay (ideal)
                                  1.000000    1.200000 ^ input external delay
     1    0.007904    0.000000    0.000000    1.200000 ^ y[23] (in)
                                                         y[23] (net)
                      0.000444    0.000222    1.200222 ^ input48/A (sky130_fd_sc_hd__clkbuf_4)
     7    0.055453    0.130555    0.146392    1.346614 ^ input48/X (sky130_fd_sc_hd__clkbuf_4)
                                                         net48 (net)
                      0.130946    0.005812    1.352426 ^ _0969_/D (sky130_fd_sc_hd__nor4_4)
     3    0.028853    0.051756    0.049676    1.402102 v _0969_/Y (sky130_fd_sc_hd__nor4_4)
                                                         _0094_ (net)
                      0.051883    0.001941    1.404043 v _0971_/A (sky130_fd_sc_hd__nand2_4)
    10    0.069071    0.154248    0.133630    1.537673 ^ _0971_/Y (sky130_fd_sc_hd__nand2_4)
                                                         _0096_ (net)
                      0.154658    0.006495    1.544168 ^ _1837_/A2_N (sky130_fd_sc_hd__a2bb2oi_1)
     1    0.020383    0.241689    0.209634    1.753802 ^ _1837_/Y (sky130_fd_sc_hd__a2bb2oi_1)
                                                         net83 (net)
                      0.241706    0.001699    1.755500 ^ output83/A (sky130_fd_sc_hd__buf_1)
     1    0.027253    0.238988    0.202209    1.957710 ^ output83/X (sky130_fd_sc_hd__buf_1)
                                                         result[26] (net)
                      0.239012    0.001984    1.959693 ^ result[26] (out)
                                              1.959693   data arrival time

                      0.000000    0.000000    0.000000   clock __VIRTUAL_CLK__ (rise edge)
                                  0.200000    0.200000   clock network delay (ideal)
                                  0.000000    0.200000   clock reconvergence pessimism
                                 -0.500000   -0.300000   output external delay
                                             -0.300000   data required time
---------------------------------------------------------------------------------------------
                                             -0.300000   data required time
                                             -1.959693   data arrival time
---------------------------------------------------------------------------------------------
                                              2.259693   slack (MET)


Startpoint: y[23] (input port clocked by __VIRTUAL_CLK__)
Endpoint: result[23] (output port clocked by __VIRTUAL_CLK__)
Path Group: __VIRTUAL_CLK__
Path Type: min

Fanout         Cap        Slew       Delay        Time   Description
---------------------------------------------------------------------------------------------
                      0.000000    0.000000    0.000000   clock __VIRTUAL_CLK__ (rise edge)
                                  0.200000    0.200000   clock network delay (ideal)
                                  1.000000    1.200000 ^ input external delay
     1    0.007904    0.000000    0.000000    1.200000 ^ y[23] (in)
                                                         y[23] (net)
                      0.000444    0.000222    1.200222 ^ input48/A (sky130_fd_sc_hd__clkbuf_4)
     7    0.055453    0.130555    0.146392    1.346614 ^ input48/X (sky130_fd_sc_hd__clkbuf_4)
                                                         net48 (net)
                      0.130946    0.005812    1.352426 ^ _0969_/D (sky130_fd_sc_hd__nor4_4)
     3    0.028853    0.051756    0.049676    1.402102 v _0969_/Y (sky130_fd_sc_hd__nor4_4)
                                                         _0094_ (net)
                      0.051883    0.001941    1.404043 v _0971_/A (sky130_fd_sc_hd__nand2_4)
    10    0.069071    0.154248    0.133630    1.537673 ^ _0971_/Y (sky130_fd_sc_hd__nand2_4)
                                                         _0096_ (net)
                      0.154664    0.006536    1.544209 ^ _1831_/A2_N (sky130_fd_sc_hd__a2bb2oi_1)
     1    0.019340    0.230230    0.201411    1.745620 ^ _1831_/Y (sky130_fd_sc_hd__a2bb2oi_1)
                                                         net80 (net)
                      0.230246    0.001603    1.747223 ^ output80/A (sky130_fd_sc_hd__buf_1)
     1    0.029820    0.260834    0.217412    1.964635 ^ output80/X (sky130_fd_sc_hd__buf_1)
                                                         result[23] (net)
                      0.260856    0.001992    1.966627 ^ result[23] (out)
                                              1.966627   data arrival time

                      0.000000    0.000000    0.000000   clock __VIRTUAL_CLK__ (rise edge)
                                  0.200000    0.200000   clock network delay (ideal)
                                  0.000000    0.200000   clock reconvergence pessimism
                                 -0.500000   -0.300000   output external delay
                                             -0.300000   data required time
---------------------------------------------------------------------------------------------
                                             -0.300000   data required time
                                             -1.966627   data arrival time
---------------------------------------------------------------------------------------------
                                              2.266627   slack (MET)



