
===========================================================================
report_checks -unconstrained
===========================================================================
======================= nom_tt_025C_1v80 Corner ===================================

Startpoint: y[29] (input port clocked by __VIRTUAL_CLK__)
Endpoint: result[16] (output port clocked by __VIRTUAL_CLK__)
Path Group: __VIRTUAL_CLK__
Path Type: max

Fanout         Cap        Slew       Delay        Time   Description
---------------------------------------------------------------------------------------------
                      0.000000    0.000000    0.000000   clock __VIRTUAL_CLK__ (rise edge)
                                  0.200000    0.200000   clock network delay (ideal)
                                  1.000000    1.200000 ^ input external delay
     1    0.006735    0.000000    0.000000    1.200000 ^ y[29] (in)
                                                         y[29] (net)
                      0.000176    0.000088    1.200088 ^ input54/A (sky130_fd_sc_hd__clkbuf_4)
     7    0.055260    0.170012    0.210859    1.410947 ^ input54/X (sky130_fd_sc_hd__clkbuf_4)
                                                         net54 (net)
                      0.170063    0.002432    1.413379 ^ _0949_/A (sky130_fd_sc_hd__clkinv_4)
     6    0.046708    0.108461    0.137592    1.550972 v _0949_/Y (sky130_fd_sc_hd__clkinv_4)
                                                         _0934_ (net)
                      0.108517    0.001314    1.552285 v _1018_/B (sky130_fd_sc_hd__nor2_4)
     8    0.055085    0.347168    0.306473    1.858758 ^ _1018_/Y (sky130_fd_sc_hd__nor2_4)
                                                         _0143_ (net)
                      0.347228    0.003805    1.862563 ^ _1035_/B (sky130_fd_sc_hd__nor2_2)
     4    0.028500    0.120456    0.151280    2.013844 v _1035_/Y (sky130_fd_sc_hd__nor2_2)
                                                         _0160_ (net)
                      0.120491    0.001630    2.015474 v _1037_/A1 (sky130_fd_sc_hd__a31oi_4)
     9    0.068787    0.531420    0.463049    2.478523 ^ _1037_/Y (sky130_fd_sc_hd__a31oi_4)
                                                         _0162_ (net)
                      0.531425    0.001476    2.479999 ^ wire104/A (sky130_fd_sc_hd__buf_8)
    20    0.115429    0.191062    0.283189    2.763188 ^ wire104/X (sky130_fd_sc_hd__buf_8)
                                                         net104 (net)
                      0.191662    0.008681    2.771869 ^ max_cap103/A (sky130_fd_sc_hd__buf_8)
    27    0.111557    0.183147    0.236674    3.008543 ^ max_cap103/X (sky130_fd_sc_hd__buf_8)
                                                         net103 (net)
                      0.183429    0.005901    3.014443 ^ _1040_/B1 (sky130_fd_sc_hd__o21ai_4)
     8    0.046784    0.129784    0.155615    3.170058 v _1040_/Y (sky130_fd_sc_hd__o21ai_4)
                                                         _0165_ (net)
                      0.129804    0.001324    3.171381 v max_cap97/A (sky130_fd_sc_hd__buf_8)
    14    0.105644    0.083152    0.208355    3.379736 v max_cap97/X (sky130_fd_sc_hd__buf_8)
                                                         net97 (net)
                      0.083575    0.004394    3.384130 v _1099_/A1 (sky130_fd_sc_hd__o21ai_4)
    23    0.101093    0.694243    0.583587    3.967717 ^ _1099_/Y (sky130_fd_sc_hd__o21ai_4)
                                                         _0224_ (net)
                      0.694458    0.010093    3.977811 ^ _1151_/A (sky130_fd_sc_hd__nand4_2)
     3    0.011054    0.211134    0.221912    4.199722 v _1151_/Y (sky130_fd_sc_hd__nand4_2)
                                                         _0276_ (net)
                      0.211134    0.000146    4.199868 v _1164_/C1 (sky130_fd_sc_hd__o211ai_1)
     2    0.007588    0.261628    0.187904    4.387772 ^ _1164_/Y (sky130_fd_sc_hd__o211ai_1)
                                                         _0289_ (net)
                      0.261628    0.000283    4.388055 ^ _1184_/A (sky130_fd_sc_hd__nand3_1)
     1    0.003993    0.095619    0.119861    4.507916 v _1184_/Y (sky130_fd_sc_hd__nand3_1)
                                                         _0309_ (net)
                      0.095619    0.000147    4.508064 v _1186_/A2 (sky130_fd_sc_hd__a21oi_1)
     1    0.013118    0.297867    0.301514    4.809578 ^ _1186_/Y (sky130_fd_sc_hd__a21oi_1)
                                                         _0311_ (net)
                      0.297869    0.000645    4.810223 ^ _1227_/B1 (sky130_fd_sc_hd__o221ai_4)
     4    0.036101    0.227037    0.237590    5.047812 v _1227_/Y (sky130_fd_sc_hd__o221ai_4)
                                                         _0352_ (net)
                      0.227040    0.001409    5.049221 v _1379_/A (sky130_fd_sc_hd__nand4_2)
     6    0.020130    0.151235    0.202621    5.251842 ^ _1379_/Y (sky130_fd_sc_hd__nand4_2)
                                                         _0504_ (net)
                      0.151237    0.000811    5.252653 ^ _1502_/C_N (sky130_fd_sc_hd__nor3b_1)
     3    0.009793    0.349391    0.346320    5.598973 ^ _1502_/Y (sky130_fd_sc_hd__nor3b_1)
                                                         _0627_ (net)
                      0.349391    0.000214    5.599186 ^ _1506_/B2 (sky130_fd_sc_hd__o221ai_1)
     1    0.003415    0.105613    0.161824    5.761011 v _1506_/Y (sky130_fd_sc_hd__o221ai_1)
                                                         _0631_ (net)
                      0.105613    0.000087    5.761097 v _1532_/A (sky130_fd_sc_hd__nand2_1)
     2    0.014118    0.139058    0.151203    5.912301 ^ _1532_/Y (sky130_fd_sc_hd__nand2_1)
                                                         _0657_ (net)
                      0.139058    0.000202    5.912503 ^ _1533_/A1 (sky130_fd_sc_hd__o21bai_2)
     2    0.014394    0.087510    0.121747    6.034250 v _1533_/Y (sky130_fd_sc_hd__o21bai_2)
                                                         _0658_ (net)
                      0.087511    0.000534    6.034783 v _1534_/A1 (sky130_fd_sc_hd__a21oi_2)
     3    0.018067    0.238076    0.250527    6.285311 ^ _1534_/Y (sky130_fd_sc_hd__a21oi_2)
                                                         _0659_ (net)
                      0.238077    0.000399    6.285710 ^ _1537_/A2 (sky130_fd_sc_hd__o211ai_2)
     2    0.008778    0.108897    0.126097    6.411807 v _1537_/Y (sky130_fd_sc_hd__o211ai_2)
                                                         _0662_ (net)
                      0.108898    0.000350    6.412157 v _1539_/A2_N (sky130_fd_sc_hd__o2bb2ai_2)
     2    0.013285    0.074367    0.170599    6.582756 v _1539_/Y (sky130_fd_sc_hd__o2bb2ai_2)
                                                         _0664_ (net)
                      0.074371    0.000616    6.583372 v _1541_/A1 (sky130_fd_sc_hd__a31oi_4)
     3    0.022350    0.230116    0.221128    6.804500 ^ _1541_/Y (sky130_fd_sc_hd__a31oi_4)
                                                         _0666_ (net)
                      0.230116    0.000558    6.805058 ^ _1543_/B2 (sky130_fd_sc_hd__o221ai_4)
     2    0.008997    0.098914    0.134253    6.939311 v _1543_/Y (sky130_fd_sc_hd__o221ai_4)
                                                         _0668_ (net)
                      0.098914    0.000309    6.939619 v _1545_/A (sky130_fd_sc_hd__nand3_2)
     2    0.013730    0.094375    0.112498    7.052118 ^ _1545_/Y (sky130_fd_sc_hd__nand3_2)
                                                         _0670_ (net)
                      0.094379    0.000555    7.052673 ^ _1547_/C1 (sky130_fd_sc_hd__o221ai_4)
     2    0.012400    0.103648    0.116184    7.168856 v _1547_/Y (sky130_fd_sc_hd__o221ai_4)
                                                         _0672_ (net)
                      0.103648    0.000384    7.169240 v _1549_/A1 (sky130_fd_sc_hd__a31oi_4)
     2    0.015694    0.188904    0.200098    7.369338 ^ _1549_/Y (sky130_fd_sc_hd__a31oi_4)
                                                         _0674_ (net)
                      0.188905    0.000554    7.369892 ^ _1550_/A2 (sky130_fd_sc_hd__o21bai_2)
     2    0.014078    0.093211    0.115984    7.485876 v _1550_/Y (sky130_fd_sc_hd__o21bai_2)
                                                         _0675_ (net)
                      0.093211    0.000239    7.486115 v _1552_/A1 (sky130_fd_sc_hd__a21oi_2)
     2    0.015767    0.211835    0.233337    7.719452 ^ _1552_/Y (sky130_fd_sc_hd__a21oi_2)
                                                         _0677_ (net)
                      0.211836    0.000477    7.719929 ^ _1554_/A2 (sky130_fd_sc_hd__o21bai_2)
     2    0.012656    0.085356    0.115112    7.835041 v _1554_/Y (sky130_fd_sc_hd__o21bai_2)
                                                         _0679_ (net)
                      0.085356    0.000193    7.835234 v _1557_/A (sky130_fd_sc_hd__nand2_1)
     2    0.015028    0.147012    0.147298    7.982532 ^ _1557_/Y (sky130_fd_sc_hd__nand2_1)
                                                         _0682_ (net)
                      0.147022    0.000995    7.983527 ^ _1559_/C1 (sky130_fd_sc_hd__o221ai_4)
     2    0.013081    0.100446    0.134186    8.117713 v _1559_/Y (sky130_fd_sc_hd__o221ai_4)
                                                         _0684_ (net)
                      0.100446    0.000341    8.118054 v _1561_/A1 (sky130_fd_sc_hd__a31oi_4)
     2    0.019441    0.212086    0.217477    8.335530 ^ _1561_/Y (sky130_fd_sc_hd__a31oi_4)
                                                         _0686_ (net)
                      0.212087    0.000343    8.335874 ^ _1563_/A2 (sky130_fd_sc_hd__o21bai_4)
     3    0.021131    0.091594    0.109424    8.445297 v _1563_/Y (sky130_fd_sc_hd__o21bai_4)
                                                         _0688_ (net)
                      0.091595    0.000507    8.445805 v _1567_/A (sky130_fd_sc_hd__nand2_2)
     2    0.021110    0.122427    0.132423    8.578227 ^ _1567_/Y (sky130_fd_sc_hd__nand2_2)
                                                         _0692_ (net)
                      0.122436    0.000838    8.579064 ^ _1572_/A2_N (sky130_fd_sc_hd__o2bb2ai_4)
    12    0.088902    0.566791    0.304865    8.883929 ^ _1572_/Y (sky130_fd_sc_hd__o2bb2ai_4)
                                                         _0697_ (net)
                      0.566826    0.003749    8.887678 ^ _1580_/B (sky130_fd_sc_hd__nand3_4)
    11    0.057170    0.244012    0.293013    9.180691 v _1580_/Y (sky130_fd_sc_hd__nand3_4)
                                                         _0705_ (net)
                      0.244117    0.001640    9.182331 v _1599_/B (sky130_fd_sc_hd__nand3_1)
     2    0.010299    0.143058    0.219523    9.401854 ^ _1599_/Y (sky130_fd_sc_hd__nand3_1)
                                                         _0724_ (net)
                      0.143058    0.000313    9.402166 ^ _1617_/B (sky130_fd_sc_hd__nand4_2)
     2    0.015138    0.148286    0.168582    9.570749 v _1617_/Y (sky130_fd_sc_hd__nand4_2)
                                                         _0742_ (net)
                      0.148286    0.000647    9.571396 v _1619_/B2 (sky130_fd_sc_hd__o22ai_4)
     4    0.017380    0.206873    0.189195    9.760591 ^ _1619_/Y (sky130_fd_sc_hd__o22ai_4)
                                                         _0744_ (net)
                      0.206874    0.000561    9.761152 ^ _1626_/A (sky130_fd_sc_hd__nand2_1)
     2    0.007491    0.087512    0.113377    9.874529 v _1626_/Y (sky130_fd_sc_hd__nand2_1)
                                                         _0751_ (net)
                      0.087512    0.000289    9.874818 v _1648_/A (sky130_fd_sc_hd__nand3_1)
     1    0.003975    0.077254    0.088901    9.963719 ^ _1648_/Y (sky130_fd_sc_hd__nand3_1)
                                                         _0773_ (net)
                      0.077254    0.000143    9.963862 ^ _1649_/C (sky130_fd_sc_hd__nand3_1)
     3    0.008545    0.114858    0.119160   10.083022 v _1649_/Y (sky130_fd_sc_hd__nand3_1)
                                                         _0774_ (net)
                      0.114858    0.000238   10.083260 v _1651_/B1 (sky130_fd_sc_hd__o21ai_1)
     2    0.007233    0.187024    0.140053   10.223313 ^ _1651_/Y (sky130_fd_sc_hd__o21ai_1)
                                                         _0776_ (net)
                      0.187024    0.000133   10.223447 ^ _1682_/A (sky130_fd_sc_hd__nand3_2)
     2    0.012005    0.110742    0.126204   10.349650 v _1682_/Y (sky130_fd_sc_hd__nand3_2)
                                                         _0807_ (net)
                      0.110742    0.000291   10.349941 v _1683_/B1 (sky130_fd_sc_hd__a21oi_4)
    22    0.071794    0.508171    0.437097   10.787038 ^ _1683_/Y (sky130_fd_sc_hd__a21oi_4)
                                                         _0808_ (net)
                      0.508184    0.002195   10.789233 ^ _1785_/A3 (sky130_fd_sc_hd__o32ai_1)
     1    0.004695    0.103086    0.155231   10.944465 v _1785_/Y (sky130_fd_sc_hd__o32ai_1)
                                                         net72 (net)
                      0.103086    0.000197   10.944661 v output72/A (sky130_fd_sc_hd__buf_1)
     1    0.011491    0.072734    0.152177   11.096838 v output72/X (sky130_fd_sc_hd__buf_1)
                                                         result[16] (net)
                      0.072735    0.000330   11.097168 v result[16] (out)
                                             11.097168   data arrival time

                      0.000000   20.000000   20.000000   clock __VIRTUAL_CLK__ (rise edge)
                                  0.200000   20.200001   clock network delay (ideal)
                                  0.000000   20.200001   clock reconvergence pessimism
                                 -0.500000   19.700001   output external delay
                                             19.700001   data required time
---------------------------------------------------------------------------------------------
                                             19.700001   data required time
                                            -11.097168   data arrival time
---------------------------------------------------------------------------------------------
                                              8.602833   slack (MET)




===========================================================================
report_checks --slack_max -0.01
============================================================================
======================= nom_tt_025C_1v80 Corner ===================================

No paths found.


===========================================================================
 report_check_types -max_slew -max_cap -max_fanout -violators
============================================================================
======================= nom_tt_025C_1v80 Corner ===================================



===========================================================================
report_parasitic_annotation -report_unannotated
============================================================================
Found 0 unannotated drivers.
Found 0 partially unannotated drivers.

===========================================================================
max slew violation count 0
Writing metric design__max_slew_violation__count__corner:nom_tt_025C_1v80: 0
max fanout violation count 0
Writing metric design__max_fanout_violation__count__corner:nom_tt_025C_1v80: 0
max cap violation count 0
Writing metric design__max_cap_violation__count__corner:nom_tt_025C_1v80: 0
============================================================================

===========================================================================
check_setup -verbose -unconstrained_endpoints -multiple_clock -no_clock -no_input_delay -loops -generated_clocks
===========================================================================
