
===========================================================================
report_checks -path_delay min (Hold)
============================================================================
======================= min_tt_025C_1v80 Corner ===================================

Startpoint: y[28] (input port clocked by __VIRTUAL_CLK__)
Endpoint: result[5] (output port clocked by __VIRTUAL_CLK__)
Path Group: __VIRTUAL_CLK__
Path Type: min

Fanout         Cap        Slew       Delay        Time   Description
---------------------------------------------------------------------------------------------
                      0.000000    0.000000    0.000000   clock __VIRTUAL_CLK__ (rise edge)
                                  0.200000    0.200000   clock network delay (ideal)
                                  1.000000    1.200000 ^ input external delay
     1    0.005713    0.000000    0.000000    1.200000 ^ y[28] (in)
                                                         y[28] (net)
                      0.000110    0.000055    1.200055 ^ input53/A (sky130_fd_sc_hd__clkbuf_4)
     6    0.047772    0.150270    0.196305    1.396360 ^ input53/X (sky130_fd_sc_hd__clkbuf_4)
                                                         net53 (net)
                      0.150328    0.001050    1.397410 ^ _0970_/C (sky130_fd_sc_hd__nor4_4)
     3    0.024949    0.062796    0.090241    1.487651 v _0970_/Y (sky130_fd_sc_hd__nor4_4)
                                                         _0095_ (net)
                      0.062796    0.000184    1.487835 v _0973_/C (sky130_fd_sc_hd__nand3b_4)
    20    0.085749    0.262435    0.231345    1.719180 ^ _0973_/Y (sky130_fd_sc_hd__nand3b_4)
                                                         _0098_ (net)
                      0.262545    0.004428    1.723608 ^ _1752_/B2 (sky130_fd_sc_hd__o32ai_1)
     1    0.002323    0.046848    0.111390    1.834998 v _1752_/Y (sky130_fd_sc_hd__o32ai_1)
                                                         net92 (net)
                      0.046848    0.000012    1.835010 v output92/A (sky130_fd_sc_hd__buf_1)
     1    0.010956    0.069670    0.125099    1.960109 v output92/X (sky130_fd_sc_hd__buf_1)
                                                         result[5] (net)
                      0.069670    0.000116    1.960225 v result[5] (out)
                                              1.960225   data arrival time

                      0.000000    0.000000    0.000000   clock __VIRTUAL_CLK__ (rise edge)
                                  0.200000    0.200000   clock network delay (ideal)
                                  0.000000    0.200000   clock reconvergence pessimism
                                 -0.500000   -0.300000   output external delay
                                             -0.300000   data required time
---------------------------------------------------------------------------------------------
                                             -0.300000   data required time
                                             -1.960225   data arrival time
---------------------------------------------------------------------------------------------
                                              2.260225   slack (MET)


Startpoint: y[28] (input port clocked by __VIRTUAL_CLK__)
Endpoint: result[0] (output port clocked by __VIRTUAL_CLK__)
Path Group: __VIRTUAL_CLK__
Path Type: min

Fanout         Cap        Slew       Delay        Time   Description
---------------------------------------------------------------------------------------------
                      0.000000    0.000000    0.000000   clock __VIRTUAL_CLK__ (rise edge)
                                  0.200000    0.200000   clock network delay (ideal)
                                  1.000000    1.200000 ^ input external delay
     1    0.005713    0.000000    0.000000    1.200000 ^ y[28] (in)
                                                         y[28] (net)
                      0.000110    0.000055    1.200055 ^ input53/A (sky130_fd_sc_hd__clkbuf_4)
     6    0.047772    0.150270    0.196305    1.396360 ^ input53/X (sky130_fd_sc_hd__clkbuf_4)
                                                         net53 (net)
                      0.150328    0.001050    1.397410 ^ _0970_/C (sky130_fd_sc_hd__nor4_4)
     3    0.024949    0.062796    0.090241    1.487651 v _0970_/Y (sky130_fd_sc_hd__nor4_4)
                                                         _0095_ (net)
                      0.062796    0.000184    1.487835 v _0973_/C (sky130_fd_sc_hd__nand3b_4)
    20    0.085749    0.262435    0.231345    1.719180 ^ _0973_/Y (sky130_fd_sc_hd__nand3b_4)
                                                         _0098_ (net)
                      0.262538    0.004297    1.723477 ^ _1737_/B2 (sky130_fd_sc_hd__o32ai_1)
     1    0.002730    0.051673    0.114950    1.838428 v _1737_/Y (sky130_fd_sc_hd__o32ai_1)
                                                         net65 (net)
                      0.051673    0.000028    1.838455 v output65/A (sky130_fd_sc_hd__buf_1)
     1    0.010834    0.069012    0.126711    1.965167 v output65/X (sky130_fd_sc_hd__buf_1)
                                                         result[0] (net)
                      0.069012    0.000108    1.965275 v result[0] (out)
                                              1.965275   data arrival time

                      0.000000    0.000000    0.000000   clock __VIRTUAL_CLK__ (rise edge)
                                  0.200000    0.200000   clock network delay (ideal)
                                  0.000000    0.200000   clock reconvergence pessimism
                                 -0.500000   -0.300000   output external delay
                                             -0.300000   data required time
---------------------------------------------------------------------------------------------
                                             -0.300000   data required time
                                             -1.965275   data arrival time
---------------------------------------------------------------------------------------------
                                              2.265275   slack (MET)


Startpoint: y[28] (input port clocked by __VIRTUAL_CLK__)
Endpoint: result[13] (output port clocked by __VIRTUAL_CLK__)
Path Group: __VIRTUAL_CLK__
Path Type: min

Fanout         Cap        Slew       Delay        Time   Description
---------------------------------------------------------------------------------------------
                      0.000000    0.000000    0.000000   clock __VIRTUAL_CLK__ (rise edge)
                                  0.200000    0.200000   clock network delay (ideal)
                                  1.000000    1.200000 ^ input external delay
     1    0.005713    0.000000    0.000000    1.200000 ^ y[28] (in)
                                                         y[28] (net)
                      0.000110    0.000055    1.200055 ^ input53/A (sky130_fd_sc_hd__clkbuf_4)
     6    0.047772    0.150270    0.196305    1.396360 ^ input53/X (sky130_fd_sc_hd__clkbuf_4)
                                                         net53 (net)
                      0.150328    0.001050    1.397410 ^ _0970_/C (sky130_fd_sc_hd__nor4_4)
     3    0.024949    0.062796    0.090241    1.487651 v _0970_/Y (sky130_fd_sc_hd__nor4_4)
                                                         _0095_ (net)
                      0.062796    0.000184    1.487835 v _0973_/C (sky130_fd_sc_hd__nand3b_4)
    20    0.085749    0.262435    0.231345    1.719180 ^ _0973_/Y (sky130_fd_sc_hd__nand3b_4)
                                                         _0098_ (net)
                      0.262547    0.004477    1.723657 ^ _1776_/B2 (sky130_fd_sc_hd__o32ai_1)
     1    0.003703    0.057212    0.123454    1.847111 v _1776_/Y (sky130_fd_sc_hd__o32ai_1)
                                                         net69 (net)
                      0.057212    0.000053    1.847164 v output69/A (sky130_fd_sc_hd__buf_1)
     1    0.010822    0.068953    0.129114    1.976278 v output69/X (sky130_fd_sc_hd__buf_1)
                                                         result[13] (net)
                      0.068953    0.000108    1.976386 v result[13] (out)
                                              1.976386   data arrival time

                      0.000000    0.000000    0.000000   clock __VIRTUAL_CLK__ (rise edge)
                                  0.200000    0.200000   clock network delay (ideal)
                                  0.000000    0.200000   clock reconvergence pessimism
                                 -0.500000   -0.300000   output external delay
                                             -0.300000   data required time
---------------------------------------------------------------------------------------------
                                             -0.300000   data required time
                                             -1.976386   data arrival time
---------------------------------------------------------------------------------------------
                                              2.276386   slack (MET)


Startpoint: y[28] (input port clocked by __VIRTUAL_CLK__)
Endpoint: result[2] (output port clocked by __VIRTUAL_CLK__)
Path Group: __VIRTUAL_CLK__
Path Type: min

Fanout         Cap        Slew       Delay        Time   Description
---------------------------------------------------------------------------------------------
                      0.000000    0.000000    0.000000   clock __VIRTUAL_CLK__ (rise edge)
                                  0.200000    0.200000   clock network delay (ideal)
                                  1.000000    1.200000 ^ input external delay
     1    0.005713    0.000000    0.000000    1.200000 ^ y[28] (in)
                                                         y[28] (net)
                      0.000110    0.000055    1.200055 ^ input53/A (sky130_fd_sc_hd__clkbuf_4)
     6    0.047772    0.150270    0.196305    1.396360 ^ input53/X (sky130_fd_sc_hd__clkbuf_4)
                                                         net53 (net)
                      0.150328    0.001050    1.397410 ^ _0970_/C (sky130_fd_sc_hd__nor4_4)
     3    0.024949    0.062796    0.090241    1.487651 v _0970_/Y (sky130_fd_sc_hd__nor4_4)
                                                         _0095_ (net)
                      0.062796    0.000184    1.487835 v _0973_/C (sky130_fd_sc_hd__nand3b_4)
    20    0.085749    0.262435    0.231345    1.719180 ^ _0973_/Y (sky130_fd_sc_hd__nand3b_4)
                                                         _0098_ (net)
                      0.262526    0.004043    1.723223 ^ _1743_/B2 (sky130_fd_sc_hd__o32ai_1)
     1    0.003955    0.058796    0.125646    1.848869 v _1743_/Y (sky130_fd_sc_hd__o32ai_1)
                                                         net87 (net)
                      0.058796    0.000059    1.848928 v output87/A (sky130_fd_sc_hd__buf_1)
     1    0.010850    0.069110    0.129940    1.978868 v output87/X (sky130_fd_sc_hd__buf_1)
                                                         result[2] (net)
                      0.069110    0.000105    1.978972 v result[2] (out)
                                              1.978972   data arrival time

                      0.000000    0.000000    0.000000   clock __VIRTUAL_CLK__ (rise edge)
                                  0.200000    0.200000   clock network delay (ideal)
                                  0.000000    0.200000   clock reconvergence pessimism
                                 -0.500000   -0.300000   output external delay
                                             -0.300000   data required time
---------------------------------------------------------------------------------------------
                                             -0.300000   data required time
                                             -1.978972   data arrival time
---------------------------------------------------------------------------------------------
                                              2.278972   slack (MET)


Startpoint: y[28] (input port clocked by __VIRTUAL_CLK__)
Endpoint: result[6] (output port clocked by __VIRTUAL_CLK__)
Path Group: __VIRTUAL_CLK__
Path Type: min

Fanout         Cap        Slew       Delay        Time   Description
---------------------------------------------------------------------------------------------
                      0.000000    0.000000    0.000000   clock __VIRTUAL_CLK__ (rise edge)
                                  0.200000    0.200000   clock network delay (ideal)
                                  1.000000    1.200000 ^ input external delay
     1    0.005713    0.000000    0.000000    1.200000 ^ y[28] (in)
                                                         y[28] (net)
                      0.000110    0.000055    1.200055 ^ input53/A (sky130_fd_sc_hd__clkbuf_4)
     6    0.047772    0.150270    0.196305    1.396360 ^ input53/X (sky130_fd_sc_hd__clkbuf_4)
                                                         net53 (net)
                      0.150328    0.001050    1.397410 ^ _0970_/C (sky130_fd_sc_hd__nor4_4)
     3    0.024949    0.062796    0.090241    1.487651 v _0970_/Y (sky130_fd_sc_hd__nor4_4)
                                                         _0095_ (net)
                      0.062796    0.000184    1.487835 v _0973_/C (sky130_fd_sc_hd__nand3b_4)
    20    0.085749    0.262435    0.231345    1.719180 ^ _0973_/Y (sky130_fd_sc_hd__nand3b_4)
                                                         _0098_ (net)
                      0.262530    0.004123    1.723303 ^ _1755_/A1 (sky130_fd_sc_hd__o22ai_1)
     1    0.002804    0.046273    0.131228    1.854531 v _1755_/Y (sky130_fd_sc_hd__o22ai_1)
                                                         net93 (net)
                      0.046273    0.000029    1.854560 v output93/A (sky130_fd_sc_hd__buf_1)
     1    0.010850    0.069084    0.124405    1.978965 v output93/X (sky130_fd_sc_hd__buf_1)
                                                         result[6] (net)
                      0.069084    0.000104    1.979070 v result[6] (out)
                                              1.979070   data arrival time

                      0.000000    0.000000    0.000000   clock __VIRTUAL_CLK__ (rise edge)
                                  0.200000    0.200000   clock network delay (ideal)
                                  0.000000    0.200000   clock reconvergence pessimism
                                 -0.500000   -0.300000   output external delay
                                             -0.300000   data required time
---------------------------------------------------------------------------------------------
                                             -0.300000   data required time
                                             -1.979070   data arrival time
---------------------------------------------------------------------------------------------
                                              2.279070   slack (MET)


Startpoint: y[28] (input port clocked by __VIRTUAL_CLK__)
Endpoint: result[21] (output port clocked by __VIRTUAL_CLK__)
Path Group: __VIRTUAL_CLK__
Path Type: min

Fanout         Cap        Slew       Delay        Time   Description
---------------------------------------------------------------------------------------------
                      0.000000    0.000000    0.000000   clock __VIRTUAL_CLK__ (rise edge)
                                  0.200000    0.200000   clock network delay (ideal)
                                  1.000000    1.200000 ^ input external delay
     1    0.005713    0.000000    0.000000    1.200000 ^ y[28] (in)
                                                         y[28] (net)
                      0.000110    0.000055    1.200055 ^ input53/A (sky130_fd_sc_hd__clkbuf_4)
     6    0.047772    0.150270    0.196305    1.396360 ^ input53/X (sky130_fd_sc_hd__clkbuf_4)
                                                         net53 (net)
                      0.150328    0.001050    1.397410 ^ _0970_/C (sky130_fd_sc_hd__nor4_4)
     3    0.024949    0.062796    0.090241    1.487651 v _0970_/Y (sky130_fd_sc_hd__nor4_4)
                                                         _0095_ (net)
                      0.062796    0.000184    1.487835 v _0973_/C (sky130_fd_sc_hd__nand3b_4)
    20    0.085749    0.262435    0.231345    1.719180 ^ _0973_/Y (sky130_fd_sc_hd__nand3b_4)
                                                         _0098_ (net)
                      0.262497    0.003361    1.722541 ^ _1800_/A1 (sky130_fd_sc_hd__o22ai_1)
     1    0.002587    0.046486    0.129599    1.852140 v _1800_/Y (sky130_fd_sc_hd__o22ai_1)
                                                         net78 (net)
                      0.046486    0.000025    1.852165 v output78/A (sky130_fd_sc_hd__buf_1)
     1    0.011826    0.074450    0.128586    1.980751 v output78/X (sky130_fd_sc_hd__buf_1)
                                                         result[21] (net)
                      0.074450    0.000154    1.980904 v result[21] (out)
                                              1.980904   data arrival time

                      0.000000    0.000000    0.000000   clock __VIRTUAL_CLK__ (rise edge)
                                  0.200000    0.200000   clock network delay (ideal)
                                  0.000000    0.200000   clock reconvergence pessimism
                                 -0.500000   -0.300000   output external delay
                                             -0.300000   data required time
---------------------------------------------------------------------------------------------
                                             -0.300000   data required time
                                             -1.980904   data arrival time
---------------------------------------------------------------------------------------------
                                              2.280905   slack (MET)


Startpoint: y[28] (input port clocked by __VIRTUAL_CLK__)
Endpoint: result[15] (output port clocked by __VIRTUAL_CLK__)
Path Group: __VIRTUAL_CLK__
Path Type: min

Fanout         Cap        Slew       Delay        Time   Description
---------------------------------------------------------------------------------------------
                      0.000000    0.000000    0.000000   clock __VIRTUAL_CLK__ (rise edge)
                                  0.200000    0.200000   clock network delay (ideal)
                                  1.000000    1.200000 ^ input external delay
     1    0.005713    0.000000    0.000000    1.200000 ^ y[28] (in)
                                                         y[28] (net)
                      0.000110    0.000055    1.200055 ^ input53/A (sky130_fd_sc_hd__clkbuf_4)
     6    0.047772    0.150270    0.196305    1.396360 ^ input53/X (sky130_fd_sc_hd__clkbuf_4)
                                                         net53 (net)
                      0.150328    0.001050    1.397410 ^ _0970_/C (sky130_fd_sc_hd__nor4_4)
     3    0.024949    0.062796    0.090241    1.487651 v _0970_/Y (sky130_fd_sc_hd__nor4_4)
                                                         _0095_ (net)
                      0.062796    0.000184    1.487835 v _0973_/C (sky130_fd_sc_hd__nand3b_4)
    20    0.085749    0.262435    0.231345    1.719180 ^ _0973_/Y (sky130_fd_sc_hd__nand3b_4)
                                                         _0098_ (net)
                      0.262525    0.004033    1.723213 ^ _1782_/A1 (sky130_fd_sc_hd__o22ai_1)
     1    0.003424    0.048723    0.135728    1.858941 v _1782_/Y (sky130_fd_sc_hd__o22ai_1)
                                                         net71 (net)
                      0.048723    0.000045    1.858986 v output71/A (sky130_fd_sc_hd__buf_1)
     1    0.010949    0.069633    0.125896    1.984882 v output71/X (sky130_fd_sc_hd__buf_1)
                                                         result[15] (net)
                      0.069633    0.000110    1.984993 v result[15] (out)
                                              1.984993   data arrival time

                      0.000000    0.000000    0.000000   clock __VIRTUAL_CLK__ (rise edge)
                                  0.200000    0.200000   clock network delay (ideal)
                                  0.000000    0.200000   clock reconvergence pessimism
                                 -0.500000   -0.300000   output external delay
                                             -0.300000   data required time
---------------------------------------------------------------------------------------------
                                             -0.300000   data required time
                                             -1.984993   data arrival time
---------------------------------------------------------------------------------------------
                                              2.284992   slack (MET)


Startpoint: y[28] (input port clocked by __VIRTUAL_CLK__)
Endpoint: result[14] (output port clocked by __VIRTUAL_CLK__)
Path Group: __VIRTUAL_CLK__
Path Type: min

Fanout         Cap        Slew       Delay        Time   Description
---------------------------------------------------------------------------------------------
                      0.000000    0.000000    0.000000   clock __VIRTUAL_CLK__ (rise edge)
                                  0.200000    0.200000   clock network delay (ideal)
                                  1.000000    1.200000 ^ input external delay
     1    0.005713    0.000000    0.000000    1.200000 ^ y[28] (in)
                                                         y[28] (net)
                      0.000110    0.000055    1.200055 ^ input53/A (sky130_fd_sc_hd__clkbuf_4)
     6    0.047772    0.150270    0.196305    1.396360 ^ input53/X (sky130_fd_sc_hd__clkbuf_4)
                                                         net53 (net)
                      0.150328    0.001050    1.397410 ^ _0970_/C (sky130_fd_sc_hd__nor4_4)
     3    0.024949    0.062796    0.090241    1.487651 v _0970_/Y (sky130_fd_sc_hd__nor4_4)
                                                         _0095_ (net)
                      0.062796    0.000184    1.487835 v _0973_/C (sky130_fd_sc_hd__nand3b_4)
    20    0.085749    0.262435    0.231345    1.719180 ^ _0973_/Y (sky130_fd_sc_hd__nand3b_4)
                                                         _0098_ (net)
                      0.262479    0.002842    1.722022 ^ _1779_/B2 (sky130_fd_sc_hd__o32ai_1)
     1    0.004706    0.063143    0.132200    1.854222 v _1779_/Y (sky130_fd_sc_hd__o32ai_1)
                                                         net70 (net)
                      0.063143    0.000084    1.854306 v output70/A (sky130_fd_sc_hd__buf_1)
     1    0.011005    0.069969    0.132524    1.986830 v output70/X (sky130_fd_sc_hd__buf_1)
                                                         result[14] (net)
                      0.069969    0.000110    1.986941 v result[14] (out)
                                              1.986941   data arrival time

                      0.000000    0.000000    0.000000   clock __VIRTUAL_CLK__ (rise edge)
                                  0.200000    0.200000   clock network delay (ideal)
                                  0.000000    0.200000   clock reconvergence pessimism
                                 -0.500000   -0.300000   output external delay
                                             -0.300000   data required time
---------------------------------------------------------------------------------------------
                                             -0.300000   data required time
                                             -1.986941   data arrival time
---------------------------------------------------------------------------------------------
                                              2.286941   slack (MET)


Startpoint: y[28] (input port clocked by __VIRTUAL_CLK__)
Endpoint: result[20] (output port clocked by __VIRTUAL_CLK__)
Path Group: __VIRTUAL_CLK__
Path Type: min

Fanout         Cap        Slew       Delay        Time   Description
---------------------------------------------------------------------------------------------
                      0.000000    0.000000    0.000000   clock __VIRTUAL_CLK__ (rise edge)
                                  0.200000    0.200000   clock network delay (ideal)
                                  1.000000    1.200000 ^ input external delay
     1    0.005713    0.000000    0.000000    1.200000 ^ y[28] (in)
                                                         y[28] (net)
                      0.000110    0.000055    1.200055 ^ input53/A (sky130_fd_sc_hd__clkbuf_4)
     6    0.047772    0.150270    0.196305    1.396360 ^ input53/X (sky130_fd_sc_hd__clkbuf_4)
                                                         net53 (net)
                      0.150328    0.001050    1.397410 ^ _0970_/C (sky130_fd_sc_hd__nor4_4)
     3    0.024949    0.062796    0.090241    1.487651 v _0970_/Y (sky130_fd_sc_hd__nor4_4)
                                                         _0095_ (net)
                      0.062796    0.000184    1.487835 v _0973_/C (sky130_fd_sc_hd__nand3b_4)
    20    0.085749    0.262435    0.231345    1.719180 ^ _0973_/Y (sky130_fd_sc_hd__nand3b_4)
                                                         _0098_ (net)
                      0.262484    0.002997    1.722177 ^ _1797_/A1 (sky130_fd_sc_hd__o22ai_1)
     1    0.003069    0.052227    0.133138    1.855315 v _1797_/Y (sky130_fd_sc_hd__o22ai_1)
                                                         net77 (net)
                      0.052227    0.000035    1.855350 v output77/A (sky130_fd_sc_hd__buf_1)
     1    0.012089    0.075914    0.132206    1.987556 v output77/X (sky130_fd_sc_hd__buf_1)
                                                         result[20] (net)
                      0.075914    0.000179    1.987735 v result[20] (out)
                                              1.987735   data arrival time

                      0.000000    0.000000    0.000000   clock __VIRTUAL_CLK__ (rise edge)
                                  0.200000    0.200000   clock network delay (ideal)
                                  0.000000    0.200000   clock reconvergence pessimism
                                 -0.500000   -0.300000   output external delay
                                             -0.300000   data required time
---------------------------------------------------------------------------------------------
                                             -0.300000   data required time
                                             -1.987735   data arrival time
---------------------------------------------------------------------------------------------
                                              2.287735   slack (MET)


Startpoint: y[28] (input port clocked by __VIRTUAL_CLK__)
Endpoint: result[19] (output port clocked by __VIRTUAL_CLK__)
Path Group: __VIRTUAL_CLK__
Path Type: min

Fanout         Cap        Slew       Delay        Time   Description
---------------------------------------------------------------------------------------------
                      0.000000    0.000000    0.000000   clock __VIRTUAL_CLK__ (rise edge)
                                  0.200000    0.200000   clock network delay (ideal)
                                  1.000000    1.200000 ^ input external delay
     1    0.005713    0.000000    0.000000    1.200000 ^ y[28] (in)
                                                         y[28] (net)
                      0.000110    0.000055    1.200055 ^ input53/A (sky130_fd_sc_hd__clkbuf_4)
     6    0.047772    0.150270    0.196305    1.396360 ^ input53/X (sky130_fd_sc_hd__clkbuf_4)
                                                         net53 (net)
                      0.150328    0.001050    1.397410 ^ _0970_/C (sky130_fd_sc_hd__nor4_4)
     3    0.024949    0.062796    0.090241    1.487651 v _0970_/Y (sky130_fd_sc_hd__nor4_4)
                                                         _0095_ (net)
                      0.062796    0.000184    1.487835 v _0973_/C (sky130_fd_sc_hd__nand3b_4)
    20    0.085749    0.262435    0.231345    1.719180 ^ _0973_/Y (sky130_fd_sc_hd__nand3b_4)
                                                         _0098_ (net)
                      0.262503    0.003515    1.722695 ^ _1794_/B2 (sky130_fd_sc_hd__o32ai_1)
     1    0.004489    0.061658    0.130303    1.852998 v _1794_/Y (sky130_fd_sc_hd__o32ai_1)
                                                         net75 (net)
                      0.061658    0.000101    1.853099 v output75/A (sky130_fd_sc_hd__buf_1)
     1    0.012361    0.077433    0.137500    1.990598 v output75/X (sky130_fd_sc_hd__buf_1)
                                                         result[19] (net)
                      0.077433    0.000240    1.990839 v result[19] (out)
                                              1.990839   data arrival time

                      0.000000    0.000000    0.000000   clock __VIRTUAL_CLK__ (rise edge)
                                  0.200000    0.200000   clock network delay (ideal)
                                  0.000000    0.200000   clock reconvergence pessimism
                                 -0.500000   -0.300000   output external delay
                                             -0.300000   data required time
---------------------------------------------------------------------------------------------
                                             -0.300000   data required time
                                             -1.990839   data arrival time
---------------------------------------------------------------------------------------------
                                              2.290839   slack (MET)


Startpoint: y[28] (input port clocked by __VIRTUAL_CLK__)
Endpoint: result[7] (output port clocked by __VIRTUAL_CLK__)
Path Group: __VIRTUAL_CLK__
Path Type: min

Fanout         Cap        Slew       Delay        Time   Description
---------------------------------------------------------------------------------------------
                      0.000000    0.000000    0.000000   clock __VIRTUAL_CLK__ (rise edge)
                                  0.200000    0.200000   clock network delay (ideal)
                                  1.000000    1.200000 ^ input external delay
     1    0.005713    0.000000    0.000000    1.200000 ^ y[28] (in)
                                                         y[28] (net)
                      0.000110    0.000055    1.200055 ^ input53/A (sky130_fd_sc_hd__clkbuf_4)
     6    0.047772    0.150270    0.196305    1.396360 ^ input53/X (sky130_fd_sc_hd__clkbuf_4)
                                                         net53 (net)
                      0.150328    0.001050    1.397410 ^ _0970_/C (sky130_fd_sc_hd__nor4_4)
     3    0.024949    0.062796    0.090241    1.487651 v _0970_/Y (sky130_fd_sc_hd__nor4_4)
                                                         _0095_ (net)
                      0.062796    0.000184    1.487835 v _0973_/C (sky130_fd_sc_hd__nand3b_4)
    20    0.085749    0.262435    0.231345    1.719180 ^ _0973_/Y (sky130_fd_sc_hd__nand3b_4)
                                                         _0098_ (net)
                      0.262545    0.004444    1.723624 ^ _1758_/A1 (sky130_fd_sc_hd__o22ai_1)
     1    0.003794    0.051878    0.138415    1.862039 v _1758_/Y (sky130_fd_sc_hd__o22ai_1)
                                                         net94 (net)
                      0.051878    0.000053    1.862092 v output94/A (sky130_fd_sc_hd__buf_1)
     1    0.011618    0.073337    0.130048    1.992140 v output94/X (sky130_fd_sc_hd__buf_1)
                                                         result[7] (net)
                      0.073337    0.000207    1.992346 v result[7] (out)
                                              1.992346   data arrival time

                      0.000000    0.000000    0.000000   clock __VIRTUAL_CLK__ (rise edge)
                                  0.200000    0.200000   clock network delay (ideal)
                                  0.000000    0.200000   clock reconvergence pessimism
                                 -0.500000   -0.300000   output external delay
                                             -0.300000   data required time
---------------------------------------------------------------------------------------------
                                             -0.300000   data required time
                                             -1.992346   data arrival time
---------------------------------------------------------------------------------------------
                                              2.292346   slack (MET)


Startpoint: y[28] (input port clocked by __VIRTUAL_CLK__)
Endpoint: result[11] (output port clocked by __VIRTUAL_CLK__)
Path Group: __VIRTUAL_CLK__
Path Type: min

Fanout         Cap        Slew       Delay        Time   Description
---------------------------------------------------------------------------------------------
                      0.000000    0.000000    0.000000   clock __VIRTUAL_CLK__ (rise edge)
                                  0.200000    0.200000   clock network delay (ideal)
                                  1.000000    1.200000 ^ input external delay
     1    0.005713    0.000000    0.000000    1.200000 ^ y[28] (in)
                                                         y[28] (net)
                      0.000110    0.000055    1.200055 ^ input53/A (sky130_fd_sc_hd__clkbuf_4)
     6    0.047772    0.150270    0.196305    1.396360 ^ input53/X (sky130_fd_sc_hd__clkbuf_4)
                                                         net53 (net)
                      0.150328    0.001050    1.397410 ^ _0970_/C (sky130_fd_sc_hd__nor4_4)
     3    0.024949    0.062796    0.090241    1.487651 v _0970_/Y (sky130_fd_sc_hd__nor4_4)
                                                         _0095_ (net)
                      0.062796    0.000184    1.487835 v _0973_/C (sky130_fd_sc_hd__nand3b_4)
    20    0.085749    0.262435    0.231345    1.719180 ^ _0973_/Y (sky130_fd_sc_hd__nand3b_4)
                                                         _0098_ (net)
                      0.262547    0.004479    1.723659 ^ _1770_/B2 (sky130_fd_sc_hd__o32ai_1)
     1    0.005307    0.067783    0.136727    1.860386 v _1770_/Y (sky130_fd_sc_hd__o32ai_1)
                                                         net67 (net)
                      0.067783    0.000109    1.860495 v output67/A (sky130_fd_sc_hd__buf_1)
     1    0.011000    0.069949    0.134561    1.995056 v output67/X (sky130_fd_sc_hd__buf_1)
                                                         result[11] (net)
                      0.069949    0.000117    1.995173 v result[11] (out)
                                              1.995173   data arrival time

                      0.000000    0.000000    0.000000   clock __VIRTUAL_CLK__ (rise edge)
                                  0.200000    0.200000   clock network delay (ideal)
                                  0.000000    0.200000   clock reconvergence pessimism
                                 -0.500000   -0.300000   output external delay
                                             -0.300000   data required time
---------------------------------------------------------------------------------------------
                                             -0.300000   data required time
                                             -1.995173   data arrival time
---------------------------------------------------------------------------------------------
                                              2.295172   slack (MET)


Startpoint: y[28] (input port clocked by __VIRTUAL_CLK__)
Endpoint: result[8] (output port clocked by __VIRTUAL_CLK__)
Path Group: __VIRTUAL_CLK__
Path Type: min

Fanout         Cap        Slew       Delay        Time   Description
---------------------------------------------------------------------------------------------
                      0.000000    0.000000    0.000000   clock __VIRTUAL_CLK__ (rise edge)
                                  0.200000    0.200000   clock network delay (ideal)
                                  1.000000    1.200000 ^ input external delay
     1    0.005713    0.000000    0.000000    1.200000 ^ y[28] (in)
                                                         y[28] (net)
                      0.000110    0.000055    1.200055 ^ input53/A (sky130_fd_sc_hd__clkbuf_4)
     6    0.047772    0.150270    0.196305    1.396360 ^ input53/X (sky130_fd_sc_hd__clkbuf_4)
                                                         net53 (net)
                      0.150328    0.001050    1.397410 ^ _0970_/C (sky130_fd_sc_hd__nor4_4)
     3    0.024949    0.062796    0.090241    1.487651 v _0970_/Y (sky130_fd_sc_hd__nor4_4)
                                                         _0095_ (net)
                      0.062796    0.000184    1.487835 v _0973_/C (sky130_fd_sc_hd__nand3b_4)
    20    0.085749    0.262435    0.231345    1.719180 ^ _0973_/Y (sky130_fd_sc_hd__nand3b_4)
                                                         _0098_ (net)
                      0.262547    0.004470    1.723650 ^ _1761_/A1 (sky130_fd_sc_hd__o22ai_1)
     1    0.004794    0.056956    0.145666    1.869316 v _1761_/Y (sky130_fd_sc_hd__o22ai_1)
                                                         net95 (net)
                      0.056956    0.000100    1.869416 v output95/A (sky130_fd_sc_hd__buf_1)
     1    0.011389    0.072068    0.131372    2.000788 v output95/X (sky130_fd_sc_hd__buf_1)
                                                         result[8] (net)
                      0.072068    0.000141    2.000930 v result[8] (out)
                                              2.000930   data arrival time

                      0.000000    0.000000    0.000000   clock __VIRTUAL_CLK__ (rise edge)
                                  0.200000    0.200000   clock network delay (ideal)
                                  0.000000    0.200000   clock reconvergence pessimism
                                 -0.500000   -0.300000   output external delay
                                             -0.300000   data required time
---------------------------------------------------------------------------------------------
                                             -0.300000   data required time
                                             -2.000930   data arrival time
---------------------------------------------------------------------------------------------
                                              2.300930   slack (MET)


Startpoint: x[29] (input port clocked by __VIRTUAL_CLK__)
Endpoint: result[29] (output port clocked by __VIRTUAL_CLK__)
Path Group: __VIRTUAL_CLK__
Path Type: min

Fanout         Cap        Slew       Delay        Time   Description
---------------------------------------------------------------------------------------------
                      0.000000    0.000000    0.000000   clock __VIRTUAL_CLK__ (rise edge)
                                  0.200000    0.200000   clock network delay (ideal)
                                  1.000000    1.200000 v input external delay
     1    0.008665    0.000000    0.000000    1.200000 v x[29] (in)
                                                         x[29] (net)
                      0.000111    0.000056    1.200056 v input22/A (sky130_fd_sc_hd__clkbuf_8)
    12    0.087721    0.099713    0.182879    1.382935 v input22/X (sky130_fd_sc_hd__clkbuf_8)
                                                         net22 (net)
                      0.099897    0.002972    1.385907 v _1587_/A1 (sky130_fd_sc_hd__o21bai_2)
     3    0.014136    0.095835    0.228058    1.613965 ^ _1587_/Y (sky130_fd_sc_hd__o21bai_2)
                                                         _0712_ (net)
                      0.095835    0.000359    1.614324 ^ _1651_/A1 (sky130_fd_sc_hd__o21ai_1)
     2    0.007192    0.074121    0.102875    1.717199 v _1651_/Y (sky130_fd_sc_hd__o21ai_1)
                                                         _0776_ (net)
                      0.074121    0.000038    1.717237 v _1842_/B1 (sky130_fd_sc_hd__o21ai_1)
     1    0.002811    0.075566    0.081385    1.798622 ^ _1842_/Y (sky130_fd_sc_hd__o21ai_1)
                                                         _0941_ (net)
                      0.075566    0.000024    1.798646 ^ _1843_/A1 (sky130_fd_sc_hd__a21oi_1)
     1    0.004500    0.052993    0.073133    1.871779 v _1843_/Y (sky130_fd_sc_hd__a21oi_1)
                                                         net86 (net)
                      0.052993    0.000068    1.871847 v output86/A (sky130_fd_sc_hd__buf_1)
     1    0.012953    0.080690    0.136104    2.007951 v output86/X (sky130_fd_sc_hd__buf_1)
                                                         result[29] (net)
                      0.080690    0.000294    2.008245 v result[29] (out)
                                              2.008245   data arrival time

                      0.000000    0.000000    0.000000   clock __VIRTUAL_CLK__ (rise edge)
                                  0.200000    0.200000   clock network delay (ideal)
                                  0.000000    0.200000   clock reconvergence pessimism
                                 -0.500000   -0.300000   output external delay
                                             -0.300000   data required time
---------------------------------------------------------------------------------------------
                                             -0.300000   data required time
                                             -2.008245   data arrival time
---------------------------------------------------------------------------------------------
                                              2.308245   slack (MET)


Startpoint: y[30] (input port clocked by __VIRTUAL_CLK__)
Endpoint: result[22] (output port clocked by __VIRTUAL_CLK__)
Path Group: __VIRTUAL_CLK__
Path Type: min

Fanout         Cap        Slew       Delay        Time   Description
---------------------------------------------------------------------------------------------
                      0.000000    0.000000    0.000000   clock __VIRTUAL_CLK__ (rise edge)
                                  0.200000    0.200000   clock network delay (ideal)
                                  1.000000    1.200000 ^ input external delay
     1    0.004054    0.000000    0.000000    1.200000 ^ y[30] (in)
                                                         y[30] (net)
                      0.000043    0.000022    1.200022 ^ input56/A (sky130_fd_sc_hd__clkbuf_4)
     8    0.050178    0.156910    0.201493    1.401515 ^ input56/X (sky130_fd_sc_hd__clkbuf_4)
                                                         net56 (net)
                      0.156910    0.000555    1.402070 ^ _1643_/A (sky130_fd_sc_hd__nor4_1)
     2    0.004749    0.053720    0.089008    1.491078 v _1643_/Y (sky130_fd_sc_hd__nor4_1)
                                                         _0768_ (net)
                      0.053720    0.000032    1.491110 v _1647_/B1_N (sky130_fd_sc_hd__o21bai_1)
     1    0.005396    0.051725    0.166538    1.657648 v _1647_/Y (sky130_fd_sc_hd__o21bai_1)
                                                         _0772_ (net)
                      0.051725    0.000069    1.657717 v _1821_/A1 (sky130_fd_sc_hd__o21ai_1)
     1    0.003525    0.081724    0.136113    1.793829 ^ _1821_/Y (sky130_fd_sc_hd__o21ai_1)
                                                         _0925_ (net)
                      0.081724    0.000038    1.793867 ^ _1822_/B1 (sky130_fd_sc_hd__a22oi_1)
     1    0.004527    0.064578    0.076384    1.870251 v _1822_/Y (sky130_fd_sc_hd__a22oi_1)
                                                         net79 (net)
                      0.064578    0.000077    1.870328 v output79/A (sky130_fd_sc_hd__buf_1)
     1    0.013824    0.085451    0.145013    2.015341 v output79/X (sky130_fd_sc_hd__buf_1)
                                                         result[22] (net)
                      0.085451    0.000179    2.015520 v result[22] (out)
                                              2.015520   data arrival time

                      0.000000    0.000000    0.000000   clock __VIRTUAL_CLK__ (rise edge)
                                  0.200000    0.200000   clock network delay (ideal)
                                  0.000000    0.200000   clock reconvergence pessimism
                                 -0.500000   -0.300000   output external delay
                                             -0.300000   data required time
---------------------------------------------------------------------------------------------
                                             -0.300000   data required time
                                             -2.015520   data arrival time
---------------------------------------------------------------------------------------------
                                              2.315520   slack (MET)


Startpoint: x[29] (input port clocked by __VIRTUAL_CLK__)
Endpoint: result[1] (output port clocked by __VIRTUAL_CLK__)
Path Group: __VIRTUAL_CLK__
Path Type: min

Fanout         Cap        Slew       Delay        Time   Description
---------------------------------------------------------------------------------------------
                      0.000000    0.000000    0.000000   clock __VIRTUAL_CLK__ (rise edge)
                                  0.200000    0.200000   clock network delay (ideal)
                                  1.000000    1.200000 ^ input external delay
     1    0.009145    0.000000    0.000000    1.200000 ^ x[29] (in)
                                                         x[29] (net)
                      0.000118    0.000059    1.200059 ^ input22/A (sky130_fd_sc_hd__clkbuf_8)
    12    0.094584    0.168150    0.205218    1.405277 ^ input22/X (sky130_fd_sc_hd__clkbuf_8)
                                                         net22 (net)
                      0.168200    0.002379    1.407656 ^ _0967_/B (sky130_fd_sc_hd__nor4_2)
     1    0.017430    0.075123    0.107562    1.515218 v _0967_/Y (sky130_fd_sc_hd__nor4_2)
                                                         _0092_ (net)
                      0.075130    0.000210    1.515427 v _0968_/B (sky130_fd_sc_hd__nand2_8)
    12    0.062095    0.112621    0.136240    1.651667 ^ _0968_/Y (sky130_fd_sc_hd__nand2_8)
                                                         _0093_ (net)
                      0.112655    0.001605    1.653272 ^ _0972_/A (sky130_fd_sc_hd__nor2_4)
    15    0.060653    0.087366    0.106643    1.759915 v _0972_/Y (sky130_fd_sc_hd__nor2_4)
                                                         _0097_ (net)
                      0.087546    0.003180    1.763096 v _1740_/A1_N (sky130_fd_sc_hd__o2bb2ai_1)
     1    0.002488    0.040338    0.136244    1.899339 v _1740_/Y (sky130_fd_sc_hd__o2bb2ai_1)
                                                         net76 (net)
                      0.040338    0.000014    1.899353 v output76/A (sky130_fd_sc_hd__buf_1)
     1    0.010959    0.069670    0.122246    2.021600 v output76/X (sky130_fd_sc_hd__buf_1)
                                                         result[1] (net)
                      0.069670    0.000117    2.021717 v result[1] (out)
                                              2.021717   data arrival time

                      0.000000    0.000000    0.000000   clock __VIRTUAL_CLK__ (rise edge)
                                  0.200000    0.200000   clock network delay (ideal)
                                  0.000000    0.200000   clock reconvergence pessimism
                                 -0.500000   -0.300000   output external delay
                                             -0.300000   data required time
---------------------------------------------------------------------------------------------
                                             -0.300000   data required time
                                             -2.021717   data arrival time
---------------------------------------------------------------------------------------------
                                              2.321717   slack (MET)


Startpoint: x[29] (input port clocked by __VIRTUAL_CLK__)
Endpoint: result[12] (output port clocked by __VIRTUAL_CLK__)
Path Group: __VIRTUAL_CLK__
Path Type: min

Fanout         Cap        Slew       Delay        Time   Description
---------------------------------------------------------------------------------------------
                      0.000000    0.000000    0.000000   clock __VIRTUAL_CLK__ (rise edge)
                                  0.200000    0.200000   clock network delay (ideal)
                                  1.000000    1.200000 ^ input external delay
     1    0.009145    0.000000    0.000000    1.200000 ^ x[29] (in)
                                                         x[29] (net)
                      0.000118    0.000059    1.200059 ^ input22/A (sky130_fd_sc_hd__clkbuf_8)
    12    0.094584    0.168150    0.205218    1.405277 ^ input22/X (sky130_fd_sc_hd__clkbuf_8)
                                                         net22 (net)
                      0.168200    0.002379    1.407656 ^ _0967_/B (sky130_fd_sc_hd__nor4_2)
     1    0.017430    0.075123    0.107562    1.515218 v _0967_/Y (sky130_fd_sc_hd__nor4_2)
                                                         _0092_ (net)
                      0.075130    0.000210    1.515427 v _0968_/B (sky130_fd_sc_hd__nand2_8)
    12    0.062095    0.112621    0.136240    1.651667 ^ _0968_/Y (sky130_fd_sc_hd__nand2_8)
                                                         _0093_ (net)
                      0.112655    0.001605    1.653272 ^ _0972_/A (sky130_fd_sc_hd__nor2_4)
    15    0.060653    0.087366    0.106643    1.759915 v _0972_/Y (sky130_fd_sc_hd__nor2_4)
                                                         _0097_ (net)
                      0.087574    0.003412    1.763327 v _1773_/A1_N (sky130_fd_sc_hd__o2bb2ai_1)
     1    0.002542    0.041287    0.136607    1.899934 v _1773_/Y (sky130_fd_sc_hd__o2bb2ai_1)
                                                         net68 (net)
                      0.041287    0.000023    1.899957 v output68/A (sky130_fd_sc_hd__buf_1)
     1    0.010765    0.068606    0.121853    2.021810 v output68/X (sky130_fd_sc_hd__buf_1)
                                                         result[12] (net)
                      0.068606    0.000107    2.021918 v result[12] (out)
                                              2.021918   data arrival time

                      0.000000    0.000000    0.000000   clock __VIRTUAL_CLK__ (rise edge)
                                  0.200000    0.200000   clock network delay (ideal)
                                  0.000000    0.200000   clock reconvergence pessimism
                                 -0.500000   -0.300000   output external delay
                                             -0.300000   data required time
---------------------------------------------------------------------------------------------
                                             -0.300000   data required time
                                             -2.021918   data arrival time
---------------------------------------------------------------------------------------------
                                              2.321918   slack (MET)


Startpoint: x[29] (input port clocked by __VIRTUAL_CLK__)
Endpoint: result[10] (output port clocked by __VIRTUAL_CLK__)
Path Group: __VIRTUAL_CLK__
Path Type: min

Fanout         Cap        Slew       Delay        Time   Description
---------------------------------------------------------------------------------------------
                      0.000000    0.000000    0.000000   clock __VIRTUAL_CLK__ (rise edge)
                                  0.200000    0.200000   clock network delay (ideal)
                                  1.000000    1.200000 ^ input external delay
     1    0.009145    0.000000    0.000000    1.200000 ^ x[29] (in)
                                                         x[29] (net)
                      0.000118    0.000059    1.200059 ^ input22/A (sky130_fd_sc_hd__clkbuf_8)
    12    0.094584    0.168150    0.205218    1.405277 ^ input22/X (sky130_fd_sc_hd__clkbuf_8)
                                                         net22 (net)
                      0.168200    0.002379    1.407656 ^ _0967_/B (sky130_fd_sc_hd__nor4_2)
     1    0.017430    0.075123    0.107562    1.515218 v _0967_/Y (sky130_fd_sc_hd__nor4_2)
                                                         _0092_ (net)
                      0.075130    0.000210    1.515427 v _0968_/B (sky130_fd_sc_hd__nand2_8)
    12    0.062095    0.112621    0.136240    1.651667 ^ _0968_/Y (sky130_fd_sc_hd__nand2_8)
                                                         _0093_ (net)
                      0.112655    0.001605    1.653272 ^ _0972_/A (sky130_fd_sc_hd__nor2_4)
    15    0.060653    0.087366    0.106643    1.759915 v _0972_/Y (sky130_fd_sc_hd__nor2_4)
                                                         _0097_ (net)
                      0.087597    0.003591    1.763506 v _1767_/A1_N (sky130_fd_sc_hd__o2bb2ai_1)
     1    0.002382    0.038130    0.135568    1.899074 v _1767_/Y (sky130_fd_sc_hd__o2bb2ai_1)
                                                         net66 (net)
                      0.038130    0.000021    1.899096 v output66/A (sky130_fd_sc_hd__buf_1)
     1    0.011468    0.072472    0.123400    2.022496 v output66/X (sky130_fd_sc_hd__buf_1)
                                                         result[10] (net)
                      0.072472    0.000157    2.022653 v result[10] (out)
                                              2.022653   data arrival time

                      0.000000    0.000000    0.000000   clock __VIRTUAL_CLK__ (rise edge)
                                  0.200000    0.200000   clock network delay (ideal)
                                  0.000000    0.200000   clock reconvergence pessimism
                                 -0.500000   -0.300000   output external delay
                                             -0.300000   data required time
---------------------------------------------------------------------------------------------
                                             -0.300000   data required time
                                             -2.022653   data arrival time
---------------------------------------------------------------------------------------------
                                              2.322653   slack (MET)


Startpoint: y[31] (input port clocked by __VIRTUAL_CLK__)
Endpoint: result[31] (output port clocked by __VIRTUAL_CLK__)
Path Group: __VIRTUAL_CLK__
Path Type: min

Fanout         Cap        Slew       Delay        Time   Description
---------------------------------------------------------------------------------------------
                      0.000000    0.000000    0.000000   clock __VIRTUAL_CLK__ (rise edge)
                                  0.200000    0.200000   clock network delay (ideal)
                                  1.000000    1.200000 v input external delay
     1    0.004357    0.000000    0.000000    1.200000 v y[31] (in)
                                                         y[31] (net)
                      0.000070    0.000035    1.200035 v input57/A (sky130_fd_sc_hd__clkbuf_4)
     5    0.041552    0.092665    0.174293    1.374328 v input57/X (sky130_fd_sc_hd__clkbuf_4)
                                                         net57 (net)
                      0.092667    0.000503    1.374832 v _1925_/A1 (sky130_fd_sc_hd__a211oi_1)
     1    0.004352    0.194110    0.244505    1.619337 ^ _1925_/Y (sky130_fd_sc_hd__a211oi_1)
                                                         _0082_ (net)
                      0.194110    0.000062    1.619399 ^ _1927_/B2 (sky130_fd_sc_hd__o2bb2ai_1)
     2    0.023523    0.177738    0.203690    1.823089 v _1927_/Y (sky130_fd_sc_hd__o2bb2ai_1)
                                                         net89 (net)
                      0.177793    0.001071    1.824160 v output89/A (sky130_fd_sc_hd__buf_1)
     1    0.015918    0.097917    0.198505    2.022665 v output89/X (sky130_fd_sc_hd__buf_1)
                                                         result[31] (net)
                      0.097918    0.000480    2.023145 v result[31] (out)
                                              2.023145   data arrival time

                      0.000000    0.000000    0.000000   clock __VIRTUAL_CLK__ (rise edge)
                                  0.200000    0.200000   clock network delay (ideal)
                                  0.000000    0.200000   clock reconvergence pessimism
                                 -0.500000   -0.300000   output external delay
                                             -0.300000   data required time
---------------------------------------------------------------------------------------------
                                             -0.300000   data required time
                                             -2.023145   data arrival time
---------------------------------------------------------------------------------------------
                                              2.323145   slack (MET)


Startpoint: x[29] (input port clocked by __VIRTUAL_CLK__)
Endpoint: result[9] (output port clocked by __VIRTUAL_CLK__)
Path Group: __VIRTUAL_CLK__
Path Type: min

Fanout         Cap        Slew       Delay        Time   Description
---------------------------------------------------------------------------------------------
                      0.000000    0.000000    0.000000   clock __VIRTUAL_CLK__ (rise edge)
                                  0.200000    0.200000   clock network delay (ideal)
                                  1.000000    1.200000 ^ input external delay
     1    0.009145    0.000000    0.000000    1.200000 ^ x[29] (in)
                                                         x[29] (net)
                      0.000118    0.000059    1.200059 ^ input22/A (sky130_fd_sc_hd__clkbuf_8)
    12    0.094584    0.168150    0.205218    1.405277 ^ input22/X (sky130_fd_sc_hd__clkbuf_8)
                                                         net22 (net)
                      0.168200    0.002379    1.407656 ^ _0967_/B (sky130_fd_sc_hd__nor4_2)
     1    0.017430    0.075123    0.107562    1.515218 v _0967_/Y (sky130_fd_sc_hd__nor4_2)
                                                         _0092_ (net)
                      0.075130    0.000210    1.515427 v _0968_/B (sky130_fd_sc_hd__nand2_8)
    12    0.062095    0.112621    0.136240    1.651667 ^ _0968_/Y (sky130_fd_sc_hd__nand2_8)
                                                         _0093_ (net)
                      0.112655    0.001605    1.653272 ^ _0972_/A (sky130_fd_sc_hd__nor2_4)
    15    0.060653    0.087366    0.106643    1.759915 v _0972_/Y (sky130_fd_sc_hd__nor2_4)
                                                         _0097_ (net)
                      0.087595    0.003582    1.763497 v _1764_/A1_N (sky130_fd_sc_hd__o2bb2ai_1)
     1    0.002636    0.041710    0.137228    1.900725 v _1764_/Y (sky130_fd_sc_hd__o2bb2ai_1)
                                                         net96 (net)
                      0.041710    0.000026    1.900751 v output96/A (sky130_fd_sc_hd__buf_1)
     1    0.011266    0.071364    0.124133    2.024884 v output96/X (sky130_fd_sc_hd__buf_1)
                                                         result[9] (net)
                      0.071364    0.000139    2.025023 v result[9] (out)
                                              2.025023   data arrival time

                      0.000000    0.000000    0.000000   clock __VIRTUAL_CLK__ (rise edge)
                                  0.200000    0.200000   clock network delay (ideal)
                                  0.000000    0.200000   clock reconvergence pessimism
                                 -0.500000   -0.300000   output external delay
                                             -0.300000   data required time
---------------------------------------------------------------------------------------------
                                             -0.300000   data required time
                                             -2.025023   data arrival time
---------------------------------------------------------------------------------------------
                                              2.325023   slack (MET)


Startpoint: x[29] (input port clocked by __VIRTUAL_CLK__)
Endpoint: result[3] (output port clocked by __VIRTUAL_CLK__)
Path Group: __VIRTUAL_CLK__
Path Type: min

Fanout         Cap        Slew       Delay        Time   Description
---------------------------------------------------------------------------------------------
                      0.000000    0.000000    0.000000   clock __VIRTUAL_CLK__ (rise edge)
                                  0.200000    0.200000   clock network delay (ideal)
                                  1.000000    1.200000 ^ input external delay
     1    0.009145    0.000000    0.000000    1.200000 ^ x[29] (in)
                                                         x[29] (net)
                      0.000118    0.000059    1.200059 ^ input22/A (sky130_fd_sc_hd__clkbuf_8)
    12    0.094584    0.168150    0.205218    1.405277 ^ input22/X (sky130_fd_sc_hd__clkbuf_8)
                                                         net22 (net)
                      0.168200    0.002379    1.407656 ^ _0967_/B (sky130_fd_sc_hd__nor4_2)
     1    0.017430    0.075123    0.107562    1.515218 v _0967_/Y (sky130_fd_sc_hd__nor4_2)
                                                         _0092_ (net)
                      0.075130    0.000210    1.515427 v _0968_/B (sky130_fd_sc_hd__nand2_8)
    12    0.062095    0.112621    0.136240    1.651667 ^ _0968_/Y (sky130_fd_sc_hd__nand2_8)
                                                         _0093_ (net)
                      0.112655    0.001605    1.653272 ^ _0972_/A (sky130_fd_sc_hd__nor2_4)
    15    0.060653    0.087366    0.106643    1.759915 v _0972_/Y (sky130_fd_sc_hd__nor2_4)
                                                         _0097_ (net)
                      0.087600    0.003619    1.763534 v _1746_/A1_N (sky130_fd_sc_hd__o2bb2ai_1)
     1    0.002831    0.043164    0.138424    1.901959 v _1746_/Y (sky130_fd_sc_hd__o2bb2ai_1)
                                                         net90 (net)
                      0.043164    0.000021    1.901980 v output90/A (sky130_fd_sc_hd__buf_1)
     1    0.011759    0.074078    0.126839    2.028819 v output90/X (sky130_fd_sc_hd__buf_1)
                                                         result[3] (net)
                      0.074078    0.000160    2.028979 v result[3] (out)
                                              2.028979   data arrival time

                      0.000000    0.000000    0.000000   clock __VIRTUAL_CLK__ (rise edge)
                                  0.200000    0.200000   clock network delay (ideal)
                                  0.000000    0.200000   clock reconvergence pessimism
                                 -0.500000   -0.300000   output external delay
                                             -0.300000   data required time
---------------------------------------------------------------------------------------------
                                             -0.300000   data required time
                                             -2.028979   data arrival time
---------------------------------------------------------------------------------------------
                                              2.328979   slack (MET)


Startpoint: x[29] (input port clocked by __VIRTUAL_CLK__)
Endpoint: result[4] (output port clocked by __VIRTUAL_CLK__)
Path Group: __VIRTUAL_CLK__
Path Type: min

Fanout         Cap        Slew       Delay        Time   Description
---------------------------------------------------------------------------------------------
                      0.000000    0.000000    0.000000   clock __VIRTUAL_CLK__ (rise edge)
                                  0.200000    0.200000   clock network delay (ideal)
                                  1.000000    1.200000 ^ input external delay
     1    0.009145    0.000000    0.000000    1.200000 ^ x[29] (in)
                                                         x[29] (net)
                      0.000118    0.000059    1.200059 ^ input22/A (sky130_fd_sc_hd__clkbuf_8)
    12    0.094584    0.168150    0.205218    1.405277 ^ input22/X (sky130_fd_sc_hd__clkbuf_8)
                                                         net22 (net)
                      0.168200    0.002379    1.407656 ^ _0967_/B (sky130_fd_sc_hd__nor4_2)
     1    0.017430    0.075123    0.107562    1.515218 v _0967_/Y (sky130_fd_sc_hd__nor4_2)
                                                         _0092_ (net)
                      0.075130    0.000210    1.515427 v _0968_/B (sky130_fd_sc_hd__nand2_8)
    12    0.062095    0.112621    0.136240    1.651667 ^ _0968_/Y (sky130_fd_sc_hd__nand2_8)
                                                         _0093_ (net)
                      0.112655    0.001605    1.653272 ^ _0972_/A (sky130_fd_sc_hd__nor2_4)
    15    0.060653    0.087366    0.106643    1.759915 v _0972_/Y (sky130_fd_sc_hd__nor2_4)
                                                         _0097_ (net)
                      0.087599    0.003609    1.763525 v _1749_/A1_N (sky130_fd_sc_hd__o2bb2ai_1)
     1    0.003231    0.044036    0.140822    1.904346 v _1749_/Y (sky130_fd_sc_hd__o2bb2ai_1)
                                                         net91 (net)
                      0.044036    0.000027    1.904374 v output91/A (sky130_fd_sc_hd__buf_1)
     1    0.011789    0.074249    0.127346    2.031720 v output91/X (sky130_fd_sc_hd__buf_1)
                                                         result[4] (net)
                      0.074249    0.000164    2.031884 v result[4] (out)
                                              2.031884   data arrival time

                      0.000000    0.000000    0.000000   clock __VIRTUAL_CLK__ (rise edge)
                                  0.200000    0.200000   clock network delay (ideal)
                                  0.000000    0.200000   clock reconvergence pessimism
                                 -0.500000   -0.300000   output external delay
                                             -0.300000   data required time
---------------------------------------------------------------------------------------------
                                             -0.300000   data required time
                                             -2.031884   data arrival time
---------------------------------------------------------------------------------------------
                                              2.331884   slack (MET)


Startpoint: x[29] (input port clocked by __VIRTUAL_CLK__)
Endpoint: result[17] (output port clocked by __VIRTUAL_CLK__)
Path Group: __VIRTUAL_CLK__
Path Type: min

Fanout         Cap        Slew       Delay        Time   Description
---------------------------------------------------------------------------------------------
                      0.000000    0.000000    0.000000   clock __VIRTUAL_CLK__ (rise edge)
                                  0.200000    0.200000   clock network delay (ideal)
                                  1.000000    1.200000 ^ input external delay
     1    0.009145    0.000000    0.000000    1.200000 ^ x[29] (in)
                                                         x[29] (net)
                      0.000118    0.000059    1.200059 ^ input22/A (sky130_fd_sc_hd__clkbuf_8)
    12    0.094584    0.168150    0.205218    1.405277 ^ input22/X (sky130_fd_sc_hd__clkbuf_8)
                                                         net22 (net)
                      0.168200    0.002379    1.407656 ^ _0967_/B (sky130_fd_sc_hd__nor4_2)
     1    0.017430    0.075123    0.107562    1.515218 v _0967_/Y (sky130_fd_sc_hd__nor4_2)
                                                         _0092_ (net)
                      0.075130    0.000210    1.515427 v _0968_/B (sky130_fd_sc_hd__nand2_8)
    12    0.062095    0.112621    0.136240    1.651667 ^ _0968_/Y (sky130_fd_sc_hd__nand2_8)
                                                         _0093_ (net)
                      0.112655    0.001605    1.653272 ^ _0972_/A (sky130_fd_sc_hd__nor2_4)
    15    0.060653    0.087366    0.106643    1.759915 v _0972_/Y (sky130_fd_sc_hd__nor2_4)
                                                         _0097_ (net)
                      0.087529    0.003030    1.762946 v _1788_/A1_N (sky130_fd_sc_hd__o2bb2ai_1)
     1    0.003635    0.048598    0.143211    1.906157 v _1788_/Y (sky130_fd_sc_hd__o2bb2ai_1)
                                                         net73 (net)
                      0.048598    0.000037    1.906194 v output73/A (sky130_fd_sc_hd__buf_1)
     1    0.012210    0.076567    0.131119    2.037313 v output73/X (sky130_fd_sc_hd__buf_1)
                                                         result[17] (net)
                      0.076567    0.000177    2.037490 v result[17] (out)
                                              2.037490   data arrival time

                      0.000000    0.000000    0.000000   clock __VIRTUAL_CLK__ (rise edge)
                                  0.200000    0.200000   clock network delay (ideal)
                                  0.000000    0.200000   clock reconvergence pessimism
                                 -0.500000   -0.300000   output external delay
                                             -0.300000   data required time
---------------------------------------------------------------------------------------------
                                             -0.300000   data required time
                                             -2.037490   data arrival time
---------------------------------------------------------------------------------------------
                                              2.337491   slack (MET)


Startpoint: x[29] (input port clocked by __VIRTUAL_CLK__)
Endpoint: result[18] (output port clocked by __VIRTUAL_CLK__)
Path Group: __VIRTUAL_CLK__
Path Type: min

Fanout         Cap        Slew       Delay        Time   Description
---------------------------------------------------------------------------------------------
                      0.000000    0.000000    0.000000   clock __VIRTUAL_CLK__ (rise edge)
                                  0.200000    0.200000   clock network delay (ideal)
                                  1.000000    1.200000 ^ input external delay
     1    0.009145    0.000000    0.000000    1.200000 ^ x[29] (in)
                                                         x[29] (net)
                      0.000118    0.000059    1.200059 ^ input22/A (sky130_fd_sc_hd__clkbuf_8)
    12    0.094584    0.168150    0.205218    1.405277 ^ input22/X (sky130_fd_sc_hd__clkbuf_8)
                                                         net22 (net)
                      0.168200    0.002379    1.407656 ^ _0967_/B (sky130_fd_sc_hd__nor4_2)
     1    0.017430    0.075123    0.107562    1.515218 v _0967_/Y (sky130_fd_sc_hd__nor4_2)
                                                         _0092_ (net)
                      0.075130    0.000210    1.515427 v _0968_/B (sky130_fd_sc_hd__nand2_8)
    12    0.062095    0.112621    0.136240    1.651667 ^ _0968_/Y (sky130_fd_sc_hd__nand2_8)
                                                         _0093_ (net)
                      0.112655    0.001605    1.653272 ^ _0972_/A (sky130_fd_sc_hd__nor2_4)
    15    0.060653    0.087366    0.106643    1.759915 v _0972_/Y (sky130_fd_sc_hd__nor2_4)
                                                         _0097_ (net)
                      0.087505    0.002807    1.762722 v _1791_/A1_N (sky130_fd_sc_hd__o2bb2ai_1)
     1    0.004272    0.052857    0.147016    1.909738 v _1791_/Y (sky130_fd_sc_hd__o2bb2ai_1)
                                                         net74 (net)
                      0.052857    0.000047    1.909785 v output74/A (sky130_fd_sc_hd__buf_1)
     1    0.012241    0.076751    0.133113    2.042897 v output74/X (sky130_fd_sc_hd__buf_1)
                                                         result[18] (net)
                      0.076751    0.000190    2.043087 v result[18] (out)
                                              2.043087   data arrival time

                      0.000000    0.000000    0.000000   clock __VIRTUAL_CLK__ (rise edge)
                                  0.200000    0.200000   clock network delay (ideal)
                                  0.000000    0.200000   clock reconvergence pessimism
                                 -0.500000   -0.300000   output external delay
                                             -0.300000   data required time
---------------------------------------------------------------------------------------------
                                             -0.300000   data required time
                                             -2.043087   data arrival time
---------------------------------------------------------------------------------------------
                                              2.343087   slack (MET)


Startpoint: y[28] (input port clocked by __VIRTUAL_CLK__)
Endpoint: result[16] (output port clocked by __VIRTUAL_CLK__)
Path Group: __VIRTUAL_CLK__
Path Type: min

Fanout         Cap        Slew       Delay        Time   Description
---------------------------------------------------------------------------------------------
                      0.000000    0.000000    0.000000   clock __VIRTUAL_CLK__ (rise edge)
                                  0.200000    0.200000   clock network delay (ideal)
                                  1.000000    1.200000 ^ input external delay
     1    0.005713    0.000000    0.000000    1.200000 ^ y[28] (in)
                                                         y[28] (net)
                      0.000110    0.000055    1.200055 ^ input53/A (sky130_fd_sc_hd__clkbuf_4)
     6    0.047772    0.150270    0.196305    1.396360 ^ input53/X (sky130_fd_sc_hd__clkbuf_4)
                                                         net53 (net)
                      0.150328    0.001050    1.397410 ^ _0970_/C (sky130_fd_sc_hd__nor4_4)
     3    0.024949    0.062796    0.090241    1.487651 v _0970_/Y (sky130_fd_sc_hd__nor4_4)
                                                         _0095_ (net)
                      0.062796    0.000184    1.487835 v _0973_/C (sky130_fd_sc_hd__nand3b_4)
    20    0.085749    0.262435    0.231345    1.719180 ^ _0973_/Y (sky130_fd_sc_hd__nand3b_4)
                                                         _0098_ (net)
                      0.262479    0.002832    1.722012 ^ _1785_/B1 (sky130_fd_sc_hd__o32ai_1)
     1    0.008045    0.084060    0.174934    1.896945 v _1785_/Y (sky130_fd_sc_hd__o32ai_1)
                                                         net72 (net)
                      0.084060    0.000267    1.897213 v output72/A (sky130_fd_sc_hd__buf_1)
     1    0.011985    0.075376    0.145917    2.043129 v output72/X (sky130_fd_sc_hd__buf_1)
                                                         result[16] (net)
                      0.075376    0.000172    2.043301 v result[16] (out)
                                              2.043301   data arrival time

                      0.000000    0.000000    0.000000   clock __VIRTUAL_CLK__ (rise edge)
                                  0.200000    0.200000   clock network delay (ideal)
                                  0.000000    0.200000   clock reconvergence pessimism
                                 -0.500000   -0.300000   output external delay
                                             -0.300000   data required time
---------------------------------------------------------------------------------------------
                                             -0.300000   data required time
                                             -2.043301   data arrival time
---------------------------------------------------------------------------------------------
                                              2.343301   slack (MET)


Startpoint: x[29] (input port clocked by __VIRTUAL_CLK__)
Endpoint: result[28] (output port clocked by __VIRTUAL_CLK__)
Path Group: __VIRTUAL_CLK__
Path Type: min

Fanout         Cap        Slew       Delay        Time   Description
---------------------------------------------------------------------------------------------
                      0.000000    0.000000    0.000000   clock __VIRTUAL_CLK__ (rise edge)
                                  0.200000    0.200000   clock network delay (ideal)
                                  1.000000    1.200000 ^ input external delay
     1    0.009145    0.000000    0.000000    1.200000 ^ x[29] (in)
                                                         x[29] (net)
                      0.000118    0.000059    1.200059 ^ input22/A (sky130_fd_sc_hd__clkbuf_8)
    12    0.094584    0.168150    0.205218    1.405277 ^ input22/X (sky130_fd_sc_hd__clkbuf_8)
                                                         net22 (net)
                      0.168200    0.002379    1.407656 ^ _0967_/B (sky130_fd_sc_hd__nor4_2)
     1    0.017430    0.075123    0.107562    1.515218 v _0967_/Y (sky130_fd_sc_hd__nor4_2)
                                                         _0092_ (net)
                      0.075130    0.000210    1.515427 v _0968_/B (sky130_fd_sc_hd__nand2_8)
    12    0.062095    0.112621    0.136240    1.651667 ^ _0968_/Y (sky130_fd_sc_hd__nand2_8)
                                                         _0093_ (net)
                      0.112655    0.001605    1.653272 ^ _0972_/A (sky130_fd_sc_hd__nor2_4)
    15    0.060653    0.087366    0.106643    1.759915 v _0972_/Y (sky130_fd_sc_hd__nor2_4)
                                                         _0097_ (net)
                      0.087450    0.002201    1.762117 v _1841_/B1 (sky130_fd_sc_hd__a21oi_1)
     1    0.004003    0.108703    0.142480    1.904596 ^ _1841_/Y (sky130_fd_sc_hd__a21oi_1)
                                                         net85 (net)
                      0.108703    0.000044    1.904640 ^ output85/A (sky130_fd_sc_hd__buf_1)
     1    0.012457    0.152979    0.175168    2.079808 ^ output85/X (sky130_fd_sc_hd__buf_1)
                                                         result[28] (net)
                      0.153025    0.000299    2.080107 ^ result[28] (out)
                                              2.080107   data arrival time

                      0.000000    0.000000    0.000000   clock __VIRTUAL_CLK__ (rise edge)
                                  0.200000    0.200000   clock network delay (ideal)
                                  0.000000    0.200000   clock reconvergence pessimism
                                 -0.500000   -0.300000   output external delay
                                             -0.300000   data required time
---------------------------------------------------------------------------------------------
                                             -0.300000   data required time
                                             -2.080107   data arrival time
---------------------------------------------------------------------------------------------
                                              2.380107   slack (MET)


Startpoint: x[29] (input port clocked by __VIRTUAL_CLK__)
Endpoint: result[27] (output port clocked by __VIRTUAL_CLK__)
Path Group: __VIRTUAL_CLK__
Path Type: min

Fanout         Cap        Slew       Delay        Time   Description
---------------------------------------------------------------------------------------------
                      0.000000    0.000000    0.000000   clock __VIRTUAL_CLK__ (rise edge)
                                  0.200000    0.200000   clock network delay (ideal)
                                  1.000000    1.200000 ^ input external delay
     1    0.009145    0.000000    0.000000    1.200000 ^ x[29] (in)
                                                         x[29] (net)
                      0.000118    0.000059    1.200059 ^ input22/A (sky130_fd_sc_hd__clkbuf_8)
    12    0.094584    0.168150    0.205218    1.405277 ^ input22/X (sky130_fd_sc_hd__clkbuf_8)
                                                         net22 (net)
                      0.168200    0.002379    1.407656 ^ _0967_/B (sky130_fd_sc_hd__nor4_2)
     1    0.017430    0.075123    0.107562    1.515218 v _0967_/Y (sky130_fd_sc_hd__nor4_2)
                                                         _0092_ (net)
                      0.075130    0.000210    1.515427 v _0968_/B (sky130_fd_sc_hd__nand2_8)
    12    0.062095    0.112621    0.136240    1.651667 ^ _0968_/Y (sky130_fd_sc_hd__nand2_8)
                                                         _0093_ (net)
                      0.112687    0.002216    1.653883 ^ _1839_/A1_N (sky130_fd_sc_hd__a2bb2oi_1)
     1    0.006663    0.164004    0.229010    1.882893 ^ _1839_/Y (sky130_fd_sc_hd__a2bb2oi_1)
                                                         net84 (net)
                      0.164004    0.000207    1.883100 ^ output84/A (sky130_fd_sc_hd__buf_1)
     1    0.015198    0.184283    0.206547    2.089647 ^ output84/X (sky130_fd_sc_hd__buf_1)
                                                         result[27] (net)
                      0.184337    0.000421    2.090068 ^ result[27] (out)
                                              2.090068   data arrival time

                      0.000000    0.000000    0.000000   clock __VIRTUAL_CLK__ (rise edge)
                                  0.200000    0.200000   clock network delay (ideal)
                                  0.000000    0.200000   clock reconvergence pessimism
                                 -0.500000   -0.300000   output external delay
                                             -0.300000   data required time
---------------------------------------------------------------------------------------------
                                             -0.300000   data required time
                                             -2.090068   data arrival time
---------------------------------------------------------------------------------------------
                                              2.390068   slack (MET)


Startpoint: x[29] (input port clocked by __VIRTUAL_CLK__)
Endpoint: result[30] (output port clocked by __VIRTUAL_CLK__)
Path Group: __VIRTUAL_CLK__
Path Type: min

Fanout         Cap        Slew       Delay        Time   Description
---------------------------------------------------------------------------------------------
                      0.000000    0.000000    0.000000   clock __VIRTUAL_CLK__ (rise edge)
                                  0.200000    0.200000   clock network delay (ideal)
                                  1.000000    1.200000 ^ input external delay
     1    0.009145    0.000000    0.000000    1.200000 ^ x[29] (in)
                                                         x[29] (net)
                      0.000118    0.000059    1.200059 ^ input22/A (sky130_fd_sc_hd__clkbuf_8)
    12    0.094584    0.168150    0.205218    1.405277 ^ input22/X (sky130_fd_sc_hd__clkbuf_8)
                                                         net22 (net)
                      0.168200    0.002379    1.407656 ^ _0967_/B (sky130_fd_sc_hd__nor4_2)
     1    0.017430    0.075123    0.107562    1.515218 v _0967_/Y (sky130_fd_sc_hd__nor4_2)
                                                         _0092_ (net)
                      0.075130    0.000210    1.515427 v _0968_/B (sky130_fd_sc_hd__nand2_8)
    12    0.062095    0.112621    0.136240    1.651667 ^ _0968_/Y (sky130_fd_sc_hd__nand2_8)
                                                         _0093_ (net)
                      0.112655    0.001605    1.653272 ^ _0972_/A (sky130_fd_sc_hd__nor2_4)
    15    0.060653    0.087366    0.106643    1.759915 v _0972_/Y (sky130_fd_sc_hd__nor2_4)
                                                         _0097_ (net)
                      0.087487    0.002623    1.762538 v _1844_/B1 (sky130_fd_sc_hd__a21oi_1)
     1    0.004513    0.118189    0.149789    1.912327 ^ _1844_/Y (sky130_fd_sc_hd__a21oi_1)
                                                         net88 (net)
                      0.118189    0.000073    1.912400 ^ output88/A (sky130_fd_sc_hd__buf_1)
     1    0.013303    0.162694    0.184456    2.096857 ^ output88/X (sky130_fd_sc_hd__buf_1)
                                                         result[30] (net)
                      0.162742    0.000291    2.097147 ^ result[30] (out)
                                              2.097147   data arrival time

                      0.000000    0.000000    0.000000   clock __VIRTUAL_CLK__ (rise edge)
                                  0.200000    0.200000   clock network delay (ideal)
                                  0.000000    0.200000   clock reconvergence pessimism
                                 -0.500000   -0.300000   output external delay
                                             -0.300000   data required time
---------------------------------------------------------------------------------------------
                                             -0.300000   data required time
                                             -2.097147   data arrival time
---------------------------------------------------------------------------------------------
                                              2.397147   slack (MET)


Startpoint: x[29] (input port clocked by __VIRTUAL_CLK__)
Endpoint: result[25] (output port clocked by __VIRTUAL_CLK__)
Path Group: __VIRTUAL_CLK__
Path Type: min

Fanout         Cap        Slew       Delay        Time   Description
---------------------------------------------------------------------------------------------
                      0.000000    0.000000    0.000000   clock __VIRTUAL_CLK__ (rise edge)
                                  0.200000    0.200000   clock network delay (ideal)
                                  1.000000    1.200000 ^ input external delay
     1    0.009145    0.000000    0.000000    1.200000 ^ x[29] (in)
                                                         x[29] (net)
                      0.000118    0.000059    1.200059 ^ input22/A (sky130_fd_sc_hd__clkbuf_8)
    12    0.094584    0.168150    0.205218    1.405277 ^ input22/X (sky130_fd_sc_hd__clkbuf_8)
                                                         net22 (net)
                      0.168200    0.002379    1.407656 ^ _0967_/B (sky130_fd_sc_hd__nor4_2)
     1    0.017430    0.075123    0.107562    1.515218 v _0967_/Y (sky130_fd_sc_hd__nor4_2)
                                                         _0092_ (net)
                      0.075130    0.000210    1.515427 v _0968_/B (sky130_fd_sc_hd__nand2_8)
    12    0.062095    0.112621    0.136240    1.651667 ^ _0968_/Y (sky130_fd_sc_hd__nand2_8)
                                                         _0093_ (net)
                      0.112686    0.002207    1.653875 ^ _1835_/A1_N (sky130_fd_sc_hd__a2bb2oi_1)
     1    0.015000    0.324631    0.354520    2.008395 ^ _1835_/Y (sky130_fd_sc_hd__a2bb2oi_1)
                                                         net82 (net)
                      0.324631    0.000434    2.008829 ^ output82/A (sky130_fd_sc_hd__buf_1)
     1    0.023055    0.272846    0.288539    2.297368 ^ output82/X (sky130_fd_sc_hd__buf_1)
                                                         result[25] (net)
                      0.272846    0.000281    2.297649 ^ result[25] (out)
                                              2.297649   data arrival time

                      0.000000    0.000000    0.000000   clock __VIRTUAL_CLK__ (rise edge)
                                  0.200000    0.200000   clock network delay (ideal)
                                  0.000000    0.200000   clock reconvergence pessimism
                                 -0.500000   -0.300000   output external delay
                                             -0.300000   data required time
---------------------------------------------------------------------------------------------
                                             -0.300000   data required time
                                             -2.297649   data arrival time
---------------------------------------------------------------------------------------------
                                              2.597649   slack (MET)


Startpoint: x[29] (input port clocked by __VIRTUAL_CLK__)
Endpoint: result[24] (output port clocked by __VIRTUAL_CLK__)
Path Group: __VIRTUAL_CLK__
Path Type: min

Fanout         Cap        Slew       Delay        Time   Description
---------------------------------------------------------------------------------------------
                      0.000000    0.000000    0.000000   clock __VIRTUAL_CLK__ (rise edge)
                                  0.200000    0.200000   clock network delay (ideal)
                                  1.000000    1.200000 ^ input external delay
     1    0.009145    0.000000    0.000000    1.200000 ^ x[29] (in)
                                                         x[29] (net)
                      0.000118    0.000059    1.200059 ^ input22/A (sky130_fd_sc_hd__clkbuf_8)
    12    0.094584    0.168150    0.205218    1.405277 ^ input22/X (sky130_fd_sc_hd__clkbuf_8)
                                                         net22 (net)
                      0.168200    0.002379    1.407656 ^ _0967_/B (sky130_fd_sc_hd__nor4_2)
     1    0.017430    0.075123    0.107562    1.515218 v _0967_/Y (sky130_fd_sc_hd__nor4_2)
                                                         _0092_ (net)
                      0.075130    0.000210    1.515427 v _0968_/B (sky130_fd_sc_hd__nand2_8)
    12    0.062095    0.112621    0.136240    1.651667 ^ _0968_/Y (sky130_fd_sc_hd__nand2_8)
                                                         _0093_ (net)
                      0.112667    0.001851    1.653519 ^ _1833_/A1_N (sky130_fd_sc_hd__a2bb2oi_1)
     1    0.015083    0.326474    0.355617    2.009136 ^ _1833_/Y (sky130_fd_sc_hd__a2bb2oi_1)
                                                         net81 (net)
                      0.326476    0.000730    2.009866 ^ output81/A (sky130_fd_sc_hd__buf_1)
     1    0.024001    0.283648    0.295869    2.305735 ^ output81/X (sky130_fd_sc_hd__buf_1)
                                                         result[24] (net)
                      0.283651    0.000714    2.306449 ^ result[24] (out)
                                              2.306449   data arrival time

                      0.000000    0.000000    0.000000   clock __VIRTUAL_CLK__ (rise edge)
                                  0.200000    0.200000   clock network delay (ideal)
                                  0.000000    0.200000   clock reconvergence pessimism
                                 -0.500000   -0.300000   output external delay
                                             -0.300000   data required time
---------------------------------------------------------------------------------------------
                                             -0.300000   data required time
                                             -2.306449   data arrival time
---------------------------------------------------------------------------------------------
                                              2.606449   slack (MET)


Startpoint: x[29] (input port clocked by __VIRTUAL_CLK__)
Endpoint: result[26] (output port clocked by __VIRTUAL_CLK__)
Path Group: __VIRTUAL_CLK__
Path Type: min

Fanout         Cap        Slew       Delay        Time   Description
---------------------------------------------------------------------------------------------
                      0.000000    0.000000    0.000000   clock __VIRTUAL_CLK__ (rise edge)
                                  0.200000    0.200000   clock network delay (ideal)
                                  1.000000    1.200000 ^ input external delay
     1    0.009145    0.000000    0.000000    1.200000 ^ x[29] (in)
                                                         x[29] (net)
                      0.000118    0.000059    1.200059 ^ input22/A (sky130_fd_sc_hd__clkbuf_8)
    12    0.094584    0.168150    0.205218    1.405277 ^ input22/X (sky130_fd_sc_hd__clkbuf_8)
                                                         net22 (net)
                      0.168200    0.002379    1.407656 ^ _0967_/B (sky130_fd_sc_hd__nor4_2)
     1    0.017430    0.075123    0.107562    1.515218 v _0967_/Y (sky130_fd_sc_hd__nor4_2)
                                                         _0092_ (net)
                      0.075130    0.000210    1.515427 v _0968_/B (sky130_fd_sc_hd__nand2_8)
    12    0.062095    0.112621    0.136240    1.651667 ^ _0968_/Y (sky130_fd_sc_hd__nand2_8)
                                                         _0093_ (net)
                      0.112682    0.002126    1.653793 ^ _1837_/A1_N (sky130_fd_sc_hd__a2bb2oi_1)
     1    0.016599    0.355425    0.378427    2.032220 ^ _1837_/Y (sky130_fd_sc_hd__a2bb2oi_1)
                                                         net83 (net)
                      0.355425    0.000324    2.032544 ^ output83/A (sky130_fd_sc_hd__buf_1)
     1    0.023931    0.282842    0.297514    2.330059 ^ output83/X (sky130_fd_sc_hd__buf_1)
                                                         result[26] (net)
                      0.282842    0.000341    2.330400 ^ result[26] (out)
                                              2.330400   data arrival time

                      0.000000    0.000000    0.000000   clock __VIRTUAL_CLK__ (rise edge)
                                  0.200000    0.200000   clock network delay (ideal)
                                  0.000000    0.200000   clock reconvergence pessimism
                                 -0.500000   -0.300000   output external delay
                                             -0.300000   data required time
---------------------------------------------------------------------------------------------
                                             -0.300000   data required time
                                             -2.330400   data arrival time
---------------------------------------------------------------------------------------------
                                              2.630400   slack (MET)


Startpoint: x[29] (input port clocked by __VIRTUAL_CLK__)
Endpoint: result[23] (output port clocked by __VIRTUAL_CLK__)
Path Group: __VIRTUAL_CLK__
Path Type: min

Fanout         Cap        Slew       Delay        Time   Description
---------------------------------------------------------------------------------------------
                      0.000000    0.000000    0.000000   clock __VIRTUAL_CLK__ (rise edge)
                                  0.200000    0.200000   clock network delay (ideal)
                                  1.000000    1.200000 ^ input external delay
     1    0.009145    0.000000    0.000000    1.200000 ^ x[29] (in)
                                                         x[29] (net)
                      0.000118    0.000059    1.200059 ^ input22/A (sky130_fd_sc_hd__clkbuf_8)
    12    0.094584    0.168150    0.205218    1.405277 ^ input22/X (sky130_fd_sc_hd__clkbuf_8)
                                                         net22 (net)
                      0.168200    0.002379    1.407656 ^ _0967_/B (sky130_fd_sc_hd__nor4_2)
     1    0.017430    0.075123    0.107562    1.515218 v _0967_/Y (sky130_fd_sc_hd__nor4_2)
                                                         _0092_ (net)
                      0.075130    0.000210    1.515427 v _0968_/B (sky130_fd_sc_hd__nand2_8)
    12    0.062095    0.112621    0.136240    1.651667 ^ _0968_/Y (sky130_fd_sc_hd__nand2_8)
                                                         _0093_ (net)
                      0.112685    0.002185    1.653852 ^ _1831_/A1_N (sky130_fd_sc_hd__a2bb2oi_1)
     1    0.015911    0.342183    0.368192    2.022045 ^ _1831_/Y (sky130_fd_sc_hd__a2bb2oi_1)
                                                         net80 (net)
                      0.342183    0.000279    2.022324 ^ output80/A (sky130_fd_sc_hd__buf_1)
     1    0.026418    0.310994    0.316341    2.338665 ^ output80/X (sky130_fd_sc_hd__buf_1)
                                                         result[23] (net)
                      0.310994    0.000245    2.338909 ^ result[23] (out)
                                              2.338909   data arrival time

                      0.000000    0.000000    0.000000   clock __VIRTUAL_CLK__ (rise edge)
                                  0.200000    0.200000   clock network delay (ideal)
                                  0.000000    0.200000   clock reconvergence pessimism
                                 -0.500000   -0.300000   output external delay
                                             -0.300000   data required time
---------------------------------------------------------------------------------------------
                                             -0.300000   data required time
                                             -2.338909   data arrival time
---------------------------------------------------------------------------------------------
                                              2.638909   slack (MET)



