
===========================================================================
report_checks -unconstrained
===========================================================================
======================= nom_tt_025C_1v80 Corner ===================================

Startpoint: x[27] (input port clocked by __VIRTUAL_CLK__)
Endpoint: result[25] (output port clocked by __VIRTUAL_CLK__)
Path Group: __VIRTUAL_CLK__
Path Type: max

Fanout         Cap        Slew       Delay        Time   Description
---------------------------------------------------------------------------------------------
                      0.000000    0.000000    0.000000   clock __VIRTUAL_CLK__ (rise edge)
                                  0.200000    0.200000   clock network delay (ideal)
                                  1.000000    1.200000 ^ input external delay
     1    0.030656    0.000000    0.000000    1.200000 ^ x[27] (in)
                                                         x[27] (net)
                      0.002513    0.001257    1.201257 ^ input20/A (sky130_fd_sc_hd__buf_2)
     7    0.102112    0.487796    0.396702    1.597959 ^ input20/X (sky130_fd_sc_hd__buf_2)
                                                         net20 (net)
                      0.488213    0.011868    1.609826 ^ _0975_/B_N (sky130_fd_sc_hd__nor2b_1)
     4    0.079488    1.432032    1.169396    2.779222 ^ _0975_/Y (sky130_fd_sc_hd__nor2b_1)
                                                         _0100_ (net)
                      1.432055    0.005014    2.784236 ^ _1082_/A1 (sky130_fd_sc_hd__a21oi_1)
     1    0.030173    0.467926    0.514509    3.298745 v _1082_/Y (sky130_fd_sc_hd__a21oi_1)
                                                         _0207_ (net)
                      0.467928    0.001606    3.300351 v _1100_/C1 (sky130_fd_sc_hd__o221ai_4)
     5    0.032329    0.323711    0.284336    3.584687 ^ _1100_/Y (sky130_fd_sc_hd__o221ai_4)
                                                         _0225_ (net)
                      0.323732    0.001209    3.585896 ^ _1101_/B1 (sky130_fd_sc_hd__o21ai_1)
     2    0.037279    0.310239    0.345544    3.931440 v _1101_/Y (sky130_fd_sc_hd__o21ai_1)
                                                         _0226_ (net)
                      0.310308    0.003854    3.935294 v _1104_/A (sky130_fd_sc_hd__nand2_2)
     1    0.033124    0.195473    0.272628    4.207922 ^ _1104_/Y (sky130_fd_sc_hd__nand2_2)
                                                         _0229_ (net)
                      0.195478    0.001244    4.209166 ^ _1106_/B (sky130_fd_sc_hd__nand2_8)
    27    0.145991    0.207926    0.193580    4.402746 v _1106_/Y (sky130_fd_sc_hd__nand2_8)
                                                         _0231_ (net)
                      0.208687    0.010280    4.413026 v _1109_/D1 (sky130_fd_sc_hd__o2111ai_4)
    19    0.123571    0.881349    0.377379    4.790406 ^ _1109_/Y (sky130_fd_sc_hd__o2111ai_4)
                                                         _0234_ (net)
                      0.881372    0.003701    4.794107 ^ _1260_/A1 (sky130_fd_sc_hd__o22ai_2)
     3    0.016553    0.185128    0.260619    5.054726 v _1260_/Y (sky130_fd_sc_hd__o22ai_2)
                                                         _0385_ (net)
                      0.185128    0.000432    5.055158 v _1292_/A2 (sky130_fd_sc_hd__o211ai_1)
     2    0.013719    0.337136    0.359997    5.415155 ^ _1292_/Y (sky130_fd_sc_hd__o211ai_1)
                                                         _0417_ (net)
                      0.337136    0.000570    5.415725 ^ _1352_/A (sky130_fd_sc_hd__nand3_1)
     1    0.009468    0.149873    0.187111    5.602836 v _1352_/Y (sky130_fd_sc_hd__nand3_1)
                                                         _0477_ (net)
                      0.149873    0.000393    5.603229 v _1358_/B1 (sky130_fd_sc_hd__a2bb2oi_2)
     3    0.025392    0.314967    0.334766    5.937994 ^ _1358_/Y (sky130_fd_sc_hd__a2bb2oi_2)
                                                         _0483_ (net)
                      0.314976    0.001469    5.939464 ^ _1379_/D (sky130_fd_sc_hd__nand4_2)
     6    0.018973    0.207116    0.222633    6.162097 v _1379_/Y (sky130_fd_sc_hd__nand4_2)
                                                         _0504_ (net)
                      0.207187    0.000624    6.162722 v _1381_/C (sky130_fd_sc_hd__nor3_1)
     3    0.010821    0.352483    0.342613    6.505334 ^ _1381_/Y (sky130_fd_sc_hd__nor3_1)
                                                         _0506_ (net)
                      0.352483    0.000134    6.505468 ^ _1384_/B (sky130_fd_sc_hd__nand4b_1)
     2    0.005985    0.133498    0.174960    6.680428 v _1384_/Y (sky130_fd_sc_hd__nand4b_1)
                                                         _0509_ (net)
                      0.133498    0.000171    6.680598 v _1386_/C (sky130_fd_sc_hd__nor3_1)
     2    0.004573    0.189915    0.191912    6.872511 ^ _1386_/Y (sky130_fd_sc_hd__nor3_1)
                                                         _0511_ (net)
                      0.189915    0.000063    6.872574 ^ _1390_/D_N (sky130_fd_sc_hd__or4b_2)
     3    0.011413    0.134935    0.662038    7.534612 v _1390_/X (sky130_fd_sc_hd__or4b_2)
                                                         _0515_ (net)
                      0.134935    0.000289    7.534901 v _1393_/A3 (sky130_fd_sc_hd__o31ai_2)
     2    0.013951    0.341000    0.336098    7.870999 ^ _1393_/Y (sky130_fd_sc_hd__o31ai_2)
                                                         _0518_ (net)
                      0.341000    0.000180    7.871180 ^ _1394_/B1 (sky130_fd_sc_hd__o21ai_2)
     2    0.012053    0.117734    0.137375    8.008554 v _1394_/Y (sky130_fd_sc_hd__o21ai_2)
                                                         _0519_ (net)
                      0.117734    0.000195    8.008750 v _1395_/B1 (sky130_fd_sc_hd__a41o_1)
     2    0.014465    0.088510    0.280108    8.288858 v _1395_/X (sky130_fd_sc_hd__a41o_1)
                                                         _0520_ (net)
                      0.088510    0.000256    8.289115 v _1396_/B1 (sky130_fd_sc_hd__a41oi_2)
     3    0.008264    0.184825    0.202134    8.491249 ^ _1396_/Y (sky130_fd_sc_hd__a41oi_2)
                                                         _0521_ (net)
                      0.184825    0.000105    8.491354 ^ _1397_/B1 (sky130_fd_sc_hd__o31a_1)
     3    0.014776    0.162206    0.247275    8.738628 ^ _1397_/X (sky130_fd_sc_hd__o31a_1)
                                                         _0522_ (net)
                      0.162206    0.000268    8.738897 ^ _1398_/B1 (sky130_fd_sc_hd__o41ai_4)
     3    0.014164    0.103530    0.124572    8.863469 v _1398_/Y (sky130_fd_sc_hd__o41ai_4)
                                                         _0523_ (net)
                      0.103530    0.000330    8.863799 v _1399_/B1 (sky130_fd_sc_hd__a21oi_1)
     1    0.005906    0.160730    0.175644    9.039442 ^ _1399_/Y (sky130_fd_sc_hd__a21oi_1)
                                                         _0524_ (net)
                      0.160730    0.000195    9.039637 ^ _1405_/B (sky130_fd_sc_hd__xor2_1)
     3    0.014862    0.158698    0.151891    9.191527 v _1405_/X (sky130_fd_sc_hd__xor2_1)
                                                         _0530_ (net)
                      0.158698    0.000294    9.191822 v _1409_/A (sky130_fd_sc_hd__or2_2)
     3    0.025032    0.110155    0.407836    9.599658 v _1409_/X (sky130_fd_sc_hd__or2_2)
                                                         _0534_ (net)
                      0.110159    0.000775    9.600433 v _1565_/A (sky130_fd_sc_hd__nand2_1)
     1    0.011561    0.120397    0.137362    9.737796 ^ _1565_/Y (sky130_fd_sc_hd__nand2_1)
                                                         _0690_ (net)
                      0.120397    0.000417    9.738214 ^ _1566_/A (sky130_fd_sc_hd__inv_1)
     2    0.020256    0.100457    0.122699    9.860912 v _1566_/Y (sky130_fd_sc_hd__inv_1)
                                                         _0691_ (net)
                      0.100464    0.000879    9.861792 v _1567_/B (sky130_fd_sc_hd__nand2_2)
     2    0.019970    0.117396    0.141680   10.003471 ^ _1567_/Y (sky130_fd_sc_hd__nand2_2)
                                                         _0692_ (net)
                      0.117439    0.000426   10.003898 ^ _1572_/A2_N (sky130_fd_sc_hd__o2bb2ai_4)
    12    0.095227    0.603367    0.316294   10.320191 ^ _1572_/Y (sky130_fd_sc_hd__o2bb2ai_4)
                                                         _0697_ (net)
                      0.603423    0.004840   10.325031 ^ _1580_/B (sky130_fd_sc_hd__nand3_4)
    11    0.065154    0.270399    0.319887   10.644918 v _1580_/Y (sky130_fd_sc_hd__nand3_4)
                                                         _0705_ (net)
                      0.270421    0.001971   10.646889 v _1599_/B (sky130_fd_sc_hd__nand3_1)
     2    0.012767    0.166738    0.248655   10.895544 ^ _1599_/Y (sky130_fd_sc_hd__nand3_1)
                                                         _0724_ (net)
                      0.166738    0.000390   10.895934 ^ _1617_/B (sky130_fd_sc_hd__nand4_2)
     2    0.015169    0.149602    0.175038   11.070972 v _1617_/Y (sky130_fd_sc_hd__nand4_2)
                                                         _0742_ (net)
                      0.149602    0.000499   11.071471 v _1619_/B2 (sky130_fd_sc_hd__o22ai_4)
     4    0.024267    0.248033    0.222020   11.293491 ^ _1619_/Y (sky130_fd_sc_hd__o22ai_4)
                                                         _0744_ (net)
                      0.248034    0.000534   11.294024 ^ _1627_/A1 (sky130_fd_sc_hd__a21boi_1)
     1    0.009143    0.106858    0.144901   11.438926 v _1627_/Y (sky130_fd_sc_hd__a21boi_1)
                                                         _0752_ (net)
                      0.106858    0.000287   11.439213 v _1632_/B2 (sky130_fd_sc_hd__o32ai_4)
     4    0.013255    0.265148    0.150254   11.589467 ^ _1632_/Y (sky130_fd_sc_hd__o32ai_4)
                                                         _0757_ (net)
                      0.265149    0.000442   11.589909 ^ _1641_/A1 (sky130_fd_sc_hd__a21oi_1)
     1    0.002680    0.111164    0.102615   11.692524 v _1641_/Y (sky130_fd_sc_hd__a21oi_1)
                                                         _0766_ (net)
                      0.111164    0.000053   11.692577 v _1646_/A1 (sky130_fd_sc_hd__a21oi_1)
     3    0.016425    0.361145    0.334605   12.027183 ^ _1646_/Y (sky130_fd_sc_hd__a21oi_1)
                                                         _0771_ (net)
                      0.361145    0.000466   12.027649 ^ _1834_/B2 (sky130_fd_sc_hd__o221ai_1)
     1    0.004333    0.115191    0.173280   12.200929 v _1834_/Y (sky130_fd_sc_hd__o221ai_1)
                                                         _0936_ (net)
                      0.115191    0.000148   12.201077 v _1835_/B2 (sky130_fd_sc_hd__a2bb2oi_1)
     1    0.016933    0.395958    0.351987   12.553063 ^ _1835_/Y (sky130_fd_sc_hd__a2bb2oi_1)
                                                         net82 (net)
                      0.395959    0.000648   12.553712 ^ output82/A (sky130_fd_sc_hd__buf_1)
     1    0.024857    0.293476    0.307329   12.861041 ^ output82/X (sky130_fd_sc_hd__buf_1)
                                                         result[25] (net)
                      0.293478    0.000758   12.861799 ^ result[25] (out)
                                             12.861799   data arrival time

                      0.000000   20.000000   20.000000   clock __VIRTUAL_CLK__ (rise edge)
                                  0.200000   20.200001   clock network delay (ideal)
                                  0.000000   20.200001   clock reconvergence pessimism
                                 -0.500000   19.700001   output external delay
                                             19.700001   data required time
---------------------------------------------------------------------------------------------
                                             19.700001   data required time
                                            -12.861799   data arrival time
---------------------------------------------------------------------------------------------
                                              6.838202   slack (MET)




===========================================================================
report_checks --slack_max -0.01
============================================================================
======================= nom_tt_025C_1v80 Corner ===================================

No paths found.


===========================================================================
 report_check_types -max_slew -max_cap -max_fanout -violators
============================================================================
======================= nom_tt_025C_1v80 Corner ===================================



===========================================================================
report_parasitic_annotation -report_unannotated
============================================================================
Found 0 unannotated drivers.
Found 0 partially unannotated drivers.

===========================================================================
max slew violation count 0
max fanout violation count 0
max cap violation count 0
============================================================================

===========================================================================
check_setup -verbose -unconstrained_endpoints -multiple_clock -no_clock -no_input_delay -loops -generated_clocks
===========================================================================
