Reading library file at '/home/shehab/.volare/volare/sky130/versions/0fe599b2afb6708d281543108caf8310912f54af/sky130A/libs.ref/sky130_fd_sc_hd/lib/sky130_fd_sc_hd__tt_025C_1v80.lib'…
Reading technology LEF file at '/home/shehab/.volare/volare/sky130/versions/0fe599b2afb6708d281543108caf8310912f54af/sky130A/libs.ref/sky130_fd_sc_hd/techlef/sky130_fd_sc_hd__nom.tlef'…
[INFO ODB-0227] LEF file: /home/shehab/.volare/volare/sky130/versions/0fe599b2afb6708d281543108caf8310912f54af/sky130A/libs.ref/sky130_fd_sc_hd/techlef/sky130_fd_sc_hd__nom.tlef, created 14 layers, 25 vias
Reading cell LEF file at '/home/shehab/.volare/volare/sky130/versions/0fe599b2afb6708d281543108caf8310912f54af/sky130A/libs.ref/sky130_fd_sc_hd/lef/sky130_fd_sc_hd.lef'…
[WARNING ODB-0220] WARNING (LEFPARS-2008): NOWIREEXTENSIONATPIN statement is obsolete in version 5.6 or later.
The NOWIREEXTENSIONATPIN statement will be ignored. See file /home/shehab/.volare/volare/sky130/versions/0fe599b2afb6708d281543108caf8310912f54af/sky130A/libs.ref/sky130_fd_sc_hd/lef/sky130_fd_sc_hd.lef at line 2.

[INFO ODB-0227] LEF file: /home/shehab/.volare/volare/sky130/versions/0fe599b2afb6708d281543108caf8310912f54af/sky130A/libs.ref/sky130_fd_sc_hd/lef/sky130_fd_sc_hd.lef, created 437 library cells
Reading cell LEF file at '/home/shehab/.volare/volare/sky130/versions/0fe599b2afb6708d281543108caf8310912f54af/sky130A/libs.ref/sky130_fd_sc_hd/lef/sky130_ef_sc_hd.lef'…
[WARNING ODB-0220] WARNING (LEFPARS-2008): NOWIREEXTENSIONATPIN statement is obsolete in version 5.6 or later.
The NOWIREEXTENSIONATPIN statement will be ignored. See file /home/shehab/.volare/volare/sky130/versions/0fe599b2afb6708d281543108caf8310912f54af/sky130A/libs.ref/sky130_fd_sc_hd/lef/sky130_ef_sc_hd.lef at line 2.

[INFO ODB-0227] LEF file: /home/shehab/.volare/volare/sky130/versions/0fe599b2afb6708d281543108caf8310912f54af/sky130A/libs.ref/sky130_fd_sc_hd/lef/sky130_ef_sc_hd.lef, created 4 library cells
Reading top-level netlist at '/home/shehab/Desktop/ArithmeticMania/floating-point/runs/RUN_2024-12-25_04-56-51/06-yosys-synthesis/floatingPointAdder.nl.v'…
Linking design 'floatingPointAdder' from netlist…
Reading design constraints file at './mult.sdc'…
[INFO] No information on clock propagation in input SDC file-- propagating all clocks.
[WARNING STA-0450] virtual clock __VIRTUAL_CLK__ can not be propagated.
Using site height: 2.72 and site width: 0.46…
[INFO] Using relative sizing for the floorplan.
[INFO IFP-0001] Added 43 rows of 255 site unithd.
[INFO IFP-0030] Inserted 0 tiecells using sky130_fd_sc_hd__conb_1/LO.
[INFO IFP-0030] Inserted 0 tiecells using sky130_fd_sc_hd__conb_1/HI.
[INFO] Extracting DIE_AREA and CORE_AREA from the floorplan
[INFO] Floorplanned on a die area of 0.0 0.0 128.505 139.225 (µm).
[INFO] Floorplanned on a core area of 5.52 10.88 122.82 127.84 (µm).
Writing metric design__die__bbox: 0.0 0.0 128.505 139.225
Writing metric design__core__bbox: 5.52 10.88 122.82 127.84
Setting global connections for newly added cells…
[INFO] Setting global connections...
Updating metrics…
Cell type report:                       Count       Area
  Inverter                                 28     105.10
  Multi-Input combinational cell          952    6242.24
  Total                                   980    6347.34
Writing OpenROAD database to '/home/shehab/Desktop/ArithmeticMania/floating-point/runs/RUN_2024-12-25_04-56-51/13-openroad-floorplan/floatingPointAdder.odb'…
Writing netlist to '/home/shehab/Desktop/ArithmeticMania/floating-point/runs/RUN_2024-12-25_04-56-51/13-openroad-floorplan/floatingPointAdder.nl.v'…
Writing powered netlist to '/home/shehab/Desktop/ArithmeticMania/floating-point/runs/RUN_2024-12-25_04-56-51/13-openroad-floorplan/floatingPointAdder.pnl.v'…
Writing layout to '/home/shehab/Desktop/ArithmeticMania/floating-point/runs/RUN_2024-12-25_04-56-51/13-openroad-floorplan/floatingPointAdder.def'…
Writing timing constraints to '/home/shehab/Desktop/ArithmeticMania/floating-point/runs/RUN_2024-12-25_04-56-51/13-openroad-floorplan/floatingPointAdder.sdc'…
