87. Printing statistics.

=== simpleMultiplier ===

   Number of wires:               6861
   Number of wire bits:           6986
   Number of public wires:           3
   Number of public wire bits:     128
   Number of ports:                  3
   Number of port bits:            128
   Number of memories:               0
   Number of memory bits:            0
   Number of processes:              0
   Number of cells:               6922
     $_ANDNOT_                    2180
     $_AND_                        886
     $_NAND_                       390
     $_NOR_                        191
     $_NOT_                         87
     $_ORNOT_                       49
     $_OR_                         846
     $_XNOR_                       544
     $_XOR_                       1749

   Area for cell type $_NOT_ is unknown!
   Area for cell type $_AND_ is unknown!
   Area for cell type $_NAND_ is unknown!
   Area for cell type $_OR_ is unknown!
   Area for cell type $_NOR_ is unknown!
   Area for cell type $_XOR_ is unknown!
   Area for cell type $_XNOR_ is unknown!
   Area for cell type $_ANDNOT_ is unknown!
   Area for cell type $_ORNOT_ is unknown!

