
===========================================================================
report_checks -unconstrained
===========================================================================
======================= nom_ss_100C_1v60 Corner ===================================

Startpoint: y[29] (input port clocked by __VIRTUAL_CLK__)
Endpoint: result[15] (output port clocked by __VIRTUAL_CLK__)
Path Group: __VIRTUAL_CLK__
Path Type: max

Fanout         Cap        Slew       Delay        Time   Description
---------------------------------------------------------------------------------------------
                      0.000000    0.000000    0.000000   clock __VIRTUAL_CLK__ (rise edge)
                                  0.200000    0.200000   clock network delay (ideal)
                                  1.000000    1.200000 ^ input external delay
     7    0.016967    0.000000    0.000000    1.200000 ^ y[29] (in)
                                                         y[29] (net)
                      0.000000    0.000000    1.200000 ^ _0949_/A (sky130_fd_sc_hd__clkinv_1)
     6    0.013603    0.212526    0.182979    1.382979 v _0949_/Y (sky130_fd_sc_hd__clkinv_1)
                                                         _0934_ (net)
                      0.212526    0.000000    1.382979 v _1018_/B (sky130_fd_sc_hd__nor2_1)
     8    0.019708    0.602927    0.548464    1.931443 ^ _1018_/Y (sky130_fd_sc_hd__nor2_1)
                                                         _0143_ (net)
                      0.602927    0.000000    1.931443 ^ _1035_/B (sky130_fd_sc_hd__nor2_1)
     4    0.009079    0.178489    0.316146    2.247588 v _1035_/Y (sky130_fd_sc_hd__nor2_1)
                                                         _0160_ (net)
                      0.178489    0.000000    2.247588 v _1037_/A1 (sky130_fd_sc_hd__a31oi_1)
    54    0.130848    4.589503    3.303280    5.550868 ^ _1037_/Y (sky130_fd_sc_hd__a31oi_1)
                                                         _0162_ (net)
                      4.589503    0.000000    5.550868 ^ _1040_/B1 (sky130_fd_sc_hd__o21ai_1)
    21    0.046602    1.487766    2.229289    7.780157 v _1040_/Y (sky130_fd_sc_hd__o21ai_1)
                                                         _0165_ (net)
                      1.487766    0.000000    7.780157 v _1099_/A1 (sky130_fd_sc_hd__o21ai_1)
    23    0.055345    1.731516    1.904989    9.685146 ^ _1099_/Y (sky130_fd_sc_hd__o21ai_1)
                                                         _0224_ (net)
                      1.731516    0.000000    9.685146 ^ _1132_/A (sky130_fd_sc_hd__nand4_1)
     2    0.004280    0.446185    0.636897   10.322043 v _1132_/Y (sky130_fd_sc_hd__nand4_1)
                                                         _0257_ (net)
                      0.446185    0.000000   10.322043 v _1137_/C1 (sky130_fd_sc_hd__o211ai_1)
     2    0.004794    0.470894    0.318122   10.640165 ^ _1137_/Y (sky130_fd_sc_hd__o211ai_1)
                                                         _0262_ (net)
                      0.470894    0.000000   10.640165 ^ _1140_/B1 (sky130_fd_sc_hd__o211ai_1)
     2    0.004508    0.238210    0.359934   11.000100 v _1140_/Y (sky130_fd_sc_hd__o211ai_1)
                                                         _0265_ (net)
                      0.238210    0.000000   11.000100 v _1142_/B2 (sky130_fd_sc_hd__a22oi_1)
     3    0.007421    0.380756    0.418858   11.418958 ^ _1142_/Y (sky130_fd_sc_hd__a22oi_1)
                                                         _0267_ (net)
                      0.380756    0.000000   11.418958 ^ _1227_/A2 (sky130_fd_sc_hd__o221ai_1)
     4    0.011214    0.461254    0.502650   11.921608 v _1227_/Y (sky130_fd_sc_hd__o221ai_1)
                                                         _0352_ (net)
                      0.461254    0.000000   11.921608 v _1515_/A1 (sky130_fd_sc_hd__a211oi_1)
     4    0.009696    0.644576    0.745854   12.667462 ^ _1515_/Y (sky130_fd_sc_hd__a211oi_1)
                                                         _0640_ (net)
                      0.644576    0.000000   12.667462 ^ _1518_/B1 (sky130_fd_sc_hd__o221ai_1)
     3    0.006753    0.350243    0.539232   13.206694 v _1518_/Y (sky130_fd_sc_hd__o221ai_1)
                                                         _0643_ (net)
                      0.350243    0.000000   13.206694 v _1530_/A2 (sky130_fd_sc_hd__a31oi_1)
     2    0.007036    0.345478    0.484185   13.690879 ^ _1530_/Y (sky130_fd_sc_hd__a31oi_1)
                                                         _0655_ (net)
                      0.345478    0.000000   13.690879 ^ _1533_/A2 (sky130_fd_sc_hd__o21bai_1)
     2    0.006706    0.166263    0.262439   13.953318 v _1533_/Y (sky130_fd_sc_hd__o21bai_1)
                                                         _0658_ (net)
                      0.166263    0.000000   13.953318 v _1534_/A1 (sky130_fd_sc_hd__a21oi_1)
     3    0.009595    0.383677    0.402300   14.355618 ^ _1534_/Y (sky130_fd_sc_hd__a21oi_1)
                                                         _0659_ (net)
                      0.383677    0.000000   14.355618 ^ _1537_/A2 (sky130_fd_sc_hd__o211ai_1)
     2    0.004666    0.222425    0.305293   14.660912 v _1537_/Y (sky130_fd_sc_hd__o211ai_1)
                                                         _0662_ (net)
                      0.222425    0.000000   14.660912 v _1539_/A2_N (sky130_fd_sc_hd__o2bb2ai_1)
     2    0.004495    0.143369    0.318634   14.979546 v _1539_/Y (sky130_fd_sc_hd__o2bb2ai_1)
                                                         _0664_ (net)
                      0.143369    0.000000   14.979546 v _1541_/A1 (sky130_fd_sc_hd__a31oi_1)
     3    0.009454    0.429570    0.405244   15.384789 ^ _1541_/Y (sky130_fd_sc_hd__a31oi_1)
                                                         _0666_ (net)
                      0.429570    0.000000   15.384789 ^ _1543_/B2 (sky130_fd_sc_hd__o221ai_1)
     2    0.004508    0.242981    0.370733   15.755522 v _1543_/Y (sky130_fd_sc_hd__o221ai_1)
                                                         _0668_ (net)
                      0.242981    0.000000   15.755522 v _1545_/A (sky130_fd_sc_hd__nand3_1)
     2    0.004731    0.128418    0.202359   15.957881 ^ _1545_/Y (sky130_fd_sc_hd__nand3_1)
                                                         _0670_ (net)
                      0.128418    0.000000   15.957881 ^ _1547_/C1 (sky130_fd_sc_hd__o221ai_1)
     2    0.004495    0.242990    0.280561   16.238441 v _1547_/Y (sky130_fd_sc_hd__o221ai_1)
                                                         _0672_ (net)
                      0.242990    0.000000   16.238441 v _1549_/A1 (sky130_fd_sc_hd__a31oi_1)
     2    0.006975    0.339177    0.388956   16.627399 ^ _1549_/Y (sky130_fd_sc_hd__a31oi_1)
                                                         _0674_ (net)
                      0.339177    0.000000   16.627399 ^ _1550_/A2 (sky130_fd_sc_hd__o21bai_1)
     2    0.006607    0.172431    0.259167   16.886566 v _1550_/Y (sky130_fd_sc_hd__o21bai_1)
                                                         _0675_ (net)
                      0.172431    0.000000   16.886566 v _1552_/A1 (sky130_fd_sc_hd__a21oi_1)
     2    0.007036    0.304117    0.344677   17.231243 ^ _1552_/Y (sky130_fd_sc_hd__a21oi_1)
                                                         _0677_ (net)
                      0.304117    0.000000   17.231243 ^ _1554_/A2 (sky130_fd_sc_hd__o21bai_1)
     2    0.006566    0.166942    0.247883   17.479126 v _1554_/Y (sky130_fd_sc_hd__o21bai_1)
                                                         _0679_ (net)
                      0.166942    0.000000   17.479126 v _1557_/A (sky130_fd_sc_hd__nand2_1)
     2    0.004287    0.093760    0.149335   17.628462 ^ _1557_/Y (sky130_fd_sc_hd__nand2_1)
                                                         _0682_ (net)
                      0.093760    0.000000   17.628462 ^ _1559_/C1 (sky130_fd_sc_hd__o221ai_1)
     2    0.004495    0.245040    0.266866   17.895327 v _1559_/Y (sky130_fd_sc_hd__o221ai_1)
                                                         _0684_ (net)
                      0.245040    0.000000   17.895327 v _1561_/A1 (sky130_fd_sc_hd__a31oi_1)
     2    0.007046    0.341642    0.391537   18.286863 ^ _1561_/Y (sky130_fd_sc_hd__a31oi_1)
                                                         _0686_ (net)
                      0.341642    0.000000   18.286863 ^ _1563_/A2 (sky130_fd_sc_hd__o21bai_1)
     3    0.008873    0.206989    0.290516   18.577379 v _1563_/Y (sky130_fd_sc_hd__o21bai_1)
                                                         _0688_ (net)
                      0.206989    0.000000   18.577379 v _1567_/A (sky130_fd_sc_hd__nand2_1)
     2    0.005026    0.107744    0.175522   18.752901 ^ _1567_/Y (sky130_fd_sc_hd__nand2_1)
                                                         _0692_ (net)
                      0.107744    0.000000   18.752901 ^ _1572_/A2_N (sky130_fd_sc_hd__o2bb2ai_1)
    12    0.028890    1.006437    0.534415   19.287317 ^ _1572_/Y (sky130_fd_sc_hd__o2bb2ai_1)
                                                         _0697_ (net)
                      1.006437    0.000000   19.287317 ^ _1580_/B (sky130_fd_sc_hd__nand3_1)
    11    0.025270    0.672451    0.874497   20.161814 v _1580_/Y (sky130_fd_sc_hd__nand3_1)
                                                         _0705_ (net)
                      0.672451    0.000000   20.161814 v _1581_/B (sky130_fd_sc_hd__nand2_1)
    26    0.068127    0.985215    1.031824   21.193638 ^ _1581_/Y (sky130_fd_sc_hd__nand2_1)
                                                         _0706_ (net)
                      0.985215    0.000000   21.193638 ^ _1663_/A1 (sky130_fd_sc_hd__o22ai_1)
     2    0.004668    0.211824    0.485086   21.678724 v _1663_/Y (sky130_fd_sc_hd__o22ai_1)
                                                         _0788_ (net)
                      0.211824    0.000000   21.678724 v _1665_/B1 (sky130_fd_sc_hd__o22ai_1)
     2    0.004658    0.383194    0.302290   21.981012 ^ _1665_/Y (sky130_fd_sc_hd__o22ai_1)
                                                         _0790_ (net)
                      0.383194    0.000000   21.981012 ^ _1675_/A (sky130_fd_sc_hd__nand3_1)
     1    0.002293    0.182925    0.234303   22.215317 v _1675_/Y (sky130_fd_sc_hd__nand3_1)
                                                         _0800_ (net)
                      0.182925    0.000000   22.215317 v _1681_/B1 (sky130_fd_sc_hd__a211oi_1)
     1    0.002473    0.295332    0.385603   22.600920 ^ _1681_/Y (sky130_fd_sc_hd__a211oi_1)
                                                         _0806_ (net)
                      0.295332    0.000000   22.600920 ^ _1682_/B (sky130_fd_sc_hd__nand3_1)
     2    0.004527    0.188450    0.265738   22.866657 v _1682_/Y (sky130_fd_sc_hd__nand3_1)
                                                         _0807_ (net)
                      0.188450    0.000000   22.866657 v _1683_/B1 (sky130_fd_sc_hd__a21oi_1)
    22    0.054560    1.783643    1.429857   24.296515 ^ _1683_/Y (sky130_fd_sc_hd__a21oi_1)
                                                         _0808_ (net)
                      1.783643    0.000000   24.296515 ^ _1782_/B2 (sky130_fd_sc_hd__o22ai_1)
     1    0.010000    0.464674    0.727496   25.024010 v _1782_/Y (sky130_fd_sc_hd__o22ai_1)
                                                         result[15] (net)
                      0.464674    0.000000   25.024010 v result[15] (out)
                                             25.024010   data arrival time

                      0.000000   20.000000   20.000000   clock __VIRTUAL_CLK__ (rise edge)
                                  0.200000   20.200001   clock network delay (ideal)
                                  0.000000   20.200001   clock reconvergence pessimism
                                 -0.500000   19.700001   output external delay
                                             19.700001   data required time
---------------------------------------------------------------------------------------------
                                             19.700001   data required time
                                            -25.024010   data arrival time
---------------------------------------------------------------------------------------------
                                             -5.324010   slack (VIOLATED)




===========================================================================
report_checks --slack_max -0.01
============================================================================
======================= nom_ss_100C_1v60 Corner ===================================

Startpoint: y[29] (input port clocked by __VIRTUAL_CLK__)
Endpoint: result[15] (output port clocked by __VIRTUAL_CLK__)
Path Group: __VIRTUAL_CLK__
Path Type: max

Fanout         Cap        Slew       Delay        Time   Description
---------------------------------------------------------------------------------------------
                      0.000000    0.000000    0.000000   clock __VIRTUAL_CLK__ (rise edge)
                                  0.200000    0.200000   clock network delay (ideal)
                                  1.000000    1.200000 ^ input external delay
     7    0.016967    0.000000    0.000000    1.200000 ^ y[29] (in)
                                                         y[29] (net)
                      0.000000    0.000000    1.200000 ^ _0949_/A (sky130_fd_sc_hd__clkinv_1)
     6    0.013603    0.212526    0.182979    1.382979 v _0949_/Y (sky130_fd_sc_hd__clkinv_1)
                                                         _0934_ (net)
                      0.212526    0.000000    1.382979 v _1018_/B (sky130_fd_sc_hd__nor2_1)
     8    0.019708    0.602927    0.548464    1.931443 ^ _1018_/Y (sky130_fd_sc_hd__nor2_1)
                                                         _0143_ (net)
                      0.602927    0.000000    1.931443 ^ _1035_/B (sky130_fd_sc_hd__nor2_1)
     4    0.009079    0.178489    0.316146    2.247588 v _1035_/Y (sky130_fd_sc_hd__nor2_1)
                                                         _0160_ (net)
                      0.178489    0.000000    2.247588 v _1037_/A1 (sky130_fd_sc_hd__a31oi_1)
    54    0.130848    4.589503    3.303280    5.550868 ^ _1037_/Y (sky130_fd_sc_hd__a31oi_1)
                                                         _0162_ (net)
                      4.589503    0.000000    5.550868 ^ _1040_/B1 (sky130_fd_sc_hd__o21ai_1)
    21    0.046602    1.487766    2.229289    7.780157 v _1040_/Y (sky130_fd_sc_hd__o21ai_1)
                                                         _0165_ (net)
                      1.487766    0.000000    7.780157 v _1099_/A1 (sky130_fd_sc_hd__o21ai_1)
    23    0.055345    1.731516    1.904989    9.685146 ^ _1099_/Y (sky130_fd_sc_hd__o21ai_1)
                                                         _0224_ (net)
                      1.731516    0.000000    9.685146 ^ _1132_/A (sky130_fd_sc_hd__nand4_1)
     2    0.004280    0.446185    0.636897   10.322043 v _1132_/Y (sky130_fd_sc_hd__nand4_1)
                                                         _0257_ (net)
                      0.446185    0.000000   10.322043 v _1137_/C1 (sky130_fd_sc_hd__o211ai_1)
     2    0.004794    0.470894    0.318122   10.640165 ^ _1137_/Y (sky130_fd_sc_hd__o211ai_1)
                                                         _0262_ (net)
                      0.470894    0.000000   10.640165 ^ _1140_/B1 (sky130_fd_sc_hd__o211ai_1)
     2    0.004508    0.238210    0.359934   11.000100 v _1140_/Y (sky130_fd_sc_hd__o211ai_1)
                                                         _0265_ (net)
                      0.238210    0.000000   11.000100 v _1142_/B2 (sky130_fd_sc_hd__a22oi_1)
     3    0.007421    0.380756    0.418858   11.418958 ^ _1142_/Y (sky130_fd_sc_hd__a22oi_1)
                                                         _0267_ (net)
                      0.380756    0.000000   11.418958 ^ _1227_/A2 (sky130_fd_sc_hd__o221ai_1)
     4    0.011214    0.461254    0.502650   11.921608 v _1227_/Y (sky130_fd_sc_hd__o221ai_1)
                                                         _0352_ (net)
                      0.461254    0.000000   11.921608 v _1515_/A1 (sky130_fd_sc_hd__a211oi_1)
     4    0.009696    0.644576    0.745854   12.667462 ^ _1515_/Y (sky130_fd_sc_hd__a211oi_1)
                                                         _0640_ (net)
                      0.644576    0.000000   12.667462 ^ _1518_/B1 (sky130_fd_sc_hd__o221ai_1)
     3    0.006753    0.350243    0.539232   13.206694 v _1518_/Y (sky130_fd_sc_hd__o221ai_1)
                                                         _0643_ (net)
                      0.350243    0.000000   13.206694 v _1530_/A2 (sky130_fd_sc_hd__a31oi_1)
     2    0.007036    0.345478    0.484185   13.690879 ^ _1530_/Y (sky130_fd_sc_hd__a31oi_1)
                                                         _0655_ (net)
                      0.345478    0.000000   13.690879 ^ _1533_/A2 (sky130_fd_sc_hd__o21bai_1)
     2    0.006706    0.166263    0.262439   13.953318 v _1533_/Y (sky130_fd_sc_hd__o21bai_1)
                                                         _0658_ (net)
                      0.166263    0.000000   13.953318 v _1534_/A1 (sky130_fd_sc_hd__a21oi_1)
     3    0.009595    0.383677    0.402300   14.355618 ^ _1534_/Y (sky130_fd_sc_hd__a21oi_1)
                                                         _0659_ (net)
                      0.383677    0.000000   14.355618 ^ _1537_/A2 (sky130_fd_sc_hd__o211ai_1)
     2    0.004666    0.222425    0.305293   14.660912 v _1537_/Y (sky130_fd_sc_hd__o211ai_1)
                                                         _0662_ (net)
                      0.222425    0.000000   14.660912 v _1539_/A2_N (sky130_fd_sc_hd__o2bb2ai_1)
     2    0.004495    0.143369    0.318634   14.979546 v _1539_/Y (sky130_fd_sc_hd__o2bb2ai_1)
                                                         _0664_ (net)
                      0.143369    0.000000   14.979546 v _1541_/A1 (sky130_fd_sc_hd__a31oi_1)
     3    0.009454    0.429570    0.405244   15.384789 ^ _1541_/Y (sky130_fd_sc_hd__a31oi_1)
                                                         _0666_ (net)
                      0.429570    0.000000   15.384789 ^ _1543_/B2 (sky130_fd_sc_hd__o221ai_1)
     2    0.004508    0.242981    0.370733   15.755522 v _1543_/Y (sky130_fd_sc_hd__o221ai_1)
                                                         _0668_ (net)
                      0.242981    0.000000   15.755522 v _1545_/A (sky130_fd_sc_hd__nand3_1)
     2    0.004731    0.128418    0.202359   15.957881 ^ _1545_/Y (sky130_fd_sc_hd__nand3_1)
                                                         _0670_ (net)
                      0.128418    0.000000   15.957881 ^ _1547_/C1 (sky130_fd_sc_hd__o221ai_1)
     2    0.004495    0.242990    0.280561   16.238441 v _1547_/Y (sky130_fd_sc_hd__o221ai_1)
                                                         _0672_ (net)
                      0.242990    0.000000   16.238441 v _1549_/A1 (sky130_fd_sc_hd__a31oi_1)
     2    0.006975    0.339177    0.388956   16.627399 ^ _1549_/Y (sky130_fd_sc_hd__a31oi_1)
                                                         _0674_ (net)
                      0.339177    0.000000   16.627399 ^ _1550_/A2 (sky130_fd_sc_hd__o21bai_1)
     2    0.006607    0.172431    0.259167   16.886566 v _1550_/Y (sky130_fd_sc_hd__o21bai_1)
                                                         _0675_ (net)
                      0.172431    0.000000   16.886566 v _1552_/A1 (sky130_fd_sc_hd__a21oi_1)
     2    0.007036    0.304117    0.344677   17.231243 ^ _1552_/Y (sky130_fd_sc_hd__a21oi_1)
                                                         _0677_ (net)
                      0.304117    0.000000   17.231243 ^ _1554_/A2 (sky130_fd_sc_hd__o21bai_1)
     2    0.006566    0.166942    0.247883   17.479126 v _1554_/Y (sky130_fd_sc_hd__o21bai_1)
                                                         _0679_ (net)
                      0.166942    0.000000   17.479126 v _1557_/A (sky130_fd_sc_hd__nand2_1)
     2    0.004287    0.093760    0.149335   17.628462 ^ _1557_/Y (sky130_fd_sc_hd__nand2_1)
                                                         _0682_ (net)
                      0.093760    0.000000   17.628462 ^ _1559_/C1 (sky130_fd_sc_hd__o221ai_1)
     2    0.004495    0.245040    0.266866   17.895327 v _1559_/Y (sky130_fd_sc_hd__o221ai_1)
                                                         _0684_ (net)
                      0.245040    0.000000   17.895327 v _1561_/A1 (sky130_fd_sc_hd__a31oi_1)
     2    0.007046    0.341642    0.391537   18.286863 ^ _1561_/Y (sky130_fd_sc_hd__a31oi_1)
                                                         _0686_ (net)
                      0.341642    0.000000   18.286863 ^ _1563_/A2 (sky130_fd_sc_hd__o21bai_1)
     3    0.008873    0.206989    0.290516   18.577379 v _1563_/Y (sky130_fd_sc_hd__o21bai_1)
                                                         _0688_ (net)
                      0.206989    0.000000   18.577379 v _1567_/A (sky130_fd_sc_hd__nand2_1)
     2    0.005026    0.107744    0.175522   18.752901 ^ _1567_/Y (sky130_fd_sc_hd__nand2_1)
                                                         _0692_ (net)
                      0.107744    0.000000   18.752901 ^ _1572_/A2_N (sky130_fd_sc_hd__o2bb2ai_1)
    12    0.028890    1.006437    0.534415   19.287317 ^ _1572_/Y (sky130_fd_sc_hd__o2bb2ai_1)
                                                         _0697_ (net)
                      1.006437    0.000000   19.287317 ^ _1580_/B (sky130_fd_sc_hd__nand3_1)
    11    0.025270    0.672451    0.874497   20.161814 v _1580_/Y (sky130_fd_sc_hd__nand3_1)
                                                         _0705_ (net)
                      0.672451    0.000000   20.161814 v _1581_/B (sky130_fd_sc_hd__nand2_1)
    26    0.068127    0.985215    1.031824   21.193638 ^ _1581_/Y (sky130_fd_sc_hd__nand2_1)
                                                         _0706_ (net)
                      0.985215    0.000000   21.193638 ^ _1663_/A1 (sky130_fd_sc_hd__o22ai_1)
     2    0.004668    0.211824    0.485086   21.678724 v _1663_/Y (sky130_fd_sc_hd__o22ai_1)
                                                         _0788_ (net)
                      0.211824    0.000000   21.678724 v _1665_/B1 (sky130_fd_sc_hd__o22ai_1)
     2    0.004658    0.383194    0.302290   21.981012 ^ _1665_/Y (sky130_fd_sc_hd__o22ai_1)
                                                         _0790_ (net)
                      0.383194    0.000000   21.981012 ^ _1675_/A (sky130_fd_sc_hd__nand3_1)
     1    0.002293    0.182925    0.234303   22.215317 v _1675_/Y (sky130_fd_sc_hd__nand3_1)
                                                         _0800_ (net)
                      0.182925    0.000000   22.215317 v _1681_/B1 (sky130_fd_sc_hd__a211oi_1)
     1    0.002473    0.295332    0.385603   22.600920 ^ _1681_/Y (sky130_fd_sc_hd__a211oi_1)
                                                         _0806_ (net)
                      0.295332    0.000000   22.600920 ^ _1682_/B (sky130_fd_sc_hd__nand3_1)
     2    0.004527    0.188450    0.265738   22.866657 v _1682_/Y (sky130_fd_sc_hd__nand3_1)
                                                         _0807_ (net)
                      0.188450    0.000000   22.866657 v _1683_/B1 (sky130_fd_sc_hd__a21oi_1)
    22    0.054560    1.783643    1.429857   24.296515 ^ _1683_/Y (sky130_fd_sc_hd__a21oi_1)
                                                         _0808_ (net)
                      1.783643    0.000000   24.296515 ^ _1782_/B2 (sky130_fd_sc_hd__o22ai_1)
     1    0.010000    0.464674    0.727496   25.024010 v _1782_/Y (sky130_fd_sc_hd__o22ai_1)
                                                         result[15] (net)
                      0.464674    0.000000   25.024010 v result[15] (out)
                                             25.024010   data arrival time

                      0.000000   20.000000   20.000000   clock __VIRTUAL_CLK__ (rise edge)
                                  0.200000   20.200001   clock network delay (ideal)
                                  0.000000   20.200001   clock reconvergence pessimism
                                 -0.500000   19.700001   output external delay
                                             19.700001   data required time
---------------------------------------------------------------------------------------------
                                             19.700001   data required time
                                            -25.024010   data arrival time
---------------------------------------------------------------------------------------------
                                             -5.324010   slack (VIOLATED)




===========================================================================
 report_check_types -max_slew -max_cap -max_fanout -violators
============================================================================
======================= nom_ss_100C_1v60 Corner ===================================

max slew

Pin                                        Limit        Slew       Slack
------------------------------------------------------------------------
_1048_/A2                               1.500000    5.219720   -3.719720 (VIOLATED)
_1049_/A1                               1.500000    5.219720   -3.719720 (VIOLATED)
_1055_/A2                               1.500000    5.219720   -3.719720 (VIOLATED)
_1062_/A2                               1.500000    5.219720   -3.719720 (VIOLATED)
_1063_/B                                1.500000    5.219720   -3.719720 (VIOLATED)
_1065_/A2                               1.500000    5.219720   -3.719720 (VIOLATED)
_1066_/A2                               1.500000    5.219720   -3.719720 (VIOLATED)
_1072_/A2                               1.500000    5.219720   -3.719720 (VIOLATED)
_1073_/C                                1.500000    5.219720   -3.719720 (VIOLATED)
_1076_/A2                               1.500000    5.219720   -3.719720 (VIOLATED)
_1077_/B                                1.500000    5.219720   -3.719720 (VIOLATED)
_1111_/B1                               1.500000    5.219720   -3.719720 (VIOLATED)
_1112_/A1                               1.500000    5.219720   -3.719720 (VIOLATED)
_1116_/A2                               1.500000    5.219720   -3.719720 (VIOLATED)
_1131_/A2                               1.500000    5.219720   -3.719720 (VIOLATED)
_1134_/A2                               1.500000    5.219720   -3.719720 (VIOLATED)
_1135_/A2                               1.500000    5.219720   -3.719720 (VIOLATED)
_1146_/A2                               1.500000    5.219720   -3.719720 (VIOLATED)
_1150_/A2                               1.500000    5.219720   -3.719720 (VIOLATED)
_1156_/A2                               1.500000    5.219720   -3.719720 (VIOLATED)
_1159_/A2                               1.500000    5.219720   -3.719720 (VIOLATED)
_1160_/A2                               1.500000    5.219720   -3.719720 (VIOLATED)
_1167_/A2                               1.500000    5.219720   -3.719720 (VIOLATED)
_1177_/A2                               1.500000    5.219720   -3.719720 (VIOLATED)
_1198_/A2                               1.500000    5.219720   -3.719720 (VIOLATED)
_1201_/A2                               1.500000    5.219720   -3.719720 (VIOLATED)
_1209_/A2                               1.500000    5.219720   -3.719720 (VIOLATED)
_1210_/A2                               1.500000    5.219720   -3.719720 (VIOLATED)
_1215_/B2                               1.500000    5.219720   -3.719720 (VIOLATED)
_1217_/B2                               1.500000    5.219720   -3.719720 (VIOLATED)
_1355_/S1                               1.500000    5.219720   -3.719720 (VIOLATED)
_1370_/S1                               1.500000    5.219720   -3.719720 (VIOLATED)
_1407_/A2                               1.500000    5.219720   -3.719720 (VIOLATED)
_1412_/A2                               1.500000    5.219720   -3.719720 (VIOLATED)
_1418_/A2                               1.500000    5.219720   -3.719720 (VIOLATED)
_1424_/S                                1.500000    5.219720   -3.719720 (VIOLATED)
_1429_/A2                               1.500000    5.219720   -3.719720 (VIOLATED)
_1432_/A2                               1.500000    5.219720   -3.719720 (VIOLATED)
_1433_/A2                               1.500000    5.219720   -3.719720 (VIOLATED)
_1435_/S                                1.500000    5.219720   -3.719720 (VIOLATED)
_1438_/S                                1.500000    5.219720   -3.719720 (VIOLATED)
_1449_/A2                               1.500000    5.219720   -3.719720 (VIOLATED)
_1452_/S                                1.500000    5.219720   -3.719720 (VIOLATED)
_1479_/A2                               1.500000    5.219720   -3.719720 (VIOLATED)
_1485_/A2                               1.500000    5.219720   -3.719720 (VIOLATED)
_1505_/A2                               1.500000    5.219720   -3.719720 (VIOLATED)
_1506_/A2                               1.500000    5.219720   -3.719720 (VIOLATED)
_1509_/S                                1.500000    5.219720   -3.719720 (VIOLATED)
_1523_/A2                               1.500000    5.219720   -3.719720 (VIOLATED)
_1590_/S                                1.500000    5.219720   -3.719720 (VIOLATED)
_1591_/S                                1.500000    5.219720   -3.719720 (VIOLATED)
_1592_/S                                1.500000    5.219720   -3.719720 (VIOLATED)
_1597_/S                                1.500000    5.219720   -3.719720 (VIOLATED)
_1606_/S                                1.500000    5.219720   -3.719720 (VIOLATED)
_1607_/S                                1.500000    5.219720   -3.719720 (VIOLATED)
_1922_/S                                1.500000    5.219720   -3.719720 (VIOLATED)
_1039_/Y                                1.501393    5.219720   -3.718327 (VIOLATED)
_1037_/Y                                1.491892    4.589503   -3.097611 (VIOLATED)
_1040_/B1                               1.500000    4.589503   -3.089503 (VIOLATED)
_1047_/C                                1.500000    4.589503   -3.089503 (VIOLATED)
_1064_/B2                               1.500000    4.589503   -3.089503 (VIOLATED)
_1088_/B                                1.500000    4.589503   -3.089503 (VIOLATED)
_1096_/A2_N                             1.500000    4.589503   -3.089503 (VIOLATED)
_1098_/C                                1.500000    4.589503   -3.089503 (VIOLATED)
_1111_/A1_N                             1.500000    4.589503   -3.089503 (VIOLATED)
_1113_/A2                               1.500000    4.589503   -3.089503 (VIOLATED)
_1114_/A3                               1.500000    4.589503   -3.089503 (VIOLATED)
_1117_/A2                               1.500000    4.589503   -3.089503 (VIOLATED)
_1118_/A3                               1.500000    4.589503   -3.089503 (VIOLATED)
_1124_/A2                               1.500000    4.589503   -3.089503 (VIOLATED)
_1125_/A3                               1.500000    4.589503   -3.089503 (VIOLATED)
_1130_/B                                1.500000    4.589503   -3.089503 (VIOLATED)
_1133_/B                                1.500000    4.589503   -3.089503 (VIOLATED)
_1145_/C1                               1.500000    4.589503   -3.089503 (VIOLATED)
_1149_/B                                1.500000    4.589503   -3.089503 (VIOLATED)
_1155_/B                                1.500000    4.589503   -3.089503 (VIOLATED)
_1158_/B                                1.500000    4.589503   -3.089503 (VIOLATED)
_1166_/B                                1.500000    4.589503   -3.089503 (VIOLATED)
_1176_/B                                1.500000    4.589503   -3.089503 (VIOLATED)
_1197_/B                                1.500000    4.589503   -3.089503 (VIOLATED)
_1200_/B                                1.500000    4.589503   -3.089503 (VIOLATED)
_1207_/C                                1.500000    4.589503   -3.089503 (VIOLATED)
_1208_/C                                1.500000    4.589503   -3.089503 (VIOLATED)
_1214_/B                                1.500000    4.589503   -3.089503 (VIOLATED)
_1216_/B                                1.500000    4.589503   -3.089503 (VIOLATED)
_1228_/A2                               1.500000    4.589503   -3.089503 (VIOLATED)
_1229_/A3                               1.500000    4.589503   -3.089503 (VIOLATED)
_1406_/C                                1.500000    4.589503   -3.089503 (VIOLATED)
_1411_/C                                1.500000    4.589503   -3.089503 (VIOLATED)
_1417_/C                                1.500000    4.589503   -3.089503 (VIOLATED)
_1428_/C                                1.500000    4.589503   -3.089503 (VIOLATED)
_1431_/C                                1.500000    4.589503   -3.089503 (VIOLATED)
_1442_/A2                               1.500000    4.589503   -3.089503 (VIOLATED)
_1443_/A3                               1.500000    4.589503   -3.089503 (VIOLATED)
_1448_/C                                1.500000    4.589503   -3.089503 (VIOLATED)
_1456_/B                                1.500000    4.589503   -3.089503 (VIOLATED)
_1457_/A2                               1.500000    4.589503   -3.089503 (VIOLATED)
_1460_/A2                               1.500000    4.589503   -3.089503 (VIOLATED)
_1461_/A3                               1.500000    4.589503   -3.089503 (VIOLATED)
_1467_/A2                               1.500000    4.589503   -3.089503 (VIOLATED)
_1468_/A3                               1.500000    4.589503   -3.089503 (VIOLATED)
_1472_/A3                               1.500000    4.589503   -3.089503 (VIOLATED)
_1478_/C                                1.500000    4.589503   -3.089503 (VIOLATED)
_1484_/C                                1.500000    4.589503   -3.089503 (VIOLATED)
_1496_/B                                1.500000    4.589503   -3.089503 (VIOLATED)
_1503_/A2                               1.500000    4.589503   -3.089503 (VIOLATED)
_1522_/C                                1.500000    4.589503   -3.089503 (VIOLATED)
_1585_/A2                               1.500000    4.589503   -3.089503 (VIOLATED)
_1600_/A2                               1.500000    4.589503   -3.089503 (VIOLATED)
_1601_/A3                               1.500000    4.589503   -3.089503 (VIOLATED)
_1602_/A3                               1.500000    4.589503   -3.089503 (VIOLATED)
_1608_/A2                               1.500000    4.589503   -3.089503 (VIOLATED)
_1032_/Y                                1.499649    3.696707   -2.197058 (VIOLATED)
_1047_/B                                1.500000    3.696707   -2.196707 (VIOLATED)
_1064_/B1                               1.500000    3.696707   -2.196707 (VIOLATED)
_1088_/A                                1.500000    3.696707   -2.196707 (VIOLATED)
_1096_/A1_N                             1.500000    3.696707   -2.196707 (VIOLATED)
_1098_/B                                1.500000    3.696707   -2.196707 (VIOLATED)
_1113_/A1                               1.500000    3.696707   -2.196707 (VIOLATED)
_1114_/A2                               1.500000    3.696707   -2.196707 (VIOLATED)
_1117_/A1                               1.500000    3.696707   -2.196707 (VIOLATED)
_1118_/A2                               1.500000    3.696707   -2.196707 (VIOLATED)
_1124_/A1                               1.500000    3.696707   -2.196707 (VIOLATED)
_1125_/A2                               1.500000    3.696707   -2.196707 (VIOLATED)
_1130_/A                                1.500000    3.696707   -2.196707 (VIOLATED)
_1133_/A                                1.500000    3.696707   -2.196707 (VIOLATED)
_1145_/D1                               1.500000    3.696707   -2.196707 (VIOLATED)
_1149_/A                                1.500000    3.696707   -2.196707 (VIOLATED)
_1155_/A                                1.500000    3.696707   -2.196707 (VIOLATED)
_1158_/A                                1.500000    3.696707   -2.196707 (VIOLATED)
_1166_/A                                1.500000    3.696707   -2.196707 (VIOLATED)
_1176_/A                                1.500000    3.696707   -2.196707 (VIOLATED)
_1197_/A                                1.500000    3.696707   -2.196707 (VIOLATED)
_1200_/A                                1.500000    3.696707   -2.196707 (VIOLATED)
_1207_/B                                1.500000    3.696707   -2.196707 (VIOLATED)
_1208_/B                                1.500000    3.696707   -2.196707 (VIOLATED)
_1214_/A                                1.500000    3.696707   -2.196707 (VIOLATED)
_1228_/A1                               1.500000    3.696707   -2.196707 (VIOLATED)
_1229_/A2                               1.500000    3.696707   -2.196707 (VIOLATED)
_1406_/B                                1.500000    3.696707   -2.196707 (VIOLATED)
_1411_/B                                1.500000    3.696707   -2.196707 (VIOLATED)
_1417_/B                                1.500000    3.696707   -2.196707 (VIOLATED)
_1428_/B                                1.500000    3.696707   -2.196707 (VIOLATED)
_1431_/B                                1.500000    3.696707   -2.196707 (VIOLATED)
_1442_/A1                               1.500000    3.696707   -2.196707 (VIOLATED)
_1443_/A2                               1.500000    3.696707   -2.196707 (VIOLATED)
_1448_/B                                1.500000    3.696707   -2.196707 (VIOLATED)
_1456_/A                                1.500000    3.696707   -2.196707 (VIOLATED)
_1457_/A1                               1.500000    3.696707   -2.196707 (VIOLATED)
_1460_/A1                               1.500000    3.696707   -2.196707 (VIOLATED)
_1461_/A2                               1.500000    3.696707   -2.196707 (VIOLATED)
_1467_/A1                               1.500000    3.696707   -2.196707 (VIOLATED)
_1468_/A2                               1.500000    3.696707   -2.196707 (VIOLATED)
_1472_/A2                               1.500000    3.696707   -2.196707 (VIOLATED)
_1478_/B                                1.500000    3.696707   -2.196707 (VIOLATED)
_1484_/B                                1.500000    3.696707   -2.196707 (VIOLATED)
_1496_/A                                1.500000    3.696707   -2.196707 (VIOLATED)
_1503_/A1                               1.500000    3.696707   -2.196707 (VIOLATED)
_1522_/B                                1.500000    3.696707   -2.196707 (VIOLATED)
_1585_/A1                               1.500000    3.696707   -2.196707 (VIOLATED)
_1600_/A1                               1.500000    3.696707   -2.196707 (VIOLATED)
_1601_/A2                               1.500000    3.696707   -2.196707 (VIOLATED)
_1602_/A2                               1.500000    3.696707   -2.196707 (VIOLATED)
_1608_/A1                               1.500000    3.696707   -2.196707 (VIOLATED)
_1737_/A3                               1.500000    1.783643   -0.283643 (VIOLATED)
_1740_/B2                               1.500000    1.783643   -0.283643 (VIOLATED)
_1743_/A3                               1.500000    1.783643   -0.283643 (VIOLATED)
_1746_/B2                               1.500000    1.783643   -0.283643 (VIOLATED)
_1749_/B2                               1.500000    1.783643   -0.283643 (VIOLATED)
_1752_/A3                               1.500000    1.783643   -0.283643 (VIOLATED)
_1755_/B2                               1.500000    1.783643   -0.283643 (VIOLATED)
_1758_/B2                               1.500000    1.783643   -0.283643 (VIOLATED)
_1761_/B2                               1.500000    1.783643   -0.283643 (VIOLATED)
_1764_/B2                               1.500000    1.783643   -0.283643 (VIOLATED)
_1767_/B2                               1.500000    1.783643   -0.283643 (VIOLATED)
_1770_/A3                               1.500000    1.783643   -0.283643 (VIOLATED)
_1773_/B2                               1.500000    1.783643   -0.283643 (VIOLATED)
_1776_/A3                               1.500000    1.783643   -0.283643 (VIOLATED)
_1779_/A3                               1.500000    1.783643   -0.283643 (VIOLATED)
_1782_/B2                               1.500000    1.783643   -0.283643 (VIOLATED)
_1785_/A3                               1.500000    1.783643   -0.283643 (VIOLATED)
_1788_/B2                               1.500000    1.783643   -0.283643 (VIOLATED)
_1791_/B2                               1.500000    1.783643   -0.283643 (VIOLATED)
_1794_/A3                               1.500000    1.783643   -0.283643 (VIOLATED)
_1797_/B2                               1.500000    1.783643   -0.283643 (VIOLATED)
_1800_/B2                               1.500000    1.783643   -0.283643 (VIOLATED)
_1683_/Y                                1.501393    1.783643   -0.282250 (VIOLATED)
_1239_/X                                1.485739    1.747537   -0.261798 (VIOLATED)
_1365_/B1                               1.500000    1.747537   -0.247537 (VIOLATED)
_1377_/B1                               1.500000    1.747537   -0.247537 (VIOLATED)
_1380_/B1                               1.500000    1.747537   -0.247537 (VIOLATED)
_1388_/A1                               1.500000    1.747537   -0.247537 (VIOLATED)
_1389_/A1                               1.500000    1.747537   -0.247537 (VIOLATED)
_1391_/A                                1.500000    1.747537   -0.247537 (VIOLATED)
_1392_/B1                               1.500000    1.747537   -0.247537 (VIOLATED)
_1393_/B1                               1.500000    1.747537   -0.247537 (VIOLATED)
_1395_/A3                               1.500000    1.747537   -0.247537 (VIOLATED)
_1396_/A3                               1.500000    1.747537   -0.247537 (VIOLATED)
_1399_/A1                               1.500000    1.747537   -0.247537 (VIOLATED)
_1401_/B1                               1.500000    1.747537   -0.247537 (VIOLATED)
_1462_/A                                1.500000    1.747537   -0.247537 (VIOLATED)
_1464_/A1                               1.500000    1.747537   -0.247537 (VIOLATED)
_1470_/A1                               1.500000    1.747537   -0.247537 (VIOLATED)
_1490_/A2                               1.500000    1.747537   -0.247537 (VIOLATED)
_1495_/B1                               1.500000    1.747537   -0.247537 (VIOLATED)
_1501_/A1                               1.500000    1.747537   -0.247537 (VIOLATED)
_1507_/A1                               1.500000    1.747537   -0.247537 (VIOLATED)
_1508_/A                                1.500000    1.747537   -0.247537 (VIOLATED)
_1521_/D                                1.500000    1.747537   -0.247537 (VIOLATED)
_1574_/A2                               1.500000    1.747537   -0.247537 (VIOLATED)
_1575_/A2                               1.500000    1.747537   -0.247537 (VIOLATED)
_1099_/Y                                1.499649    1.731516   -0.231867 (VIOLATED)
_1128_/A                                1.500000    1.731516   -0.231516 (VIOLATED)
_1132_/A                                1.500000    1.731516   -0.231516 (VIOLATED)
_1151_/A                                1.500000    1.731516   -0.231516 (VIOLATED)
_1157_/A                                1.500000    1.731516   -0.231516 (VIOLATED)
_1168_/A                                1.500000    1.731516   -0.231516 (VIOLATED)
_1171_/B                                1.500000    1.731516   -0.231516 (VIOLATED)
_1175_/A                                1.500000    1.731516   -0.231516 (VIOLATED)
_1178_/B                                1.500000    1.731516   -0.231516 (VIOLATED)
_1190_/A                                1.500000    1.731516   -0.231516 (VIOLATED)
_1194_/B                                1.500000    1.731516   -0.231516 (VIOLATED)
_1199_/A                                1.500000    1.731516   -0.231516 (VIOLATED)
_1202_/B                                1.500000    1.731516   -0.231516 (VIOLATED)
_1240_/A                                1.500000    1.731516   -0.231516 (VIOLATED)
_1247_/B                                1.500000    1.731516   -0.231516 (VIOLATED)
_1268_/A                                1.500000    1.731516   -0.231516 (VIOLATED)
_1281_/A                                1.500000    1.731516   -0.231516 (VIOLATED)
_1282_/B                                1.500000    1.731516   -0.231516 (VIOLATED)
_1293_/B                                1.500000    1.731516   -0.231516 (VIOLATED)
_1305_/A                                1.500000    1.731516   -0.231516 (VIOLATED)
_1306_/B                                1.500000    1.731516   -0.231516 (VIOLATED)
_1315_/A                                1.500000    1.731516   -0.231516 (VIOLATED)
_1316_/B                                1.500000    1.731516   -0.231516 (VIOLATED)
_1336_/B                                1.500000    1.731516   -0.231516 (VIOLATED)
_1109_/Y                                1.481823    1.631467   -0.149644 (VIOLATED)
_1119_/B1                               1.500000    1.631467   -0.131467 (VIOLATED)
_1120_/B1                               1.500000    1.631467   -0.131467 (VIOLATED)
_1121_/A1                               1.500000    1.631467   -0.131467 (VIOLATED)
_1129_/B2                               1.500000    1.631467   -0.131467 (VIOLATED)
_1136_/A2                               1.500000    1.631467   -0.131467 (VIOLATED)
_1137_/A2                               1.500000    1.631467   -0.131467 (VIOLATED)
_1154_/A2                               1.500000    1.631467   -0.131467 (VIOLATED)
_1161_/A2                               1.500000    1.631467   -0.131467 (VIOLATED)
_1163_/B2                               1.500000    1.631467   -0.131467 (VIOLATED)
_1164_/A2                               1.500000    1.631467   -0.131467 (VIOLATED)
_1195_/A2                               1.500000    1.631467   -0.131467 (VIOLATED)
_1243_/A1                               1.500000    1.631467   -0.131467 (VIOLATED)
_1244_/B1                               1.500000    1.631467   -0.131467 (VIOLATED)
_1250_/B1                               1.500000    1.631467   -0.131467 (VIOLATED)
_1253_/A1                               1.500000    1.631467   -0.131467 (VIOLATED)
_1260_/A1                               1.500000    1.631467   -0.131467 (VIOLATED)
_1277_/B1                               1.500000    1.631467   -0.131467 (VIOLATED)
_1284_/A2                               1.500000    1.631467   -0.131467 (VIOLATED)
_1300_/B2                               1.500000    1.631467   -0.131467 (VIOLATED)
_1004_/Y                                1.478512    1.602616   -0.124104 (VIOLATED)
_1008_/D                                1.500000    1.602616   -0.102616 (VIOLATED)
_1064_/A2                               1.500000    1.602616   -0.102616 (VIOLATED)
_1072_/A1                               1.500000    1.602616   -0.102616 (VIOLATED)
_1073_/A                                1.500000    1.602616   -0.102616 (VIOLATED)
_1076_/A1                               1.500000    1.602616   -0.102616 (VIOLATED)
_1077_/A                                1.500000    1.602616   -0.102616 (VIOLATED)
_1112_/B1                               1.500000    1.602616   -0.102616 (VIOLATED)
_1132_/D                                1.500000    1.602616   -0.102616 (VIOLATED)
_1151_/D                                1.500000    1.602616   -0.102616 (VIOLATED)
_1157_/D                                1.500000    1.602616   -0.102616 (VIOLATED)
_1168_/D                                1.500000    1.602616   -0.102616 (VIOLATED)
_1175_/D                                1.500000    1.602616   -0.102616 (VIOLATED)
_1190_/D                                1.500000    1.602616   -0.102616 (VIOLATED)
_1199_/D                                1.500000    1.602616   -0.102616 (VIOLATED)
_1210_/B1                               1.500000    1.602616   -0.102616 (VIOLATED)
_1217_/C1                               1.500000    1.602616   -0.102616 (VIOLATED)
_1240_/D                                1.500000    1.602616   -0.102616 (VIOLATED)
_1242_/A1                               1.500000    1.602616   -0.102616 (VIOLATED)
_1268_/D                                1.500000    1.602616   -0.102616 (VIOLATED)
_1269_/A1                               1.500000    1.602616   -0.102616 (VIOLATED)
_1281_/D                                1.500000    1.602616   -0.102616 (VIOLATED)
_1305_/D                                1.500000    1.602616   -0.102616 (VIOLATED)
_1315_/D                                1.500000    1.602616   -0.102616 (VIOLATED)
_1112_/Y                                1.481823    1.574367   -0.092545 (VIOLATED)
_1119_/A2                               1.500000    1.574367   -0.074368 (VIOLATED)
_1120_/A2                               1.500000    1.574367   -0.074368 (VIOLATED)
_1121_/B1                               1.500000    1.574367   -0.074368 (VIOLATED)
_1129_/A1                               1.500000    1.574367   -0.074368 (VIOLATED)
_1138_/B1                               1.500000    1.574367   -0.074368 (VIOLATED)
_1244_/A2                               1.500000    1.574367   -0.074368 (VIOLATED)
_1248_/A2                               1.500000    1.574367   -0.074368 (VIOLATED)
_1249_/A2                               1.500000    1.574367   -0.074368 (VIOLATED)
_1250_/A2                               1.500000    1.574367   -0.074368 (VIOLATED)
_1251_/B                                1.500000    1.574367   -0.074368 (VIOLATED)
_1253_/B1                               1.500000    1.574367   -0.074368 (VIOLATED)
_1260_/B2                               1.500000    1.574367   -0.074368 (VIOLATED)
_1277_/A2                               1.500000    1.574367   -0.074368 (VIOLATED)
_1294_/B2                               1.500000    1.574367   -0.074368 (VIOLATED)
_1308_/A2                               1.500000    1.574367   -0.074368 (VIOLATED)
_1337_/A2                               1.500000    1.574367   -0.074368 (VIOLATED)
_1338_/B2                               1.500000    1.574367   -0.074368 (VIOLATED)
_1040_/Y                                1.499649    1.559573   -0.059924 (VIOLATED)
_1041_/A                                1.500000    1.559573   -0.059573 (VIOLATED)
_1042_/A2                               1.500000    1.559573   -0.059573 (VIOLATED)
_1059_/B                                1.500000    1.559573   -0.059573 (VIOLATED)
_1060_/B                                1.500000    1.559573   -0.059573 (VIOLATED)
_1061_/A2                               1.500000    1.559573   -0.059573 (VIOLATED)
_1071_/A2                               1.500000    1.559573   -0.059573 (VIOLATED)
_1074_/B                                1.500000    1.559573   -0.059573 (VIOLATED)
_1075_/A2                               1.500000    1.559573   -0.059573 (VIOLATED)
_1078_/B                                1.500000    1.559573   -0.059573 (VIOLATED)
_1099_/A1                               1.500000    1.559573   -0.059573 (VIOLATED)
_1153_/B1                               1.500000    1.559573   -0.059573 (VIOLATED)
_1170_/A2_N                             1.500000    1.559573   -0.059573 (VIOLATED)
_1174_/A2_N                             1.500000    1.559573   -0.059573 (VIOLATED)
_1189_/A2_N                             1.500000    1.559573   -0.059573 (VIOLATED)
_1192_/B1                               1.500000    1.559573   -0.059573 (VIOLATED)
_1193_/A2_N                             1.500000    1.559573   -0.059573 (VIOLATED)
_1492_/A2                               1.500000    1.559573   -0.059573 (VIOLATED)
_1514_/A2                               1.500000    1.559573   -0.059573 (VIOLATED)
_1518_/A2                               1.500000    1.559573   -0.059573 (VIOLATED)
_1587_/A2                               1.500000    1.559573   -0.059573 (VIOLATED)
_1588_/A2                               1.500000    1.559573   -0.059573 (VIOLATED)

max capacitance

Pin                                        Limit         Cap       Slack
------------------------------------------------------------------------
_1039_/Y                                0.044871    0.165257   -0.120386 (VIOLATED)
_1037_/Y                                0.040293    0.130848   -0.090555 (VIOLATED)
_1032_/Y                                0.047617    0.123037   -0.075420 (VIOLATED)
_1683_/Y                                0.044871    0.054560   -0.009689 (VIOLATED)
_1239_/X                                0.045786    0.054842   -0.009056 (VIOLATED)
_1099_/Y                                0.047617    0.055345   -0.007728 (VIOLATED)
_1109_/Y                                0.040293    0.046926   -0.006633 (VIOLATED)
_1004_/Y                                0.050364    0.055542   -0.005178 (VIOLATED)
_1040_/Y                                0.047617    0.050139   -0.002522 (VIOLATED)
_1112_/Y                                0.040293    0.041905   -0.001612 (VIOLATED)



===========================================================================
report_parasitic_annotation -report_unannotated
============================================================================
Found 1044 unannotated drivers.
 x[0]
 x[10]
 x[11]
 x[12]
 x[13]
 x[14]
 x[15]
 x[16]
 x[17]
 x[18]
 x[19]
 x[1]
 x[20]
 x[21]
 x[22]
 x[23]
 x[24]
 x[25]
 x[26]
 x[27]
 x[28]
 x[29]
 x[2]
 x[30]
 x[31]
 x[3]
 x[4]
 x[5]
 x[6]
 x[7]
 x[8]
 x[9]
 y[0]
 y[10]
 y[11]
 y[12]
 y[13]
 y[14]
 y[15]
 y[16]
 y[17]
 y[18]
 y[19]
 y[1]
 y[20]
 y[21]
 y[22]
 y[23]
 y[24]
 y[25]
 y[26]
 y[27]
 y[28]
 y[29]
 y[2]
 y[30]
 y[31]
 y[3]
 y[4]
 y[5]
 y[6]
 y[7]
 y[8]
 y[9]
 _0948_/Y
 _0949_/Y
 _0950_/Y
 _0951_/Y
 _0952_/Y
 _0953_/Y
 _0954_/Y
 _0955_/Y
 _0956_/Y
 _0957_/Y
 _0958_/Y
 _0959_/Y
 _0960_/Y
 _0961_/Y
 _0962_/Y
 _0963_/Y
 _0964_/Y
 _0965_/Y
 _0966_/Y
 _0967_/Y
 _0968_/Y
 _0969_/Y
 _0970_/Y
 _0971_/Y
 _0972_/Y
 _0973_/Y
 _0974_/Y
 _0975_/Y
 _0976_/Y
 _0977_/Y
 _0978_/Y
 _0979_/Y
 _0980_/Y
 _0981_/Y
 _0982_/Y
 _0983_/Y
 _0984_/Y
 _0985_/Y
 _0986_/Y
 _0987_/Y
 _0988_/Y
 _0989_/Y
 _0990_/Y
 _0991_/Y
 _0992_/Y
 _0993_/Y
 _0994_/Y
 _0995_/Y
 _0996_/Y
 _0997_/X
 _0998_/Y
 _0999_/Y
 _1000_/Y
 _1001_/Y
 _1002_/Y
 _1003_/Y
 _1004_/Y
 _1005_/Y
 _1006_/Y
 _1007_/Y
 _1008_/Y
 _1009_/Y
 _1010_/Y
 _1011_/Y
 _1012_/X
 _1013_/Y
 _1014_/Y
 _1015_/Y
 _1016_/Y
 _1017_/Y
 _1018_/Y
 _1019_/Y
 _1020_/Y
 _1021_/Y
 _1022_/Y
 _1023_/Y
 _1024_/Y
 _1025_/Y
 _1026_/Y
 _1027_/Y
 _1028_/Y
 _1029_/Y
 _1030_/Y
 _1031_/X
 _1032_/Y
 _1033_/Y
 _1034_/X
 _1035_/Y
 _1036_/Y
 _1037_/Y
 _1038_/X
 _1039_/Y
 _1040_/Y
 _1041_/X
 _1042_/Y
 _1043_/X
 _1044_/Y
 _1045_/Y
 _1046_/X
 _1047_/Y
 _1048_/Y
 _1049_/X
 _1050_/Y
 _1051_/Y
 _1052_/Y
 _1053_/Y
 _1054_/Y
 _1055_/Y
 _1056_/Y
 _1057_/Y
 _1058_/X
 _1059_/X
 _1060_/Y
 _1061_/Y
 _1062_/Y
 _1063_/Y
 _1064_/X
 _1065_/X
 _1066_/Y
 _1067_/Y
 _1068_/Y
 _1069_/X
 _1070_/X
 _1071_/Y
 _1072_/Y
 _1073_/Y
 _1074_/Y
 _1075_/Y
 _1076_/Y
 _1077_/Y
 _1078_/Y
 _1079_/Y
 _1080_/Y
 _1081_/Y
 _1082_/Y
 _1083_/X
 _1084_/Y
 _1085_/Y
 _1086_/Y
 _1087_/Y
 _1088_/Y
 _1089_/Y
 _1090_/Y
 _1091_/X
 _1092_/Y
 _1093_/Y
 _1094_/Y
 _1095_/Y
 _1096_/Y
 _1097_/Y
 _1098_/Y
 _1099_/Y
 _1100_/Y
 _1101_/Y
 _1102_/X
 _1103_/Y
 _1104_/Y
 _1105_/Y
 _1106_/Y
 _1107_/Y
 _1108_/Y
 _1109_/Y
 _1110_/Y
 _1111_/Y
 _1112_/Y
 _1113_/Y
 _1114_/Y
 _1115_/X
 _1116_/Y
 _1117_/Y
 _1118_/Y
 _1119_/Y
 _1120_/Y
 _1121_/Y
 _1122_/Y
 _1123_/Y
 _1124_/Y
 _1125_/Y
 _1126_/Y
 _1127_/Y
 _1128_/Y
 _1129_/Y
 _1130_/Y
 _1131_/Y
 _1132_/Y
 _1133_/Y
 _1134_/X
 _1135_/Y
 _1136_/Y
 _1137_/Y
 _1138_/Y
 _1139_/Y
 _1140_/Y
 _1141_/X
 _1142_/Y
 _1143_/Y
 _1144_/Y
 _1145_/Y
 _1146_/Y
 _1147_/Y
 _1148_/X
 _1149_/Y
 _1150_/Y
 _1151_/Y
 _1152_/Y
 _1153_/Y
 _1154_/X
 _1155_/Y
 _1156_/Y
 _1157_/Y
 _1158_/Y
 _1159_/X
 _1160_/Y
 _1161_/Y
 _1162_/Y
 _1163_/Y
 _1164_/Y
 _1165_/Y
 _1166_/Y
 _1167_/Y
 _1168_/Y
 _1169_/Y
 _1170_/Y
 _1171_/Y
 _1172_/Y
 _1173_/Y
 _1174_/Y
 _1175_/Y
 _1176_/Y
 _1177_/Y
 _1178_/Y
 _1179_/Y
 _1180_/Y
 _1181_/Y
 _1182_/Y
 _1183_/Y
 _1184_/Y
 _1185_/Y
 _1186_/Y
 _1187_/Y
 _1188_/Y
 _1189_/Y
 _1190_/Y
 _1191_/Y
 _1192_/Y
 _1193_/Y
 _1194_/Y
 _1195_/Y
 _1196_/Y
 _1197_/Y
 _1198_/Y
 _1199_/Y
 _1200_/Y
 _1201_/Y
 _1202_/Y
 _1203_/Y
 _1204_/Y
 _1205_/Y
 _1206_/Y
 _1207_/Y
 _1208_/Y
 _1209_/Y
 _1210_/Y
 _1211_/Y
 _1212_/X
 _1213_/Y
 _1214_/Y
 _1215_/Y
 _1216_/Y
 _1217_/Y
 _1218_/Y
 _1219_/Y
 _1220_/Y
 _1221_/Y
 _1222_/Y
 _1223_/Y
 _1224_/Y
 _1225_/Y
 _1226_/Y
 _1227_/Y
 _1228_/Y
 _1229_/Y
 _1230_/Y
 _1231_/X
 _1232_/Y
 _1233_/Y
 _1234_/Y
 _1235_/Y
 _1236_/Y
 _1237_/Y
 _1238_/Y
 _1239_/X
 _1240_/Y
 _1241_/Y
 _1242_/Y
 _1243_/X
 _1244_/Y
 _1245_/Y
 _1246_/Y
 _1247_/Y
 _1248_/Y
 _1249_/Y
 _1250_/Y
 _1251_/Y
 _1252_/Y
 _1253_/Y
 _1254_/Y
 _1255_/X
 _1256_/Y
 _1257_/Y
 _1258_/Y
 _1259_/Y
 _1260_/Y
 _1261_/Y
 _1262_/X
 _1263_/Y
 _1264_/Y
 _1265_/Y
 _1266_/Y
 _1267_/Y
 _1268_/Y
 _1269_/Y
 _1270_/Y
 _1271_/Y
 _1272_/X
 _1273_/Y
 _1274_/Y
 _1275_/Y
 _1276_/X
 _1277_/Y
 _1278_/Y
 _1279_/Y
 _1280_/Y
 _1281_/Y
 _1282_/Y
 _1283_/Y
 _1284_/Y
 _1285_/X
 _1286_/Y
 _1287_/Y
 _1288_/Y
 _1289_/Y
 _1290_/X
 _1291_/Y
 _1292_/Y
 _1293_/Y
 _1294_/Y
 _1295_/Y
 _1296_/Y
 _1297_/X
 _1298_/Y
 _1299_/Y
 _1300_/Y
 _1301_/Y
 _1302_/Y
 _1303_/X
 _1304_/Y
 _1305_/Y
 _1306_/Y
 _1307_/Y
 _1308_/Y
 _1309_/Y
 _1310_/Y
 _1311_/Y
 _1312_/Y
 _1313_/X
 _1314_/Y
 _1315_/Y
 _1316_/Y
 _1317_/Y
 _1318_/Y
 _1319_/Y
 _1320_/Y
 _1321_/X
 _1322_/Y
 _1323_/Y
 _1324_/Y
 _1325_/X
 _1326_/Y
 _1327_/Y
 _1328_/Y
 _1329_/Y
 _1330_/X
 _1331_/Y
 _1332_/X
 _1333_/Y
 _1334_/Y
 _1335_/Y
 _1336_/Y
 _1337_/Y
 _1338_/Y
 _1339_/Y
 _1340_/Y
 _1341_/X
 _1342_/Y
 _1343_/X
 _1344_/Y
 _1345_/Y
 _1346_/Y
 _1347_/Y
 _1348_/Y
 _1349_/Y
 _1350_/Y
 _1351_/Y
 _1352_/Y
 _1353_/Y
 _1354_/Y
 _1355_/X
 _1356_/Y
 _1357_/Y
 _1358_/Y
 _1359_/Y
 _1360_/Y
 _1361_/Y
 _1362_/Y
 _1363_/Y
 _1364_/Y
 _1365_/Y
 _1366_/Y
 _1367_/Y
 _1368_/Y
 _1369_/Y
 _1370_/X
 _1371_/Y
 _1372_/X
 _1373_/Y
 _1374_/X
 _1375_/Y
 _1376_/Y
 _1377_/Y
 _1378_/Y
 _1379_/Y
 _1380_/Y
 _1381_/Y
 _1382_/Y
 _1383_/Y
 _1384_/Y
 _1385_/X
 _1386_/Y
 _1387_/Y
 _1388_/Y
 _1389_/Y
 _1390_/X
 _1391_/Y
 _1392_/Y
 _1393_/Y
 _1394_/Y
 _1395_/X
 _1396_/Y
 _1397_/X
 _1398_/Y
 _1399_/Y
 _1400_/Y
 _1401_/X
 _1402_/Y
 _1403_/Y
 _1404_/Y
 _1405_/X
 _1406_/Y
 _1407_/Y
 _1408_/Y
 _1409_/X
 _1410_/Y
 _1411_/Y
 _1412_/Y
 _1413_/Y
 _1414_/Y
 _1415_/X
 _1416_/Y
 _1417_/Y
 _1418_/Y
 _1419_/Y
 _1420_/X
 _1421_/Y
 _1422_/X
 _1423_/Y
 _1424_/Y
 _1425_/Y
 _1426_/Y
 _1427_/Y
 _1428_/Y
 _1429_/Y
 _1430_/X
 _1431_/Y
 _1432_/Y
 _1433_/X
 _1434_/Y
 _1435_/Y
 _1436_/Y
 _1437_/X
 _1438_/Y
 _1439_/Y
 _1440_/Y
 _1441_/Y
 _1442_/Y
 _1443_/Y
 _1444_/Y
 _1445_/Y
 _1446_/X
 _1447_/X
 _1448_/Y
 _1449_/Y
 _1450_/Y
 _1451_/X
 _1452_/Y
 _1453_/Y
 _1454_/Y
 _1455_/X
 _1456_/X
 _1457_/Y
 _1458_/X
 _1459_/Y
 _1460_/Y
 _1461_/Y
 _1462_/Y
 _1463_/Y
 _1464_/X
 _1465_/Y
 _1466_/Y
 _1467_/Y
 _1468_/Y
 _1469_/Y
 _1470_/X
 _1471_/Y
 _1472_/Y
 _1473_/X
 _1474_/Y
 _1475_/Y
 _1476_/X
 _1477_/X
 _1478_/Y
 _1479_/Y
 _1480_/Y
 _1481_/X
 _1482_/Y
 _1483_/X
 _1484_/Y
 _1485_/Y
 _1486_/Y
 _1487_/X
 _1488_/Y
 _1489_/Y
 _1490_/Y
 _1491_/Y
 _1492_/Y
 _1493_/Y
 _1494_/Y
 _1495_/Y
 _1496_/Y
 _1497_/Y
 _1498_/Y
 _1499_/X
 _1500_/Y
 _1501_/Y
 _1502_/Y
 _1503_/X
 _1504_/X
 _1505_/X
 _1506_/Y
 _1507_/X
 _1508_/Y
 _1509_/X
 _1510_/Y
 _1511_/Y
 _1512_/Y
 _1513_/Y
 _1514_/Y
 _1515_/Y
 _1516_/X
 _1517_/Y
 _1518_/Y
 _1519_/Y
 _1520_/Y
 _1521_/Y
 _1522_/Y
 _1523_/Y
 _1524_/X
 _1525_/X
 _1526_/X
 _1527_/Y
 _1528_/Y
 _1529_/Y
 _1530_/Y
 _1531_/X
 _1532_/Y
 _1533_/Y
 _1534_/Y
 _1535_/X
 _1536_/X
 _1537_/Y
 _1538_/Y
 _1539_/Y
 _1540_/Y
 _1541_/Y
 _1542_/Y
 _1543_/Y
 _1544_/Y
 _1545_/Y
 _1546_/X
 _1547_/Y
 _1548_/Y
 _1549_/Y
 _1550_/Y
 _1551_/X
 _1552_/Y
 _1553_/X
 _1554_/Y
 _1555_/X
 _1556_/Y
 _1557_/Y
 _1558_/Y
 _1559_/Y
 _1560_/Y
 _1561_/Y
 _1562_/Y
 _1563_/Y
 _1564_/Y
 _1565_/Y
 _1566_/Y
 _1567_/Y
 _1568_/Y
 _1569_/Y
 _1570_/X
 _1571_/Y
 _1572_/Y
 _1573_/Y
 _1574_/Y
 _1575_/X
 _1576_/Y
 _1577_/Y
 _1578_/Y
 _1579_/X
 _1580_/Y
 _1581_/Y
 _1582_/Y
 _1583_/Y
 _1584_/Y
 _1585_/Y
 _1586_/Y
 _1587_/Y
 _1588_/Y
 _1589_/Y
 _1590_/Y
 _1591_/Y
 _1592_/X
 _1593_/Y
 _1594_/Y
 _1595_/Y
 _1596_/Y
 _1597_/X
 _1598_/Y
 _1599_/Y
 _1600_/Y
 _1601_/X
 _1602_/Y
 _1603_/Y
 _1604_/Y
 _1605_/Y
 _1606_/Y
 _1607_/X
 _1608_/Y
 _1609_/Y
 _1610_/Y
 _1611_/Y
 _1612_/Y
 _1613_/Y
 _1614_/Y
 _1615_/Y
 _1616_/Y
 _1617_/Y
 _1618_/Y
 _1619_/Y
 _1620_/Y
 _1621_/X
 _1622_/Y
 _1623_/Y
 _1624_/Y
 _1625_/Y
 _1626_/Y
 _1627_/Y
 _1628_/Y
 _1629_/Y
 _1630_/Y
 _1631_/Y
 _1632_/Y
 _1633_/Y
 _1634_/Y
 _1635_/Y
 _1636_/Y
 _1637_/Y
 _1638_/Y
 _1639_/Y
 _1640_/Y
 _1641_/Y
 _1642_/Y
 _1643_/Y
 _1644_/Y
 _1645_/Y
 _1646_/Y
 _1647_/Y
 _1648_/Y
 _1649_/Y
 _1650_/Y
 _1651_/Y
 _1652_/Y
 _1653_/X
 _1654_/Y
 _1655_/X
 _1656_/Y
 _1657_/Y
 _1658_/X
 _1659_/Y
 _1660_/Y
 _1661_/Y
 _1662_/Y
 _1663_/Y
 _1664_/Y
 _1665_/Y
 _1666_/Y
 _1667_/Y
 _1668_/Y
 _1669_/Y
 _1670_/Y
 _1671_/Y
 _1672_/Y
 _1673_/Y
 _1674_/X
 _1675_/Y
 _1676_/Y
 _1677_/X
 _1678_/Y
 _1679_/Y
 _1680_/Y
 _1681_/Y
 _1682_/Y
 _1683_/Y
 _1684_/Y
 _1685_/Y
 _1686_/Y
 _1687_/Y
 _1688_/Y
 _1689_/Y
 _1690_/Y
 _1691_/Y
 _1692_/Y
 _1693_/X
 _1694_/Y
 _1695_/Y
 _1696_/Y
 _1697_/X
 _1698_/Y
 _1699_/Y
 _1700_/X
 _1701_/X
 _1702_/X
 _1703_/X
 _1704_/Y
 _1705_/Y
 _1706_/X
 _1707_/Y
 _1708_/X
 _1709_/X
 _1710_/Y
 _1711_/Y
 _1712_/Y
 _1713_/Y
 _1714_/Y
 _1715_/Y
 _1716_/X
 _1717_/Y
 _1718_/Y
 _1719_/X
 _1720_/Y
 _1721_/Y
 _1722_/Y
 _1723_/X
 _1724_/Y
 _1725_/Y
 _1726_/X
 _1727_/Y
 _1728_/Y
 _1729_/X
 _1730_/Y
 _1731_/X
 _1732_/Y
 _1733_/Y
 _1734_/X
 _1735_/Y
 _1736_/Y
 _1737_/Y
 _1738_/Y
 _1739_/Y
 _1740_/Y
 _1741_/Y
 _1742_/Y
 _1743_/Y
 _1744_/Y
 _1745_/Y
 _1746_/Y
 _1747_/Y
 _1748_/X
 _1749_/Y
 _1750_/Y
 _1751_/X
 _1752_/Y
 _1753_/Y
 _1754_/Y
 _1755_/Y
 _1756_/Y
 _1757_/Y
 _1758_/Y
 _1759_/Y
 _1760_/Y
 _1761_/Y
 _1762_/Y
 _1763_/Y
 _1764_/Y
 _1765_/Y
 _1766_/X
 _1767_/Y
 _1768_/Y
 _1769_/Y
 _1770_/Y
 _1771_/Y
 _1772_/Y
 _1773_/Y
 _1774_/Y
 _1775_/Y
 _1776_/Y
 _1777_/X
 _1778_/X
 _1779_/Y
 _1780_/Y
 _1781_/Y
 _1782_/Y
 _1783_/Y
 _1784_/X
 _1785_/Y
 _1786_/Y
 _1787_/Y
 _1788_/Y
 _1789_/Y
 _1790_/Y
 _1791_/Y
 _1792_/Y
 _1793_/X
 _1794_/Y
 _1795_/Y
 _1796_/Y
 _1797_/Y
 _1798_/Y
 _1799_/Y
 _1800_/Y
 _1801_/X
 _1802_/Y
 _1803_/Y
 _1804_/Y
 _1805_/X
 _1806_/Y
 _1807_/Y
 _1808_/Y
 _1809_/Y
 _1810_/Y
 _1811_/Y
 _1812_/Y
 _1813_/Y
 _1814_/Y
 _1815_/Y
 _1816_/Y
 _1817_/X
 _1818_/Y
 _1819_/Y
 _1820_/X
 _1821_/Y
 _1822_/Y
 _1823_/Y
 _1824_/X
 _1825_/X
 _1826_/Y
 _1827_/Y
 _1828_/X
 _1829_/Y
 _1830_/Y
 _1831_/Y
 _1832_/Y
 _1833_/Y
 _1834_/Y
 _1835_/Y
 _1836_/Y
 _1837_/Y
 _1838_/Y
 _1839_/Y
 _1840_/Y
 _1841_/Y
 _1842_/Y
 _1843_/Y
 _1844_/Y
 _1845_/Y
 _1846_/Y
 _1847_/Y
 _1848_/Y
 _1849_/Y
 _1850_/Y
 _1851_/Y
 _1852_/Y
 _1853_/Y
 _1854_/Y
 _1855_/Y
 _1856_/Y
 _1857_/Y
 _1858_/X
 _1859_/Y
 _1860_/Y
 _1861_/Y
 _1862_/Y
 _1863_/Y
 _1864_/Y
 _1865_/Y
 _1866_/Y
 _1867_/Y
 _1868_/Y
 _1869_/Y
 _1870_/Y
 _1871_/Y
 _1872_/Y
 _1873_/Y
 _1874_/Y
 _1875_/Y
 _1876_/Y
 _1877_/Y
 _1878_/X
 _1879_/X
 _1880_/Y
 _1881_/Y
 _1882_/X
 _1883_/Y
 _1884_/Y
 _1885_/Y
 _1886_/Y
 _1887_/Y
 _1888_/X
 _1889_/Y
 _1890_/Y
 _1891_/Y
 _1892_/Y
 _1893_/Y
 _1894_/Y
 _1895_/Y
 _1896_/Y
 _1897_/Y
 _1898_/Y
 _1899_/X
 _1900_/Y
 _1901_/Y
 _1902_/Y
 _1903_/Y
 _1904_/Y
 _1905_/Y
 _1906_/X
 _1907_/Y
 _1908_/X
 _1909_/Y
 _1910_/Y
 _1911_/X
 _1912_/Y
 _1913_/Y
 _1914_/Y
 _1915_/Y
 _1916_/X
 _1917_/Y
 _1918_/Y
 _1919_/Y
 _1920_/X
 _1921_/Y
 _1922_/Y
 _1923_/Y
 _1924_/X
 _1925_/Y
 _1926_/Y
 _1927_/Y
Found 0 partially unannotated drivers.

===========================================================================
max slew violation count 319
max fanout violation count 0
max cap violation count 10
============================================================================

===========================================================================
check_setup -verbose -unconstrained_endpoints -multiple_clock -no_clock -no_input_delay -loops -generated_clocks
===========================================================================
