                                                                       Cells by Function                                                                        
┏━━━━━━━━━━━━━━━━━━━━━━━━━━━━━━━━━━━━━━━━━━━━━━━━━━━━━━━━━━━━━━━━━━━━━━━━━━━━━━━━━━━━━━━━━━━━━━━━━━━━━━━━━━━━━━━━━━━━━━━━━━━━━━━━━┳━━━━━━━━━━━━━━━━━━━━━━━━━━━━┓
┃ Cell Function                                                                                                                   ┃ Count                      ┃
┡━━━━━━━━━━━━━━━━━━━━━━━━━━━━━━━━━━━━━━━━━━━━━━━━━━━━━━━━━━━━━━━━━━━━━━━━━━━━━━━━━━━━━━━━━━━━━━━━━━━━━━━━━━━━━━━━━━━━━━━━━━━━━━━━━╇━━━━━━━━━━━━━━━━━━━━━━━━━━━━┩
│ sky130_ef_sc_hd__decap                                                                                                          │ 92                         │
│ sky130_fd_sc_hd__a2111o                                                                                                         │ 1                          │
│ sky130_fd_sc_hd__a211o                                                                                                          │ 9                          │
│ sky130_fd_sc_hd__a211oi                                                                                                         │ 6                          │
│ sky130_fd_sc_hd__a21boi                                                                                                         │ 9                          │
│ sky130_fd_sc_hd__a21o                                                                                                           │ 9                          │
│ sky130_fd_sc_hd__a21oi                                                                                                          │ 59                         │
│ sky130_fd_sc_hd__a221o                                                                                                          │ 5                          │
│ sky130_fd_sc_hd__a221oi                                                                                                         │ 2                          │
│ sky130_fd_sc_hd__a222oi                                                                                                         │ 5                          │
│ sky130_fd_sc_hd__a22o                                                                                                           │ 1                          │
│ sky130_fd_sc_hd__a22oi                                                                                                          │ 7                          │
│ sky130_fd_sc_hd__a2bb2oi                                                                                                        │ 18                         │
│ sky130_fd_sc_hd__a311o                                                                                                          │ 1                          │
│ sky130_fd_sc_hd__a311oi                                                                                                         │ 3                          │
│ sky130_fd_sc_hd__a31o                                                                                                           │ 6                          │
│ sky130_fd_sc_hd__a31oi                                                                                                          │ 29                         │
│ sky130_fd_sc_hd__a32o                                                                                                           │ 2                          │
│ sky130_fd_sc_hd__a32oi                                                                                                          │ 5                          │
│ sky130_fd_sc_hd__a41o                                                                                                           │ 2                          │
│ sky130_fd_sc_hd__a41oi                                                                                                          │ 4                          │
│ sky130_fd_sc_hd__and2                                                                                                           │ 6                          │
│ sky130_fd_sc_hd__and3                                                                                                           │ 13                         │
│ sky130_fd_sc_hd__and4                                                                                                           │ 3                          │
│ sky130_fd_sc_hd__buf                                                                                                            │ 68                         │
│ sky130_fd_sc_hd__clkbuf                                                                                                         │ 30                         │
│ sky130_fd_sc_hd__clkinv                                                                                                         │ 3                          │
│ sky130_fd_sc_hd__decap                                                                                                          │ 196                        │
│ sky130_fd_sc_hd__diode                                                                                                          │ 16                         │
│ sky130_fd_sc_hd__dlygate4sd1                                                                                                    │ 4                          │
│ sky130_fd_sc_hd__dlymetal6s2s                                                                                                   │ 10                         │
│ sky130_fd_sc_hd__fill                                                                                                           │ 309                        │
│ sky130_fd_sc_hd__inv                                                                                                            │ 25                         │
│ sky130_fd_sc_hd__mux2                                                                                                           │ 4                          │
│ sky130_fd_sc_hd__mux2i                                                                                                          │ 8                          │
│ sky130_fd_sc_hd__mux4                                                                                                           │ 2                          │
│ sky130_fd_sc_hd__nand2                                                                                                          │ 75                         │
│ sky130_fd_sc_hd__nand2b                                                                                                         │ 30                         │
│ sky130_fd_sc_hd__nand3                                                                                                          │ 81                         │
│ sky130_fd_sc_hd__nand3b                                                                                                         │ 7                          │
│ sky130_fd_sc_hd__nand4                                                                                                          │ 77                         │
│ sky130_fd_sc_hd__nand4b                                                                                                         │ 1                          │
│ sky130_fd_sc_hd__nand4bb                                                                                                        │ 1                          │
│ sky130_fd_sc_hd__nor2                                                                                                           │ 35                         │
│ sky130_fd_sc_hd__nor2b                                                                                                          │ 23                         │
│ sky130_fd_sc_hd__nor3                                                                                                           │ 13                         │
│ sky130_fd_sc_hd__nor3b                                                                                                          │ 1                          │
│ sky130_fd_sc_hd__nor4                                                                                                           │ 23                         │
│ sky130_fd_sc_hd__nor4b                                                                                                          │ 3                          │
│ sky130_fd_sc_hd__o2111a                                                                                                         │ 1                          │
│ sky130_fd_sc_hd__o2111ai                                                                                                        │ 8                          │
│ sky130_fd_sc_hd__o211a                                                                                                          │ 9                          │
│ sky130_fd_sc_hd__o211ai                                                                                                         │ 32                         │
│ sky130_fd_sc_hd__o21a                                                                                                           │ 13                         │
│ sky130_fd_sc_hd__o21ai                                                                                                          │ 90                         │
│ sky130_fd_sc_hd__o21bai                                                                                                         │ 11                         │
│ sky130_fd_sc_hd__o221a                                                                                                          │ 3                          │
│ sky130_fd_sc_hd__o221ai                                                                                                         │ 28                         │
│ sky130_fd_sc_hd__o22a                                                                                                           │ 2                          │
│ sky130_fd_sc_hd__o22ai                                                                                                          │ 31                         │
│ sky130_fd_sc_hd__o2bb2ai                                                                                                        │ 24                         │
│ sky130_fd_sc_hd__o311a                                                                                                          │ 2                          │
│ sky130_fd_sc_hd__o311ai                                                                                                         │ 3                          │
│ sky130_fd_sc_hd__o31a                                                                                                           │ 7                          │
│ sky130_fd_sc_hd__o31ai                                                                                                          │ 6                          │
│ sky130_fd_sc_hd__o32a                                                                                                           │ 1                          │
│ sky130_fd_sc_hd__o32ai                                                                                                          │ 11                         │
│ sky130_fd_sc_hd__o41ai                                                                                                          │ 6                          │
│ sky130_fd_sc_hd__or2                                                                                                            │ 3                          │
│ sky130_fd_sc_hd__or3                                                                                                            │ 5                          │
│ sky130_fd_sc_hd__or4                                                                                                            │ 4                          │
│ sky130_fd_sc_hd__or4b                                                                                                           │ 2                          │
│ sky130_fd_sc_hd__tapvpwrvgnd                                                                                                    │ 180                        │
│ sky130_fd_sc_hd__xnor2                                                                                                          │ 31                         │
│ sky130_fd_sc_hd__xor2                                                                                                           │ 30                         │
└─────────────────────────────────────────────────────────────────────────────────────────────────────────────────────────────────┴────────────────────────────┘
