[WARNING ORD-0039] .openroad ignored with -python
                                Cells by Master                                 
┏━━━━━━━━━━━━━━━━━━━━━━━━━━━━━━━━━━━━━━━━━━━━━━━━━━━━━━━━━━━━━━━━┳━━━━━━━━━━━━━┓
┃ Cell                                                           ┃ Count       ┃
┡━━━━━━━━━━━━━━━━━━━━━━━━━━━━━━━━━━━━━━━━━━━━━━━━━━━━━━━━━━━━━━━━╇━━━━━━━━━━━━━┩
│ sky130_ef_sc_hd__decap_12                                      │ 92          │
│ sky130_fd_sc_hd__a2111o_1                                      │ 1           │
│ sky130_fd_sc_hd__a211o_1                                       │ 9           │
│ sky130_fd_sc_hd__a211oi_1                                      │ 5           │
│ sky130_fd_sc_hd__a211oi_4                                      │ 1           │
│ sky130_fd_sc_hd__a21boi_1                                      │ 5           │
│ sky130_fd_sc_hd__a21boi_2                                      │ 3           │
│ sky130_fd_sc_hd__a21boi_4                                      │ 1           │
│ sky130_fd_sc_hd__a21o_1                                        │ 9           │
│ sky130_fd_sc_hd__a21oi_1                                       │ 36          │
│ sky130_fd_sc_hd__a21oi_2                                       │ 12          │
│ sky130_fd_sc_hd__a21oi_4                                       │ 11          │
│ sky130_fd_sc_hd__a221o_1                                       │ 4           │
│ sky130_fd_sc_hd__a221o_4                                       │ 1           │
│ sky130_fd_sc_hd__a221oi_1                                      │ 1           │
│ sky130_fd_sc_hd__a221oi_2                                      │ 1           │
│ sky130_fd_sc_hd__a222oi_1                                      │ 5           │
│ sky130_fd_sc_hd__a22o_1                                        │ 1           │
│ sky130_fd_sc_hd__a22oi_1                                       │ 3           │
│ sky130_fd_sc_hd__a22oi_2                                       │ 1           │
│ sky130_fd_sc_hd__a22oi_4                                       │ 3           │
│ sky130_fd_sc_hd__a2bb2oi_1                                     │ 12          │
│ sky130_fd_sc_hd__a2bb2oi_2                                     │ 5           │
│ sky130_fd_sc_hd__a2bb2oi_4                                     │ 1           │
│ sky130_fd_sc_hd__a311o_1                                       │ 1           │
│ sky130_fd_sc_hd__a311oi_1                                      │ 2           │
│ sky130_fd_sc_hd__a311oi_2                                      │ 1           │
│ sky130_fd_sc_hd__a31o_1                                        │ 4           │
│ sky130_fd_sc_hd__a31o_4                                        │ 2           │
│ sky130_fd_sc_hd__a31oi_1                                       │ 7           │
│ sky130_fd_sc_hd__a31oi_2                                       │ 7           │
│ sky130_fd_sc_hd__a31oi_4                                       │ 15          │
│ sky130_fd_sc_hd__a32o_1                                        │ 2           │
│ sky130_fd_sc_hd__a32oi_1                                       │ 2           │
│ sky130_fd_sc_hd__a32oi_2                                       │ 1           │
│ sky130_fd_sc_hd__a32oi_4                                       │ 2           │
│ sky130_fd_sc_hd__a41o_1                                        │ 2           │
│ sky130_fd_sc_hd__a41oi_1                                       │ 1           │
│ sky130_fd_sc_hd__a41oi_2                                       │ 3           │
│ sky130_fd_sc_hd__and2_1                                        │ 6           │
│ sky130_fd_sc_hd__and3_1                                        │ 10          │
│ sky130_fd_sc_hd__and3_2                                        │ 2           │
│ sky130_fd_sc_hd__and3_4                                        │ 1           │
│ sky130_fd_sc_hd__and4_1                                        │ 3           │
│ sky130_fd_sc_hd__buf_1                                         │ 49          │
│ sky130_fd_sc_hd__buf_12                                        │ 1           │
│ sky130_fd_sc_hd__buf_2                                         │ 9           │
│ sky130_fd_sc_hd__buf_4                                         │ 2           │
│ sky130_fd_sc_hd__buf_6                                         │ 1           │
│ sky130_fd_sc_hd__buf_8                                         │ 6           │
│ sky130_fd_sc_hd__clkbuf_2                                      │ 17          │
│ sky130_fd_sc_hd__clkbuf_4                                      │ 12          │
│ sky130_fd_sc_hd__clkbuf_8                                      │ 1           │
│ sky130_fd_sc_hd__clkinv_2                                      │ 2           │
│ sky130_fd_sc_hd__clkinv_4                                      │ 1           │
│ sky130_fd_sc_hd__decap_3                                       │ 128         │
│ sky130_fd_sc_hd__decap_4                                       │ 31          │
│ sky130_fd_sc_hd__decap_6                                       │ 24          │
│ sky130_fd_sc_hd__decap_8                                       │ 13          │
│ sky130_fd_sc_hd__diode_2                                       │ 16          │
│ sky130_fd_sc_hd__dlygate4sd1_1                                 │ 4           │
│ sky130_fd_sc_hd__dlymetal6s2s_1                                │ 10          │
│ sky130_fd_sc_hd__fill_1                                        │ 201         │
│ sky130_fd_sc_hd__fill_2                                        │ 108         │
│ sky130_fd_sc_hd__inv_1                                         │ 24          │
│ sky130_fd_sc_hd__inv_2                                         │ 1           │
│ sky130_fd_sc_hd__mux2_1                                        │ 3           │
│ sky130_fd_sc_hd__mux2_2                                        │ 1           │
│ sky130_fd_sc_hd__mux2i_1                                       │ 2           │
│ sky130_fd_sc_hd__mux2i_4                                       │ 6           │
│ sky130_fd_sc_hd__mux4_1                                        │ 2           │
│ sky130_fd_sc_hd__nand2_1                                       │ 47          │
│ sky130_fd_sc_hd__nand2_2                                       │ 11          │
│ sky130_fd_sc_hd__nand2_4                                       │ 7           │
│ sky130_fd_sc_hd__nand2_8                                       │ 10          │
│ sky130_fd_sc_hd__nand2b_1                                      │ 17          │
│ sky130_fd_sc_hd__nand2b_2                                      │ 6           │
│ sky130_fd_sc_hd__nand2b_4                                      │ 7           │
│ sky130_fd_sc_hd__nand3_1                                       │ 60          │
│ sky130_fd_sc_hd__nand3_2                                       │ 10          │
│ sky130_fd_sc_hd__nand3_4                                       │ 11          │
│ sky130_fd_sc_hd__nand3b_1                                      │ 5           │
│ sky130_fd_sc_hd__nand3b_2                                      │ 1           │
│ sky130_fd_sc_hd__nand3b_4                                      │ 1           │
│ sky130_fd_sc_hd__nand4_1                                       │ 45          │
│ sky130_fd_sc_hd__nand4_2                                       │ 21          │
│ sky130_fd_sc_hd__nand4_4                                       │ 11          │
│ sky130_fd_sc_hd__nand4b_1                                      │ 1           │
│ sky130_fd_sc_hd__nand4bb_1                                     │ 1           │
│ sky130_fd_sc_hd__nor2_1                                        │ 26          │
│ sky130_fd_sc_hd__nor2_2                                        │ 4           │
│ sky130_fd_sc_hd__nor2_4                                        │ 4           │
│ sky130_fd_sc_hd__nor2_8                                        │ 1           │
│ sky130_fd_sc_hd__nor2b_1                                       │ 17          │
│ sky130_fd_sc_hd__nor2b_2                                       │ 2           │
│ sky130_fd_sc_hd__nor2b_4                                       │ 4           │
│ sky130_fd_sc_hd__nor3_1                                        │ 6           │
│ sky130_fd_sc_hd__nor3_2                                        │ 4           │
│ sky130_fd_sc_hd__nor3_4                                        │ 3           │
│ sky130_fd_sc_hd__nor3b_1                                       │ 1           │
│ sky130_fd_sc_hd__nor4_1                                        │ 15          │
│ sky130_fd_sc_hd__nor4_2                                        │ 4           │
│ sky130_fd_sc_hd__nor4_4                                        │ 4           │
│ sky130_fd_sc_hd__nor4b_1                                       │ 3           │
│ sky130_fd_sc_hd__o2111a_1                                      │ 1           │
│ sky130_fd_sc_hd__o2111ai_1                                     │ 1           │
│ sky130_fd_sc_hd__o2111ai_2                                     │ 1           │
│ sky130_fd_sc_hd__o2111ai_4                                     │ 6           │
│ sky130_fd_sc_hd__o211a_1                                       │ 9           │
│ sky130_fd_sc_hd__o211ai_1                                      │ 19          │
│ sky130_fd_sc_hd__o211ai_2                                      │ 8           │
│ sky130_fd_sc_hd__o211ai_4                                      │ 5           │
│ sky130_fd_sc_hd__o21a_1                                        │ 9           │
│ sky130_fd_sc_hd__o21a_2                                        │ 3           │
│ sky130_fd_sc_hd__o21a_4                                        │ 1           │
│ sky130_fd_sc_hd__o21ai_1                                       │ 54          │
│ sky130_fd_sc_hd__o21ai_2                                       │ 20          │
│ sky130_fd_sc_hd__o21ai_4                                       │ 16          │
│ sky130_fd_sc_hd__o21bai_1                                      │ 3           │
│ sky130_fd_sc_hd__o21bai_2                                      │ 4           │
│ sky130_fd_sc_hd__o21bai_4                                      │ 4           │
│ sky130_fd_sc_hd__o221a_1                                       │ 2           │
│ sky130_fd_sc_hd__o221a_2                                       │ 1           │
│ sky130_fd_sc_hd__o221ai_1                                      │ 6           │
│ sky130_fd_sc_hd__o221ai_2                                      │ 8           │
│ sky130_fd_sc_hd__o221ai_4                                      │ 14          │
│ sky130_fd_sc_hd__o22a_1                                        │ 1           │
│ sky130_fd_sc_hd__o22a_2                                        │ 1           │
│ sky130_fd_sc_hd__o22ai_1                                       │ 19          │
│ sky130_fd_sc_hd__o22ai_2                                       │ 8           │
│ sky130_fd_sc_hd__o22ai_4                                       │ 4           │
│ sky130_fd_sc_hd__o2bb2ai_1                                     │ 15          │
│ sky130_fd_sc_hd__o2bb2ai_2                                     │ 5           │
│ sky130_fd_sc_hd__o2bb2ai_4                                     │ 4           │
│ sky130_fd_sc_hd__o311a_1                                       │ 2           │
│ sky130_fd_sc_hd__o311ai_2                                      │ 2           │
│ sky130_fd_sc_hd__o311ai_4                                      │ 1           │
│ sky130_fd_sc_hd__o31a_1                                        │ 6           │
│ sky130_fd_sc_hd__o31a_2                                        │ 1           │
│ sky130_fd_sc_hd__o31ai_1                                       │ 3           │
│ sky130_fd_sc_hd__o31ai_2                                       │ 2           │
│ sky130_fd_sc_hd__o31ai_4                                       │ 1           │
│ sky130_fd_sc_hd__o32a_1                                        │ 1           │
│ sky130_fd_sc_hd__o32ai_1                                       │ 8           │
│ sky130_fd_sc_hd__o32ai_4                                       │ 3           │
│ sky130_fd_sc_hd__o41ai_1                                       │ 2           │
│ sky130_fd_sc_hd__o41ai_2                                       │ 2           │
│ sky130_fd_sc_hd__o41ai_4                                       │ 2           │
│ sky130_fd_sc_hd__or2_1                                         │ 1           │
│ sky130_fd_sc_hd__or2_2                                         │ 1           │
│ sky130_fd_sc_hd__or2_4                                         │ 1           │
│ sky130_fd_sc_hd__or3_1                                         │ 4           │
│ sky130_fd_sc_hd__or3_2                                         │ 1           │
│ sky130_fd_sc_hd__or4_1                                         │ 4           │
│ sky130_fd_sc_hd__or4b_1                                        │ 1           │
│ sky130_fd_sc_hd__or4b_2                                        │ 1           │
│ sky130_fd_sc_hd__tapvpwrvgnd_1                                 │ 180         │
│ sky130_fd_sc_hd__xnor2_1                                       │ 5           │
│ sky130_fd_sc_hd__xnor2_2                                       │ 23          │
│ sky130_fd_sc_hd__xnor2_4                                       │ 3           │
│ sky130_fd_sc_hd__xor2_1                                        │ 4           │
│ sky130_fd_sc_hd__xor2_2                                        │ 19          │
│ sky130_fd_sc_hd__xor2_4                                        │ 7           │
└────────────────────────────────────────────────────────────────┴─────────────┘
                               Cells by Function                                
┏━━━━━━━━━━━━━━━━━━━━━━━━━━━━━━━━━━━━━━━━━━━━━━━━━━━━━━━━━━━━━━━┳━━━━━━━━━━━━━━┓
┃ Cell Function                                                 ┃ Count        ┃
┡━━━━━━━━━━━━━━━━━━━━━━━━━━━━━━━━━━━━━━━━━━━━━━━━━━━━━━━━━━━━━━━╇━━━━━━━━━━━━━━┩
│ sky130_ef_sc_hd__decap                                        │ 92           │
│ sky130_fd_sc_hd__a2111o                                       │ 1            │
│ sky130_fd_sc_hd__a211o                                        │ 9            │
│ sky130_fd_sc_hd__a211oi                                       │ 6            │
│ sky130_fd_sc_hd__a21boi                                       │ 9            │
│ sky130_fd_sc_hd__a21o                                         │ 9            │
│ sky130_fd_sc_hd__a21oi                                        │ 59           │
│ sky130_fd_sc_hd__a221o                                        │ 5            │
│ sky130_fd_sc_hd__a221oi                                       │ 2            │
│ sky130_fd_sc_hd__a222oi                                       │ 5            │
│ sky130_fd_sc_hd__a22o                                         │ 1            │
│ sky130_fd_sc_hd__a22oi                                        │ 7            │
│ sky130_fd_sc_hd__a2bb2oi                                      │ 18           │
│ sky130_fd_sc_hd__a311o                                        │ 1            │
│ sky130_fd_sc_hd__a311oi                                       │ 3            │
│ sky130_fd_sc_hd__a31o                                         │ 6            │
│ sky130_fd_sc_hd__a31oi                                        │ 29           │
│ sky130_fd_sc_hd__a32o                                         │ 2            │
│ sky130_fd_sc_hd__a32oi                                        │ 5            │
│ sky130_fd_sc_hd__a41o                                         │ 2            │
│ sky130_fd_sc_hd__a41oi                                        │ 4            │
│ sky130_fd_sc_hd__and2                                         │ 6            │
│ sky130_fd_sc_hd__and3                                         │ 13           │
│ sky130_fd_sc_hd__and4                                         │ 3            │
│ sky130_fd_sc_hd__buf                                          │ 68           │
│ sky130_fd_sc_hd__clkbuf                                       │ 30           │
│ sky130_fd_sc_hd__clkinv                                       │ 3            │
│ sky130_fd_sc_hd__decap                                        │ 196          │
│ sky130_fd_sc_hd__diode                                        │ 16           │
│ sky130_fd_sc_hd__dlygate4sd1                                  │ 4            │
│ sky130_fd_sc_hd__dlymetal6s2s                                 │ 10           │
│ sky130_fd_sc_hd__fill                                         │ 309          │
│ sky130_fd_sc_hd__inv                                          │ 25           │
│ sky130_fd_sc_hd__mux2                                         │ 4            │
│ sky130_fd_sc_hd__mux2i                                        │ 8            │
│ sky130_fd_sc_hd__mux4                                         │ 2            │
│ sky130_fd_sc_hd__nand2                                        │ 75           │
│ sky130_fd_sc_hd__nand2b                                       │ 30           │
│ sky130_fd_sc_hd__nand3                                        │ 81           │
│ sky130_fd_sc_hd__nand3b                                       │ 7            │
│ sky130_fd_sc_hd__nand4                                        │ 77           │
│ sky130_fd_sc_hd__nand4b                                       │ 1            │
│ sky130_fd_sc_hd__nand4bb                                      │ 1            │
│ sky130_fd_sc_hd__nor2                                         │ 35           │
│ sky130_fd_sc_hd__nor2b                                        │ 23           │
│ sky130_fd_sc_hd__nor3                                         │ 13           │
│ sky130_fd_sc_hd__nor3b                                        │ 1            │
│ sky130_fd_sc_hd__nor4                                         │ 23           │
│ sky130_fd_sc_hd__nor4b                                        │ 3            │
│ sky130_fd_sc_hd__o2111a                                       │ 1            │
│ sky130_fd_sc_hd__o2111ai                                      │ 8            │
│ sky130_fd_sc_hd__o211a                                        │ 9            │
│ sky130_fd_sc_hd__o211ai                                       │ 32           │
│ sky130_fd_sc_hd__o21a                                         │ 13           │
│ sky130_fd_sc_hd__o21ai                                        │ 90           │
│ sky130_fd_sc_hd__o21bai                                       │ 11           │
│ sky130_fd_sc_hd__o221a                                        │ 3            │
│ sky130_fd_sc_hd__o221ai                                       │ 28           │
│ sky130_fd_sc_hd__o22a                                         │ 2            │
│ sky130_fd_sc_hd__o22ai                                        │ 31           │
│ sky130_fd_sc_hd__o2bb2ai                                      │ 24           │
│ sky130_fd_sc_hd__o311a                                        │ 2            │
│ sky130_fd_sc_hd__o311ai                                       │ 3            │
│ sky130_fd_sc_hd__o31a                                         │ 7            │
│ sky130_fd_sc_hd__o31ai                                        │ 6            │
│ sky130_fd_sc_hd__o32a                                         │ 1            │
│ sky130_fd_sc_hd__o32ai                                        │ 11           │
│ sky130_fd_sc_hd__o41ai                                        │ 6            │
│ sky130_fd_sc_hd__or2                                          │ 3            │
│ sky130_fd_sc_hd__or3                                          │ 5            │
│ sky130_fd_sc_hd__or4                                          │ 4            │
│ sky130_fd_sc_hd__or4b                                         │ 2            │
│ sky130_fd_sc_hd__tapvpwrvgnd                                  │ 180          │
│ sky130_fd_sc_hd__xnor2                                        │ 31           │
│ sky130_fd_sc_hd__xor2                                         │ 30           │
└───────────────────────────────────────────────────────────────┴──────────────┘
                                  Cells by SCL                                  
┏━━━━━━━━━━━━━━━━━━━━━━━━━━━━━━━━━━━━━━━━━━━━━━━━━━━━━━━┳━━━━━━━━━━━━━━━━━━━━━━┓
┃ SCL                                                   ┃ Count                ┃
┡━━━━━━━━━━━━━━━━━━━━━━━━━━━━━━━━━━━━━━━━━━━━━━━━━━━━━━━╇━━━━━━━━━━━━━━━━━━━━━━┩
│ sky130_ef_sc_hd                                       │ 92                   │
│ sky130_fd_sc_hd                                       │ 1793                 │
└───────────────────────────────────────────────────────┴──────────────────────┘
                             Buffers by Cell Master                             
┏━━━━━━━━━━━━━━━━━━━━━━━━━━━━━━━━━━━━━━━━━━━━━━━━━━━━━━━━━━━━━━━━┳━━━━━━━━━━━━━┓
┃ Buffer                                                         ┃ Count       ┃
┡━━━━━━━━━━━━━━━━━━━━━━━━━━━━━━━━━━━━━━━━━━━━━━━━━━━━━━━━━━━━━━━━╇━━━━━━━━━━━━━┩
│ sky130_fd_sc_hd__buf_1                                         │ 49          │
│ sky130_fd_sc_hd__buf_12                                        │ 1           │
│ sky130_fd_sc_hd__buf_2                                         │ 9           │
│ sky130_fd_sc_hd__buf_4                                         │ 2           │
│ sky130_fd_sc_hd__buf_6                                         │ 1           │
│ sky130_fd_sc_hd__buf_8                                         │ 6           │
│ sky130_fd_sc_hd__clkbuf_2                                      │ 17          │
│ sky130_fd_sc_hd__clkbuf_4                                      │ 12          │
│ sky130_fd_sc_hd__clkbuf_8                                      │ 1           │
│ sky130_fd_sc_hd__dlygate4sd1_1                                 │ 4           │
│ sky130_fd_sc_hd__dlymetal6s2s_1                                │ 10          │
└────────────────────────────────────────────────────────────────┴─────────────┘
