
===========================================================================
report_checks -unconstrained
===========================================================================
======================= min_ss_100C_1v60 Corner ===================================

Startpoint: x[27] (input port clocked by __VIRTUAL_CLK__)
Endpoint: result[25] (output port clocked by __VIRTUAL_CLK__)
Path Group: __VIRTUAL_CLK__
Path Type: max

Fanout         Cap        Slew       Delay        Time   Description
---------------------------------------------------------------------------------------------
                      0.000000    0.000000    0.000000   clock __VIRTUAL_CLK__ (rise edge)
                                  0.200000    0.200000   clock network delay (ideal)
                                  1.000000    1.200000 ^ input external delay
     1    0.027168    0.000000    0.000000    1.200000 ^ x[27] (in)
                                                         x[27] (net)
                      0.001431    0.000715    1.200715 ^ input20/A (sky130_fd_sc_hd__buf_2)
     7    0.092937    0.709559    0.616702    1.817418 ^ input20/X (sky130_fd_sc_hd__buf_2)
                                                         net20 (net)
                      0.709663    0.007232    1.824649 ^ _0975_/B_N (sky130_fd_sc_hd__nor2b_1)
     4    0.072612    2.177951    1.917896    3.742546 ^ _0975_/Y (sky130_fd_sc_hd__nor2b_1)
                                                         _0100_ (net)
                      2.177955    0.002848    3.745394 ^ _1082_/A1 (sky130_fd_sc_hd__a21oi_1)
     1    0.027999    0.736523    1.163828    4.909222 v _1082_/Y (sky130_fd_sc_hd__a21oi_1)
                                                         _0207_ (net)
                      0.736523    0.000793    4.910015 v _1100_/C1 (sky130_fd_sc_hd__o221ai_4)
     5    0.030613    0.505528    0.461101    5.371116 ^ _1100_/Y (sky130_fd_sc_hd__o221ai_4)
                                                         _0225_ (net)
                      0.505528    0.000451    5.371567 ^ _1101_/B1 (sky130_fd_sc_hd__o21ai_1)
     2    0.033946    0.602354    0.684317    6.055884 v _1101_/Y (sky130_fd_sc_hd__o21ai_1)
                                                         _0226_ (net)
                      0.602357    0.002589    6.058473 v _1104_/A (sky130_fd_sc_hd__nand2_2)
     1    0.031692    0.316006    0.487764    6.546237 ^ _1104_/Y (sky130_fd_sc_hd__nand2_2)
                                                         _0229_ (net)
                      0.316006    0.000327    6.546564 ^ _1106_/B (sky130_fd_sc_hd__nand2_8)
    27    0.141208    0.356992    0.395339    6.941903 v _1106_/Y (sky130_fd_sc_hd__nand2_8)
                                                         _0231_ (net)
                      0.357144    0.006136    6.948039 v _1109_/D1 (sky130_fd_sc_hd__o2111ai_4)
    19    0.119264    1.325673    0.610599    7.558639 ^ _1109_/Y (sky130_fd_sc_hd__o2111ai_4)
                                                         _0234_ (net)
                      1.325677    0.001842    7.560481 ^ _1260_/A1 (sky130_fd_sc_hd__o22ai_2)
     3    0.015482    0.292748    0.624682    8.185163 v _1260_/Y (sky130_fd_sc_hd__o22ai_2)
                                                         _0385_ (net)
                      0.292748    0.000177    8.185339 v _1292_/A2 (sky130_fd_sc_hd__o211ai_1)
     2    0.012554    0.553681    0.588746    8.774085 ^ _1292_/Y (sky130_fd_sc_hd__o211ai_1)
                                                         _0417_ (net)
                      0.553681    0.000208    8.774293 ^ _1352_/A (sky130_fd_sc_hd__nand3_1)
     1    0.008871    0.292417    0.428741    9.203034 v _1352_/Y (sky130_fd_sc_hd__nand3_1)
                                                         _0477_ (net)
                      0.292417    0.000136    9.203170 v _1358_/B1 (sky130_fd_sc_hd__a2bb2oi_2)
     3    0.023369    0.476005    0.559297    9.762466 ^ _1358_/Y (sky130_fd_sc_hd__a2bb2oi_2)
                                                         _0483_ (net)
                      0.476133    0.000627    9.763094 ^ _1379_/D (sky130_fd_sc_hd__nand4_2)
     6    0.018315    0.398334    0.518432   10.281527 v _1379_/Y (sky130_fd_sc_hd__nand4_2)
                                                         _0504_ (net)
                      0.398334    0.000319   10.281845 v _1381_/C (sky130_fd_sc_hd__nor3_1)
     3    0.010688    0.618305    0.615796   10.897641 ^ _1381_/Y (sky130_fd_sc_hd__nor3_1)
                                                         _0506_ (net)
                      0.618305    0.000028   10.897670 ^ _1384_/B (sky130_fd_sc_hd__nand4b_1)
     2    0.005858    0.290434    0.443707   11.341377 v _1384_/Y (sky130_fd_sc_hd__nand4b_1)
                                                         _0509_ (net)
                      0.290434    0.000070   11.341447 v _1386_/C (sky130_fd_sc_hd__nor3_1)
     2    0.004411    0.335426    0.359985   11.701432 ^ _1386_/Y (sky130_fd_sc_hd__nor3_1)
                                                         _0511_ (net)
                      0.335426    0.000015   11.701447 ^ _1390_/D_N (sky130_fd_sc_hd__or4b_2)
     3    0.011218    0.275175    1.587295   13.288742 v _1390_/X (sky130_fd_sc_hd__or4b_2)
                                                         _0515_ (net)
                      0.275175    0.000123   13.288864 v _1393_/A3 (sky130_fd_sc_hd__o31ai_2)
     2    0.013883    0.560789    0.576485   13.865349 ^ _1393_/Y (sky130_fd_sc_hd__o31ai_2)
                                                         _0518_ (net)
                      0.560789    0.000036   13.865385 ^ _1394_/B1 (sky130_fd_sc_hd__o21ai_2)
     2    0.012055    0.191960    0.334108   14.199492 v _1394_/Y (sky130_fd_sc_hd__o21ai_2)
                                                         _0519_ (net)
                      0.191960    0.000067   14.199559 v _1395_/B1 (sky130_fd_sc_hd__a41o_1)
     2    0.014420    0.159680    0.503261   14.702820 v _1395_/X (sky130_fd_sc_hd__a41o_1)
                                                         _0520_ (net)
                      0.159680    0.000075   14.702895 v _1396_/B1 (sky130_fd_sc_hd__a41oi_2)
     3    0.008058    0.287460    0.332760   15.035655 ^ _1396_/Y (sky130_fd_sc_hd__a41oi_2)
                                                         _0521_ (net)
                      0.287460    0.000020   15.035674 ^ _1397_/B1 (sky130_fd_sc_hd__o31a_1)
     3    0.014449    0.263180    0.468308   15.503983 ^ _1397_/X (sky130_fd_sc_hd__o31a_1)
                                                         _0522_ (net)
                      0.263180    0.000078   15.504061 ^ _1398_/B1 (sky130_fd_sc_hd__o41ai_4)
     3    0.014170    0.163224    0.244961   15.749022 v _1398_/Y (sky130_fd_sc_hd__o41ai_4)
                                                         _0523_ (net)
                      0.163224    0.000126   15.749148 v _1399_/B1 (sky130_fd_sc_hd__a21oi_1)
     1    0.005760    0.264174    0.289603   16.038752 ^ _1399_/Y (sky130_fd_sc_hd__a21oi_1)
                                                         _0524_ (net)
                      0.264174    0.000073   16.038824 ^ _1405_/B (sky130_fd_sc_hd__xor2_1)
     3    0.013845    0.294492    0.317451   16.356276 v _1405_/X (sky130_fd_sc_hd__xor2_1)
                                                         _0530_ (net)
                      0.294492    0.000119   16.356394 v _1409_/A (sky130_fd_sc_hd__or2_2)
     3    0.024567    0.211494    0.902478   17.258873 v _1409_/X (sky130_fd_sc_hd__or2_2)
                                                         _0534_ (net)
                      0.211494    0.000385   17.259258 v _1565_/A (sky130_fd_sc_hd__nand2_1)
     1    0.010228    0.178409    0.230223   17.489481 ^ _1565_/Y (sky130_fd_sc_hd__nand2_1)
                                                         _0690_ (net)
                      0.178409    0.000142   17.489622 ^ _1566_/A (sky130_fd_sc_hd__inv_1)
     2    0.019424    0.177912    0.224532   17.714153 v _1566_/Y (sky130_fd_sc_hd__inv_1)
                                                         _0691_ (net)
                      0.177912    0.000398   17.714552 v _1567_/B (sky130_fd_sc_hd__nand2_2)
     2    0.019780    0.183889    0.240027   17.954578 ^ _1567_/Y (sky130_fd_sc_hd__nand2_2)
                                                         _0692_ (net)
                      0.183889    0.000178   17.954756 ^ _1572_/A2_N (sky130_fd_sc_hd__o2bb2ai_4)
    12    0.093813    0.958190    0.535559   18.490316 ^ _1572_/Y (sky130_fd_sc_hd__o2bb2ai_4)
                                                         _0697_ (net)
                      0.958199    0.002562   18.492878 ^ _1580_/B (sky130_fd_sc_hd__nand3_4)
    11    0.063668    0.512411    0.700714   19.193592 v _1580_/Y (sky130_fd_sc_hd__nand3_4)
                                                         _0705_ (net)
                      0.512411    0.001091   19.194681 v _1599_/B (sky130_fd_sc_hd__nand3_1)
     2    0.012111    0.269129    0.443498   19.638180 ^ _1599_/Y (sky130_fd_sc_hd__nand3_1)
                                                         _0724_ (net)
                      0.269129    0.000171   19.638350 ^ _1617_/B (sky130_fd_sc_hd__nand4_2)
     2    0.014965    0.321307    0.394234   20.032583 v _1617_/Y (sky130_fd_sc_hd__nand4_2)
                                                         _0742_ (net)
                      0.321307    0.000236   20.032820 v _1619_/B2 (sky130_fd_sc_hd__o22ai_4)
     4    0.022605    0.383039    0.392754   20.425575 ^ _1619_/Y (sky130_fd_sc_hd__o22ai_4)
                                                         _0744_ (net)
                      0.383039    0.000160   20.425735 ^ _1627_/A1 (sky130_fd_sc_hd__a21boi_1)
     1    0.009110    0.201301    0.316589   20.742325 v _1627_/Y (sky130_fd_sc_hd__a21boi_1)
                                                         _0752_ (net)
                      0.201301    0.000101   20.742426 v _1632_/B2 (sky130_fd_sc_hd__o32ai_4)
     4    0.012771    0.410349    0.259611   21.002037 ^ _1632_/Y (sky130_fd_sc_hd__o32ai_4)
                                                         _0757_ (net)
                      0.410349    0.000201   21.002237 ^ _1641_/A1 (sky130_fd_sc_hd__a21oi_1)
     1    0.002654    0.178051    0.238959   21.241196 v _1641_/Y (sky130_fd_sc_hd__a21oi_1)
                                                         _0766_ (net)
                      0.178051    0.000012   21.241209 v _1646_/A1 (sky130_fd_sc_hd__a21oi_1)
     3    0.015057    0.554324    0.534932   21.776140 ^ _1646_/Y (sky130_fd_sc_hd__a21oi_1)
                                                         _0771_ (net)
                      0.554324    0.000140   21.776281 ^ _1834_/B2 (sky130_fd_sc_hd__o221ai_1)
     1    0.004148    0.232952    0.404214   22.180494 v _1834_/Y (sky130_fd_sc_hd__o221ai_1)
                                                         _0936_ (net)
                      0.232952    0.000059   22.180553 v _1835_/B2 (sky130_fd_sc_hd__a2bb2oi_1)
     1    0.014934    0.570339    0.569111   22.749664 ^ _1835_/Y (sky130_fd_sc_hd__a2bb2oi_1)
                                                         net82 (net)
                      0.570339    0.000432   22.750095 ^ output82/A (sky130_fd_sc_hd__buf_1)
     1    0.023055    0.438419    0.574385   23.324480 ^ output82/X (sky130_fd_sc_hd__buf_1)
                                                         result[25] (net)
                      0.438419    0.000281   23.324762 ^ result[25] (out)
                                             23.324762   data arrival time

                      0.000000   20.000000   20.000000   clock __VIRTUAL_CLK__ (rise edge)
                                  0.200000   20.200001   clock network delay (ideal)
                                  0.000000   20.200001   clock reconvergence pessimism
                                 -0.500000   19.700001   output external delay
                                             19.700001   data required time
---------------------------------------------------------------------------------------------
                                             19.700001   data required time
                                            -23.324762   data arrival time
---------------------------------------------------------------------------------------------
                                             -3.624761   slack (VIOLATED)




===========================================================================
report_checks --slack_max -0.01
============================================================================
======================= min_ss_100C_1v60 Corner ===================================

Startpoint: x[27] (input port clocked by __VIRTUAL_CLK__)
Endpoint: result[25] (output port clocked by __VIRTUAL_CLK__)
Path Group: __VIRTUAL_CLK__
Path Type: max

Fanout         Cap        Slew       Delay        Time   Description
---------------------------------------------------------------------------------------------
                      0.000000    0.000000    0.000000   clock __VIRTUAL_CLK__ (rise edge)
                                  0.200000    0.200000   clock network delay (ideal)
                                  1.000000    1.200000 ^ input external delay
     1    0.027168    0.000000    0.000000    1.200000 ^ x[27] (in)
                                                         x[27] (net)
                      0.001431    0.000715    1.200715 ^ input20/A (sky130_fd_sc_hd__buf_2)
     7    0.092937    0.709559    0.616702    1.817418 ^ input20/X (sky130_fd_sc_hd__buf_2)
                                                         net20 (net)
                      0.709663    0.007232    1.824649 ^ _0975_/B_N (sky130_fd_sc_hd__nor2b_1)
     4    0.072612    2.177951    1.917896    3.742546 ^ _0975_/Y (sky130_fd_sc_hd__nor2b_1)
                                                         _0100_ (net)
                      2.177955    0.002848    3.745394 ^ _1082_/A1 (sky130_fd_sc_hd__a21oi_1)
     1    0.027999    0.736523    1.163828    4.909222 v _1082_/Y (sky130_fd_sc_hd__a21oi_1)
                                                         _0207_ (net)
                      0.736523    0.000793    4.910015 v _1100_/C1 (sky130_fd_sc_hd__o221ai_4)
     5    0.030613    0.505528    0.461101    5.371116 ^ _1100_/Y (sky130_fd_sc_hd__o221ai_4)
                                                         _0225_ (net)
                      0.505528    0.000451    5.371567 ^ _1101_/B1 (sky130_fd_sc_hd__o21ai_1)
     2    0.033946    0.602354    0.684317    6.055884 v _1101_/Y (sky130_fd_sc_hd__o21ai_1)
                                                         _0226_ (net)
                      0.602357    0.002589    6.058473 v _1104_/A (sky130_fd_sc_hd__nand2_2)
     1    0.031692    0.316006    0.487764    6.546237 ^ _1104_/Y (sky130_fd_sc_hd__nand2_2)
                                                         _0229_ (net)
                      0.316006    0.000327    6.546564 ^ _1106_/B (sky130_fd_sc_hd__nand2_8)
    27    0.141208    0.356992    0.395339    6.941903 v _1106_/Y (sky130_fd_sc_hd__nand2_8)
                                                         _0231_ (net)
                      0.357144    0.006136    6.948039 v _1109_/D1 (sky130_fd_sc_hd__o2111ai_4)
    19    0.119264    1.325673    0.610599    7.558639 ^ _1109_/Y (sky130_fd_sc_hd__o2111ai_4)
                                                         _0234_ (net)
                      1.325677    0.001842    7.560481 ^ _1260_/A1 (sky130_fd_sc_hd__o22ai_2)
     3    0.015482    0.292748    0.624682    8.185163 v _1260_/Y (sky130_fd_sc_hd__o22ai_2)
                                                         _0385_ (net)
                      0.292748    0.000177    8.185339 v _1292_/A2 (sky130_fd_sc_hd__o211ai_1)
     2    0.012554    0.553681    0.588746    8.774085 ^ _1292_/Y (sky130_fd_sc_hd__o211ai_1)
                                                         _0417_ (net)
                      0.553681    0.000208    8.774293 ^ _1352_/A (sky130_fd_sc_hd__nand3_1)
     1    0.008871    0.292417    0.428741    9.203034 v _1352_/Y (sky130_fd_sc_hd__nand3_1)
                                                         _0477_ (net)
                      0.292417    0.000136    9.203170 v _1358_/B1 (sky130_fd_sc_hd__a2bb2oi_2)
     3    0.023369    0.476005    0.559297    9.762466 ^ _1358_/Y (sky130_fd_sc_hd__a2bb2oi_2)
                                                         _0483_ (net)
                      0.476133    0.000627    9.763094 ^ _1379_/D (sky130_fd_sc_hd__nand4_2)
     6    0.018315    0.398334    0.518432   10.281527 v _1379_/Y (sky130_fd_sc_hd__nand4_2)
                                                         _0504_ (net)
                      0.398334    0.000319   10.281845 v _1381_/C (sky130_fd_sc_hd__nor3_1)
     3    0.010688    0.618305    0.615796   10.897641 ^ _1381_/Y (sky130_fd_sc_hd__nor3_1)
                                                         _0506_ (net)
                      0.618305    0.000028   10.897670 ^ _1384_/B (sky130_fd_sc_hd__nand4b_1)
     2    0.005858    0.290434    0.443707   11.341377 v _1384_/Y (sky130_fd_sc_hd__nand4b_1)
                                                         _0509_ (net)
                      0.290434    0.000070   11.341447 v _1386_/C (sky130_fd_sc_hd__nor3_1)
     2    0.004411    0.335426    0.359985   11.701432 ^ _1386_/Y (sky130_fd_sc_hd__nor3_1)
                                                         _0511_ (net)
                      0.335426    0.000015   11.701447 ^ _1390_/D_N (sky130_fd_sc_hd__or4b_2)
     3    0.011218    0.275175    1.587295   13.288742 v _1390_/X (sky130_fd_sc_hd__or4b_2)
                                                         _0515_ (net)
                      0.275175    0.000123   13.288864 v _1393_/A3 (sky130_fd_sc_hd__o31ai_2)
     2    0.013883    0.560789    0.576485   13.865349 ^ _1393_/Y (sky130_fd_sc_hd__o31ai_2)
                                                         _0518_ (net)
                      0.560789    0.000036   13.865385 ^ _1394_/B1 (sky130_fd_sc_hd__o21ai_2)
     2    0.012055    0.191960    0.334108   14.199492 v _1394_/Y (sky130_fd_sc_hd__o21ai_2)
                                                         _0519_ (net)
                      0.191960    0.000067   14.199559 v _1395_/B1 (sky130_fd_sc_hd__a41o_1)
     2    0.014420    0.159680    0.503261   14.702820 v _1395_/X (sky130_fd_sc_hd__a41o_1)
                                                         _0520_ (net)
                      0.159680    0.000075   14.702895 v _1396_/B1 (sky130_fd_sc_hd__a41oi_2)
     3    0.008058    0.287460    0.332760   15.035655 ^ _1396_/Y (sky130_fd_sc_hd__a41oi_2)
                                                         _0521_ (net)
                      0.287460    0.000020   15.035674 ^ _1397_/B1 (sky130_fd_sc_hd__o31a_1)
     3    0.014449    0.263180    0.468308   15.503983 ^ _1397_/X (sky130_fd_sc_hd__o31a_1)
                                                         _0522_ (net)
                      0.263180    0.000078   15.504061 ^ _1398_/B1 (sky130_fd_sc_hd__o41ai_4)
     3    0.014170    0.163224    0.244961   15.749022 v _1398_/Y (sky130_fd_sc_hd__o41ai_4)
                                                         _0523_ (net)
                      0.163224    0.000126   15.749148 v _1399_/B1 (sky130_fd_sc_hd__a21oi_1)
     1    0.005760    0.264174    0.289603   16.038752 ^ _1399_/Y (sky130_fd_sc_hd__a21oi_1)
                                                         _0524_ (net)
                      0.264174    0.000073   16.038824 ^ _1405_/B (sky130_fd_sc_hd__xor2_1)
     3    0.013845    0.294492    0.317451   16.356276 v _1405_/X (sky130_fd_sc_hd__xor2_1)
                                                         _0530_ (net)
                      0.294492    0.000119   16.356394 v _1409_/A (sky130_fd_sc_hd__or2_2)
     3    0.024567    0.211494    0.902478   17.258873 v _1409_/X (sky130_fd_sc_hd__or2_2)
                                                         _0534_ (net)
                      0.211494    0.000385   17.259258 v _1565_/A (sky130_fd_sc_hd__nand2_1)
     1    0.010228    0.178409    0.230223   17.489481 ^ _1565_/Y (sky130_fd_sc_hd__nand2_1)
                                                         _0690_ (net)
                      0.178409    0.000142   17.489622 ^ _1566_/A (sky130_fd_sc_hd__inv_1)
     2    0.019424    0.177912    0.224532   17.714153 v _1566_/Y (sky130_fd_sc_hd__inv_1)
                                                         _0691_ (net)
                      0.177912    0.000398   17.714552 v _1567_/B (sky130_fd_sc_hd__nand2_2)
     2    0.019780    0.183889    0.240027   17.954578 ^ _1567_/Y (sky130_fd_sc_hd__nand2_2)
                                                         _0692_ (net)
                      0.183889    0.000178   17.954756 ^ _1572_/A2_N (sky130_fd_sc_hd__o2bb2ai_4)
    12    0.093813    0.958190    0.535559   18.490316 ^ _1572_/Y (sky130_fd_sc_hd__o2bb2ai_4)
                                                         _0697_ (net)
                      0.958199    0.002562   18.492878 ^ _1580_/B (sky130_fd_sc_hd__nand3_4)
    11    0.063668    0.512411    0.700714   19.193592 v _1580_/Y (sky130_fd_sc_hd__nand3_4)
                                                         _0705_ (net)
                      0.512411    0.001091   19.194681 v _1599_/B (sky130_fd_sc_hd__nand3_1)
     2    0.012111    0.269129    0.443498   19.638180 ^ _1599_/Y (sky130_fd_sc_hd__nand3_1)
                                                         _0724_ (net)
                      0.269129    0.000171   19.638350 ^ _1617_/B (sky130_fd_sc_hd__nand4_2)
     2    0.014965    0.321307    0.394234   20.032583 v _1617_/Y (sky130_fd_sc_hd__nand4_2)
                                                         _0742_ (net)
                      0.321307    0.000236   20.032820 v _1619_/B2 (sky130_fd_sc_hd__o22ai_4)
     4    0.022605    0.383039    0.392754   20.425575 ^ _1619_/Y (sky130_fd_sc_hd__o22ai_4)
                                                         _0744_ (net)
                      0.383039    0.000160   20.425735 ^ _1627_/A1 (sky130_fd_sc_hd__a21boi_1)
     1    0.009110    0.201301    0.316589   20.742325 v _1627_/Y (sky130_fd_sc_hd__a21boi_1)
                                                         _0752_ (net)
                      0.201301    0.000101   20.742426 v _1632_/B2 (sky130_fd_sc_hd__o32ai_4)
     4    0.012771    0.410349    0.259611   21.002037 ^ _1632_/Y (sky130_fd_sc_hd__o32ai_4)
                                                         _0757_ (net)
                      0.410349    0.000201   21.002237 ^ _1641_/A1 (sky130_fd_sc_hd__a21oi_1)
     1    0.002654    0.178051    0.238959   21.241196 v _1641_/Y (sky130_fd_sc_hd__a21oi_1)
                                                         _0766_ (net)
                      0.178051    0.000012   21.241209 v _1646_/A1 (sky130_fd_sc_hd__a21oi_1)
     3    0.015057    0.554324    0.534932   21.776140 ^ _1646_/Y (sky130_fd_sc_hd__a21oi_1)
                                                         _0771_ (net)
                      0.554324    0.000140   21.776281 ^ _1834_/B2 (sky130_fd_sc_hd__o221ai_1)
     1    0.004148    0.232952    0.404214   22.180494 v _1834_/Y (sky130_fd_sc_hd__o221ai_1)
                                                         _0936_ (net)
                      0.232952    0.000059   22.180553 v _1835_/B2 (sky130_fd_sc_hd__a2bb2oi_1)
     1    0.014934    0.570339    0.569111   22.749664 ^ _1835_/Y (sky130_fd_sc_hd__a2bb2oi_1)
                                                         net82 (net)
                      0.570339    0.000432   22.750095 ^ output82/A (sky130_fd_sc_hd__buf_1)
     1    0.023055    0.438419    0.574385   23.324480 ^ output82/X (sky130_fd_sc_hd__buf_1)
                                                         result[25] (net)
                      0.438419    0.000281   23.324762 ^ result[25] (out)
                                             23.324762   data arrival time

                      0.000000   20.000000   20.000000   clock __VIRTUAL_CLK__ (rise edge)
                                  0.200000   20.200001   clock network delay (ideal)
                                  0.000000   20.200001   clock reconvergence pessimism
                                 -0.500000   19.700001   output external delay
                                             19.700001   data required time
---------------------------------------------------------------------------------------------
                                             19.700001   data required time
                                            -23.324762   data arrival time
---------------------------------------------------------------------------------------------
                                             -3.624761   slack (VIOLATED)




===========================================================================
 report_check_types -max_slew -max_cap -max_fanout -violators
============================================================================
======================= min_ss_100C_1v60 Corner ===================================

max slew

Pin                                        Limit        Slew       Slack
------------------------------------------------------------------------
_0975_/Y                                1.486174    2.177951   -0.691777 (VIOLATED)
ANTENNA_2/DIODE                         1.500000    2.177955   -0.677955 (VIOLATED)
_1082_/A1                               1.500000    2.177955   -0.677955 (VIOLATED)
_1083_/A1                               1.500000    2.177955   -0.677955 (VIOLATED)
_1144_/B1                               1.500000    2.177955   -0.677955 (VIOLATED)
_0966_/Y                                1.489198    1.659881   -0.170683 (VIOLATED)
_0968_/A                                1.500000    1.659881   -0.159881 (VIOLATED)
_1859_/Y                                1.485998    1.544780   -0.058782 (VIOLATED)
_1906_/B1                               1.500000    1.544780   -0.044781 (VIOLATED)
_1919_/A                                1.500000    1.544780   -0.044781 (VIOLATED)

max capacitance

Pin                                        Limit         Cap       Slack
------------------------------------------------------------------------
_0975_/Y                                0.048533    0.072612   -0.024079 (VIOLATED)
_0966_/Y                                0.036631    0.042682   -0.006051 (VIOLATED)
_1859_/Y                                0.018321    0.019424   -0.001103 (VIOLATED)



===========================================================================
report_parasitic_annotation -report_unannotated
============================================================================
Found 0 unannotated drivers.
Found 0 partially unannotated drivers.

===========================================================================
max slew violation count 10
max fanout violation count 0
max cap violation count 3
============================================================================

===========================================================================
check_setup -verbose -unconstrained_endpoints -multiple_clock -no_clock -no_input_delay -loops -generated_clocks
===========================================================================
