
===========================================================================
report_checks -unconstrained
===========================================================================
======================= nom_tt_025C_1v80 Corner ===================================

Startpoint: x[28] (input port clocked by __VIRTUAL_CLK__)
Endpoint: result[16] (output port clocked by __VIRTUAL_CLK__)
Path Group: __VIRTUAL_CLK__
Path Type: max

Fanout         Cap        Slew       Delay        Time   Description
---------------------------------------------------------------------------------------------
                      0.000000    0.000000    0.000000   clock __VIRTUAL_CLK__ (rise edge)
                                  0.200000    0.200000   clock network delay (ideal)
                                  1.000000    1.200000 ^ input external delay
     6    0.014899    0.000000    0.000000    1.200000 ^ x[28] (in)
                                                         x[28] (net)
                      0.000066    0.000033    1.200033 ^ _1019_/B_N (sky130_fd_sc_hd__nor2b_1)
     4    0.011427    0.237394    0.216135    1.416169 ^ _1019_/Y (sky130_fd_sc_hd__nor2b_1)
                                                         _0144_ (net)
                      0.237394    0.000064    1.416233 ^ _1036_/A2 (sky130_fd_sc_hd__o21ai_1)
     7    0.019785    0.173083    0.195890    1.612123 v _1036_/Y (sky130_fd_sc_hd__o21ai_1)
                                                         _0161_ (net)
                      0.173083    0.000067    1.612190 v _1037_/A2 (sky130_fd_sc_hd__a31oi_1)
    54    0.162534    3.557277    2.711821    4.324010 ^ _1037_/Y (sky130_fd_sc_hd__a31oi_1)
                                                         _0162_ (net)
                      3.557283    0.004156    4.328166 ^ _1040_/B1 (sky130_fd_sc_hd__o21ai_1)
    21    0.062884    1.141946    1.434081    5.762248 v _1040_/Y (sky130_fd_sc_hd__o21ai_1)
                                                         _0165_ (net)
                      1.141946    0.001488    5.763735 v _1099_/A1 (sky130_fd_sc_hd__o21ai_1)
    23    0.065725    1.226537    1.334441    7.098176 ^ _1099_/Y (sky130_fd_sc_hd__o21ai_1)
                                                         _0224_ (net)
                      1.226537    0.000083    7.098259 ^ _1132_/A (sky130_fd_sc_hd__nand4_1)
     2    0.004932    0.259222    0.217727    7.315986 v _1132_/Y (sky130_fd_sc_hd__nand4_1)
                                                         _0257_ (net)
                      0.259222    0.000011    7.315997 v _1137_/C1 (sky130_fd_sc_hd__o211ai_1)
     2    0.005904    0.279983    0.195592    7.511589 ^ _1137_/Y (sky130_fd_sc_hd__o211ai_1)
                                                         _0262_ (net)
                      0.279983    0.000026    7.511615 ^ _1140_/B1 (sky130_fd_sc_hd__o211ai_1)
     2    0.005858    0.130689    0.166268    7.677883 v _1140_/Y (sky130_fd_sc_hd__o211ai_1)
                                                         _0265_ (net)
                      0.130689    0.000033    7.677916 v _1142_/B2 (sky130_fd_sc_hd__a22oi_1)
     3    0.008898    0.267275    0.267196    7.945111 ^ _1142_/Y (sky130_fd_sc_hd__a22oi_1)
                                                         _0267_ (net)
                      0.267275    0.000045    7.945157 ^ _1227_/A2 (sky130_fd_sc_hd__o221ai_1)
     4    0.013007    0.275470    0.236177    8.181334 v _1227_/Y (sky130_fd_sc_hd__o221ai_1)
                                                         _0352_ (net)
                      0.275470    0.000043    8.181376 v _1515_/A1 (sky130_fd_sc_hd__a211oi_1)
     4    0.011861    0.444123    0.467506    8.648883 ^ _1515_/Y (sky130_fd_sc_hd__a211oi_1)
                                                         _0640_ (net)
                      0.444123    0.000083    8.648966 ^ _1518_/B1 (sky130_fd_sc_hd__o221ai_1)
     3    0.007677    0.226125    0.248094    8.897060 v _1518_/Y (sky130_fd_sc_hd__o221ai_1)
                                                         _0643_ (net)
                      0.226125    0.000020    8.897080 v _1530_/A2 (sky130_fd_sc_hd__a31oi_1)
     2    0.009202    0.253198    0.326111    9.223191 ^ _1530_/Y (sky130_fd_sc_hd__a31oi_1)
                                                         _0655_ (net)
                      0.253198    0.000112    9.223303 ^ _1533_/A2 (sky130_fd_sc_hd__o21bai_1)
     2    0.007415    0.087067    0.129145    9.352448 v _1533_/Y (sky130_fd_sc_hd__o21bai_1)
                                                         _0658_ (net)
                      0.087067    0.000021    9.352469 v _1534_/A1 (sky130_fd_sc_hd__a21oi_1)
     3    0.010568    0.256571    0.243793    9.596263 ^ _1534_/Y (sky130_fd_sc_hd__a21oi_1)
                                                         _0659_ (net)
                      0.256571    0.000024    9.596287 ^ _1537_/A2 (sky130_fd_sc_hd__o211ai_1)
     2    0.005216    0.117877    0.136054    9.732341 v _1537_/Y (sky130_fd_sc_hd__o211ai_1)
                                                         _0662_ (net)
                      0.117877    0.000018    9.732358 v _1539_/A2_N (sky130_fd_sc_hd__o2bb2ai_1)
     2    0.005868    0.088146    0.165859    9.898217 v _1539_/Y (sky130_fd_sc_hd__o2bb2ai_1)
                                                         _0664_ (net)
                      0.088146    0.000042    9.898259 v _1541_/A1 (sky130_fd_sc_hd__a31oi_1)
     3    0.010328    0.296229    0.249732   10.147991 ^ _1541_/Y (sky130_fd_sc_hd__a31oi_1)
                                                         _0666_ (net)
                      0.296229    0.000018   10.148009 ^ _1543_/B2 (sky130_fd_sc_hd__o221ai_1)
     2    0.005345    0.127023    0.174794   10.322803 v _1543_/Y (sky130_fd_sc_hd__o221ai_1)
                                                         _0668_ (net)
                      0.127023    0.000020   10.322824 v _1545_/A (sky130_fd_sc_hd__nand3_1)
     2    0.006203    0.090234    0.121175   10.443999 ^ _1545_/Y (sky130_fd_sc_hd__nand3_1)
                                                         _0670_ (net)
                      0.090234    0.000041   10.444039 ^ _1547_/C1 (sky130_fd_sc_hd__o221ai_1)
     2    0.005388    0.134496    0.132640   10.576679 v _1547_/Y (sky130_fd_sc_hd__o221ai_1)
                                                         _0672_ (net)
                      0.134496    0.000018   10.576697 v _1549_/A1 (sky130_fd_sc_hd__a31oi_1)
     2    0.007771    0.229696    0.231390   10.808087 ^ _1549_/Y (sky130_fd_sc_hd__a31oi_1)
                                                         _0674_ (net)
                      0.229696    0.000016   10.808104 ^ _1550_/A2 (sky130_fd_sc_hd__o21bai_1)
     2    0.007152    0.095592    0.122625   10.930728 v _1550_/Y (sky130_fd_sc_hd__o21bai_1)
                                                         _0675_ (net)
                      0.095592    0.000013   10.930741 v _1552_/A1 (sky130_fd_sc_hd__a21oi_1)
     2    0.007875    0.204621    0.209549   11.140290 ^ _1552_/Y (sky130_fd_sc_hd__a21oi_1)
                                                         _0677_ (net)
                      0.204621    0.000023   11.140313 ^ _1554_/A2 (sky130_fd_sc_hd__o21bai_1)
     2    0.007175    0.089218    0.117635   11.257948 v _1554_/Y (sky130_fd_sc_hd__o21bai_1)
                                                         _0679_ (net)
                      0.089218    0.000012   11.257960 v _1557_/A (sky130_fd_sc_hd__nand2_1)
     2    0.005755    0.068462    0.091555   11.349515 ^ _1557_/Y (sky130_fd_sc_hd__nand2_1)
                                                         _0682_ (net)
                      0.068462    0.000042   11.349557 ^ _1559_/C1 (sky130_fd_sc_hd__o221ai_1)
     2    0.005069    0.132373    0.122778   11.472336 v _1559_/Y (sky130_fd_sc_hd__o221ai_1)
                                                         _0684_ (net)
                      0.132373    0.000011   11.472346 v _1561_/A1 (sky130_fd_sc_hd__a31oi_1)
     2    0.007862    0.231578    0.231859   11.704206 ^ _1561_/Y (sky130_fd_sc_hd__a31oi_1)
                                                         _0686_ (net)
                      0.231578    0.000022   11.704227 ^ _1563_/A2 (sky130_fd_sc_hd__o21bai_1)
     3    0.009932    0.112189    0.140648   11.844875 v _1563_/Y (sky130_fd_sc_hd__o21bai_1)
                                                         _0688_ (net)
                      0.112189    0.000031   11.844907 v _1567_/A (sky130_fd_sc_hd__nand2_1)
     2    0.005381    0.068248    0.099251   11.944158 ^ _1567_/Y (sky130_fd_sc_hd__nand2_1)
                                                         _0692_ (net)
                      0.068248    0.000005   11.944163 ^ _1572_/A2_N (sky130_fd_sc_hd__o2bb2ai_1)
    12    0.033906    0.691243    0.333986   12.278150 ^ _1572_/Y (sky130_fd_sc_hd__o2bb2ai_1)
                                                         _0697_ (net)
                      0.691243    0.000177   12.278326 ^ _1580_/B (sky130_fd_sc_hd__nand3_1)
    11    0.031244    0.364554    0.442784   12.721110 v _1580_/Y (sky130_fd_sc_hd__nand3_1)
                                                         _0705_ (net)
                      0.364554    0.000010   12.721121 v _1581_/B (sky130_fd_sc_hd__nand2_1)
    26    0.084364    0.750133    0.702278   13.423399 ^ _1581_/Y (sky130_fd_sc_hd__nand2_1)
                                                         _0706_ (net)
                      0.750133    0.000233   13.423632 ^ _1663_/A1 (sky130_fd_sc_hd__o22ai_1)
     2    0.005123    0.144048    0.214589   13.638221 v _1663_/Y (sky130_fd_sc_hd__o22ai_1)
                                                         _0788_ (net)
                      0.144048    0.000011   13.638231 v _1665_/B1 (sky130_fd_sc_hd__o22ai_1)
     2    0.005419    0.236905    0.191974   13.830205 ^ _1665_/Y (sky130_fd_sc_hd__o22ai_1)
                                                         _0790_ (net)
                      0.236905    0.000009   13.830214 ^ _1675_/A (sky130_fd_sc_hd__nand3_1)
     1    0.003206    0.121645    0.107153   13.937367 v _1675_/Y (sky130_fd_sc_hd__nand3_1)
                                                         _0800_ (net)
                      0.121645    0.000018   13.937385 v _1681_/B1 (sky130_fd_sc_hd__a211oi_1)
     1    0.003936    0.218303    0.255487   14.192872 ^ _1681_/Y (sky130_fd_sc_hd__a211oi_1)
                                                         _0806_ (net)
                      0.218303    0.000021   14.192893 ^ _1682_/B (sky130_fd_sc_hd__nand3_1)
     2    0.005412    0.099099    0.127701   14.320595 v _1682_/Y (sky130_fd_sc_hd__nand3_1)
                                                         _0807_ (net)
                      0.099099    0.000020   14.320616 v _1683_/B1 (sky130_fd_sc_hd__a21oi_1)
    22    0.065553    1.313970    1.013979   15.334595 ^ _1683_/Y (sky130_fd_sc_hd__a21oi_1)
                                                         _0808_ (net)
                      1.313970    0.000281   15.334875 ^ _1785_/A3 (sky130_fd_sc_hd__o32ai_1)
     1    0.012889    0.250861    0.296291   15.631166 v _1785_/Y (sky130_fd_sc_hd__o32ai_1)
                                                         result[16] (net)
                      0.250861    0.000192   15.631358 v result[16] (out)
                                             15.631358   data arrival time

                      0.000000   20.000000   20.000000   clock __VIRTUAL_CLK__ (rise edge)
                                  0.200000   20.200001   clock network delay (ideal)
                                  0.000000   20.200001   clock reconvergence pessimism
                                 -0.500000   19.700001   output external delay
                                             19.700001   data required time
---------------------------------------------------------------------------------------------
                                             19.700001   data required time
                                            -15.631358   data arrival time
---------------------------------------------------------------------------------------------
                                              4.068643   slack (MET)




===========================================================================
report_checks --slack_max -0.01
============================================================================
======================= nom_tt_025C_1v80 Corner ===================================

No paths found.


===========================================================================
 report_check_types -max_slew -max_cap -max_fanout -violators
============================================================================
======================= nom_tt_025C_1v80 Corner ===================================

max slew

Pin                                        Limit        Slew       Slack
------------------------------------------------------------------------
_1159_/A2                               1.500000    3.941934   -2.441934 (VIOLATED)
_1160_/A2                               1.500000    3.941934   -2.441934 (VIOLATED)
_1150_/A2                               1.500000    3.941931   -2.441931 (VIOLATED)
_1156_/A2                               1.500000    3.941931   -2.441931 (VIOLATED)
_1167_/A2                               1.500000    3.941931   -2.441931 (VIOLATED)
_1177_/A2                               1.500000    3.941932   -2.441932 (VIOLATED)
_1198_/A2                               1.500000    3.941932   -2.441932 (VIOLATED)
_1201_/A2                               1.500000    3.941933   -2.441933 (VIOLATED)
_1209_/A2                               1.500000    3.941934   -2.441934 (VIOLATED)
_1210_/A2                               1.500000    3.941934   -2.441934 (VIOLATED)
_1217_/B2                               1.500000    3.941934   -2.441934 (VIOLATED)
_1355_/S1                               1.500000    3.941934   -2.441934 (VIOLATED)
_1370_/S1                               1.500000    3.941934   -2.441934 (VIOLATED)
_1449_/A2                               1.500000    3.941931   -2.441931 (VIOLATED)
_1452_/S                                1.500000    3.941931   -2.441931 (VIOLATED)
_1479_/A2                               1.500000    3.941931   -2.441931 (VIOLATED)
_1485_/A2                               1.500000    3.941932   -2.441932 (VIOLATED)
_1509_/S                                1.500000    3.941933   -2.441933 (VIOLATED)
_1523_/A2                               1.500000    3.941934   -2.441934 (VIOLATED)
_1048_/A2                               1.500000    3.941927   -2.441927 (VIOLATED)
_1049_/A1                               1.500000    3.941927   -2.441927 (VIOLATED)
_1055_/A2                               1.500000    3.941927   -2.441927 (VIOLATED)
_1062_/A2                               1.500000    3.941927   -2.441927 (VIOLATED)
_1063_/B                                1.500000    3.941927   -2.441927 (VIOLATED)
_1065_/A2                               1.500000    3.941927   -2.441927 (VIOLATED)
_1066_/A2                               1.500000    3.941927   -2.441927 (VIOLATED)
_1072_/A2                               1.500000    3.941927   -2.441927 (VIOLATED)
_1073_/C                                1.500000    3.941927   -2.441927 (VIOLATED)
_1076_/A2                               1.500000    3.941927   -2.441927 (VIOLATED)
_1077_/B                                1.500000    3.941927   -2.441927 (VIOLATED)
_1111_/B1                               1.500000    3.941927   -2.441927 (VIOLATED)
_1112_/A1                               1.500000    3.941927   -2.441927 (VIOLATED)
_1116_/A2                               1.500000    3.941927   -2.441927 (VIOLATED)
_1131_/A2                               1.500000    3.941927   -2.441927 (VIOLATED)
_1134_/A2                               1.500000    3.941927   -2.441927 (VIOLATED)
_1135_/A2                               1.500000    3.941927   -2.441927 (VIOLATED)
_1146_/A2                               1.500000    3.941927   -2.441927 (VIOLATED)
_1215_/B2                               1.500000    3.941927   -2.441927 (VIOLATED)
_1407_/A2                               1.500000    3.941927   -2.441927 (VIOLATED)
_1412_/A2                               1.500000    3.941927   -2.441927 (VIOLATED)
_1418_/A2                               1.500000    3.941927   -2.441927 (VIOLATED)
_1424_/S                                1.500000    3.941927   -2.441927 (VIOLATED)
_1429_/A2                               1.500000    3.941927   -2.441927 (VIOLATED)
_1432_/A2                               1.500000    3.941927   -2.441927 (VIOLATED)
_1433_/A2                               1.500000    3.941927   -2.441927 (VIOLATED)
_1435_/S                                1.500000    3.941927   -2.441927 (VIOLATED)
_1438_/S                                1.500000    3.941927   -2.441927 (VIOLATED)
_1505_/A2                               1.500000    3.941927   -2.441927 (VIOLATED)
_1506_/A2                               1.500000    3.941927   -2.441927 (VIOLATED)
_1590_/S                                1.500000    3.941927   -2.441927 (VIOLATED)
_1591_/S                                1.500000    3.941927   -2.441927 (VIOLATED)
_1592_/S                                1.500000    3.941927   -2.441927 (VIOLATED)
_1597_/S                                1.500000    3.941927   -2.441927 (VIOLATED)
_1606_/S                                1.500000    3.941927   -2.441927 (VIOLATED)
_1607_/S                                1.500000    3.941927   -2.441927 (VIOLATED)
_1922_/S                                1.500000    3.941927   -2.441927 (VIOLATED)
_1039_/Y                                1.504704    3.941927   -2.437223 (VIOLATED)
_1037_/Y                                1.493032    3.557277   -2.064245 (VIOLATED)
_1040_/B1                               1.500000    3.557283   -2.057283 (VIOLATED)
_1149_/B                                1.500000    3.557284   -2.057284 (VIOLATED)
_1155_/B                                1.500000    3.557283   -2.057283 (VIOLATED)
_1158_/B                                1.500000    3.557284   -2.057284 (VIOLATED)
_1166_/B                                1.500000    3.557283   -2.057283 (VIOLATED)
_1176_/B                                1.500000    3.557283   -2.057283 (VIOLATED)
_1197_/B                                1.500000    3.557283   -2.057283 (VIOLATED)
_1200_/B                                1.500000    3.557283   -2.057283 (VIOLATED)
_1207_/C                                1.500000    3.557284   -2.057284 (VIOLATED)
_1208_/C                                1.500000    3.557284   -2.057284 (VIOLATED)
_1214_/B                                1.500000    3.557283   -2.057283 (VIOLATED)
_1216_/B                                1.500000    3.557283   -2.057283 (VIOLATED)
_1228_/A2                               1.500000    3.557283   -2.057283 (VIOLATED)
_1229_/A3                               1.500000    3.557283   -2.057283 (VIOLATED)
_1442_/A2                               1.500000    3.557283   -2.057283 (VIOLATED)
_1443_/A3                               1.500000    3.557283   -2.057283 (VIOLATED)
_1448_/C                                1.500000    3.557284   -2.057284 (VIOLATED)
_1456_/B                                1.500000    3.557284   -2.057284 (VIOLATED)
_1457_/A2                               1.500000    3.557284   -2.057284 (VIOLATED)
_1460_/A2                               1.500000    3.557284   -2.057284 (VIOLATED)
_1461_/A3                               1.500000    3.557284   -2.057284 (VIOLATED)
_1467_/A2                               1.500000    3.557284   -2.057284 (VIOLATED)
_1468_/A3                               1.500000    3.557284   -2.057284 (VIOLATED)
_1472_/A3                               1.500000    3.557284   -2.057284 (VIOLATED)
_1478_/C                                1.500000    3.557283   -2.057283 (VIOLATED)
_1484_/C                                1.500000    3.557282   -2.057282 (VIOLATED)
_1522_/C                                1.500000    3.557283   -2.057283 (VIOLATED)
_1047_/C                                1.500000    3.557277   -2.057277 (VIOLATED)
_1064_/B2                               1.500000    3.557277   -2.057277 (VIOLATED)
_1088_/B                                1.500000    3.557277   -2.057277 (VIOLATED)
_1096_/A2_N                             1.500000    3.557277   -2.057277 (VIOLATED)
_1098_/C                                1.500000    3.557277   -2.057277 (VIOLATED)
_1111_/A1_N                             1.500000    3.557277   -2.057277 (VIOLATED)
_1113_/A2                               1.500000    3.557277   -2.057277 (VIOLATED)
_1114_/A3                               1.500000    3.557277   -2.057277 (VIOLATED)
_1117_/A2                               1.500000    3.557277   -2.057277 (VIOLATED)
_1118_/A3                               1.500000    3.557277   -2.057277 (VIOLATED)
_1124_/A2                               1.500000    3.557277   -2.057277 (VIOLATED)
_1125_/A3                               1.500000    3.557277   -2.057277 (VIOLATED)
_1130_/B                                1.500000    3.557277   -2.057277 (VIOLATED)
_1133_/B                                1.500000    3.557277   -2.057277 (VIOLATED)
_1145_/C1                               1.500000    3.557277   -2.057277 (VIOLATED)
_1406_/C                                1.500000    3.557277   -2.057277 (VIOLATED)
_1411_/C                                1.500000    3.557277   -2.057277 (VIOLATED)
_1417_/C                                1.500000    3.557277   -2.057277 (VIOLATED)
_1428_/C                                1.500000    3.557277   -2.057277 (VIOLATED)
_1431_/C                                1.500000    3.557277   -2.057277 (VIOLATED)
_1496_/B                                1.500000    3.557277   -2.057277 (VIOLATED)
_1503_/A2                               1.500000    3.557277   -2.057277 (VIOLATED)
_1585_/A2                               1.500000    3.557277   -2.057277 (VIOLATED)
_1600_/A2                               1.500000    3.557277   -2.057277 (VIOLATED)
_1601_/A3                               1.500000    3.557277   -2.057277 (VIOLATED)
_1602_/A3                               1.500000    3.557277   -2.057277 (VIOLATED)
_1608_/A2                               1.500000    3.557277   -2.057277 (VIOLATED)
_1032_/Y                                1.490003    2.757192   -1.267189 (VIOLATED)
_1149_/A                                1.500000    2.757202   -1.257202 (VIOLATED)
_1155_/A                                1.500000    2.757201   -1.257201 (VIOLATED)
_1158_/A                                1.500000    2.757202   -1.257202 (VIOLATED)
_1166_/A                                1.500000    2.757201   -1.257201 (VIOLATED)
_1176_/A                                1.500000    2.757200   -1.257201 (VIOLATED)
_1197_/A                                1.500000    2.757200   -1.257200 (VIOLATED)
_1200_/A                                1.500000    2.757200   -1.257201 (VIOLATED)
_1207_/B                                1.500000    2.757201   -1.257201 (VIOLATED)
_1208_/B                                1.500000    2.757202   -1.257202 (VIOLATED)
_1214_/A                                1.500000    2.757201   -1.257201 (VIOLATED)
_1228_/A1                               1.500000    2.757201   -1.257201 (VIOLATED)
_1229_/A2                               1.500000    2.757201   -1.257201 (VIOLATED)
_1442_/A1                               1.500000    2.757201   -1.257201 (VIOLATED)
_1443_/A2                               1.500000    2.757201   -1.257201 (VIOLATED)
_1448_/B                                1.500000    2.757202   -1.257202 (VIOLATED)
_1456_/A                                1.500000    2.757202   -1.257202 (VIOLATED)
_1457_/A1                               1.500000    2.757202   -1.257202 (VIOLATED)
_1460_/A1                               1.500000    2.757202   -1.257202 (VIOLATED)
_1461_/A2                               1.500000    2.757202   -1.257202 (VIOLATED)
_1467_/A1                               1.500000    2.757202   -1.257202 (VIOLATED)
_1468_/A2                               1.500000    2.757202   -1.257202 (VIOLATED)
_1472_/A2                               1.500000    2.757202   -1.257202 (VIOLATED)
_1478_/B                                1.500000    2.757202   -1.257202 (VIOLATED)
_1522_/B                                1.500000    2.757201   -1.257201 (VIOLATED)
_1484_/B                                1.500000    2.757200   -1.257200 (VIOLATED)
_1496_/A                                1.500000    2.757199   -1.257199 (VIOLATED)
_1503_/A1                               1.500000    2.757199   -1.257199 (VIOLATED)
_1047_/B                                1.500000    2.757192   -1.257192 (VIOLATED)
_1064_/B1                               1.500000    2.757192   -1.257192 (VIOLATED)
_1088_/A                                1.500000    2.757192   -1.257192 (VIOLATED)
_1096_/A1_N                             1.500000    2.757192   -1.257192 (VIOLATED)
_1098_/B                                1.500000    2.757192   -1.257192 (VIOLATED)
_1113_/A1                               1.500000    2.757192   -1.257192 (VIOLATED)
_1114_/A2                               1.500000    2.757192   -1.257192 (VIOLATED)
_1117_/A1                               1.500000    2.757192   -1.257192 (VIOLATED)
_1118_/A2                               1.500000    2.757192   -1.257192 (VIOLATED)
_1124_/A1                               1.500000    2.757192   -1.257192 (VIOLATED)
_1125_/A2                               1.500000    2.757192   -1.257192 (VIOLATED)
_1130_/A                                1.500000    2.757192   -1.257192 (VIOLATED)
_1133_/A                                1.500000    2.757192   -1.257192 (VIOLATED)
_1145_/D1                               1.500000    2.757192   -1.257192 (VIOLATED)
_1406_/B                                1.500000    2.757192   -1.257192 (VIOLATED)
_1411_/B                                1.500000    2.757192   -1.257192 (VIOLATED)
_1417_/B                                1.500000    2.757192   -1.257192 (VIOLATED)
_1428_/B                                1.500000    2.757192   -1.257192 (VIOLATED)
_1431_/B                                1.500000    2.757192   -1.257192 (VIOLATED)
_1585_/A1                               1.500000    2.757192   -1.257192 (VIOLATED)
_1600_/A1                               1.500000    2.757192   -1.257192 (VIOLATED)
_1601_/A2                               1.500000    2.757192   -1.257192 (VIOLATED)
_1602_/A2                               1.500000    2.757192   -1.257192 (VIOLATED)
_1608_/A1                               1.500000    2.757192   -1.257192 (VIOLATED)

max capacitance

Pin                                        Limit         Cap       Slack
------------------------------------------------------------------------
_1039_/Y                                0.074168    0.201406   -0.127238 (VIOLATED)
_1037_/Y                                0.065928    0.162534   -0.096606 (VIOLATED)
_1032_/Y                                0.080576    0.153603   -0.073027 (VIOLATED)



===========================================================================
report_parasitic_annotation -report_unannotated
============================================================================
Found 0 unannotated drivers.
Found 0 partially unannotated drivers.

===========================================================================
max slew violation count 164
Writing metric design__max_slew_violation__count__corner:nom_tt_025C_1v80: 164
max fanout violation count 0
Writing metric design__max_fanout_violation__count__corner:nom_tt_025C_1v80: 0
max cap violation count 3
Writing metric design__max_cap_violation__count__corner:nom_tt_025C_1v80: 3
============================================================================

===========================================================================
check_setup -verbose -unconstrained_endpoints -multiple_clock -no_clock -no_input_delay -loops -generated_clocks
===========================================================================
