
===========================================================================
report_checks -path_delay min (Hold)
============================================================================
======================= nom_tt_025C_1v80 Corner ===================================

Startpoint: y[31] (input port clocked by __VIRTUAL_CLK__)
Endpoint: result[31] (output port clocked by __VIRTUAL_CLK__)
Path Group: __VIRTUAL_CLK__
Path Type: min

Fanout         Cap        Slew       Delay        Time   Description
---------------------------------------------------------------------------------------------
                      0.000000    0.000000    0.000000   clock __VIRTUAL_CLK__ (rise edge)
                                  0.200000    0.200000   clock network delay (ideal)
                                  1.000000    1.200000 ^ input external delay
     5    0.019727    0.000000    0.000000    1.200000 ^ y[31] (in)
                                                         y[31] (net)
                      0.000211    0.000106    1.200106 ^ _1925_/A1 (sky130_fd_sc_hd__a211oi_1)
     1    0.002562    0.031355    0.042030    1.242136 v _1925_/Y (sky130_fd_sc_hd__a211oi_1)
                                                         _0082_ (net)
                      0.031355    0.000005    1.242141 v _1927_/B2 (sky130_fd_sc_hd__o2bb2ai_1)
     1    0.011480    0.144084    0.234464    1.476604 ^ _1927_/Y (sky130_fd_sc_hd__o2bb2ai_1)
                                                         result[31] (net)
                      0.144084    0.000076    1.476680 ^ result[31] (out)
                                              1.476680   data arrival time

                      0.000000    0.000000    0.000000   clock __VIRTUAL_CLK__ (rise edge)
                                  0.200000    0.200000   clock network delay (ideal)
                                  0.000000    0.200000   clock reconvergence pessimism
                                 -0.500000   -0.300000   output external delay
                                             -0.300000   data required time
---------------------------------------------------------------------------------------------
                                             -0.300000   data required time
                                             -1.476680   data arrival time
---------------------------------------------------------------------------------------------
                                              1.776680   slack (MET)


Startpoint: x[30] (input port clocked by __VIRTUAL_CLK__)
Endpoint: result[22] (output port clocked by __VIRTUAL_CLK__)
Path Group: __VIRTUAL_CLK__
Path Type: min

Fanout         Cap        Slew       Delay        Time   Description
---------------------------------------------------------------------------------------------
                      0.000000    0.000000    0.000000   clock __VIRTUAL_CLK__ (rise edge)
                                  0.200000    0.200000   clock network delay (ideal)
                                  1.000000    1.200000 ^ input external delay
     8    0.026782    0.000000    0.000000    1.200000 ^ x[30] (in)
                                                         x[30] (net)
                      0.000196    0.000098    1.200098 ^ _1643_/B (sky130_fd_sc_hd__nor4_1)
     2    0.004501    0.037847    0.033621    1.233719 v _1643_/Y (sky130_fd_sc_hd__nor4_1)
                                                         _0768_ (net)
                      0.037847    0.000015    1.233734 v _1647_/B1_N (sky130_fd_sc_hd__o21bai_1)
     1    0.002833    0.034344    0.143948    1.377682 v _1647_/Y (sky130_fd_sc_hd__o21bai_1)
                                                         _0772_ (net)
                      0.034344    0.000010    1.377692 v _1821_/A1 (sky130_fd_sc_hd__o21ai_1)
     1    0.002619    0.071886    0.117236    1.494928 ^ _1821_/Y (sky130_fd_sc_hd__o21ai_1)
                                                         _0925_ (net)
                      0.071886    0.000002    1.494931 ^ _1822_/B1 (sky130_fd_sc_hd__a22oi_1)
     1    0.011129    0.105347    0.108337    1.603268 v _1822_/Y (sky130_fd_sc_hd__a22oi_1)
                                                         result[22] (net)
                      0.105347    0.000081    1.603349 v result[22] (out)
                                              1.603349   data arrival time

                      0.000000    0.000000    0.000000   clock __VIRTUAL_CLK__ (rise edge)
                                  0.200000    0.200000   clock network delay (ideal)
                                  0.000000    0.200000   clock reconvergence pessimism
                                 -0.500000   -0.300000   output external delay
                                             -0.300000   data required time
---------------------------------------------------------------------------------------------
                                             -0.300000   data required time
                                             -1.603349   data arrival time
---------------------------------------------------------------------------------------------
                                              1.903349   slack (MET)


Startpoint: x[29] (input port clocked by __VIRTUAL_CLK__)
Endpoint: result[29] (output port clocked by __VIRTUAL_CLK__)
Path Group: __VIRTUAL_CLK__
Path Type: min

Fanout         Cap        Slew       Delay        Time   Description
---------------------------------------------------------------------------------------------
                      0.000000    0.000000    0.000000   clock __VIRTUAL_CLK__ (rise edge)
                                  0.200000    0.200000   clock network delay (ideal)
                                  1.000000    1.200000 v input external delay
    12    0.033346    0.000000    0.000000    1.200000 v x[29] (in)
                                                         x[29] (net)
                      0.000508    0.000254    1.200254 v _1587_/A1 (sky130_fd_sc_hd__o21bai_1)
     3    0.009939    0.125302    0.208906    1.409160 ^ _1587_/Y (sky130_fd_sc_hd__o21bai_1)
                                                         _0712_ (net)
                      0.125302    0.000120    1.409279 ^ _1651_/A1 (sky130_fd_sc_hd__o21ai_1)
     2    0.004629    0.060537    0.095861    1.505140 v _1651_/Y (sky130_fd_sc_hd__o21ai_1)
                                                         _0776_ (net)
                      0.060537    0.000005    1.505145 v _1842_/B1 (sky130_fd_sc_hd__o21ai_1)
     1    0.002694    0.073846    0.074122    1.579267 ^ _1842_/Y (sky130_fd_sc_hd__o21ai_1)
                                                         _0941_ (net)
                      0.073846    0.000003    1.579270 ^ _1843_/A1 (sky130_fd_sc_hd__a21oi_1)
     1    0.011025    0.093918    0.107012    1.686283 v _1843_/Y (sky130_fd_sc_hd__a21oi_1)
                                                         result[29] (net)
                      0.093918    0.000071    1.686354 v result[29] (out)
                                              1.686354   data arrival time

                      0.000000    0.000000    0.000000   clock __VIRTUAL_CLK__ (rise edge)
                                  0.200000    0.200000   clock network delay (ideal)
                                  0.000000    0.200000   clock reconvergence pessimism
                                 -0.500000   -0.300000   output external delay
                                             -0.300000   data required time
---------------------------------------------------------------------------------------------
                                             -0.300000   data required time
                                             -1.686354   data arrival time
---------------------------------------------------------------------------------------------
                                              1.986354   slack (MET)


Startpoint: y[4] (input port clocked by __VIRTUAL_CLK__)
Endpoint: result[4] (output port clocked by __VIRTUAL_CLK__)
Path Group: __VIRTUAL_CLK__
Path Type: min

Fanout         Cap        Slew       Delay        Time   Description
---------------------------------------------------------------------------------------------
                      0.000000    0.000000    0.000000   clock __VIRTUAL_CLK__ (rise edge)
                                  0.200000    0.200000   clock network delay (ideal)
                                  1.000000    1.200000 ^ input external delay
     8    0.025209    0.000000    0.000000    1.200000 ^ y[4] (in)
                                                         y[4] (net)
                      0.000449    0.000224    1.200224 ^ _1506_/A1 (sky130_fd_sc_hd__o221ai_1)
     1    0.002391    0.078976    0.097840    1.298065 v _1506_/Y (sky130_fd_sc_hd__o221ai_1)
                                                         _0631_ (net)
                      0.078976    0.000002    1.298067 v _1532_/A (sky130_fd_sc_hd__nand2_1)
     2    0.007668    0.082735    0.099280    1.397347 ^ _1532_/Y (sky130_fd_sc_hd__nand2_1)
                                                         _0657_ (net)
                      0.082735    0.000025    1.397372 ^ _1716_/B (sky130_fd_sc_hd__xor2_1)
     5    0.015338    0.084176    0.128552    1.525924 v _1716_/X (sky130_fd_sc_hd__xor2_1)
                                                         _0841_ (net)
                      0.084176    0.000212    1.526136 v _1749_/A2_N (sky130_fd_sc_hd__o2bb2ai_1)
     1    0.010926    0.099597    0.179076    1.705212 v _1749_/Y (sky130_fd_sc_hd__o2bb2ai_1)
                                                         result[4] (net)
                      0.099597    0.000066    1.705278 v result[4] (out)
                                              1.705278   data arrival time

                      0.000000    0.000000    0.000000   clock __VIRTUAL_CLK__ (rise edge)
                                  0.200000    0.200000   clock network delay (ideal)
                                  0.000000    0.200000   clock reconvergence pessimism
                                 -0.500000   -0.300000   output external delay
                                             -0.300000   data required time
---------------------------------------------------------------------------------------------
                                             -0.300000   data required time
                                             -1.705278   data arrival time
---------------------------------------------------------------------------------------------
                                              2.005278   slack (MET)


Startpoint: x[25] (input port clocked by __VIRTUAL_CLK__)
Endpoint: result[25] (output port clocked by __VIRTUAL_CLK__)
Path Group: __VIRTUAL_CLK__
Path Type: min

Fanout         Cap        Slew       Delay        Time   Description
---------------------------------------------------------------------------------------------
                      0.000000    0.000000    0.000000   clock __VIRTUAL_CLK__ (rise edge)
                                  0.200000    0.200000   clock network delay (ideal)
                                  1.000000    1.200000 v input external delay
     7    0.020763    0.000000    0.000000    1.200000 v x[25] (in)
                                                         x[25] (net)
                      0.000209    0.000104    1.200104 v _0950_/A (sky130_fd_sc_hd__clkinv_1)
     3    0.011113    0.067139    0.054892    1.254996 ^ _0950_/Y (sky130_fd_sc_hd__clkinv_1)
                                                         _0940_ (net)
                      0.067139    0.000119    1.255115 ^ _1601_/A1 (sky130_fd_sc_hd__a31o_1)
     2    0.007921    0.085551    0.165314    1.420429 ^ _1601_/X (sky130_fd_sc_hd__a31o_1)
                                                         _0726_ (net)
                      0.085551    0.000104    1.420533 ^ _1665_/A1 (sky130_fd_sc_hd__o22ai_1)
     2    0.005255    0.070656    0.103430    1.523962 v _1665_/Y (sky130_fd_sc_hd__o22ai_1)
                                                         _0790_ (net)
                      0.070656    0.000015    1.523978 v _1834_/C1 (sky130_fd_sc_hd__o221ai_1)
     1    0.003683    0.084177    0.081459    1.605436 ^ _1834_/Y (sky130_fd_sc_hd__o221ai_1)
                                                         _0936_ (net)
                      0.084177    0.000021    1.605457 ^ _1835_/B2 (sky130_fd_sc_hd__a2bb2oi_1)
     1    0.010739    0.069023    0.105336    1.710794 v _1835_/Y (sky130_fd_sc_hd__a2bb2oi_1)
                                                         result[25] (net)
                      0.069023    0.000036    1.710829 v result[25] (out)
                                              1.710829   data arrival time

                      0.000000    0.000000    0.000000   clock __VIRTUAL_CLK__ (rise edge)
                                  0.200000    0.200000   clock network delay (ideal)
                                  0.000000    0.200000   clock reconvergence pessimism
                                 -0.500000   -0.300000   output external delay
                                             -0.300000   data required time
---------------------------------------------------------------------------------------------
                                             -0.300000   data required time
                                             -1.710829   data arrival time
---------------------------------------------------------------------------------------------
                                              2.010829   slack (MET)


Startpoint: x[23] (input port clocked by __VIRTUAL_CLK__)
Endpoint: result[23] (output port clocked by __VIRTUAL_CLK__)
Path Group: __VIRTUAL_CLK__
Path Type: min

Fanout         Cap        Slew       Delay        Time   Description
---------------------------------------------------------------------------------------------
                      0.000000    0.000000    0.000000   clock __VIRTUAL_CLK__ (rise edge)
                                  0.200000    0.200000   clock network delay (ideal)
                                  1.000000    1.200000 ^ input external delay
     7    0.020825    0.000000    0.000000    1.200000 ^ x[23] (in)
                                                         x[23] (net)
                      0.000250    0.000125    1.200125 ^ _1609_/A (sky130_fd_sc_hd__nor3_1)
     4    0.012829    0.073843    0.064200    1.264325 v _1609_/Y (sky130_fd_sc_hd__nor3_1)
                                                         _0734_ (net)
                      0.073844    0.000246    1.264571 v _1666_/A2 (sky130_fd_sc_hd__o22ai_1)
     1    0.002373    0.119163    0.144132    1.408703 ^ _1666_/Y (sky130_fd_sc_hd__o22ai_1)
                                                         _0791_ (net)
                      0.119163    0.000000    1.408704 ^ _1667_/B1 (sky130_fd_sc_hd__o41ai_1)
     3    0.009546    0.085580    0.127394    1.536097 v _1667_/Y (sky130_fd_sc_hd__o41ai_1)
                                                         _0792_ (net)
                      0.085580    0.000061    1.536158 v _1830_/B (sky130_fd_sc_hd__nand3_1)
     1    0.002825    0.061925    0.093498    1.629656 ^ _1830_/Y (sky130_fd_sc_hd__nand3_1)
                                                         _0933_ (net)
                      0.061925    0.000004    1.629660 ^ _1831_/B2 (sky130_fd_sc_hd__a2bb2oi_1)
     1    0.010727    0.068977    0.097649    1.727309 v _1831_/Y (sky130_fd_sc_hd__a2bb2oi_1)
                                                         result[23] (net)
                      0.068977    0.000034    1.727343 v result[23] (out)
                                              1.727343   data arrival time

                      0.000000    0.000000    0.000000   clock __VIRTUAL_CLK__ (rise edge)
                                  0.200000    0.200000   clock network delay (ideal)
                                  0.000000    0.200000   clock reconvergence pessimism
                                 -0.500000   -0.300000   output external delay
                                             -0.300000   data required time
---------------------------------------------------------------------------------------------
                                             -0.300000   data required time
                                             -1.727343   data arrival time
---------------------------------------------------------------------------------------------
                                              2.027343   slack (MET)


Startpoint: y[24] (input port clocked by __VIRTUAL_CLK__)
Endpoint: result[24] (output port clocked by __VIRTUAL_CLK__)
Path Group: __VIRTUAL_CLK__
Path Type: min

Fanout         Cap        Slew       Delay        Time   Description
---------------------------------------------------------------------------------------------
                      0.000000    0.000000    0.000000   clock __VIRTUAL_CLK__ (rise edge)
                                  0.200000    0.200000   clock network delay (ideal)
                                  1.000000    1.200000 v input external delay
     8    0.022008    0.000000    0.000000    1.200000 v y[24] (in)
                                                         y[24] (net)
                      0.000384    0.000192    1.200192 v _1606_/A0 (sky130_fd_sc_hd__mux2i_1)
     2    0.004903    0.153408    0.135295    1.335487 ^ _1606_/Y (sky130_fd_sc_hd__mux2i_1)
                                                         _0731_ (net)
                      0.153408    0.000010    1.335497 ^ _1672_/B (sky130_fd_sc_hd__nand2_1)
     2    0.004189    0.046063    0.081520    1.417018 v _1672_/Y (sky130_fd_sc_hd__nand2_1)
                                                         _0797_ (net)
                      0.046063    0.000007    1.417025 v _1674_/A (sky130_fd_sc_hd__and2_1)
     2    0.006045    0.046888    0.147594    1.564619 v _1674_/X (sky130_fd_sc_hd__and2_1)
                                                         _0799_ (net)
                      0.046888    0.000003    1.564622 v _1832_/B (sky130_fd_sc_hd__nand3_1)
     1    0.002969    0.060720    0.077078    1.641701 ^ _1832_/Y (sky130_fd_sc_hd__nand3_1)
                                                         _0935_ (net)
                      0.060720    0.000006    1.641707 ^ _1833_/B2 (sky130_fd_sc_hd__a2bb2oi_1)
     1    0.010625    0.070643    0.096732    1.738439 v _1833_/Y (sky130_fd_sc_hd__a2bb2oi_1)
                                                         result[24] (net)
                      0.070643    0.000027    1.738466 v result[24] (out)
                                              1.738466   data arrival time

                      0.000000    0.000000    0.000000   clock __VIRTUAL_CLK__ (rise edge)
                                  0.200000    0.200000   clock network delay (ideal)
                                  0.000000    0.200000   clock reconvergence pessimism
                                 -0.500000   -0.300000   output external delay
                                             -0.300000   data required time
---------------------------------------------------------------------------------------------
                                             -0.300000   data required time
                                             -1.738466   data arrival time
---------------------------------------------------------------------------------------------
                                              2.038466   slack (MET)


Startpoint: x[30] (input port clocked by __VIRTUAL_CLK__)
Endpoint: result[30] (output port clocked by __VIRTUAL_CLK__)
Path Group: __VIRTUAL_CLK__
Path Type: min

Fanout         Cap        Slew       Delay        Time   Description
---------------------------------------------------------------------------------------------
                      0.000000    0.000000    0.000000   clock __VIRTUAL_CLK__ (rise edge)
                                  0.200000    0.200000   clock network delay (ideal)
                                  1.000000    1.200000 ^ input external delay
     8    0.026782    0.000000    0.000000    1.200000 ^ x[30] (in)
                                                         x[30] (net)
                      0.000196    0.000098    1.200098 ^ _1643_/B (sky130_fd_sc_hd__nor4_1)
     2    0.004501    0.037847    0.033621    1.233719 v _1643_/Y (sky130_fd_sc_hd__nor4_1)
                                                         _0768_ (net)
                      0.037847    0.000016    1.233735 v _1646_/B1 (sky130_fd_sc_hd__a21oi_1)
     3    0.009859    0.223154    0.208438    1.442172 ^ _1646_/Y (sky130_fd_sc_hd__a21oi_1)
                                                         _0771_ (net)
                      0.223154    0.000016    1.442188 ^ _1827_/B1 (sky130_fd_sc_hd__o21ai_1)
     1    0.002367    0.035690    0.095541    1.537730 v _1827_/Y (sky130_fd_sc_hd__o21ai_1)
                                                         _0930_ (net)
                      0.035690    0.000001    1.537731 v _1844_/A1 (sky130_fd_sc_hd__a21oi_1)
     1    0.011012    0.244819    0.228978    1.766708 ^ _1844_/Y (sky130_fd_sc_hd__a21oi_1)
                                                         result[30] (net)
                      0.244819    0.000070    1.766779 ^ result[30] (out)
                                              1.766779   data arrival time

                      0.000000    0.000000    0.000000   clock __VIRTUAL_CLK__ (rise edge)
                                  0.200000    0.200000   clock network delay (ideal)
                                  0.000000    0.200000   clock reconvergence pessimism
                                 -0.500000   -0.300000   output external delay
                                             -0.300000   data required time
---------------------------------------------------------------------------------------------
                                             -0.300000   data required time
                                             -1.766779   data arrival time
---------------------------------------------------------------------------------------------
                                              2.066779   slack (MET)


Startpoint: y[17] (input port clocked by __VIRTUAL_CLK__)
Endpoint: result[17] (output port clocked by __VIRTUAL_CLK__)
Path Group: __VIRTUAL_CLK__
Path Type: min

Fanout         Cap        Slew       Delay        Time   Description
---------------------------------------------------------------------------------------------
                      0.000000    0.000000    0.000000   clock __VIRTUAL_CLK__ (rise edge)
                                  0.200000    0.200000   clock network delay (ideal)
                                  1.000000    1.200000 ^ input external delay
     7    0.023574    0.000000    0.000000    1.200000 ^ y[17] (in)
                                                         y[17] (net)
                      0.000651    0.000326    1.200325 ^ _1432_/A1 (sky130_fd_sc_hd__o21ai_1)
     1    0.004322    0.053395    0.056680    1.257006 v _1432_/Y (sky130_fd_sc_hd__o21ai_1)
                                                         _0557_ (net)
                      0.053395    0.000004    1.257009 v _1553_/B (sky130_fd_sc_hd__xor2_1)
     2    0.006925    0.054506    0.157601    1.414611 v _1553_/X (sky130_fd_sc_hd__xor2_1)
                                                         _0678_ (net)
                      0.054506    0.000019    1.414630 v _1697_/B (sky130_fd_sc_hd__xor2_1)
     5    0.014205    0.079971    0.186160    1.600790 v _1697_/X (sky130_fd_sc_hd__xor2_1)
                                                         _0822_ (net)
                      0.079971    0.000081    1.600871 v _1788_/A2_N (sky130_fd_sc_hd__o2bb2ai_1)
     1    0.011012    0.100844    0.177631    1.778501 v _1788_/Y (sky130_fd_sc_hd__o2bb2ai_1)
                                                         result[17] (net)
                      0.100844    0.000070    1.778571 v result[17] (out)
                                              1.778571   data arrival time

                      0.000000    0.000000    0.000000   clock __VIRTUAL_CLK__ (rise edge)
                                  0.200000    0.200000   clock network delay (ideal)
                                  0.000000    0.200000   clock reconvergence pessimism
                                 -0.500000   -0.300000   output external delay
                                             -0.300000   data required time
---------------------------------------------------------------------------------------------
                                             -0.300000   data required time
                                             -1.778571   data arrival time
---------------------------------------------------------------------------------------------
                                              2.078571   slack (MET)


Startpoint: y[27] (input port clocked by __VIRTUAL_CLK__)
Endpoint: result[26] (output port clocked by __VIRTUAL_CLK__)
Path Group: __VIRTUAL_CLK__
Path Type: min

Fanout         Cap        Slew       Delay        Time   Description
---------------------------------------------------------------------------------------------
                      0.000000    0.000000    0.000000   clock __VIRTUAL_CLK__ (rise edge)
                                  0.200000    0.200000   clock network delay (ideal)
                                  1.000000    1.200000 ^ input external delay
     7    0.018378    0.000000    0.000000    1.200000 ^ y[27] (in)
                                                         y[27] (net)
                      0.000171    0.000086    1.200086 ^ _0970_/D (sky130_fd_sc_hd__nor4_1)
     3    0.006985    0.041466    0.036821    1.236907 v _0970_/Y (sky130_fd_sc_hd__nor4_1)
                                                         _0095_ (net)
                      0.041466    0.000004    1.236911 v _0971_/B (sky130_fd_sc_hd__nand2_1)
    10    0.033186    0.301081    0.245772    1.482683 ^ _0971_/Y (sky130_fd_sc_hd__nand2_1)
                                                         _0096_ (net)
                      0.301082    0.000311    1.482994 ^ _1837_/A2_N (sky130_fd_sc_hd__a2bb2oi_1)
     1    0.010632    0.246840    0.298592    1.781586 ^ _1837_/Y (sky130_fd_sc_hd__a2bb2oi_1)
                                                         result[26] (net)
                      0.246840    0.000029    1.781615 ^ result[26] (out)
                                              1.781615   data arrival time

                      0.000000    0.000000    0.000000   clock __VIRTUAL_CLK__ (rise edge)
                                  0.200000    0.200000   clock network delay (ideal)
                                  0.000000    0.200000   clock reconvergence pessimism
                                 -0.500000   -0.300000   output external delay
                                             -0.300000   data required time
---------------------------------------------------------------------------------------------
                                             -0.300000   data required time
                                             -1.781615   data arrival time
---------------------------------------------------------------------------------------------
                                              2.081615   slack (MET)


Startpoint: y[27] (input port clocked by __VIRTUAL_CLK__)
Endpoint: result[27] (output port clocked by __VIRTUAL_CLK__)
Path Group: __VIRTUAL_CLK__
Path Type: min

Fanout         Cap        Slew       Delay        Time   Description
---------------------------------------------------------------------------------------------
                      0.000000    0.000000    0.000000   clock __VIRTUAL_CLK__ (rise edge)
                                  0.200000    0.200000   clock network delay (ideal)
                                  1.000000    1.200000 ^ input external delay
     7    0.018378    0.000000    0.000000    1.200000 ^ y[27] (in)
                                                         y[27] (net)
                      0.000171    0.000086    1.200086 ^ _0970_/D (sky130_fd_sc_hd__nor4_1)
     3    0.006985    0.041466    0.036821    1.236907 v _0970_/Y (sky130_fd_sc_hd__nor4_1)
                                                         _0095_ (net)
                      0.041466    0.000004    1.236911 v _0971_/B (sky130_fd_sc_hd__nand2_1)
    10    0.033186    0.301081    0.245772    1.482683 ^ _0971_/Y (sky130_fd_sc_hd__nand2_1)
                                                         _0096_ (net)
                      0.301082    0.000330    1.483013 ^ _1839_/A2_N (sky130_fd_sc_hd__a2bb2oi_1)
     1    0.010878    0.251242    0.302284    1.785297 ^ _1839_/Y (sky130_fd_sc_hd__a2bb2oi_1)
                                                         result[27] (net)
                      0.251242    0.000046    1.785343 ^ result[27] (out)
                                              1.785343   data arrival time

                      0.000000    0.000000    0.000000   clock __VIRTUAL_CLK__ (rise edge)
                                  0.200000    0.200000   clock network delay (ideal)
                                  0.000000    0.200000   clock reconvergence pessimism
                                 -0.500000   -0.300000   output external delay
                                             -0.300000   data required time
---------------------------------------------------------------------------------------------
                                             -0.300000   data required time
                                             -1.785343   data arrival time
---------------------------------------------------------------------------------------------
                                              2.085343   slack (MET)


Startpoint: y[17] (input port clocked by __VIRTUAL_CLK__)
Endpoint: result[18] (output port clocked by __VIRTUAL_CLK__)
Path Group: __VIRTUAL_CLK__
Path Type: min

Fanout         Cap        Slew       Delay        Time   Description
---------------------------------------------------------------------------------------------
                      0.000000    0.000000    0.000000   clock __VIRTUAL_CLK__ (rise edge)
                                  0.200000    0.200000   clock network delay (ideal)
                                  1.000000    1.200000 ^ input external delay
     7    0.023574    0.000000    0.000000    1.200000 ^ y[17] (in)
                                                         y[17] (net)
                      0.000639    0.000320    1.200320 ^ _1433_/A1 (sky130_fd_sc_hd__o211a_1)
     1    0.002105    0.038394    0.124824    1.325144 ^ _1433_/X (sky130_fd_sc_hd__o211a_1)
                                                         _0558_ (net)
                      0.038394    0.000004    1.325148 ^ _1554_/B1_N (sky130_fd_sc_hd__o21bai_1)
     2    0.007634    0.106442    0.127647    1.452796 ^ _1554_/Y (sky130_fd_sc_hd__o21bai_1)
                                                         _0679_ (net)
                      0.106442    0.000016    1.452812 ^ _1696_/A (sky130_fd_sc_hd__xnor2_1)
     5    0.014143    0.112288    0.144971    1.597783 v _1696_/Y (sky130_fd_sc_hd__xnor2_1)
                                                         _0821_ (net)
                      0.112288    0.000126    1.597909 v _1791_/A2_N (sky130_fd_sc_hd__o2bb2ai_1)
     1    0.011005    0.100853    0.192380    1.790290 v _1791_/Y (sky130_fd_sc_hd__o2bb2ai_1)
                                                         result[18] (net)
                      0.100853    0.000070    1.790359 v result[18] (out)
                                              1.790359   data arrival time

                      0.000000    0.000000    0.000000   clock __VIRTUAL_CLK__ (rise edge)
                                  0.200000    0.200000   clock network delay (ideal)
                                  0.000000    0.200000   clock reconvergence pessimism
                                 -0.500000   -0.300000   output external delay
                                             -0.300000   data required time
---------------------------------------------------------------------------------------------
                                             -0.300000   data required time
                                             -1.790359   data arrival time
---------------------------------------------------------------------------------------------
                                              2.090359   slack (MET)


Startpoint: y[0] (input port clocked by __VIRTUAL_CLK__)
Endpoint: result[0] (output port clocked by __VIRTUAL_CLK__)
Path Group: __VIRTUAL_CLK__
Path Type: min

Fanout         Cap        Slew       Delay        Time   Description
---------------------------------------------------------------------------------------------
                      0.000000    0.000000    0.000000   clock __VIRTUAL_CLK__ (rise edge)
                                  0.200000    0.200000   clock network delay (ideal)
                                  1.000000    1.200000 v input external delay
     5    0.013431    0.000000    0.000000    1.200000 v y[0] (in)
                                                         y[0] (net)
                      0.000187    0.000093    1.200093 v _1228_/B1 (sky130_fd_sc_hd__a21oi_1)
     1    0.002570    0.102092    0.093567    1.293660 ^ _1228_/Y (sky130_fd_sc_hd__a21oi_1)
                                                         _0353_ (net)
                      0.102092    0.000002    1.293662 ^ _1229_/B1 (sky130_fd_sc_hd__a31oi_1)
     2    0.009698    0.061225    0.079960    1.373622 v _1229_/Y (sky130_fd_sc_hd__a31oi_1)
                                                         _0354_ (net)
                      0.061225    0.000115    1.373737 v _1231_/B (sky130_fd_sc_hd__xor2_1)
     4    0.015714    0.085997    0.193730    1.567467 v _1231_/X (sky130_fd_sc_hd__xor2_1)
                                                         _0356_ (net)
                      0.085997    0.000401    1.567868 v _1737_/B1 (sky130_fd_sc_hd__o32ai_1)
     1    0.011023    0.279497    0.244613    1.812481 ^ _1737_/Y (sky130_fd_sc_hd__o32ai_1)
                                                         result[0] (net)
                      0.279497    0.000073    1.812554 ^ result[0] (out)
                                              1.812554   data arrival time

                      0.000000    0.000000    0.000000   clock __VIRTUAL_CLK__ (rise edge)
                                  0.200000    0.200000   clock network delay (ideal)
                                  0.000000    0.200000   clock reconvergence pessimism
                                 -0.500000   -0.300000   output external delay
                                             -0.300000   data required time
---------------------------------------------------------------------------------------------
                                             -0.300000   data required time
                                             -1.812554   data arrival time
---------------------------------------------------------------------------------------------
                                              2.112554   slack (MET)


Startpoint: y[18] (input port clocked by __VIRTUAL_CLK__)
Endpoint: result[19] (output port clocked by __VIRTUAL_CLK__)
Path Group: __VIRTUAL_CLK__
Path Type: min

Fanout         Cap        Slew       Delay        Time   Description
---------------------------------------------------------------------------------------------
                      0.000000    0.000000    0.000000   clock __VIRTUAL_CLK__ (rise edge)
                                  0.200000    0.200000   clock network delay (ideal)
                                  1.000000    1.200000 ^ input external delay
     5    0.020182    0.000000    0.000000    1.200000 ^ y[18] (in)
                                                         y[18] (net)
                      0.000441    0.000221    1.200221 ^ _1429_/A1 (sky130_fd_sc_hd__o21ai_1)
     3    0.009674    0.090915    0.087126    1.287346 v _1429_/Y (sky130_fd_sc_hd__o21ai_1)
                                                         _0554_ (net)
                      0.090915    0.000045    1.287392 v _1558_/A2 (sky130_fd_sc_hd__o21ai_1)
     1    0.004855    0.101309    0.155277    1.442669 ^ _1558_/Y (sky130_fd_sc_hd__o21ai_1)
                                                         _0683_ (net)
                      0.101309    0.000005    1.442674 ^ _1695_/A (sky130_fd_sc_hd__xnor2_1)
     5    0.014493    0.170603    0.210344    1.653018 ^ _1695_/Y (sky130_fd_sc_hd__xnor2_1)
                                                         _0820_ (net)
                      0.170603    0.000206    1.653224 ^ _1794_/B1 (sky130_fd_sc_hd__o32ai_1)
     1    0.011139    0.107536    0.163238    1.816462 v _1794_/Y (sky130_fd_sc_hd__o32ai_1)
                                                         result[19] (net)
                      0.107536    0.000078    1.816540 v result[19] (out)
                                              1.816540   data arrival time

                      0.000000    0.000000    0.000000   clock __VIRTUAL_CLK__ (rise edge)
                                  0.200000    0.200000   clock network delay (ideal)
                                  0.000000    0.200000   clock reconvergence pessimism
                                 -0.500000   -0.300000   output external delay
                                             -0.300000   data required time
---------------------------------------------------------------------------------------------
                                             -0.300000   data required time
                                             -1.816540   data arrival time
---------------------------------------------------------------------------------------------
                                              2.116540   slack (MET)


Startpoint: y[8] (input port clocked by __VIRTUAL_CLK__)
Endpoint: result[9] (output port clocked by __VIRTUAL_CLK__)
Path Group: __VIRTUAL_CLK__
Path Type: min

Fanout         Cap        Slew       Delay        Time   Description
---------------------------------------------------------------------------------------------
                      0.000000    0.000000    0.000000   clock __VIRTUAL_CLK__ (rise edge)
                                  0.200000    0.200000   clock network delay (ideal)
                                  1.000000    1.200000 v input external delay
     5    0.012893    0.000000    0.000000    1.200000 v y[8] (in)
                                                         y[8] (net)
                      0.000171    0.000086    1.200086 v _1479_/A1 (sky130_fd_sc_hd__o21ai_1)
     3    0.007583    0.136805    0.167997    1.368083 ^ _1479_/Y (sky130_fd_sc_hd__o21ai_1)
                                                         _0604_ (net)
                      0.136805    0.000037    1.368120 ^ _1539_/B2 (sky130_fd_sc_hd__o2bb2ai_1)
     2    0.005868    0.058176    0.094405    1.462525 v _1539_/Y (sky130_fd_sc_hd__o2bb2ai_1)
                                                         _0664_ (net)
                      0.058176    0.000042    1.462567 v _1540_/B (sky130_fd_sc_hd__nand2_1)
     1    0.004656    0.057007    0.078608    1.541175 ^ _1540_/Y (sky130_fd_sc_hd__nand2_1)
                                                         _0665_ (net)
                      0.057007    0.000004    1.541179 ^ _1709_/B (sky130_fd_sc_hd__xor2_1)
     5    0.014467    0.080804    0.115956    1.657136 v _1709_/X (sky130_fd_sc_hd__xor2_1)
                                                         _0834_ (net)
                      0.080804    0.000077    1.657213 v _1764_/A2_N (sky130_fd_sc_hd__o2bb2ai_1)
     1    0.011382    0.103481    0.180088    1.837300 v _1764_/Y (sky130_fd_sc_hd__o2bb2ai_1)
                                                         result[9] (net)
                      0.103481    0.000095    1.837396 v result[9] (out)
                                              1.837396   data arrival time

                      0.000000    0.000000    0.000000   clock __VIRTUAL_CLK__ (rise edge)
                                  0.200000    0.200000   clock network delay (ideal)
                                  0.000000    0.200000   clock reconvergence pessimism
                                 -0.500000   -0.300000   output external delay
                                             -0.300000   data required time
---------------------------------------------------------------------------------------------
                                             -0.300000   data required time
                                             -1.837396   data arrival time
---------------------------------------------------------------------------------------------
                                              2.137395   slack (MET)


Startpoint: y[12] (input port clocked by __VIRTUAL_CLK__)
Endpoint: result[12] (output port clocked by __VIRTUAL_CLK__)
Path Group: __VIRTUAL_CLK__
Path Type: min

Fanout         Cap        Slew       Delay        Time   Description
---------------------------------------------------------------------------------------------
                      0.000000    0.000000    0.000000   clock __VIRTUAL_CLK__ (rise edge)
                                  0.200000    0.200000   clock network delay (ideal)
                                  1.000000    1.200000 ^ input external delay
     5    0.016623    0.000000    0.000000    1.200000 ^ y[12] (in)
                                                         y[12] (net)
                      0.000245    0.000122    1.200122 ^ _1452_/A0 (sky130_fd_sc_hd__mux2i_1)
     3    0.011000    0.101958    0.089711    1.289833 v _1452_/Y (sky130_fd_sc_hd__mux2i_1)
                                                         _0577_ (net)
                      0.101958    0.000061    1.289894 v _1453_/B (sky130_fd_sc_hd__xnor2_1)
     2    0.008737    0.114231    0.238594    1.528488 ^ _1453_/Y (sky130_fd_sc_hd__xnor2_1)
                                                         _0578_ (net)
                      0.114231    0.000039    1.528527 ^ _1706_/A (sky130_fd_sc_hd__xor2_1)
     5    0.013874    0.079130    0.134671    1.663198 v _1706_/X (sky130_fd_sc_hd__xor2_1)
                                                         _0831_ (net)
                      0.079130    0.000103    1.663301 v _1773_/A2_N (sky130_fd_sc_hd__o2bb2ai_1)
     1    0.010961    0.100471    0.176960    1.840262 v _1773_/Y (sky130_fd_sc_hd__o2bb2ai_1)
                                                         result[12] (net)
                      0.100471    0.000069    1.840330 v result[12] (out)
                                              1.840330   data arrival time

                      0.000000    0.000000    0.000000   clock __VIRTUAL_CLK__ (rise edge)
                                  0.200000    0.200000   clock network delay (ideal)
                                  0.000000    0.200000   clock reconvergence pessimism
                                 -0.500000   -0.300000   output external delay
                                             -0.300000   data required time
---------------------------------------------------------------------------------------------
                                             -0.300000   data required time
                                             -1.840330   data arrival time
---------------------------------------------------------------------------------------------
                                              2.140330   slack (MET)


Startpoint: x[10] (input port clocked by __VIRTUAL_CLK__)
Endpoint: result[10] (output port clocked by __VIRTUAL_CLK__)
Path Group: __VIRTUAL_CLK__
Path Type: min

Fanout         Cap        Slew       Delay        Time   Description
---------------------------------------------------------------------------------------------
                      0.000000    0.000000    0.000000   clock __VIRTUAL_CLK__ (rise edge)
                                  0.200000    0.200000   clock network delay (ideal)
                                  1.000000    1.200000 v input external delay
     4    0.014010    0.000000    0.000000    1.200000 v x[10] (in)
                                                         x[10] (net)
                      0.000114    0.000057    1.200057 v _0958_/A (sky130_fd_sc_hd__clkinv_1)
     2    0.005736    0.038117    0.034245    1.234302 ^ _0958_/Y (sky130_fd_sc_hd__clkinv_1)
                                                         _0077_ (net)
                      0.038117    0.000008    1.234310 ^ _1461_/A1 (sky130_fd_sc_hd__a31oi_1)
     2    0.005461    0.047172    0.081873    1.316183 v _1461_/Y (sky130_fd_sc_hd__a31oi_1)
                                                         _0586_ (net)
                      0.047172    0.000024    1.316207 v _1466_/B (sky130_fd_sc_hd__nand2_1)
     3    0.007876    0.082668    0.093705    1.409911 ^ _1466_/Y (sky130_fd_sc_hd__nand2_1)
                                                         _0591_ (net)
                      0.082668    0.000019    1.409930 ^ _1707_/A2 (sky130_fd_sc_hd__o21bai_1)
     1    0.004302    0.047534    0.073693    1.483623 v _1707_/Y (sky130_fd_sc_hd__o21bai_1)
                                                         _0832_ (net)
                      0.047534    0.000003    1.483627 v _1708_/B (sky130_fd_sc_hd__xor2_1)
     5    0.014475    0.080861    0.184701    1.668327 v _1708_/X (sky130_fd_sc_hd__xor2_1)
                                                         _0833_ (net)
                      0.080861    0.000019    1.668347 v _1767_/A2_N (sky130_fd_sc_hd__o2bb2ai_1)
     1    0.010978    0.099995    0.177850    1.846196 v _1767_/Y (sky130_fd_sc_hd__o2bb2ai_1)
                                                         result[10] (net)
                      0.099995    0.000069    1.846265 v result[10] (out)
                                              1.846265   data arrival time

                      0.000000    0.000000    0.000000   clock __VIRTUAL_CLK__ (rise edge)
                                  0.200000    0.200000   clock network delay (ideal)
                                  0.000000    0.200000   clock reconvergence pessimism
                                 -0.500000   -0.300000   output external delay
                                             -0.300000   data required time
---------------------------------------------------------------------------------------------
                                             -0.300000   data required time
                                             -1.846265   data arrival time
---------------------------------------------------------------------------------------------
                                              2.146265   slack (MET)


Startpoint: y[13] (input port clocked by __VIRTUAL_CLK__)
Endpoint: result[13] (output port clocked by __VIRTUAL_CLK__)
Path Group: __VIRTUAL_CLK__
Path Type: min

Fanout         Cap        Slew       Delay        Time   Description
---------------------------------------------------------------------------------------------
                      0.000000    0.000000    0.000000   clock __VIRTUAL_CLK__ (rise edge)
                                  0.200000    0.200000   clock network delay (ideal)
                                  1.000000    1.200000 ^ input external delay
     5    0.014928    0.000000    0.000000    1.200000 ^ y[13] (in)
                                                         y[13] (net)
                      0.000147    0.000074    1.200074 ^ _1449_/A1 (sky130_fd_sc_hd__o21ai_1)
     3    0.011223    0.102597    0.095744    1.295818 v _1449_/Y (sky130_fd_sc_hd__o21ai_1)
                                                         _0574_ (net)
                      0.102597    0.000105    1.295923 v _1701_/B (sky130_fd_sc_hd__xor2_1)
     1    0.004626    0.133224    0.169999    1.465922 ^ _1701_/X (sky130_fd_sc_hd__xor2_1)
                                                         _0826_ (net)
                      0.133224    0.000004    1.465925 ^ _1702_/B (sky130_fd_sc_hd__xor2_1)
     5    0.012620    0.074912    0.132084    1.598009 v _1702_/X (sky130_fd_sc_hd__xor2_1)
                                                         _0827_ (net)
                      0.074912    0.000047    1.598057 v _1776_/B1 (sky130_fd_sc_hd__o32ai_1)
     1    0.011757    0.283393    0.250723    1.848780 ^ _1776_/Y (sky130_fd_sc_hd__o32ai_1)
                                                         result[13] (net)
                      0.283393    0.000130    1.848910 ^ result[13] (out)
                                              1.848910   data arrival time

                      0.000000    0.000000    0.000000   clock __VIRTUAL_CLK__ (rise edge)
                                  0.200000    0.200000   clock network delay (ideal)
                                  0.000000    0.200000   clock reconvergence pessimism
                                 -0.500000   -0.300000   output external delay
                                             -0.300000   data required time
---------------------------------------------------------------------------------------------
                                             -0.300000   data required time
                                             -1.848910   data arrival time
---------------------------------------------------------------------------------------------
                                              2.148910   slack (MET)


Startpoint: y[16] (input port clocked by __VIRTUAL_CLK__)
Endpoint: result[16] (output port clocked by __VIRTUAL_CLK__)
Path Group: __VIRTUAL_CLK__
Path Type: min

Fanout         Cap        Slew       Delay        Time   Description
---------------------------------------------------------------------------------------------
                      0.000000    0.000000    0.000000   clock __VIRTUAL_CLK__ (rise edge)
                                  0.200000    0.200000   clock network delay (ideal)
                                  1.000000    1.200000 ^ input external delay
     5    0.018003    0.000000    0.000000    1.200000 ^ y[16] (in)
                                                         y[16] (net)
                      0.000614    0.000307    1.200307 ^ _1435_/A0 (sky130_fd_sc_hd__mux2i_1)
     2    0.007363    0.074752    0.069067    1.269374 v _1435_/Y (sky130_fd_sc_hd__mux2i_1)
                                                         _0560_ (net)
                      0.074752    0.000032    1.269406 v _1551_/B (sky130_fd_sc_hd__xor2_1)
     2    0.007416    0.185340    0.197819    1.467225 ^ _1551_/X (sky130_fd_sc_hd__xor2_1)
                                                         _0676_ (net)
                      0.185340    0.000015    1.467239 ^ _1698_/B (sky130_fd_sc_hd__xnor2_1)
     5    0.014246    0.168171    0.226197    1.693436 ^ _1698_/Y (sky130_fd_sc_hd__xnor2_1)
                                                         _0823_ (net)
                      0.168171    0.000109    1.693545 ^ _1785_/B2 (sky130_fd_sc_hd__o32ai_1)
     1    0.012889    0.120300    0.156406    1.849951 v _1785_/Y (sky130_fd_sc_hd__o32ai_1)
                                                         result[16] (net)
                      0.120300    0.000192    1.850143 v result[16] (out)
                                              1.850143   data arrival time

                      0.000000    0.000000    0.000000   clock __VIRTUAL_CLK__ (rise edge)
                                  0.200000    0.200000   clock network delay (ideal)
                                  0.000000    0.200000   clock reconvergence pessimism
                                 -0.500000   -0.300000   output external delay
                                             -0.300000   data required time
---------------------------------------------------------------------------------------------
                                             -0.300000   data required time
                                             -1.850143   data arrival time
---------------------------------------------------------------------------------------------
                                              2.150143   slack (MET)


Startpoint: y[2] (input port clocked by __VIRTUAL_CLK__)
Endpoint: result[3] (output port clocked by __VIRTUAL_CLK__)
Path Group: __VIRTUAL_CLK__
Path Type: min

Fanout         Cap        Slew       Delay        Time   Description
---------------------------------------------------------------------------------------------
                      0.000000    0.000000    0.000000   clock __VIRTUAL_CLK__ (rise edge)
                                  0.200000    0.200000   clock network delay (ideal)
                                  1.000000    1.200000 ^ input external delay
     7    0.021158    0.000000    0.000000    1.200000 ^ y[2] (in)
                                                         y[2] (net)
                      0.000247    0.000124    1.200124 ^ _1513_/B1 (sky130_fd_sc_hd__o21ai_1)
     2    0.004578    0.055428    0.050893    1.251016 v _1513_/Y (sky130_fd_sc_hd__o21ai_1)
                                                         _0638_ (net)
                      0.055428    0.000009    1.251026 v _1518_/C1 (sky130_fd_sc_hd__o221ai_1)
     3    0.008074    0.124836    0.103763    1.354789 ^ _1518_/Y (sky130_fd_sc_hd__o221ai_1)
                                                         _0643_ (net)
                      0.124836    0.000028    1.354818 ^ _1529_/A2_N (sky130_fd_sc_hd__o2bb2ai_1)
     1    0.005117    0.083628    0.140607    1.495425 ^ _1529_/Y (sky130_fd_sc_hd__o2bb2ai_1)
                                                         _0654_ (net)
                      0.083628    0.000014    1.495438 ^ _1717_/B (sky130_fd_sc_hd__xnor2_1)
     5    0.018734    0.144263    0.151695    1.647134 v _1717_/Y (sky130_fd_sc_hd__xnor2_1)
                                                         _0842_ (net)
                      0.144265    0.000440    1.647573 v _1746_/A2_N (sky130_fd_sc_hd__o2bb2ai_1)
     1    0.011003    0.100829    0.205513    1.853086 v _1746_/Y (sky130_fd_sc_hd__o2bb2ai_1)
                                                         result[3] (net)
                      0.100829    0.000070    1.853156 v result[3] (out)
                                              1.853156   data arrival time

                      0.000000    0.000000    0.000000   clock __VIRTUAL_CLK__ (rise edge)
                                  0.200000    0.200000   clock network delay (ideal)
                                  0.000000    0.200000   clock reconvergence pessimism
                                 -0.500000   -0.300000   output external delay
                                             -0.300000   data required time
---------------------------------------------------------------------------------------------
                                             -0.300000   data required time
                                             -1.853156   data arrival time
---------------------------------------------------------------------------------------------
                                              2.153156   slack (MET)


Startpoint: y[21] (input port clocked by __VIRTUAL_CLK__)
Endpoint: result[21] (output port clocked by __VIRTUAL_CLK__)
Path Group: __VIRTUAL_CLK__
Path Type: min

Fanout         Cap        Slew       Delay        Time   Description
---------------------------------------------------------------------------------------------
                      0.000000    0.000000    0.000000   clock __VIRTUAL_CLK__ (rise edge)
                                  0.200000    0.200000   clock network delay (ideal)
                                  1.000000    1.200000 ^ input external delay
     7    0.023992    0.000000    0.000000    1.200000 ^ y[21] (in)
                                                         y[21] (net)
                      0.000673    0.000336    1.200336 ^ _1412_/A1 (sky130_fd_sc_hd__o21ai_1)
     2    0.007747    0.076769    0.076316    1.276652 v _1412_/Y (sky130_fd_sc_hd__o21ai_1)
                                                         _0537_ (net)
                      0.076769    0.000042    1.276694 v _1562_/B (sky130_fd_sc_hd__xnor2_1)
     2    0.007321    0.098226    0.207253    1.483947 ^ _1562_/Y (sky130_fd_sc_hd__xnor2_1)
                                                         _0687_ (net)
                      0.098226    0.000007    1.483954 ^ _1692_/B (sky130_fd_sc_hd__xnor2_1)
     5    0.015798    0.184586    0.218789    1.702743 ^ _1692_/Y (sky130_fd_sc_hd__xnor2_1)
                                                         _0817_ (net)
                      0.184586    0.000294    1.703037 ^ _1800_/A2 (sky130_fd_sc_hd__o22ai_1)
     1    0.011236    0.107961    0.151974    1.855010 v _1800_/Y (sky130_fd_sc_hd__o22ai_1)
                                                         result[21] (net)
                      0.107961    0.000081    1.855092 v result[21] (out)
                                              1.855092   data arrival time

                      0.000000    0.000000    0.000000   clock __VIRTUAL_CLK__ (rise edge)
                                  0.200000    0.200000   clock network delay (ideal)
                                  0.000000    0.200000   clock reconvergence pessimism
                                 -0.500000   -0.300000   output external delay
                                             -0.300000   data required time
---------------------------------------------------------------------------------------------
                                             -0.300000   data required time
                                             -1.855092   data arrival time
---------------------------------------------------------------------------------------------
                                              2.155092   slack (MET)


Startpoint: y[7] (input port clocked by __VIRTUAL_CLK__)
Endpoint: result[7] (output port clocked by __VIRTUAL_CLK__)
Path Group: __VIRTUAL_CLK__
Path Type: min

Fanout         Cap        Slew       Delay        Time   Description
---------------------------------------------------------------------------------------------
                      0.000000    0.000000    0.000000   clock __VIRTUAL_CLK__ (rise edge)
                                  0.200000    0.200000   clock network delay (ideal)
                                  1.000000    1.200000 ^ input external delay
     7    0.019578    0.000000    0.000000    1.200000 ^ y[7] (in)
                                                         y[7] (net)
                      0.000213    0.000106    1.200106 ^ _1485_/A1 (sky130_fd_sc_hd__o21ai_1)
     2    0.006339    0.066048    0.068194    1.268301 v _1485_/Y (sky130_fd_sc_hd__o21ai_1)
                                                         _0610_ (net)
                      0.066048    0.000057    1.268357 v _1487_/B1 (sky130_fd_sc_hd__a21o_1)
     2    0.005056    0.042290    0.167068    1.435425 v _1487_/X (sky130_fd_sc_hd__a21o_1)
                                                         _0612_ (net)
                      0.042290    0.000015    1.435440 v _1712_/B (sky130_fd_sc_hd__nand2_1)
     1    0.004774    0.061433    0.072246    1.507686 ^ _1712_/Y (sky130_fd_sc_hd__nand2_1)
                                                         _0837_ (net)
                      0.061433    0.000003    1.507689 ^ _1713_/B (sky130_fd_sc_hd__xnor2_1)
     5    0.014638    0.172122    0.198865    1.706554 ^ _1713_/Y (sky130_fd_sc_hd__xnor2_1)
                                                         _0838_ (net)
                      0.172122    0.000189    1.706743 ^ _1758_/A2 (sky130_fd_sc_hd__o22ai_1)
     1    0.011358    0.107535    0.149477    1.856220 v _1758_/Y (sky130_fd_sc_hd__o22ai_1)
                                                         result[7] (net)
                      0.107535    0.000099    1.856319 v result[7] (out)
                                              1.856319   data arrival time

                      0.000000    0.000000    0.000000   clock __VIRTUAL_CLK__ (rise edge)
                                  0.200000    0.200000   clock network delay (ideal)
                                  0.000000    0.200000   clock reconvergence pessimism
                                 -0.500000   -0.300000   output external delay
                                             -0.300000   data required time
---------------------------------------------------------------------------------------------
                                             -0.300000   data required time
                                             -1.856319   data arrival time
---------------------------------------------------------------------------------------------
                                              2.156319   slack (MET)


Startpoint: y[15] (input port clocked by __VIRTUAL_CLK__)
Endpoint: result[15] (output port clocked by __VIRTUAL_CLK__)
Path Group: __VIRTUAL_CLK__
Path Type: min

Fanout         Cap        Slew       Delay        Time   Description
---------------------------------------------------------------------------------------------
                      0.000000    0.000000    0.000000   clock __VIRTUAL_CLK__ (rise edge)
                                  0.200000    0.200000   clock network delay (ideal)
                                  1.000000    1.200000 ^ input external delay
     5    0.015407    0.000000    0.000000    1.200000 ^ y[15] (in)
                                                         y[15] (net)
                      0.000186    0.000093    1.200093 ^ _1438_/A0 (sky130_fd_sc_hd__mux2i_1)
     2    0.010469    0.097968    0.086617    1.286711 v _1438_/Y (sky130_fd_sc_hd__mux2i_1)
                                                         _0563_ (net)
                      0.097969    0.000145    1.286856 v _1440_/B (sky130_fd_sc_hd__xnor2_1)
     2    0.007554    0.101297    0.219201    1.506056 ^ _1440_/Y (sky130_fd_sc_hd__xnor2_1)
                                                         _0565_ (net)
                      0.101297    0.000017    1.506074 ^ _1699_/A (sky130_fd_sc_hd__xnor2_1)
     5    0.013607    0.161325    0.203771    1.709845 ^ _1699_/Y (sky130_fd_sc_hd__xnor2_1)
                                                         _0824_ (net)
                      0.161325    0.000078    1.709924 ^ _1782_/A2 (sky130_fd_sc_hd__o22ai_1)
     1    0.011465    0.107184    0.147314    1.857237 v _1782_/Y (sky130_fd_sc_hd__o22ai_1)
                                                         result[15] (net)
                      0.107184    0.000107    1.857344 v result[15] (out)
                                              1.857344   data arrival time

                      0.000000    0.000000    0.000000   clock __VIRTUAL_CLK__ (rise edge)
                                  0.200000    0.200000   clock network delay (ideal)
                                  0.000000    0.200000   clock reconvergence pessimism
                                 -0.500000   -0.300000   output external delay
                                             -0.300000   data required time
---------------------------------------------------------------------------------------------
                                             -0.300000   data required time
                                             -1.857344   data arrival time
---------------------------------------------------------------------------------------------
                                              2.157344   slack (MET)


Startpoint: y[4] (input port clocked by __VIRTUAL_CLK__)
Endpoint: result[5] (output port clocked by __VIRTUAL_CLK__)
Path Group: __VIRTUAL_CLK__
Path Type: min

Fanout         Cap        Slew       Delay        Time   Description
---------------------------------------------------------------------------------------------
                      0.000000    0.000000    0.000000   clock __VIRTUAL_CLK__ (rise edge)
                                  0.200000    0.200000   clock network delay (ideal)
                                  1.000000    1.200000 ^ input external delay
     8    0.025209    0.000000    0.000000    1.200000 ^ y[4] (in)
                                                         y[4] (net)
                      0.000449    0.000224    1.200224 ^ _1506_/A1 (sky130_fd_sc_hd__o221ai_1)
     1    0.002391    0.078976    0.097840    1.298065 v _1506_/Y (sky130_fd_sc_hd__o221ai_1)
                                                         _0631_ (net)
                      0.078976    0.000002    1.298067 v _1532_/A (sky130_fd_sc_hd__nand2_1)
     2    0.007668    0.082735    0.099280    1.397347 ^ _1532_/Y (sky130_fd_sc_hd__nand2_1)
                                                         _0657_ (net)
                      0.082735    0.000025    1.397372 ^ _1716_/B (sky130_fd_sc_hd__xor2_1)
     5    0.015338    0.084176    0.128552    1.525924 v _1716_/X (sky130_fd_sc_hd__xor2_1)
                                                         _0841_ (net)
                      0.084176    0.000226    1.526150 v _1750_/A (sky130_fd_sc_hd__nor2_1)
     1    0.002568    0.075715    0.108030    1.634180 ^ _1750_/Y (sky130_fd_sc_hd__nor2_1)
                                                         _0870_ (net)
                      0.075715    0.000001    1.634181 ^ _1751_/C1 (sky130_fd_sc_hd__a221o_1)
     1    0.002681    0.042035    0.105344    1.739525 ^ _1751_/X (sky130_fd_sc_hd__a221o_1)
                                                         _0871_ (net)
                      0.042035    0.000002    1.739527 ^ _1752_/A2 (sky130_fd_sc_hd__o32ai_1)
     1    0.010965    0.106305    0.121603    1.861130 v _1752_/Y (sky130_fd_sc_hd__o32ai_1)
                                                         result[5] (net)
                      0.106305    0.000069    1.861198 v result[5] (out)
                                              1.861198   data arrival time

                      0.000000    0.000000    0.000000   clock __VIRTUAL_CLK__ (rise edge)
                                  0.200000    0.200000   clock network delay (ideal)
                                  0.000000    0.200000   clock reconvergence pessimism
                                 -0.500000   -0.300000   output external delay
                                             -0.300000   data required time
---------------------------------------------------------------------------------------------
                                             -0.300000   data required time
                                             -1.861198   data arrival time
---------------------------------------------------------------------------------------------
                                              2.161198   slack (MET)


Startpoint: y[27] (input port clocked by __VIRTUAL_CLK__)
Endpoint: result[28] (output port clocked by __VIRTUAL_CLK__)
Path Group: __VIRTUAL_CLK__
Path Type: min

Fanout         Cap        Slew       Delay        Time   Description
---------------------------------------------------------------------------------------------
                      0.000000    0.000000    0.000000   clock __VIRTUAL_CLK__ (rise edge)
                                  0.200000    0.200000   clock network delay (ideal)
                                  1.000000    1.200000 ^ input external delay
     7    0.018378    0.000000    0.000000    1.200000 ^ y[27] (in)
                                                         y[27] (net)
                      0.000227    0.000113    1.200114 ^ _1592_/A0 (sky130_fd_sc_hd__mux2_1)
     3    0.010462    0.102250    0.150460    1.350573 ^ _1592_/X (sky130_fd_sc_hd__mux2_1)
                                                         _0717_ (net)
                      0.102250    0.000156    1.350729 ^ _1652_/A3 (sky130_fd_sc_hd__a32oi_1)
     1    0.002847    0.041927    0.104699    1.455428 v _1652_/Y (sky130_fd_sc_hd__a32oi_1)
                                                         _0777_ (net)
                      0.041927    0.000010    1.455439 v _1654_/B2 (sky130_fd_sc_hd__o22ai_1)
     2    0.005147    0.171699    0.134360    1.589799 ^ _1654_/Y (sky130_fd_sc_hd__o22ai_1)
                                                         _0779_ (net)
                      0.171699    0.000003    1.589803 ^ _1656_/B2 (sky130_fd_sc_hd__o22ai_1)
     2    0.004874    0.067456    0.104194    1.693997 v _1656_/Y (sky130_fd_sc_hd__o22ai_1)
                                                         _0781_ (net)
                      0.067456    0.000008    1.694005 v _1840_/B1 (sky130_fd_sc_hd__o21ai_1)
     1    0.002587    0.073370    0.076234    1.770238 ^ _1840_/Y (sky130_fd_sc_hd__o21ai_1)
                                                         _0939_ (net)
                      0.073370    0.000002    1.770240 ^ _1841_/A1 (sky130_fd_sc_hd__a21oi_1)
     1    0.011051    0.094065    0.106980    1.877220 v _1841_/Y (sky130_fd_sc_hd__a21oi_1)
                                                         result[28] (net)
                      0.094065    0.000072    1.877293 v result[28] (out)
                                              1.877293   data arrival time

                      0.000000    0.000000    0.000000   clock __VIRTUAL_CLK__ (rise edge)
                                  0.200000    0.200000   clock network delay (ideal)
                                  0.000000    0.200000   clock reconvergence pessimism
                                 -0.500000   -0.300000   output external delay
                                             -0.300000   data required time
---------------------------------------------------------------------------------------------
                                             -0.300000   data required time
                                             -1.877293   data arrival time
---------------------------------------------------------------------------------------------
                                              2.177293   slack (MET)


Startpoint: y[11] (input port clocked by __VIRTUAL_CLK__)
Endpoint: result[11] (output port clocked by __VIRTUAL_CLK__)
Path Group: __VIRTUAL_CLK__
Path Type: min

Fanout         Cap        Slew       Delay        Time   Description
---------------------------------------------------------------------------------------------
                      0.000000    0.000000    0.000000   clock __VIRTUAL_CLK__ (rise edge)
                                  0.200000    0.200000   clock network delay (ideal)
                                  1.000000    1.200000 v input external delay
     5    0.015492    0.000000    0.000000    1.200000 v y[11] (in)
                                                         y[11] (net)
                      0.000118    0.000059    1.200059 v _1457_/B1_N (sky130_fd_sc_hd__a21boi_1)
     2    0.004083    0.043187    0.111616    1.311675 v _1457_/Y (sky130_fd_sc_hd__a21boi_1)
                                                         _0582_ (net)
                      0.043187    0.000004    1.311679 v _1459_/A2 (sky130_fd_sc_hd__o21ai_1)
     3    0.008303    0.146057    0.182582    1.494261 ^ _1459_/Y (sky130_fd_sc_hd__o21ai_1)
                                                         _0584_ (net)
                      0.146057    0.000043    1.494304 ^ _1704_/B (sky130_fd_sc_hd__nand3_1)
     1    0.002275    0.050544    0.086884    1.581189 v _1704_/Y (sky130_fd_sc_hd__nand3_1)
                                                         _0829_ (net)
                      0.050544    0.000000    1.581189 v _1705_/B (sky130_fd_sc_hd__nand2_1)
     5    0.015520    0.147447    0.141809    1.722998 ^ _1705_/Y (sky130_fd_sc_hd__nand2_1)
                                                         _0830_ (net)
                      0.147447    0.000169    1.723167 ^ _1770_/B1 (sky130_fd_sc_hd__o32ai_1)
     1    0.012287    0.115826    0.161565    1.884732 v _1770_/Y (sky130_fd_sc_hd__o32ai_1)
                                                         result[11] (net)
                      0.115826    0.000159    1.884891 v result[11] (out)
                                              1.884891   data arrival time

                      0.000000    0.000000    0.000000   clock __VIRTUAL_CLK__ (rise edge)
                                  0.200000    0.200000   clock network delay (ideal)
                                  0.000000    0.200000   clock reconvergence pessimism
                                 -0.500000   -0.300000   output external delay
                                             -0.300000   data required time
---------------------------------------------------------------------------------------------
                                             -0.300000   data required time
                                             -1.884891   data arrival time
---------------------------------------------------------------------------------------------
                                              2.184891   slack (MET)


Startpoint: y[13] (input port clocked by __VIRTUAL_CLK__)
Endpoint: result[14] (output port clocked by __VIRTUAL_CLK__)
Path Group: __VIRTUAL_CLK__
Path Type: min

Fanout         Cap        Slew       Delay        Time   Description
---------------------------------------------------------------------------------------------
                      0.000000    0.000000    0.000000   clock __VIRTUAL_CLK__ (rise edge)
                                  0.200000    0.200000   clock network delay (ideal)
                                  1.000000    1.200000 ^ input external delay
     5    0.014928    0.000000    0.000000    1.200000 ^ y[13] (in)
                                                         y[13] (net)
                      0.000147    0.000074    1.200074 ^ _1449_/A1 (sky130_fd_sc_hd__o21ai_1)
     3    0.011223    0.102597    0.095744    1.295818 v _1449_/Y (sky130_fd_sc_hd__o21ai_1)
                                                         _0574_ (net)
                      0.102597    0.000106    1.295923 v _1450_/B (sky130_fd_sc_hd__nand2_1)
     2    0.005269    0.061075    0.102501    1.398424 ^ _1450_/Y (sky130_fd_sc_hd__nand2_1)
                                                         _0575_ (net)
                      0.061075    0.000008    1.398432 ^ _1548_/A (sky130_fd_sc_hd__nand2_1)
     1    0.004358    0.043282    0.057397    1.455829 v _1548_/Y (sky130_fd_sc_hd__nand2_1)
                                                         _0673_ (net)
                      0.043282    0.000004    1.455833 v _1700_/B (sky130_fd_sc_hd__xor2_1)
     5    0.013321    0.077763    0.178857    1.634691 v _1700_/X (sky130_fd_sc_hd__xor2_1)
                                                         _0825_ (net)
                      0.077763    0.000087    1.634777 v _1779_/B1 (sky130_fd_sc_hd__o32ai_1)
     1    0.011896    0.285931    0.253642    1.888419 ^ _1779_/Y (sky130_fd_sc_hd__o32ai_1)
                                                         result[14] (net)
                      0.285931    0.000138    1.888557 ^ result[14] (out)
                                              1.888557   data arrival time

                      0.000000    0.000000    0.000000   clock __VIRTUAL_CLK__ (rise edge)
                                  0.200000    0.200000   clock network delay (ideal)
                                  0.000000    0.200000   clock reconvergence pessimism
                                 -0.500000   -0.300000   output external delay
                                             -0.300000   data required time
---------------------------------------------------------------------------------------------
                                             -0.300000   data required time
                                             -1.888557   data arrival time
---------------------------------------------------------------------------------------------
                                              2.188557   slack (MET)


Startpoint: y[0] (input port clocked by __VIRTUAL_CLK__)
Endpoint: result[1] (output port clocked by __VIRTUAL_CLK__)
Path Group: __VIRTUAL_CLK__
Path Type: min

Fanout         Cap        Slew       Delay        Time   Description
---------------------------------------------------------------------------------------------
                      0.000000    0.000000    0.000000   clock __VIRTUAL_CLK__ (rise edge)
                                  0.200000    0.200000   clock network delay (ideal)
                                  1.000000    1.200000 v input external delay
     5    0.013431    0.000000    0.000000    1.200000 v y[0] (in)
                                                         y[0] (net)
                      0.000187    0.000093    1.200093 v _1228_/B1 (sky130_fd_sc_hd__a21oi_1)
     1    0.002570    0.102092    0.093567    1.293660 ^ _1228_/Y (sky130_fd_sc_hd__a21oi_1)
                                                         _0353_ (net)
                      0.102092    0.000002    1.293662 ^ _1229_/B1 (sky130_fd_sc_hd__a31oi_1)
     2    0.009698    0.061225    0.079960    1.373622 v _1229_/Y (sky130_fd_sc_hd__a31oi_1)
                                                         _0354_ (net)
                      0.061225    0.000110    1.373732 v _1230_/D (sky130_fd_sc_hd__nand4_1)
     3    0.011092    0.129814    0.144625    1.518357 ^ _1230_/Y (sky130_fd_sc_hd__nand4_1)
                                                         _0355_ (net)
                      0.129814    0.000047    1.518405 ^ _1721_/A (sky130_fd_sc_hd__xnor2_1)
     5    0.017371    0.134937    0.169222    1.687626 v _1721_/Y (sky130_fd_sc_hd__xnor2_1)
                                                         _0846_ (net)
                      0.134937    0.000440    1.688066 v _1740_/A2_N (sky130_fd_sc_hd__o2bb2ai_1)
     1    0.010929    0.100132    0.201466    1.889532 v _1740_/Y (sky130_fd_sc_hd__o2bb2ai_1)
                                                         result[1] (net)
                      0.100132    0.000066    1.889598 v result[1] (out)
                                              1.889598   data arrival time

                      0.000000    0.000000    0.000000   clock __VIRTUAL_CLK__ (rise edge)
                                  0.200000    0.200000   clock network delay (ideal)
                                  0.000000    0.200000   clock reconvergence pessimism
                                 -0.500000   -0.300000   output external delay
                                             -0.300000   data required time
---------------------------------------------------------------------------------------------
                                             -0.300000   data required time
                                             -1.889598   data arrival time
---------------------------------------------------------------------------------------------
                                              2.189598   slack (MET)


Startpoint: y[19] (input port clocked by __VIRTUAL_CLK__)
Endpoint: result[20] (output port clocked by __VIRTUAL_CLK__)
Path Group: __VIRTUAL_CLK__
Path Type: min

Fanout         Cap        Slew       Delay        Time   Description
---------------------------------------------------------------------------------------------
                      0.000000    0.000000    0.000000   clock __VIRTUAL_CLK__ (rise edge)
                                  0.200000    0.200000   clock network delay (ideal)
                                  1.000000    1.200000 ^ input external delay
     5    0.015254    0.000000    0.000000    1.200000 ^ y[19] (in)
                                                         y[19] (net)
                      0.000322    0.000161    1.200161 ^ _1424_/A0 (sky130_fd_sc_hd__mux2i_1)
     3    0.009948    0.096829    0.083758    1.283919 v _1424_/Y (sky130_fd_sc_hd__mux2i_1)
                                                         _0549_ (net)
                      0.096829    0.000038    1.283957 v _1425_/B (sky130_fd_sc_hd__nand2_1)
     2    0.005131    0.059137    0.099034    1.382992 ^ _1425_/Y (sky130_fd_sc_hd__nand2_1)
                                                         _0550_ (net)
                      0.059137    0.000007    1.382998 ^ _1560_/A (sky130_fd_sc_hd__nand2_1)
     1    0.004291    0.042492    0.056484    1.439483 v _1560_/Y (sky130_fd_sc_hd__nand2_1)
                                                         _0685_ (net)
                      0.042492    0.000003    1.439485 v _1693_/B (sky130_fd_sc_hd__xor2_1)
     5    0.013992    0.079437    0.181104    1.620590 v _1693_/X (sky130_fd_sc_hd__xor2_1)
                                                         _0818_ (net)
                      0.079437    0.000223    1.620812 v _1797_/A2 (sky130_fd_sc_hd__o22ai_1)
     1    0.011375    0.285880    0.270891    1.891703 ^ _1797_/Y (sky130_fd_sc_hd__o22ai_1)
                                                         result[20] (net)
                      0.285880    0.000100    1.891803 ^ result[20] (out)
                                              1.891803   data arrival time

                      0.000000    0.000000    0.000000   clock __VIRTUAL_CLK__ (rise edge)
                                  0.200000    0.200000   clock network delay (ideal)
                                  0.000000    0.200000   clock reconvergence pessimism
                                 -0.500000   -0.300000   output external delay
                                             -0.300000   data required time
---------------------------------------------------------------------------------------------
                                             -0.300000   data required time
                                             -1.891803   data arrival time
---------------------------------------------------------------------------------------------
                                              2.191803   slack (MET)


Startpoint: x[6] (input port clocked by __VIRTUAL_CLK__)
Endpoint: result[6] (output port clocked by __VIRTUAL_CLK__)
Path Group: __VIRTUAL_CLK__
Path Type: min

Fanout         Cap        Slew       Delay        Time   Description
---------------------------------------------------------------------------------------------
                      0.000000    0.000000    0.000000   clock __VIRTUAL_CLK__ (rise edge)
                                  0.200000    0.200000   clock network delay (ideal)
                                  1.000000    1.200000 ^ input external delay
     6    0.018769    0.000000    0.000000    1.200000 ^ x[6] (in)
                                                         x[6] (net)
                      0.000203    0.000101    1.200101 ^ _1492_/A1 (sky130_fd_sc_hd__o21ai_1)
     1    0.004399    0.053984    0.056974    1.257075 v _1492_/Y (sky130_fd_sc_hd__o21ai_1)
                                                         _0617_ (net)
                      0.053984    0.000006    1.257081 v _1535_/B (sky130_fd_sc_hd__xor2_1)
     3    0.011117    0.253962    0.240346    1.497427 ^ _1535_/X (sky130_fd_sc_hd__xor2_1)
                                                         _0660_ (net)
                      0.253962    0.000081    1.497509 ^ _1714_/B (sky130_fd_sc_hd__xnor2_1)
     5    0.015821    0.185185    0.250454    1.747963 ^ _1714_/Y (sky130_fd_sc_hd__xnor2_1)
                                                         _0839_ (net)
                      0.185185    0.000242    1.748204 ^ _1755_/A2 (sky130_fd_sc_hd__o22ai_1)
     1    0.011063    0.106844    0.151107    1.899311 v _1755_/Y (sky130_fd_sc_hd__o22ai_1)
                                                         result[6] (net)
                      0.106844    0.000075    1.899386 v result[6] (out)
                                              1.899386   data arrival time

                      0.000000    0.000000    0.000000   clock __VIRTUAL_CLK__ (rise edge)
                                  0.200000    0.200000   clock network delay (ideal)
                                  0.000000    0.200000   clock reconvergence pessimism
                                 -0.500000   -0.300000   output external delay
                                             -0.300000   data required time
---------------------------------------------------------------------------------------------
                                             -0.300000   data required time
                                             -1.899386   data arrival time
---------------------------------------------------------------------------------------------
                                              2.199386   slack (MET)


Startpoint: y[2] (input port clocked by __VIRTUAL_CLK__)
Endpoint: result[2] (output port clocked by __VIRTUAL_CLK__)
Path Group: __VIRTUAL_CLK__
Path Type: min

Fanout         Cap        Slew       Delay        Time   Description
---------------------------------------------------------------------------------------------
                      0.000000    0.000000    0.000000   clock __VIRTUAL_CLK__ (rise edge)
                                  0.200000    0.200000   clock network delay (ideal)
                                  1.000000    1.200000 ^ input external delay
     7    0.021158    0.000000    0.000000    1.200000 ^ y[2] (in)
                                                         y[2] (net)
                      0.000247    0.000124    1.200124 ^ _1513_/B1 (sky130_fd_sc_hd__o21ai_1)
     2    0.004578    0.055428    0.050893    1.251016 v _1513_/Y (sky130_fd_sc_hd__o21ai_1)
                                                         _0638_ (net)
                      0.055428    0.000009    1.251026 v _1518_/C1 (sky130_fd_sc_hd__o221ai_1)
     3    0.008074    0.124836    0.103763    1.354789 ^ _1518_/Y (sky130_fd_sc_hd__o221ai_1)
                                                         _0643_ (net)
                      0.124836    0.000028    1.354817 ^ _1718_/B1 (sky130_fd_sc_hd__o21ai_1)
     1    0.004404    0.045199    0.091638    1.446455 v _1718_/Y (sky130_fd_sc_hd__o21ai_1)
                                                         _0843_ (net)
                      0.045199    0.000006    1.446461 v _1719_/B (sky130_fd_sc_hd__xor2_1)
     5    0.018562    0.096745    0.197227    1.643688 v _1719_/X (sky130_fd_sc_hd__xor2_1)
                                                         _0844_ (net)
                      0.096745    0.000462    1.644150 v _1743_/B1 (sky130_fd_sc_hd__o32ai_1)
     1    0.011521    0.279144    0.255227    1.899377 ^ _1743_/Y (sky130_fd_sc_hd__o32ai_1)
                                                         result[2] (net)
                      0.279144    0.000110    1.899487 ^ result[2] (out)
                                              1.899487   data arrival time

                      0.000000    0.000000    0.000000   clock __VIRTUAL_CLK__ (rise edge)
                                  0.200000    0.200000   clock network delay (ideal)
                                  0.000000    0.200000   clock reconvergence pessimism
                                 -0.500000   -0.300000   output external delay
                                             -0.300000   data required time
---------------------------------------------------------------------------------------------
                                             -0.300000   data required time
                                             -1.899487   data arrival time
---------------------------------------------------------------------------------------------
                                              2.199487   slack (MET)


Startpoint: y[8] (input port clocked by __VIRTUAL_CLK__)
Endpoint: result[8] (output port clocked by __VIRTUAL_CLK__)
Path Group: __VIRTUAL_CLK__
Path Type: min

Fanout         Cap        Slew       Delay        Time   Description
---------------------------------------------------------------------------------------------
                      0.000000    0.000000    0.000000   clock __VIRTUAL_CLK__ (rise edge)
                                  0.200000    0.200000   clock network delay (ideal)
                                  1.000000    1.200000 v input external delay
     5    0.012893    0.000000    0.000000    1.200000 v y[8] (in)
                                                         y[8] (net)
                      0.000171    0.000086    1.200086 v _1479_/A1 (sky130_fd_sc_hd__o21ai_1)
     3    0.007583    0.136805    0.167997    1.368083 ^ _1479_/Y (sky130_fd_sc_hd__o21ai_1)
                                                         _0604_ (net)
                      0.136805    0.000042    1.368125 ^ _1480_/B1 (sky130_fd_sc_hd__o21ai_1)
     3    0.008664    0.070420    0.120680    1.488805 v _1480_/Y (sky130_fd_sc_hd__o21ai_1)
                                                         _0605_ (net)
                      0.070420    0.000006    1.488811 v _1710_/A (sky130_fd_sc_hd__nand2_1)
     1    0.004777    0.058018    0.077085    1.565896 ^ _1710_/Y (sky130_fd_sc_hd__nand2_1)
                                                         _0835_ (net)
                      0.058018    0.000003    1.565899 ^ _1711_/B (sky130_fd_sc_hd__xnor2_1)
     5    0.013219    0.156991    0.187283    1.753181 ^ _1711_/Y (sky130_fd_sc_hd__xnor2_1)
                                                         _0836_ (net)
                      0.156991    0.000082    1.753264 ^ _1761_/A2 (sky130_fd_sc_hd__o22ai_1)
     1    0.011736    0.108609    0.147729    1.900992 v _1761_/Y (sky130_fd_sc_hd__o22ai_1)
                                                         result[8] (net)
                      0.108609    0.000129    1.901121 v result[8] (out)
                                              1.901121   data arrival time

                      0.000000    0.000000    0.000000   clock __VIRTUAL_CLK__ (rise edge)
                                  0.200000    0.200000   clock network delay (ideal)
                                  0.000000    0.200000   clock reconvergence pessimism
                                 -0.500000   -0.300000   output external delay
                                             -0.300000   data required time
---------------------------------------------------------------------------------------------
                                             -0.300000   data required time
                                             -1.901121   data arrival time
---------------------------------------------------------------------------------------------
                                              2.201121   slack (MET)



