
===========================================================================
report_checks -path_delay min (Hold)
============================================================================
======================= nom_tt_025C_1v80 Corner ===================================

Startpoint: y[31] (input port clocked by __VIRTUAL_CLK__)
Endpoint: result[31] (output port clocked by __VIRTUAL_CLK__)
Path Group: __VIRTUAL_CLK__
Path Type: min

Fanout         Cap        Slew       Delay        Time   Description
---------------------------------------------------------------------------------------------
                      0.000000    0.000000    0.000000   clock __VIRTUAL_CLK__ (rise edge)
                                  0.200000    0.200000   clock network delay (ideal)
                                  1.000000    1.200000 ^ input external delay
     1    0.003687    0.000000    0.000000    1.200000 ^ y[31] (in)
                                                         y[31] (net)
                      0.000029    0.000015    1.200015 ^ input57/A (sky130_fd_sc_hd__clkbuf_4)
     5    0.041702    0.133161    0.184076    1.384090 ^ input57/X (sky130_fd_sc_hd__clkbuf_4)
                                                         net57 (net)
                      0.133161    0.000203    1.384293 ^ _1925_/A1 (sky130_fd_sc_hd__a211oi_1)
     1    0.003071    0.033175    0.089076    1.473369 v _1925_/Y (sky130_fd_sc_hd__a211oi_1)
                                                         _0082_ (net)
                      0.033175    0.000013    1.473381 v _1927_/B2 (sky130_fd_sc_hd__o2bb2ai_1)
     1    0.005105    0.080988    0.145752    1.619134 ^ _1927_/Y (sky130_fd_sc_hd__o2bb2ai_1)
                                                         net89 (net)
                      0.080988    0.000071    1.619204 ^ output89/A (sky130_fd_sc_hd__buf_1)
     1    0.013327    0.162902    0.174740    1.793944 ^ output89/X (sky130_fd_sc_hd__buf_1)
                                                         result[31] (net)
                      0.162903    0.000247    1.794191 ^ result[31] (out)
                                              1.794191   data arrival time

                      0.000000    0.000000    0.000000   clock __VIRTUAL_CLK__ (rise edge)
                                  0.200000    0.200000   clock network delay (ideal)
                                  0.000000    0.200000   clock reconvergence pessimism
                                 -0.500000   -0.300000   output external delay
                                             -0.300000   data required time
---------------------------------------------------------------------------------------------
                                             -0.300000   data required time
                                             -1.794191   data arrival time
---------------------------------------------------------------------------------------------
                                              2.094191   slack (MET)


Startpoint: y[28] (input port clocked by __VIRTUAL_CLK__)
Endpoint: result[5] (output port clocked by __VIRTUAL_CLK__)
Path Group: __VIRTUAL_CLK__
Path Type: min

Fanout         Cap        Slew       Delay        Time   Description
---------------------------------------------------------------------------------------------
                      0.000000    0.000000    0.000000   clock __VIRTUAL_CLK__ (rise edge)
                                  0.200000    0.200000   clock network delay (ideal)
                                  1.000000    1.200000 ^ input external delay
     1    0.004077    0.000000    0.000000    1.200000 ^ y[28] (in)
                                                         y[28] (net)
                      0.000046    0.000023    1.200023 ^ input53/A (sky130_fd_sc_hd__clkbuf_4)
     6    0.039834    0.127932    0.180231    1.380254 ^ input53/X (sky130_fd_sc_hd__clkbuf_4)
                                                         net53 (net)
                      0.127932    0.000320    1.380575 ^ _0970_/C (sky130_fd_sc_hd__nor4_4)
     3    0.023095    0.053702    0.083873    1.464448 v _0970_/Y (sky130_fd_sc_hd__nor4_4)
                                                         _0095_ (net)
                      0.053702    0.000027    1.464475 v _0973_/C (sky130_fd_sc_hd__nand3b_4)
    20    0.067734    0.212489    0.193887    1.658362 ^ _0973_/Y (sky130_fd_sc_hd__nand3b_4)
                                                         _0098_ (net)
                      0.212536    0.002599    1.660961 ^ _1752_/B2 (sky130_fd_sc_hd__o32ai_1)
     1    0.002194    0.046493    0.100282    1.761243 v _1752_/Y (sky130_fd_sc_hd__o32ai_1)
                                                         net92 (net)
                      0.046493    0.000002    1.761244 v output92/A (sky130_fd_sc_hd__buf_1)
     1    0.010953    0.069638    0.124965    1.886209 v output92/X (sky130_fd_sc_hd__buf_1)
                                                         result[5] (net)
                      0.069638    0.000065    1.886274 v result[5] (out)
                                              1.886274   data arrival time

                      0.000000    0.000000    0.000000   clock __VIRTUAL_CLK__ (rise edge)
                                  0.200000    0.200000   clock network delay (ideal)
                                  0.000000    0.200000   clock reconvergence pessimism
                                 -0.500000   -0.300000   output external delay
                                             -0.300000   data required time
---------------------------------------------------------------------------------------------
                                             -0.300000   data required time
                                             -1.886274   data arrival time
---------------------------------------------------------------------------------------------
                                              2.186274   slack (MET)


Startpoint: y[28] (input port clocked by __VIRTUAL_CLK__)
Endpoint: result[0] (output port clocked by __VIRTUAL_CLK__)
Path Group: __VIRTUAL_CLK__
Path Type: min

Fanout         Cap        Slew       Delay        Time   Description
---------------------------------------------------------------------------------------------
                      0.000000    0.000000    0.000000   clock __VIRTUAL_CLK__ (rise edge)
                                  0.200000    0.200000   clock network delay (ideal)
                                  1.000000    1.200000 ^ input external delay
     1    0.004077    0.000000    0.000000    1.200000 ^ y[28] (in)
                                                         y[28] (net)
                      0.000046    0.000023    1.200023 ^ input53/A (sky130_fd_sc_hd__clkbuf_4)
     6    0.039834    0.127932    0.180231    1.380254 ^ input53/X (sky130_fd_sc_hd__clkbuf_4)
                                                         net53 (net)
                      0.127932    0.000320    1.380575 ^ _0970_/C (sky130_fd_sc_hd__nor4_4)
     3    0.023095    0.053702    0.083873    1.464448 v _0970_/Y (sky130_fd_sc_hd__nor4_4)
                                                         _0095_ (net)
                      0.053702    0.000027    1.464475 v _0973_/C (sky130_fd_sc_hd__nand3b_4)
    20    0.067734    0.212489    0.193887    1.658362 ^ _0973_/Y (sky130_fd_sc_hd__nand3b_4)
                                                         _0098_ (net)
                      0.212536    0.002609    1.660971 ^ _1737_/B2 (sky130_fd_sc_hd__o32ai_1)
     1    0.002420    0.049995    0.102146    1.763116 v _1737_/Y (sky130_fd_sc_hd__o32ai_1)
                                                         net65 (net)
                      0.049995    0.000006    1.763123 v output65/A (sky130_fd_sc_hd__buf_1)
     1    0.010874    0.069212    0.126174    1.889296 v output65/X (sky130_fd_sc_hd__buf_1)
                                                         result[0] (net)
                      0.069212    0.000061    1.889357 v result[0] (out)
                                              1.889357   data arrival time

                      0.000000    0.000000    0.000000   clock __VIRTUAL_CLK__ (rise edge)
                                  0.200000    0.200000   clock network delay (ideal)
                                  0.000000    0.200000   clock reconvergence pessimism
                                 -0.500000   -0.300000   output external delay
                                             -0.300000   data required time
---------------------------------------------------------------------------------------------
                                             -0.300000   data required time
                                             -1.889357   data arrival time
---------------------------------------------------------------------------------------------
                                              2.189358   slack (MET)


Startpoint: y[28] (input port clocked by __VIRTUAL_CLK__)
Endpoint: result[2] (output port clocked by __VIRTUAL_CLK__)
Path Group: __VIRTUAL_CLK__
Path Type: min

Fanout         Cap        Slew       Delay        Time   Description
---------------------------------------------------------------------------------------------
                      0.000000    0.000000    0.000000   clock __VIRTUAL_CLK__ (rise edge)
                                  0.200000    0.200000   clock network delay (ideal)
                                  1.000000    1.200000 ^ input external delay
     1    0.004077    0.000000    0.000000    1.200000 ^ y[28] (in)
                                                         y[28] (net)
                      0.000046    0.000023    1.200023 ^ input53/A (sky130_fd_sc_hd__clkbuf_4)
     6    0.039834    0.127932    0.180231    1.380254 ^ input53/X (sky130_fd_sc_hd__clkbuf_4)
                                                         net53 (net)
                      0.127932    0.000320    1.380575 ^ _0970_/C (sky130_fd_sc_hd__nor4_4)
     3    0.023095    0.053702    0.083873    1.464448 v _0970_/Y (sky130_fd_sc_hd__nor4_4)
                                                         _0095_ (net)
                      0.053702    0.000027    1.464475 v _0973_/C (sky130_fd_sc_hd__nand3b_4)
    20    0.067734    0.212489    0.193887    1.658362 ^ _0973_/Y (sky130_fd_sc_hd__nand3b_4)
                                                         _0098_ (net)
                      0.212533    0.002532    1.660895 ^ _1743_/B2 (sky130_fd_sc_hd__o32ai_1)
     1    0.002839    0.051366    0.105404    1.766299 v _1743_/Y (sky130_fd_sc_hd__o32ai_1)
                                                         net87 (net)
                      0.051366    0.000012    1.766312 v output87/A (sky130_fd_sc_hd__buf_1)
     1    0.010839    0.069024    0.126630    1.892942 v output87/X (sky130_fd_sc_hd__buf_1)
                                                         result[2] (net)
                      0.069024    0.000060    1.893001 v result[2] (out)
                                              1.893001   data arrival time

                      0.000000    0.000000    0.000000   clock __VIRTUAL_CLK__ (rise edge)
                                  0.200000    0.200000   clock network delay (ideal)
                                  0.000000    0.200000   clock reconvergence pessimism
                                 -0.500000   -0.300000   output external delay
                                             -0.300000   data required time
---------------------------------------------------------------------------------------------
                                             -0.300000   data required time
                                             -1.893001   data arrival time
---------------------------------------------------------------------------------------------
                                              2.193001   slack (MET)


Startpoint: y[28] (input port clocked by __VIRTUAL_CLK__)
Endpoint: result[13] (output port clocked by __VIRTUAL_CLK__)
Path Group: __VIRTUAL_CLK__
Path Type: min

Fanout         Cap        Slew       Delay        Time   Description
---------------------------------------------------------------------------------------------
                      0.000000    0.000000    0.000000   clock __VIRTUAL_CLK__ (rise edge)
                                  0.200000    0.200000   clock network delay (ideal)
                                  1.000000    1.200000 ^ input external delay
     1    0.004077    0.000000    0.000000    1.200000 ^ y[28] (in)
                                                         y[28] (net)
                      0.000046    0.000023    1.200023 ^ input53/A (sky130_fd_sc_hd__clkbuf_4)
     6    0.039834    0.127932    0.180231    1.380254 ^ input53/X (sky130_fd_sc_hd__clkbuf_4)
                                                         net53 (net)
                      0.127932    0.000320    1.380575 ^ _0970_/C (sky130_fd_sc_hd__nor4_4)
     3    0.023095    0.053702    0.083873    1.464448 v _0970_/Y (sky130_fd_sc_hd__nor4_4)
                                                         _0095_ (net)
                      0.053702    0.000027    1.464475 v _0973_/C (sky130_fd_sc_hd__nand3b_4)
    20    0.067734    0.212489    0.193887    1.658362 ^ _0973_/Y (sky130_fd_sc_hd__nand3b_4)
                                                         _0098_ (net)
                      0.212538    0.002661    1.661024 ^ _1776_/B2 (sky130_fd_sc_hd__o32ai_1)
     1    0.002942    0.051963    0.106200    1.767223 v _1776_/Y (sky130_fd_sc_hd__o32ai_1)
                                                         net69 (net)
                      0.051963    0.000015    1.767238 v output69/A (sky130_fd_sc_hd__buf_1)
     1    0.010874    0.069217    0.127039    1.894277 v output69/X (sky130_fd_sc_hd__buf_1)
                                                         result[13] (net)
                      0.069217    0.000061    1.894339 v result[13] (out)
                                              1.894339   data arrival time

                      0.000000    0.000000    0.000000   clock __VIRTUAL_CLK__ (rise edge)
                                  0.200000    0.200000   clock network delay (ideal)
                                  0.000000    0.200000   clock reconvergence pessimism
                                 -0.500000   -0.300000   output external delay
                                             -0.300000   data required time
---------------------------------------------------------------------------------------------
                                             -0.300000   data required time
                                             -1.894339   data arrival time
---------------------------------------------------------------------------------------------
                                              2.194339   slack (MET)


Startpoint: y[28] (input port clocked by __VIRTUAL_CLK__)
Endpoint: result[19] (output port clocked by __VIRTUAL_CLK__)
Path Group: __VIRTUAL_CLK__
Path Type: min

Fanout         Cap        Slew       Delay        Time   Description
---------------------------------------------------------------------------------------------
                      0.000000    0.000000    0.000000   clock __VIRTUAL_CLK__ (rise edge)
                                  0.200000    0.200000   clock network delay (ideal)
                                  1.000000    1.200000 ^ input external delay
     1    0.004077    0.000000    0.000000    1.200000 ^ y[28] (in)
                                                         y[28] (net)
                      0.000046    0.000023    1.200023 ^ input53/A (sky130_fd_sc_hd__clkbuf_4)
     6    0.039834    0.127932    0.180231    1.380254 ^ input53/X (sky130_fd_sc_hd__clkbuf_4)
                                                         net53 (net)
                      0.127932    0.000320    1.380575 ^ _0970_/C (sky130_fd_sc_hd__nor4_4)
     3    0.023095    0.053702    0.083873    1.464448 v _0970_/Y (sky130_fd_sc_hd__nor4_4)
                                                         _0095_ (net)
                      0.053702    0.000027    1.464475 v _0973_/C (sky130_fd_sc_hd__nand3b_4)
    20    0.067734    0.212489    0.193887    1.658362 ^ _0973_/Y (sky130_fd_sc_hd__nand3b_4)
                                                         _0098_ (net)
                      0.212527    0.002345    1.660708 ^ _1794_/B2 (sky130_fd_sc_hd__o32ai_1)
     1    0.002730    0.050428    0.104555    1.765263 v _1794_/Y (sky130_fd_sc_hd__o32ai_1)
                                                         net75 (net)
                      0.050428    0.000008    1.765271 v output75/A (sky130_fd_sc_hd__buf_1)
     1    0.011547    0.072911    0.129185    1.894456 v output75/X (sky130_fd_sc_hd__buf_1)
                                                         result[19] (net)
                      0.072911    0.000093    1.894549 v result[19] (out)
                                              1.894549   data arrival time

                      0.000000    0.000000    0.000000   clock __VIRTUAL_CLK__ (rise edge)
                                  0.200000    0.200000   clock network delay (ideal)
                                  0.000000    0.200000   clock reconvergence pessimism
                                 -0.500000   -0.300000   output external delay
                                             -0.300000   data required time
---------------------------------------------------------------------------------------------
                                             -0.300000   data required time
                                             -1.894549   data arrival time
---------------------------------------------------------------------------------------------
                                              2.194549   slack (MET)


Startpoint: y[28] (input port clocked by __VIRTUAL_CLK__)
Endpoint: result[14] (output port clocked by __VIRTUAL_CLK__)
Path Group: __VIRTUAL_CLK__
Path Type: min

Fanout         Cap        Slew       Delay        Time   Description
---------------------------------------------------------------------------------------------
                      0.000000    0.000000    0.000000   clock __VIRTUAL_CLK__ (rise edge)
                                  0.200000    0.200000   clock network delay (ideal)
                                  1.000000    1.200000 ^ input external delay
     1    0.004077    0.000000    0.000000    1.200000 ^ y[28] (in)
                                                         y[28] (net)
                      0.000046    0.000023    1.200023 ^ input53/A (sky130_fd_sc_hd__clkbuf_4)
     6    0.039834    0.127932    0.180231    1.380254 ^ input53/X (sky130_fd_sc_hd__clkbuf_4)
                                                         net53 (net)
                      0.127932    0.000320    1.380575 ^ _0970_/C (sky130_fd_sc_hd__nor4_4)
     3    0.023095    0.053702    0.083873    1.464448 v _0970_/Y (sky130_fd_sc_hd__nor4_4)
                                                         _0095_ (net)
                      0.053702    0.000027    1.464475 v _0973_/C (sky130_fd_sc_hd__nand3b_4)
    20    0.067734    0.212489    0.193887    1.658362 ^ _0973_/Y (sky130_fd_sc_hd__nand3b_4)
                                                         _0098_ (net)
                      0.212517    0.002016    1.660379 ^ _1779_/B2 (sky130_fd_sc_hd__o32ai_1)
     1    0.003383    0.054051    0.109620    1.769998 v _1779_/Y (sky130_fd_sc_hd__o32ai_1)
                                                         net70 (net)
                      0.054051    0.000024    1.770023 v output70/A (sky130_fd_sc_hd__buf_1)
     1    0.010878    0.069247    0.127981    1.898004 v output70/X (sky130_fd_sc_hd__buf_1)
                                                         result[14] (net)
                      0.069247    0.000062    1.898066 v result[14] (out)
                                              1.898066   data arrival time

                      0.000000    0.000000    0.000000   clock __VIRTUAL_CLK__ (rise edge)
                                  0.200000    0.200000   clock network delay (ideal)
                                  0.000000    0.200000   clock reconvergence pessimism
                                 -0.500000   -0.300000   output external delay
                                             -0.300000   data required time
---------------------------------------------------------------------------------------------
                                             -0.300000   data required time
                                             -1.898066   data arrival time
---------------------------------------------------------------------------------------------
                                              2.198066   slack (MET)


Startpoint: y[28] (input port clocked by __VIRTUAL_CLK__)
Endpoint: result[6] (output port clocked by __VIRTUAL_CLK__)
Path Group: __VIRTUAL_CLK__
Path Type: min

Fanout         Cap        Slew       Delay        Time   Description
---------------------------------------------------------------------------------------------
                      0.000000    0.000000    0.000000   clock __VIRTUAL_CLK__ (rise edge)
                                  0.200000    0.200000   clock network delay (ideal)
                                  1.000000    1.200000 ^ input external delay
     1    0.004077    0.000000    0.000000    1.200000 ^ y[28] (in)
                                                         y[28] (net)
                      0.000046    0.000023    1.200023 ^ input53/A (sky130_fd_sc_hd__clkbuf_4)
     6    0.039834    0.127932    0.180231    1.380254 ^ input53/X (sky130_fd_sc_hd__clkbuf_4)
                                                         net53 (net)
                      0.127932    0.000320    1.380575 ^ _0970_/C (sky130_fd_sc_hd__nor4_4)
     3    0.023095    0.053702    0.083873    1.464448 v _0970_/Y (sky130_fd_sc_hd__nor4_4)
                                                         _0095_ (net)
                      0.053702    0.000027    1.464475 v _0973_/C (sky130_fd_sc_hd__nand3b_4)
    20    0.067734    0.212489    0.193887    1.658362 ^ _0973_/Y (sky130_fd_sc_hd__nand3b_4)
                                                         _0098_ (net)
                      0.212535    0.002569    1.660932 ^ _1755_/A1 (sky130_fd_sc_hd__o22ai_1)
     1    0.002330    0.042523    0.116631    1.777562 v _1755_/Y (sky130_fd_sc_hd__o22ai_1)
                                                         net93 (net)
                      0.042523    0.000004    1.777566 v output93/A (sky130_fd_sc_hd__buf_1)
     1    0.010839    0.069000    0.122739    1.900306 v output93/X (sky130_fd_sc_hd__buf_1)
                                                         result[6] (net)
                      0.069000    0.000060    1.900365 v result[6] (out)
                                              1.900365   data arrival time

                      0.000000    0.000000    0.000000   clock __VIRTUAL_CLK__ (rise edge)
                                  0.200000    0.200000   clock network delay (ideal)
                                  0.000000    0.200000   clock reconvergence pessimism
                                 -0.500000   -0.300000   output external delay
                                             -0.300000   data required time
---------------------------------------------------------------------------------------------
                                             -0.300000   data required time
                                             -1.900365   data arrival time
---------------------------------------------------------------------------------------------
                                              2.200366   slack (MET)


Startpoint: y[28] (input port clocked by __VIRTUAL_CLK__)
Endpoint: result[21] (output port clocked by __VIRTUAL_CLK__)
Path Group: __VIRTUAL_CLK__
Path Type: min

Fanout         Cap        Slew       Delay        Time   Description
---------------------------------------------------------------------------------------------
                      0.000000    0.000000    0.000000   clock __VIRTUAL_CLK__ (rise edge)
                                  0.200000    0.200000   clock network delay (ideal)
                                  1.000000    1.200000 ^ input external delay
     1    0.004077    0.000000    0.000000    1.200000 ^ y[28] (in)
                                                         y[28] (net)
                      0.000046    0.000023    1.200023 ^ input53/A (sky130_fd_sc_hd__clkbuf_4)
     6    0.039834    0.127932    0.180231    1.380254 ^ input53/X (sky130_fd_sc_hd__clkbuf_4)
                                                         net53 (net)
                      0.127932    0.000320    1.380575 ^ _0970_/C (sky130_fd_sc_hd__nor4_4)
     3    0.023095    0.053702    0.083873    1.464448 v _0970_/Y (sky130_fd_sc_hd__nor4_4)
                                                         _0095_ (net)
                      0.053702    0.000027    1.464475 v _0973_/C (sky130_fd_sc_hd__nand3b_4)
    20    0.067734    0.212489    0.193887    1.658362 ^ _0973_/Y (sky130_fd_sc_hd__nand3b_4)
                                                         _0098_ (net)
                      0.212525    0.002286    1.660648 ^ _1800_/A1 (sky130_fd_sc_hd__o22ai_1)
     1    0.002290    0.042171    0.116333    1.776981 v _1800_/Y (sky130_fd_sc_hd__o22ai_1)
                                                         net78 (net)
                      0.042171    0.000004    1.776985 v output78/A (sky130_fd_sc_hd__buf_1)
     1    0.011270    0.071368    0.124391    1.901376 v output78/X (sky130_fd_sc_hd__buf_1)
                                                         result[21] (net)
                      0.071368    0.000080    1.901456 v result[21] (out)
                                              1.901456   data arrival time

                      0.000000    0.000000    0.000000   clock __VIRTUAL_CLK__ (rise edge)
                                  0.200000    0.200000   clock network delay (ideal)
                                  0.000000    0.200000   clock reconvergence pessimism
                                 -0.500000   -0.300000   output external delay
                                             -0.300000   data required time
---------------------------------------------------------------------------------------------
                                             -0.300000   data required time
                                             -1.901456   data arrival time
---------------------------------------------------------------------------------------------
                                              2.201456   slack (MET)


Startpoint: y[28] (input port clocked by __VIRTUAL_CLK__)
Endpoint: result[11] (output port clocked by __VIRTUAL_CLK__)
Path Group: __VIRTUAL_CLK__
Path Type: min

Fanout         Cap        Slew       Delay        Time   Description
---------------------------------------------------------------------------------------------
                      0.000000    0.000000    0.000000   clock __VIRTUAL_CLK__ (rise edge)
                                  0.200000    0.200000   clock network delay (ideal)
                                  1.000000    1.200000 ^ input external delay
     1    0.004077    0.000000    0.000000    1.200000 ^ y[28] (in)
                                                         y[28] (net)
                      0.000046    0.000023    1.200023 ^ input53/A (sky130_fd_sc_hd__clkbuf_4)
     6    0.039834    0.127932    0.180231    1.380254 ^ input53/X (sky130_fd_sc_hd__clkbuf_4)
                                                         net53 (net)
                      0.127932    0.000320    1.380575 ^ _0970_/C (sky130_fd_sc_hd__nor4_4)
     3    0.023095    0.053702    0.083873    1.464448 v _0970_/Y (sky130_fd_sc_hd__nor4_4)
                                                         _0095_ (net)
                      0.053702    0.000027    1.464475 v _0973_/C (sky130_fd_sc_hd__nand3b_4)
    20    0.067734    0.212489    0.193887    1.658362 ^ _0973_/Y (sky130_fd_sc_hd__nand3b_4)
                                                         _0098_ (net)
                      0.212539    0.002676    1.661039 ^ _1770_/B2 (sky130_fd_sc_hd__o32ai_1)
     1    0.003606    0.056396    0.111360    1.772398 v _1770_/Y (sky130_fd_sc_hd__o32ai_1)
                                                         net67 (net)
                      0.056396    0.000026    1.772424 v output67/A (sky130_fd_sc_hd__buf_1)
     1    0.010953    0.069660    0.129336    1.901760 v output67/X (sky130_fd_sc_hd__buf_1)
                                                         result[11] (net)
                      0.069660    0.000065    1.901825 v result[11] (out)
                                              1.901825   data arrival time

                      0.000000    0.000000    0.000000   clock __VIRTUAL_CLK__ (rise edge)
                                  0.200000    0.200000   clock network delay (ideal)
                                  0.000000    0.200000   clock reconvergence pessimism
                                 -0.500000   -0.300000   output external delay
                                             -0.300000   data required time
---------------------------------------------------------------------------------------------
                                             -0.300000   data required time
                                             -1.901825   data arrival time
---------------------------------------------------------------------------------------------
                                              2.201825   slack (MET)


Startpoint: y[28] (input port clocked by __VIRTUAL_CLK__)
Endpoint: result[15] (output port clocked by __VIRTUAL_CLK__)
Path Group: __VIRTUAL_CLK__
Path Type: min

Fanout         Cap        Slew       Delay        Time   Description
---------------------------------------------------------------------------------------------
                      0.000000    0.000000    0.000000   clock __VIRTUAL_CLK__ (rise edge)
                                  0.200000    0.200000   clock network delay (ideal)
                                  1.000000    1.200000 ^ input external delay
     1    0.004077    0.000000    0.000000    1.200000 ^ y[28] (in)
                                                         y[28] (net)
                      0.000046    0.000023    1.200023 ^ input53/A (sky130_fd_sc_hd__clkbuf_4)
     6    0.039834    0.127932    0.180231    1.380254 ^ input53/X (sky130_fd_sc_hd__clkbuf_4)
                                                         net53 (net)
                      0.127932    0.000320    1.380575 ^ _0970_/C (sky130_fd_sc_hd__nor4_4)
     3    0.023095    0.053702    0.083873    1.464448 v _0970_/Y (sky130_fd_sc_hd__nor4_4)
                                                         _0095_ (net)
                      0.053702    0.000027    1.464475 v _0973_/C (sky130_fd_sc_hd__nand3b_4)
    20    0.067734    0.212489    0.193887    1.658362 ^ _0973_/Y (sky130_fd_sc_hd__nand3b_4)
                                                         _0098_ (net)
                      0.212533    0.002529    1.660892 ^ _1782_/A1 (sky130_fd_sc_hd__o22ai_1)
     1    0.002690    0.043253    0.119288    1.780179 v _1782_/Y (sky130_fd_sc_hd__o22ai_1)
                                                         net71 (net)
                      0.043253    0.000011    1.780190 v output71/A (sky130_fd_sc_hd__buf_1)
     1    0.010874    0.069194    0.123208    1.903397 v output71/X (sky130_fd_sc_hd__buf_1)
                                                         result[15] (net)
                      0.069194    0.000061    1.903459 v result[15] (out)
                                              1.903459   data arrival time

                      0.000000    0.000000    0.000000   clock __VIRTUAL_CLK__ (rise edge)
                                  0.200000    0.200000   clock network delay (ideal)
                                  0.000000    0.200000   clock reconvergence pessimism
                                 -0.500000   -0.300000   output external delay
                                             -0.300000   data required time
---------------------------------------------------------------------------------------------
                                             -0.300000   data required time
                                             -1.903459   data arrival time
---------------------------------------------------------------------------------------------
                                              2.203459   slack (MET)


Startpoint: y[28] (input port clocked by __VIRTUAL_CLK__)
Endpoint: result[20] (output port clocked by __VIRTUAL_CLK__)
Path Group: __VIRTUAL_CLK__
Path Type: min

Fanout         Cap        Slew       Delay        Time   Description
---------------------------------------------------------------------------------------------
                      0.000000    0.000000    0.000000   clock __VIRTUAL_CLK__ (rise edge)
                                  0.200000    0.200000   clock network delay (ideal)
                                  1.000000    1.200000 ^ input external delay
     1    0.004077    0.000000    0.000000    1.200000 ^ y[28] (in)
                                                         y[28] (net)
                      0.000046    0.000023    1.200023 ^ input53/A (sky130_fd_sc_hd__clkbuf_4)
     6    0.039834    0.127932    0.180231    1.380254 ^ input53/X (sky130_fd_sc_hd__clkbuf_4)
                                                         net53 (net)
                      0.127932    0.000320    1.380575 ^ _0970_/C (sky130_fd_sc_hd__nor4_4)
     3    0.023095    0.053702    0.083873    1.464448 v _0970_/Y (sky130_fd_sc_hd__nor4_4)
                                                         _0095_ (net)
                      0.053702    0.000027    1.464475 v _0973_/C (sky130_fd_sc_hd__nand3b_4)
    20    0.067734    0.212489    0.193887    1.658362 ^ _0973_/Y (sky130_fd_sc_hd__nand3b_4)
                                                         _0098_ (net)
                      0.212520    0.002138    1.660501 ^ _1797_/A1 (sky130_fd_sc_hd__o22ai_1)
     1    0.002489    0.048924    0.117819    1.778319 v _1797_/Y (sky130_fd_sc_hd__o22ai_1)
                                                         net77 (net)
                      0.048924    0.000007    1.778326 v output77/A (sky130_fd_sc_hd__buf_1)
     1    0.011260    0.071334    0.127319    1.905645 v output77/X (sky130_fd_sc_hd__buf_1)
                                                         result[20] (net)
                      0.071334    0.000085    1.905730 v result[20] (out)
                                              1.905730   data arrival time

                      0.000000    0.000000    0.000000   clock __VIRTUAL_CLK__ (rise edge)
                                  0.200000    0.200000   clock network delay (ideal)
                                  0.000000    0.200000   clock reconvergence pessimism
                                 -0.500000   -0.300000   output external delay
                                             -0.300000   data required time
---------------------------------------------------------------------------------------------
                                             -0.300000   data required time
                                             -1.905730   data arrival time
---------------------------------------------------------------------------------------------
                                              2.205730   slack (MET)


Startpoint: y[28] (input port clocked by __VIRTUAL_CLK__)
Endpoint: result[7] (output port clocked by __VIRTUAL_CLK__)
Path Group: __VIRTUAL_CLK__
Path Type: min

Fanout         Cap        Slew       Delay        Time   Description
---------------------------------------------------------------------------------------------
                      0.000000    0.000000    0.000000   clock __VIRTUAL_CLK__ (rise edge)
                                  0.200000    0.200000   clock network delay (ideal)
                                  1.000000    1.200000 ^ input external delay
     1    0.004077    0.000000    0.000000    1.200000 ^ y[28] (in)
                                                         y[28] (net)
                      0.000046    0.000023    1.200023 ^ input53/A (sky130_fd_sc_hd__clkbuf_4)
     6    0.039834    0.127932    0.180231    1.380254 ^ input53/X (sky130_fd_sc_hd__clkbuf_4)
                                                         net53 (net)
                      0.127932    0.000320    1.380575 ^ _0970_/C (sky130_fd_sc_hd__nor4_4)
     3    0.023095    0.053702    0.083873    1.464448 v _0970_/Y (sky130_fd_sc_hd__nor4_4)
                                                         _0095_ (net)
                      0.053702    0.000027    1.464475 v _0973_/C (sky130_fd_sc_hd__nand3b_4)
    20    0.067734    0.212489    0.193887    1.658362 ^ _0973_/Y (sky130_fd_sc_hd__nand3b_4)
                                                         _0098_ (net)
                      0.212539    0.002676    1.661038 ^ _1758_/A1 (sky130_fd_sc_hd__o22ai_1)
     1    0.002845    0.044739    0.120345    1.781383 v _1758_/Y (sky130_fd_sc_hd__o22ai_1)
                                                         net94 (net)
                      0.044739    0.000011    1.781394 v output94/A (sky130_fd_sc_hd__buf_1)
     1    0.011339    0.071760    0.125810    1.907204 v output94/X (sky130_fd_sc_hd__buf_1)
                                                         result[7] (net)
                      0.071760    0.000089    1.907292 v result[7] (out)
                                              1.907292   data arrival time

                      0.000000    0.000000    0.000000   clock __VIRTUAL_CLK__ (rise edge)
                                  0.200000    0.200000   clock network delay (ideal)
                                  0.000000    0.200000   clock reconvergence pessimism
                                 -0.500000   -0.300000   output external delay
                                             -0.300000   data required time
---------------------------------------------------------------------------------------------
                                             -0.300000   data required time
                                             -1.907292   data arrival time
---------------------------------------------------------------------------------------------
                                              2.207292   slack (MET)


Startpoint: y[28] (input port clocked by __VIRTUAL_CLK__)
Endpoint: result[8] (output port clocked by __VIRTUAL_CLK__)
Path Group: __VIRTUAL_CLK__
Path Type: min

Fanout         Cap        Slew       Delay        Time   Description
---------------------------------------------------------------------------------------------
                      0.000000    0.000000    0.000000   clock __VIRTUAL_CLK__ (rise edge)
                                  0.200000    0.200000   clock network delay (ideal)
                                  1.000000    1.200000 ^ input external delay
     1    0.004077    0.000000    0.000000    1.200000 ^ y[28] (in)
                                                         y[28] (net)
                      0.000046    0.000023    1.200023 ^ input53/A (sky130_fd_sc_hd__clkbuf_4)
     6    0.039834    0.127932    0.180231    1.380254 ^ input53/X (sky130_fd_sc_hd__clkbuf_4)
                                                         net53 (net)
                      0.127932    0.000320    1.380575 ^ _0970_/C (sky130_fd_sc_hd__nor4_4)
     3    0.023095    0.053702    0.083873    1.464448 v _0970_/Y (sky130_fd_sc_hd__nor4_4)
                                                         _0095_ (net)
                      0.053702    0.000027    1.464475 v _0973_/C (sky130_fd_sc_hd__nand3b_4)
    20    0.067734    0.212489    0.193887    1.658362 ^ _0973_/Y (sky130_fd_sc_hd__nand3b_4)
                                                         _0098_ (net)
                      0.212538    0.002670    1.661032 ^ _1761_/A1 (sky130_fd_sc_hd__o22ai_1)
     1    0.003382    0.047546    0.123988    1.785020 v _1761_/Y (sky130_fd_sc_hd__o22ai_1)
                                                         net95 (net)
                      0.047546    0.000021    1.785041 v output95/A (sky130_fd_sc_hd__buf_1)
     1    0.011032    0.070076    0.125760    1.910801 v output95/X (sky130_fd_sc_hd__buf_1)
                                                         result[8] (net)
                      0.070076    0.000069    1.910870 v result[8] (out)
                                              1.910870   data arrival time

                      0.000000    0.000000    0.000000   clock __VIRTUAL_CLK__ (rise edge)
                                  0.200000    0.200000   clock network delay (ideal)
                                  0.000000    0.200000   clock reconvergence pessimism
                                 -0.500000   -0.300000   output external delay
                                             -0.300000   data required time
---------------------------------------------------------------------------------------------
                                             -0.300000   data required time
                                             -1.910870   data arrival time
---------------------------------------------------------------------------------------------
                                              2.210870   slack (MET)


Startpoint: x[23] (input port clocked by __VIRTUAL_CLK__)
Endpoint: result[1] (output port clocked by __VIRTUAL_CLK__)
Path Group: __VIRTUAL_CLK__
Path Type: min

Fanout         Cap        Slew       Delay        Time   Description
---------------------------------------------------------------------------------------------
                      0.000000    0.000000    0.000000   clock __VIRTUAL_CLK__ (rise edge)
                                  0.200000    0.200000   clock network delay (ideal)
                                  1.000000    1.200000 ^ input external delay
     1    0.004178    0.000000    0.000000    1.200000 ^ x[23] (in)
                                                         x[23] (net)
                      0.000053    0.000027    1.200027 ^ input16/A (sky130_fd_sc_hd__clkbuf_4)
     7    0.039076    0.125833    0.178604    1.378630 ^ input16/X (sky130_fd_sc_hd__clkbuf_4)
                                                         net16 (net)
                      0.125833    0.000234    1.378864 ^ _0966_/D (sky130_fd_sc_hd__nor4_2)
     1    0.020820    0.065093    0.091812    1.470676 v _0966_/Y (sky130_fd_sc_hd__nor4_2)
                                                         _0091_ (net)
                      0.065096    0.000513    1.471189 v _0968_/A (sky130_fd_sc_hd__nand2_8)
    12    0.052900    0.097455    0.110670    1.581859 ^ _0968_/Y (sky130_fd_sc_hd__nand2_8)
                                                         _0093_ (net)
                      0.097458    0.000434    1.582293 ^ _0972_/A (sky130_fd_sc_hd__nor2_4)
    15    0.046194    0.070007    0.089560    1.671853 v _0972_/Y (sky130_fd_sc_hd__nor2_4)
                                                         _0097_ (net)
                      0.070044    0.001264    1.673117 v _1740_/A1_N (sky130_fd_sc_hd__o2bb2ai_1)
     1    0.002240    0.039309    0.126772    1.799890 v _1740_/Y (sky130_fd_sc_hd__o2bb2ai_1)
                                                         net76 (net)
                      0.039309    0.000002    1.799892 v output76/A (sky130_fd_sc_hd__buf_1)
     1    0.010953    0.069619    0.121804    1.921696 v output76/X (sky130_fd_sc_hd__buf_1)
                                                         result[1] (net)
                      0.069619    0.000065    1.921761 v result[1] (out)
                                              1.921761   data arrival time

                      0.000000    0.000000    0.000000   clock __VIRTUAL_CLK__ (rise edge)
                                  0.200000    0.200000   clock network delay (ideal)
                                  0.000000    0.200000   clock reconvergence pessimism
                                 -0.500000   -0.300000   output external delay
                                             -0.300000   data required time
---------------------------------------------------------------------------------------------
                                             -0.300000   data required time
                                             -1.921761   data arrival time
---------------------------------------------------------------------------------------------
                                              2.221761   slack (MET)


Startpoint: x[23] (input port clocked by __VIRTUAL_CLK__)
Endpoint: result[12] (output port clocked by __VIRTUAL_CLK__)
Path Group: __VIRTUAL_CLK__
Path Type: min

Fanout         Cap        Slew       Delay        Time   Description
---------------------------------------------------------------------------------------------
                      0.000000    0.000000    0.000000   clock __VIRTUAL_CLK__ (rise edge)
                                  0.200000    0.200000   clock network delay (ideal)
                                  1.000000    1.200000 ^ input external delay
     1    0.004178    0.000000    0.000000    1.200000 ^ x[23] (in)
                                                         x[23] (net)
                      0.000053    0.000027    1.200027 ^ input16/A (sky130_fd_sc_hd__clkbuf_4)
     7    0.039076    0.125833    0.178604    1.378630 ^ input16/X (sky130_fd_sc_hd__clkbuf_4)
                                                         net16 (net)
                      0.125833    0.000234    1.378864 ^ _0966_/D (sky130_fd_sc_hd__nor4_2)
     1    0.020820    0.065093    0.091812    1.470676 v _0966_/Y (sky130_fd_sc_hd__nor4_2)
                                                         _0091_ (net)
                      0.065096    0.000513    1.471189 v _0968_/A (sky130_fd_sc_hd__nand2_8)
    12    0.052900    0.097455    0.110670    1.581859 ^ _0968_/Y (sky130_fd_sc_hd__nand2_8)
                                                         _0093_ (net)
                      0.097458    0.000434    1.582293 ^ _0972_/A (sky130_fd_sc_hd__nor2_4)
    15    0.046194    0.070007    0.089560    1.671853 v _0972_/Y (sky130_fd_sc_hd__nor2_4)
                                                         _0097_ (net)
                      0.070047    0.001324    1.673178 v _1773_/A1_N (sky130_fd_sc_hd__o2bb2ai_1)
     1    0.002302    0.040377    0.127175    1.800352 v _1773_/Y (sky130_fd_sc_hd__o2bb2ai_1)
                                                         net68 (net)
                      0.040377    0.000004    1.800356 v output68/A (sky130_fd_sc_hd__buf_1)
     1    0.010874    0.069187    0.121942    1.922298 v output68/X (sky130_fd_sc_hd__buf_1)
                                                         result[12] (net)
                      0.069187    0.000061    1.922359 v result[12] (out)
                                              1.922359   data arrival time

                      0.000000    0.000000    0.000000   clock __VIRTUAL_CLK__ (rise edge)
                                  0.200000    0.200000   clock network delay (ideal)
                                  0.000000    0.200000   clock reconvergence pessimism
                                 -0.500000   -0.300000   output external delay
                                             -0.300000   data required time
---------------------------------------------------------------------------------------------
                                             -0.300000   data required time
                                             -1.922359   data arrival time
---------------------------------------------------------------------------------------------
                                              2.222359   slack (MET)


Startpoint: x[23] (input port clocked by __VIRTUAL_CLK__)
Endpoint: result[10] (output port clocked by __VIRTUAL_CLK__)
Path Group: __VIRTUAL_CLK__
Path Type: min

Fanout         Cap        Slew       Delay        Time   Description
---------------------------------------------------------------------------------------------
                      0.000000    0.000000    0.000000   clock __VIRTUAL_CLK__ (rise edge)
                                  0.200000    0.200000   clock network delay (ideal)
                                  1.000000    1.200000 ^ input external delay
     1    0.004178    0.000000    0.000000    1.200000 ^ x[23] (in)
                                                         x[23] (net)
                      0.000053    0.000027    1.200027 ^ input16/A (sky130_fd_sc_hd__clkbuf_4)
     7    0.039076    0.125833    0.178604    1.378630 ^ input16/X (sky130_fd_sc_hd__clkbuf_4)
                                                         net16 (net)
                      0.125833    0.000234    1.378864 ^ _0966_/D (sky130_fd_sc_hd__nor4_2)
     1    0.020820    0.065093    0.091812    1.470676 v _0966_/Y (sky130_fd_sc_hd__nor4_2)
                                                         _0091_ (net)
                      0.065096    0.000513    1.471189 v _0968_/A (sky130_fd_sc_hd__nand2_8)
    12    0.052900    0.097455    0.110670    1.581859 ^ _0968_/Y (sky130_fd_sc_hd__nand2_8)
                                                         _0093_ (net)
                      0.097458    0.000434    1.582293 ^ _0972_/A (sky130_fd_sc_hd__nor2_4)
    15    0.046194    0.070007    0.089560    1.671853 v _0972_/Y (sky130_fd_sc_hd__nor2_4)
                                                         _0097_ (net)
                      0.070052    0.001402    1.673255 v _1767_/A1_N (sky130_fd_sc_hd__o2bb2ai_1)
     1    0.002293    0.038311    0.127119    1.800374 v _1767_/Y (sky130_fd_sc_hd__o2bb2ai_1)
                                                         net66 (net)
                      0.038311    0.000004    1.800378 v output66/A (sky130_fd_sc_hd__buf_1)
     1    0.011292    0.071485    0.122778    1.923156 v output66/X (sky130_fd_sc_hd__buf_1)
                                                         result[10] (net)
                      0.071485    0.000093    1.923249 v result[10] (out)
                                              1.923249   data arrival time

                      0.000000    0.000000    0.000000   clock __VIRTUAL_CLK__ (rise edge)
                                  0.200000    0.200000   clock network delay (ideal)
                                  0.000000    0.200000   clock reconvergence pessimism
                                 -0.500000   -0.300000   output external delay
                                             -0.300000   data required time
---------------------------------------------------------------------------------------------
                                             -0.300000   data required time
                                             -1.923249   data arrival time
---------------------------------------------------------------------------------------------
                                              2.223249   slack (MET)


Startpoint: x[23] (input port clocked by __VIRTUAL_CLK__)
Endpoint: result[9] (output port clocked by __VIRTUAL_CLK__)
Path Group: __VIRTUAL_CLK__
Path Type: min

Fanout         Cap        Slew       Delay        Time   Description
---------------------------------------------------------------------------------------------
                      0.000000    0.000000    0.000000   clock __VIRTUAL_CLK__ (rise edge)
                                  0.200000    0.200000   clock network delay (ideal)
                                  1.000000    1.200000 ^ input external delay
     1    0.004178    0.000000    0.000000    1.200000 ^ x[23] (in)
                                                         x[23] (net)
                      0.000053    0.000027    1.200027 ^ input16/A (sky130_fd_sc_hd__clkbuf_4)
     7    0.039076    0.125833    0.178604    1.378630 ^ input16/X (sky130_fd_sc_hd__clkbuf_4)
                                                         net16 (net)
                      0.125833    0.000234    1.378864 ^ _0966_/D (sky130_fd_sc_hd__nor4_2)
     1    0.020820    0.065093    0.091812    1.470676 v _0966_/Y (sky130_fd_sc_hd__nor4_2)
                                                         _0091_ (net)
                      0.065096    0.000513    1.471189 v _0968_/A (sky130_fd_sc_hd__nand2_8)
    12    0.052900    0.097455    0.110670    1.581859 ^ _0968_/Y (sky130_fd_sc_hd__nand2_8)
                                                         _0093_ (net)
                      0.097458    0.000434    1.582293 ^ _0972_/A (sky130_fd_sc_hd__nor2_4)
    15    0.046194    0.070007    0.089560    1.671853 v _0972_/Y (sky130_fd_sc_hd__nor2_4)
                                                         _0097_ (net)
                      0.070051    0.001381    1.673234 v _1764_/A1_N (sky130_fd_sc_hd__o2bb2ai_1)
     1    0.002337    0.040420    0.127409    1.800643 v _1764_/Y (sky130_fd_sc_hd__o2bb2ai_1)
                                                         net96 (net)
                      0.040420    0.000004    1.800647 v output96/A (sky130_fd_sc_hd__buf_1)
     1    0.011027    0.070032    0.122601    1.923249 v output96/X (sky130_fd_sc_hd__buf_1)
                                                         result[9] (net)
                      0.070032    0.000074    1.923322 v result[9] (out)
                                              1.923322   data arrival time

                      0.000000    0.000000    0.000000   clock __VIRTUAL_CLK__ (rise edge)
                                  0.200000    0.200000   clock network delay (ideal)
                                  0.000000    0.200000   clock reconvergence pessimism
                                 -0.500000   -0.300000   output external delay
                                             -0.300000   data required time
---------------------------------------------------------------------------------------------
                                             -0.300000   data required time
                                             -1.923322   data arrival time
---------------------------------------------------------------------------------------------
                                              2.223322   slack (MET)


Startpoint: x[23] (input port clocked by __VIRTUAL_CLK__)
Endpoint: result[4] (output port clocked by __VIRTUAL_CLK__)
Path Group: __VIRTUAL_CLK__
Path Type: min

Fanout         Cap        Slew       Delay        Time   Description
---------------------------------------------------------------------------------------------
                      0.000000    0.000000    0.000000   clock __VIRTUAL_CLK__ (rise edge)
                                  0.200000    0.200000   clock network delay (ideal)
                                  1.000000    1.200000 ^ input external delay
     1    0.004178    0.000000    0.000000    1.200000 ^ x[23] (in)
                                                         x[23] (net)
                      0.000053    0.000027    1.200027 ^ input16/A (sky130_fd_sc_hd__clkbuf_4)
     7    0.039076    0.125833    0.178604    1.378630 ^ input16/X (sky130_fd_sc_hd__clkbuf_4)
                                                         net16 (net)
                      0.125833    0.000234    1.378864 ^ _0966_/D (sky130_fd_sc_hd__nor4_2)
     1    0.020820    0.065093    0.091812    1.470676 v _0966_/Y (sky130_fd_sc_hd__nor4_2)
                                                         _0091_ (net)
                      0.065096    0.000513    1.471189 v _0968_/A (sky130_fd_sc_hd__nand2_8)
    12    0.052900    0.097455    0.110670    1.581859 ^ _0968_/Y (sky130_fd_sc_hd__nand2_8)
                                                         _0093_ (net)
                      0.097458    0.000434    1.582293 ^ _0972_/A (sky130_fd_sc_hd__nor2_4)
    15    0.046194    0.070007    0.089560    1.671853 v _0972_/Y (sky130_fd_sc_hd__nor2_4)
                                                         _0097_ (net)
                      0.070052    0.001393    1.673247 v _1749_/A1_N (sky130_fd_sc_hd__o2bb2ai_1)
     1    0.002562    0.040326    0.128880    1.802127 v _1749_/Y (sky130_fd_sc_hd__o2bb2ai_1)
                                                         net91 (net)
                      0.040326    0.000005    1.802132 v output91/A (sky130_fd_sc_hd__buf_1)
     1    0.011309    0.071582    0.123746    1.925878 v output91/X (sky130_fd_sc_hd__buf_1)
                                                         result[4] (net)
                      0.071582    0.000082    1.925960 v result[4] (out)
                                              1.925960   data arrival time

                      0.000000    0.000000    0.000000   clock __VIRTUAL_CLK__ (rise edge)
                                  0.200000    0.200000   clock network delay (ideal)
                                  0.000000    0.200000   clock reconvergence pessimism
                                 -0.500000   -0.300000   output external delay
                                             -0.300000   data required time
---------------------------------------------------------------------------------------------
                                             -0.300000   data required time
                                             -1.925960   data arrival time
---------------------------------------------------------------------------------------------
                                              2.225960   slack (MET)


Startpoint: x[23] (input port clocked by __VIRTUAL_CLK__)
Endpoint: result[3] (output port clocked by __VIRTUAL_CLK__)
Path Group: __VIRTUAL_CLK__
Path Type: min

Fanout         Cap        Slew       Delay        Time   Description
---------------------------------------------------------------------------------------------
                      0.000000    0.000000    0.000000   clock __VIRTUAL_CLK__ (rise edge)
                                  0.200000    0.200000   clock network delay (ideal)
                                  1.000000    1.200000 ^ input external delay
     1    0.004178    0.000000    0.000000    1.200000 ^ x[23] (in)
                                                         x[23] (net)
                      0.000053    0.000027    1.200027 ^ input16/A (sky130_fd_sc_hd__clkbuf_4)
     7    0.039076    0.125833    0.178604    1.378630 ^ input16/X (sky130_fd_sc_hd__clkbuf_4)
                                                         net16 (net)
                      0.125833    0.000234    1.378864 ^ _0966_/D (sky130_fd_sc_hd__nor4_2)
     1    0.020820    0.065093    0.091812    1.470676 v _0966_/Y (sky130_fd_sc_hd__nor4_2)
                                                         _0091_ (net)
                      0.065096    0.000513    1.471189 v _0968_/A (sky130_fd_sc_hd__nand2_8)
    12    0.052900    0.097455    0.110670    1.581859 ^ _0968_/Y (sky130_fd_sc_hd__nand2_8)
                                                         _0093_ (net)
                      0.097458    0.000434    1.582293 ^ _0972_/A (sky130_fd_sc_hd__nor2_4)
    15    0.046194    0.070007    0.089560    1.671853 v _0972_/Y (sky130_fd_sc_hd__nor2_4)
                                                         _0097_ (net)
                      0.070052    0.001399    1.673252 v _1746_/A1_N (sky130_fd_sc_hd__o2bb2ai_1)
     1    0.002522    0.041962    0.128621    1.801873 v _1746_/Y (sky130_fd_sc_hd__o2bb2ai_1)
                                                         net90 (net)
                      0.041962    0.000005    1.801878 v output90/A (sky130_fd_sc_hd__buf_1)
     1    0.011349    0.071804    0.124632    1.926510 v output90/X (sky130_fd_sc_hd__buf_1)
                                                         result[3] (net)
                      0.071804    0.000083    1.926594 v result[3] (out)
                                              1.926594   data arrival time

                      0.000000    0.000000    0.000000   clock __VIRTUAL_CLK__ (rise edge)
                                  0.200000    0.200000   clock network delay (ideal)
                                  0.000000    0.200000   clock reconvergence pessimism
                                 -0.500000   -0.300000   output external delay
                                             -0.300000   data required time
---------------------------------------------------------------------------------------------
                                             -0.300000   data required time
                                             -1.926594   data arrival time
---------------------------------------------------------------------------------------------
                                              2.226594   slack (MET)


Startpoint: x[29] (input port clocked by __VIRTUAL_CLK__)
Endpoint: result[29] (output port clocked by __VIRTUAL_CLK__)
Path Group: __VIRTUAL_CLK__
Path Type: min

Fanout         Cap        Slew       Delay        Time   Description
---------------------------------------------------------------------------------------------
                      0.000000    0.000000    0.000000   clock __VIRTUAL_CLK__ (rise edge)
                                  0.200000    0.200000   clock network delay (ideal)
                                  1.000000    1.200000 v input external delay
     1    0.006071    0.000000    0.000000    1.200000 v x[29] (in)
                                                         x[29] (net)
                      0.000073    0.000036    1.200036 v input22/A (sky130_fd_sc_hd__clkbuf_8)
    12    0.070830    0.087217    0.170900    1.370936 v input22/X (sky130_fd_sc_hd__clkbuf_8)
                                                         net22 (net)
                      0.087225    0.000839    1.371776 v _1587_/A1 (sky130_fd_sc_hd__o21bai_2)
     3    0.010053    0.076909    0.192428    1.564204 ^ _1587_/Y (sky130_fd_sc_hd__o21bai_2)
                                                         _0712_ (net)
                      0.076909    0.000134    1.564338 ^ _1651_/A1 (sky130_fd_sc_hd__o21ai_1)
     2    0.006650    0.068639    0.094243    1.658580 v _1651_/Y (sky130_fd_sc_hd__o21ai_1)
                                                         _0776_ (net)
                      0.068639    0.000002    1.658582 v _1842_/B1 (sky130_fd_sc_hd__o21ai_1)
     1    0.002650    0.074305    0.077381    1.735963 ^ _1842_/Y (sky130_fd_sc_hd__o21ai_1)
                                                         _0941_ (net)
                      0.074305    0.000004    1.735967 ^ _1843_/A1 (sky130_fd_sc_hd__a21oi_1)
     1    0.002949    0.045171    0.064058    1.800024 v _1843_/Y (sky130_fd_sc_hd__a21oi_1)
                                                         net86 (net)
                      0.045171    0.000010    1.800034 v output86/A (sky130_fd_sc_hd__buf_1)
     1    0.011943    0.075078    0.128532    1.928565 v output86/X (sky130_fd_sc_hd__buf_1)
                                                         result[29] (net)
                      0.075078    0.000113    1.928678 v result[29] (out)
                                              1.928678   data arrival time

                      0.000000    0.000000    0.000000   clock __VIRTUAL_CLK__ (rise edge)
                                  0.200000    0.200000   clock network delay (ideal)
                                  0.000000    0.200000   clock reconvergence pessimism
                                 -0.500000   -0.300000   output external delay
                                             -0.300000   data required time
---------------------------------------------------------------------------------------------
                                             -0.300000   data required time
                                             -1.928678   data arrival time
---------------------------------------------------------------------------------------------
                                              2.228678   slack (MET)


Startpoint: x[23] (input port clocked by __VIRTUAL_CLK__)
Endpoint: result[18] (output port clocked by __VIRTUAL_CLK__)
Path Group: __VIRTUAL_CLK__
Path Type: min

Fanout         Cap        Slew       Delay        Time   Description
---------------------------------------------------------------------------------------------
                      0.000000    0.000000    0.000000   clock __VIRTUAL_CLK__ (rise edge)
                                  0.200000    0.200000   clock network delay (ideal)
                                  1.000000    1.200000 ^ input external delay
     1    0.004178    0.000000    0.000000    1.200000 ^ x[23] (in)
                                                         x[23] (net)
                      0.000053    0.000027    1.200027 ^ input16/A (sky130_fd_sc_hd__clkbuf_4)
     7    0.039076    0.125833    0.178604    1.378630 ^ input16/X (sky130_fd_sc_hd__clkbuf_4)
                                                         net16 (net)
                      0.125833    0.000234    1.378864 ^ _0966_/D (sky130_fd_sc_hd__nor4_2)
     1    0.020820    0.065093    0.091812    1.470676 v _0966_/Y (sky130_fd_sc_hd__nor4_2)
                                                         _0091_ (net)
                      0.065096    0.000513    1.471189 v _0968_/A (sky130_fd_sc_hd__nand2_8)
    12    0.052900    0.097455    0.110670    1.581859 ^ _0968_/Y (sky130_fd_sc_hd__nand2_8)
                                                         _0093_ (net)
                      0.097458    0.000434    1.582293 ^ _0972_/A (sky130_fd_sc_hd__nor2_4)
    15    0.046194    0.070007    0.089560    1.671853 v _0972_/Y (sky130_fd_sc_hd__nor2_4)
                                                         _0097_ (net)
                      0.070035    0.001104    1.672957 v _1791_/A1_N (sky130_fd_sc_hd__o2bb2ai_1)
     1    0.002760    0.043727    0.130120    1.803077 v _1791_/Y (sky130_fd_sc_hd__o2bb2ai_1)
                                                         net74 (net)
                      0.043727    0.000007    1.803085 v output74/A (sky130_fd_sc_hd__buf_1)
     1    0.011428    0.072243    0.125740    1.928825 v output74/X (sky130_fd_sc_hd__buf_1)
                                                         result[18] (net)
                      0.072243    0.000087    1.928912 v result[18] (out)
                                              1.928912   data arrival time

                      0.000000    0.000000    0.000000   clock __VIRTUAL_CLK__ (rise edge)
                                  0.200000    0.200000   clock network delay (ideal)
                                  0.000000    0.200000   clock reconvergence pessimism
                                 -0.500000   -0.300000   output external delay
                                             -0.300000   data required time
---------------------------------------------------------------------------------------------
                                             -0.300000   data required time
                                             -1.928912   data arrival time
---------------------------------------------------------------------------------------------
                                              2.228912   slack (MET)


Startpoint: y[28] (input port clocked by __VIRTUAL_CLK__)
Endpoint: result[16] (output port clocked by __VIRTUAL_CLK__)
Path Group: __VIRTUAL_CLK__
Path Type: min

Fanout         Cap        Slew       Delay        Time   Description
---------------------------------------------------------------------------------------------
                      0.000000    0.000000    0.000000   clock __VIRTUAL_CLK__ (rise edge)
                                  0.200000    0.200000   clock network delay (ideal)
                                  1.000000    1.200000 ^ input external delay
     1    0.004077    0.000000    0.000000    1.200000 ^ y[28] (in)
                                                         y[28] (net)
                      0.000046    0.000023    1.200023 ^ input53/A (sky130_fd_sc_hd__clkbuf_4)
     6    0.039834    0.127932    0.180231    1.380254 ^ input53/X (sky130_fd_sc_hd__clkbuf_4)
                                                         net53 (net)
                      0.127932    0.000320    1.380575 ^ _0970_/C (sky130_fd_sc_hd__nor4_4)
     3    0.023095    0.053702    0.083873    1.464448 v _0970_/Y (sky130_fd_sc_hd__nor4_4)
                                                         _0095_ (net)
                      0.053702    0.000027    1.464475 v _0973_/C (sky130_fd_sc_hd__nand3b_4)
    20    0.067734    0.212489    0.193887    1.658362 ^ _0973_/Y (sky130_fd_sc_hd__nand3b_4)
                                                         _0098_ (net)
                      0.212516    0.002005    1.660367 ^ _1785_/B1 (sky130_fd_sc_hd__o32ai_1)
     1    0.004517    0.061612    0.135741    1.796108 v _1785_/Y (sky130_fd_sc_hd__o32ai_1)
                                                         net72 (net)
                      0.061612    0.000043    1.796151 v output72/A (sky130_fd_sc_hd__buf_1)
     1    0.011349    0.071840    0.133313    1.929464 v output72/X (sky130_fd_sc_hd__buf_1)
                                                         result[16] (net)
                      0.071840    0.000083    1.929547 v result[16] (out)
                                              1.929547   data arrival time

                      0.000000    0.000000    0.000000   clock __VIRTUAL_CLK__ (rise edge)
                                  0.200000    0.200000   clock network delay (ideal)
                                  0.000000    0.200000   clock reconvergence pessimism
                                 -0.500000   -0.300000   output external delay
                                             -0.300000   data required time
---------------------------------------------------------------------------------------------
                                             -0.300000   data required time
                                             -1.929547   data arrival time
---------------------------------------------------------------------------------------------
                                              2.229548   slack (MET)


Startpoint: x[23] (input port clocked by __VIRTUAL_CLK__)
Endpoint: result[17] (output port clocked by __VIRTUAL_CLK__)
Path Group: __VIRTUAL_CLK__
Path Type: min

Fanout         Cap        Slew       Delay        Time   Description
---------------------------------------------------------------------------------------------
                      0.000000    0.000000    0.000000   clock __VIRTUAL_CLK__ (rise edge)
                                  0.200000    0.200000   clock network delay (ideal)
                                  1.000000    1.200000 ^ input external delay
     1    0.004178    0.000000    0.000000    1.200000 ^ x[23] (in)
                                                         x[23] (net)
                      0.000053    0.000027    1.200027 ^ input16/A (sky130_fd_sc_hd__clkbuf_4)
     7    0.039076    0.125833    0.178604    1.378630 ^ input16/X (sky130_fd_sc_hd__clkbuf_4)
                                                         net16 (net)
                      0.125833    0.000234    1.378864 ^ _0966_/D (sky130_fd_sc_hd__nor4_2)
     1    0.020820    0.065093    0.091812    1.470676 v _0966_/Y (sky130_fd_sc_hd__nor4_2)
                                                         _0091_ (net)
                      0.065096    0.000513    1.471189 v _0968_/A (sky130_fd_sc_hd__nand2_8)
    12    0.052900    0.097455    0.110670    1.581859 ^ _0968_/Y (sky130_fd_sc_hd__nand2_8)
                                                         _0093_ (net)
                      0.097458    0.000434    1.582293 ^ _0972_/A (sky130_fd_sc_hd__nor2_4)
    15    0.046194    0.070007    0.089560    1.671853 v _0972_/Y (sky130_fd_sc_hd__nor2_4)
                                                         _0097_ (net)
                      0.070041    0.001214    1.673067 v _1788_/A1_N (sky130_fd_sc_hd__o2bb2ai_1)
     1    0.002834    0.044317    0.130569    1.803636 v _1788_/Y (sky130_fd_sc_hd__o2bb2ai_1)
                                                         net73 (net)
                      0.044317    0.000008    1.803645 v output73/A (sky130_fd_sc_hd__buf_1)
     1    0.011468    0.072462    0.126165    1.929809 v output73/X (sky130_fd_sc_hd__buf_1)
                                                         result[17] (net)
                      0.072462    0.000089    1.929899 v result[17] (out)
                                              1.929899   data arrival time

                      0.000000    0.000000    0.000000   clock __VIRTUAL_CLK__ (rise edge)
                                  0.200000    0.200000   clock network delay (ideal)
                                  0.000000    0.200000   clock reconvergence pessimism
                                 -0.500000   -0.300000   output external delay
                                             -0.300000   data required time
---------------------------------------------------------------------------------------------
                                             -0.300000   data required time
                                             -1.929899   data arrival time
---------------------------------------------------------------------------------------------
                                              2.229899   slack (MET)


Startpoint: x[23] (input port clocked by __VIRTUAL_CLK__)
Endpoint: result[27] (output port clocked by __VIRTUAL_CLK__)
Path Group: __VIRTUAL_CLK__
Path Type: min

Fanout         Cap        Slew       Delay        Time   Description
---------------------------------------------------------------------------------------------
                      0.000000    0.000000    0.000000   clock __VIRTUAL_CLK__ (rise edge)
                                  0.200000    0.200000   clock network delay (ideal)
                                  1.000000    1.200000 ^ input external delay
     1    0.004178    0.000000    0.000000    1.200000 ^ x[23] (in)
                                                         x[23] (net)
                      0.000053    0.000027    1.200027 ^ input16/A (sky130_fd_sc_hd__clkbuf_4)
     7    0.039076    0.125833    0.178604    1.378630 ^ input16/X (sky130_fd_sc_hd__clkbuf_4)
                                                         net16 (net)
                      0.125833    0.000234    1.378864 ^ _0966_/D (sky130_fd_sc_hd__nor4_2)
     1    0.020820    0.065093    0.091812    1.470676 v _0966_/Y (sky130_fd_sc_hd__nor4_2)
                                                         _0091_ (net)
                      0.065096    0.000513    1.471189 v _0968_/A (sky130_fd_sc_hd__nand2_8)
    12    0.052900    0.097455    0.110670    1.581859 ^ _0968_/Y (sky130_fd_sc_hd__nand2_8)
                                                         _0093_ (net)
                      0.097460    0.000550    1.582409 ^ _1839_/A1_N (sky130_fd_sc_hd__a2bb2oi_1)
     1    0.003948    0.112777    0.183284    1.765693 ^ _1839_/Y (sky130_fd_sc_hd__a2bb2oi_1)
                                                         net84 (net)
                      0.112777    0.000034    1.765727 ^ output84/A (sky130_fd_sc_hd__buf_1)
     1    0.012624    0.154896    0.177670    1.943397 ^ output84/X (sky130_fd_sc_hd__buf_1)
                                                         result[27] (net)
                      0.154896    0.000178    1.943575 ^ result[27] (out)
                                              1.943575   data arrival time

                      0.000000    0.000000    0.000000   clock __VIRTUAL_CLK__ (rise edge)
                                  0.200000    0.200000   clock network delay (ideal)
                                  0.000000    0.200000   clock reconvergence pessimism
                                 -0.500000   -0.300000   output external delay
                                             -0.300000   data required time
---------------------------------------------------------------------------------------------
                                             -0.300000   data required time
                                             -1.943575   data arrival time
---------------------------------------------------------------------------------------------
                                              2.243575   slack (MET)


Startpoint: x[30] (input port clocked by __VIRTUAL_CLK__)
Endpoint: result[22] (output port clocked by __VIRTUAL_CLK__)
Path Group: __VIRTUAL_CLK__
Path Type: min

Fanout         Cap        Slew       Delay        Time   Description
---------------------------------------------------------------------------------------------
                      0.000000    0.000000    0.000000   clock __VIRTUAL_CLK__ (rise edge)
                                  0.200000    0.200000   clock network delay (ideal)
                                  1.000000    1.200000 ^ input external delay
     1    0.002976    0.000000    0.000000    1.200000 ^ x[30] (in)
                                                         x[30] (net)
                      0.000014    0.000007    1.200007 ^ input24/A (sky130_fd_sc_hd__clkbuf_4)
     8    0.043382    0.137846    0.187594    1.387601 ^ input24/X (sky130_fd_sc_hd__clkbuf_4)
                                                         net24 (net)
                      0.137846    0.000174    1.387775 ^ _1643_/B (sky130_fd_sc_hd__nor4_1)
     2    0.004305    0.050439    0.079303    1.467077 v _1643_/Y (sky130_fd_sc_hd__nor4_1)
                                                         _0768_ (net)
                      0.050439    0.000007    1.467085 v _1647_/B1_N (sky130_fd_sc_hd__o21bai_1)
     1    0.003250    0.037067    0.151813    1.618897 v _1647_/Y (sky130_fd_sc_hd__o21bai_1)
                                                         _0772_ (net)
                      0.037067    0.000016    1.618913 v _1821_/A1 (sky130_fd_sc_hd__o21ai_1)
     1    0.003039    0.077439    0.123867    1.742781 ^ _1821_/Y (sky130_fd_sc_hd__o21ai_1)
                                                         _0925_ (net)
                      0.077439    0.000008    1.742789 ^ _1822_/B1 (sky130_fd_sc_hd__a22oi_1)
     1    0.003348    0.057119    0.068416    1.811205 v _1822_/Y (sky130_fd_sc_hd__a22oi_1)
                                                         net79 (net)
                      0.057119    0.000016    1.811221 v output79/A (sky130_fd_sc_hd__buf_1)
     1    0.011864    0.074662    0.133473    1.944695 v output79/X (sky130_fd_sc_hd__buf_1)
                                                         result[22] (net)
                      0.074662    0.000109    1.944803 v result[22] (out)
                                              1.944803   data arrival time

                      0.000000    0.000000    0.000000   clock __VIRTUAL_CLK__ (rise edge)
                                  0.200000    0.200000   clock network delay (ideal)
                                  0.000000    0.200000   clock reconvergence pessimism
                                 -0.500000   -0.300000   output external delay
                                             -0.300000   data required time
---------------------------------------------------------------------------------------------
                                             -0.300000   data required time
                                             -1.944803   data arrival time
---------------------------------------------------------------------------------------------
                                              2.244803   slack (MET)


Startpoint: x[23] (input port clocked by __VIRTUAL_CLK__)
Endpoint: result[25] (output port clocked by __VIRTUAL_CLK__)
Path Group: __VIRTUAL_CLK__
Path Type: min

Fanout         Cap        Slew       Delay        Time   Description
---------------------------------------------------------------------------------------------
                      0.000000    0.000000    0.000000   clock __VIRTUAL_CLK__ (rise edge)
                                  0.200000    0.200000   clock network delay (ideal)
                                  1.000000    1.200000 ^ input external delay
     1    0.004178    0.000000    0.000000    1.200000 ^ x[23] (in)
                                                         x[23] (net)
                      0.000053    0.000027    1.200027 ^ input16/A (sky130_fd_sc_hd__clkbuf_4)
     7    0.039076    0.125833    0.178604    1.378630 ^ input16/X (sky130_fd_sc_hd__clkbuf_4)
                                                         net16 (net)
                      0.125833    0.000234    1.378864 ^ _0966_/D (sky130_fd_sc_hd__nor4_2)
     1    0.020820    0.065093    0.091812    1.470676 v _0966_/Y (sky130_fd_sc_hd__nor4_2)
                                                         _0091_ (net)
                      0.065096    0.000513    1.471189 v _0968_/A (sky130_fd_sc_hd__nand2_8)
    12    0.052900    0.097455    0.110670    1.581859 ^ _0968_/Y (sky130_fd_sc_hd__nand2_8)
                                                         _0093_ (net)
                      0.097460    0.000546    1.582405 ^ _1835_/A1_N (sky130_fd_sc_hd__a2bb2oi_1)
     1    0.004237    0.118145    0.187735    1.770140 ^ _1835_/Y (sky130_fd_sc_hd__a2bb2oi_1)
                                                         net82 (net)
                      0.118145    0.000043    1.770183 ^ output82/A (sky130_fd_sc_hd__buf_1)
     1    0.012537    0.153931    0.178411    1.948594 ^ output82/X (sky130_fd_sc_hd__buf_1)
                                                         result[25] (net)
                      0.153931    0.000174    1.948768 ^ result[25] (out)
                                              1.948768   data arrival time

                      0.000000    0.000000    0.000000   clock __VIRTUAL_CLK__ (rise edge)
                                  0.200000    0.200000   clock network delay (ideal)
                                  0.000000    0.200000   clock reconvergence pessimism
                                 -0.500000   -0.300000   output external delay
                                             -0.300000   data required time
---------------------------------------------------------------------------------------------
                                             -0.300000   data required time
                                             -1.948768   data arrival time
---------------------------------------------------------------------------------------------
                                              2.248768   slack (MET)


Startpoint: x[23] (input port clocked by __VIRTUAL_CLK__)
Endpoint: result[26] (output port clocked by __VIRTUAL_CLK__)
Path Group: __VIRTUAL_CLK__
Path Type: min

Fanout         Cap        Slew       Delay        Time   Description
---------------------------------------------------------------------------------------------
                      0.000000    0.000000    0.000000   clock __VIRTUAL_CLK__ (rise edge)
                                  0.200000    0.200000   clock network delay (ideal)
                                  1.000000    1.200000 ^ input external delay
     1    0.004178    0.000000    0.000000    1.200000 ^ x[23] (in)
                                                         x[23] (net)
                      0.000053    0.000027    1.200027 ^ input16/A (sky130_fd_sc_hd__clkbuf_4)
     7    0.039076    0.125833    0.178604    1.378630 ^ input16/X (sky130_fd_sc_hd__clkbuf_4)
                                                         net16 (net)
                      0.125833    0.000234    1.378864 ^ _0966_/D (sky130_fd_sc_hd__nor4_2)
     1    0.020820    0.065093    0.091812    1.470676 v _0966_/Y (sky130_fd_sc_hd__nor4_2)
                                                         _0091_ (net)
                      0.065096    0.000513    1.471189 v _0968_/A (sky130_fd_sc_hd__nand2_8)
    12    0.052900    0.097455    0.110670    1.581859 ^ _0968_/Y (sky130_fd_sc_hd__nand2_8)
                                                         _0093_ (net)
                      0.097459    0.000531    1.582390 ^ _1837_/A1_N (sky130_fd_sc_hd__a2bb2oi_1)
     1    0.004576    0.124498    0.192957    1.775347 ^ _1837_/Y (sky130_fd_sc_hd__a2bb2oi_1)
                                                         net83 (net)
                      0.124498    0.000054    1.775402 ^ output83/A (sky130_fd_sc_hd__buf_1)
     1    0.012889    0.157956    0.182644    1.958046 ^ output83/X (sky130_fd_sc_hd__buf_1)
                                                         result[26] (net)
                      0.157956    0.000208    1.958254 ^ result[26] (out)
                                              1.958254   data arrival time

                      0.000000    0.000000    0.000000   clock __VIRTUAL_CLK__ (rise edge)
                                  0.200000    0.200000   clock network delay (ideal)
                                  0.000000    0.200000   clock reconvergence pessimism
                                 -0.500000   -0.300000   output external delay
                                             -0.300000   data required time
---------------------------------------------------------------------------------------------
                                             -0.300000   data required time
                                             -1.958254   data arrival time
---------------------------------------------------------------------------------------------
                                              2.258254   slack (MET)


Startpoint: x[23] (input port clocked by __VIRTUAL_CLK__)
Endpoint: result[23] (output port clocked by __VIRTUAL_CLK__)
Path Group: __VIRTUAL_CLK__
Path Type: min

Fanout         Cap        Slew       Delay        Time   Description
---------------------------------------------------------------------------------------------
                      0.000000    0.000000    0.000000   clock __VIRTUAL_CLK__ (rise edge)
                                  0.200000    0.200000   clock network delay (ideal)
                                  1.000000    1.200000 ^ input external delay
     1    0.004178    0.000000    0.000000    1.200000 ^ x[23] (in)
                                                         x[23] (net)
                      0.000053    0.000027    1.200027 ^ input16/A (sky130_fd_sc_hd__clkbuf_4)
     7    0.039076    0.125833    0.178604    1.378630 ^ input16/X (sky130_fd_sc_hd__clkbuf_4)
                                                         net16 (net)
                      0.125833    0.000234    1.378864 ^ _0966_/D (sky130_fd_sc_hd__nor4_2)
     1    0.020820    0.065093    0.091812    1.470676 v _0966_/Y (sky130_fd_sc_hd__nor4_2)
                                                         _0091_ (net)
                      0.065096    0.000513    1.471189 v _0968_/A (sky130_fd_sc_hd__nand2_8)
    12    0.052900    0.097455    0.110670    1.581859 ^ _0968_/Y (sky130_fd_sc_hd__nand2_8)
                                                         _0093_ (net)
                      0.097459    0.000519    1.582378 ^ _1831_/A1_N (sky130_fd_sc_hd__a2bb2oi_1)
     1    0.004784    0.128414    0.196161    1.778539 ^ _1831_/Y (sky130_fd_sc_hd__a2bb2oi_1)
                                                         net80 (net)
                      0.128414    0.000061    1.778600 ^ output80/A (sky130_fd_sc_hd__buf_1)
     1    0.012927    0.158406    0.183504    1.962104 ^ output80/X (sky130_fd_sc_hd__buf_1)
                                                         result[23] (net)
                      0.158406    0.000215    1.962319 ^ result[23] (out)
                                              1.962319   data arrival time

                      0.000000    0.000000    0.000000   clock __VIRTUAL_CLK__ (rise edge)
                                  0.200000    0.200000   clock network delay (ideal)
                                  0.000000    0.200000   clock reconvergence pessimism
                                 -0.500000   -0.300000   output external delay
                                             -0.300000   data required time
---------------------------------------------------------------------------------------------
                                             -0.300000   data required time
                                             -1.962319   data arrival time
---------------------------------------------------------------------------------------------
                                              2.262319   slack (MET)


Startpoint: x[23] (input port clocked by __VIRTUAL_CLK__)
Endpoint: result[30] (output port clocked by __VIRTUAL_CLK__)
Path Group: __VIRTUAL_CLK__
Path Type: min

Fanout         Cap        Slew       Delay        Time   Description
---------------------------------------------------------------------------------------------
                      0.000000    0.000000    0.000000   clock __VIRTUAL_CLK__ (rise edge)
                                  0.200000    0.200000   clock network delay (ideal)
                                  1.000000    1.200000 ^ input external delay
     1    0.004178    0.000000    0.000000    1.200000 ^ x[23] (in)
                                                         x[23] (net)
                      0.000053    0.000027    1.200027 ^ input16/A (sky130_fd_sc_hd__clkbuf_4)
     7    0.039076    0.125833    0.178604    1.378630 ^ input16/X (sky130_fd_sc_hd__clkbuf_4)
                                                         net16 (net)
                      0.125833    0.000234    1.378864 ^ _0966_/D (sky130_fd_sc_hd__nor4_2)
     1    0.020820    0.065093    0.091812    1.470676 v _0966_/Y (sky130_fd_sc_hd__nor4_2)
                                                         _0091_ (net)
                      0.065096    0.000513    1.471189 v _0968_/A (sky130_fd_sc_hd__nand2_8)
    12    0.052900    0.097455    0.110670    1.581859 ^ _0968_/Y (sky130_fd_sc_hd__nand2_8)
                                                         _0093_ (net)
                      0.097458    0.000434    1.582293 ^ _0972_/A (sky130_fd_sc_hd__nor2_4)
    15    0.046194    0.070007    0.089560    1.671853 v _0972_/Y (sky130_fd_sc_hd__nor2_4)
                                                         _0097_ (net)
                      0.070033    0.001056    1.672909 v _1844_/B1 (sky130_fd_sc_hd__a21oi_1)
     1    0.003244    0.098179    0.124847    1.797756 ^ _1844_/Y (sky130_fd_sc_hd__a21oi_1)
                                                         net88 (net)
                      0.098179    0.000012    1.797768 ^ output88/A (sky130_fd_sc_hd__buf_1)
     1    0.011943    0.147060    0.168380    1.966148 ^ output88/X (sky130_fd_sc_hd__buf_1)
                                                         result[30] (net)
                      0.147060    0.000113    1.966261 ^ result[30] (out)
                                              1.966261   data arrival time

                      0.000000    0.000000    0.000000   clock __VIRTUAL_CLK__ (rise edge)
                                  0.200000    0.200000   clock network delay (ideal)
                                  0.000000    0.200000   clock reconvergence pessimism
                                 -0.500000   -0.300000   output external delay
                                             -0.300000   data required time
---------------------------------------------------------------------------------------------
                                             -0.300000   data required time
                                             -1.966261   data arrival time
---------------------------------------------------------------------------------------------
                                              2.266261   slack (MET)


Startpoint: x[23] (input port clocked by __VIRTUAL_CLK__)
Endpoint: result[28] (output port clocked by __VIRTUAL_CLK__)
Path Group: __VIRTUAL_CLK__
Path Type: min

Fanout         Cap        Slew       Delay        Time   Description
---------------------------------------------------------------------------------------------
                      0.000000    0.000000    0.000000   clock __VIRTUAL_CLK__ (rise edge)
                                  0.200000    0.200000   clock network delay (ideal)
                                  1.000000    1.200000 ^ input external delay
     1    0.004178    0.000000    0.000000    1.200000 ^ x[23] (in)
                                                         x[23] (net)
                      0.000053    0.000027    1.200027 ^ input16/A (sky130_fd_sc_hd__clkbuf_4)
     7    0.039076    0.125833    0.178604    1.378630 ^ input16/X (sky130_fd_sc_hd__clkbuf_4)
                                                         net16 (net)
                      0.125833    0.000234    1.378864 ^ _0966_/D (sky130_fd_sc_hd__nor4_2)
     1    0.020820    0.065093    0.091812    1.470676 v _0966_/Y (sky130_fd_sc_hd__nor4_2)
                                                         _0091_ (net)
                      0.065096    0.000513    1.471189 v _0968_/A (sky130_fd_sc_hd__nand2_8)
    12    0.052900    0.097455    0.110670    1.581859 ^ _0968_/Y (sky130_fd_sc_hd__nand2_8)
                                                         _0093_ (net)
                      0.097458    0.000434    1.582293 ^ _0972_/A (sky130_fd_sc_hd__nor2_4)
    15    0.046194    0.070007    0.089560    1.671853 v _0972_/Y (sky130_fd_sc_hd__nor2_4)
                                                         _0097_ (net)
                      0.070030    0.001012    1.672865 v _1841_/B1 (sky130_fd_sc_hd__a21oi_1)
     1    0.003165    0.096666    0.123701    1.796566 ^ _1841_/Y (sky130_fd_sc_hd__a21oi_1)
                                                         net85 (net)
                      0.096666    0.000011    1.796577 ^ output85/A (sky130_fd_sc_hd__buf_1)
     1    0.012180    0.149772    0.169862    1.966439 ^ output85/X (sky130_fd_sc_hd__buf_1)
                                                         result[28] (net)
                      0.149772    0.000125    1.966564 ^ result[28] (out)
                                              1.966564   data arrival time

                      0.000000    0.000000    0.000000   clock __VIRTUAL_CLK__ (rise edge)
                                  0.200000    0.200000   clock network delay (ideal)
                                  0.000000    0.200000   clock reconvergence pessimism
                                 -0.500000   -0.300000   output external delay
                                             -0.300000   data required time
---------------------------------------------------------------------------------------------
                                             -0.300000   data required time
                                             -1.966564   data arrival time
---------------------------------------------------------------------------------------------
                                              2.266564   slack (MET)


Startpoint: x[23] (input port clocked by __VIRTUAL_CLK__)
Endpoint: result[24] (output port clocked by __VIRTUAL_CLK__)
Path Group: __VIRTUAL_CLK__
Path Type: min

Fanout         Cap        Slew       Delay        Time   Description
---------------------------------------------------------------------------------------------
                      0.000000    0.000000    0.000000   clock __VIRTUAL_CLK__ (rise edge)
                                  0.200000    0.200000   clock network delay (ideal)
                                  1.000000    1.200000 ^ input external delay
     1    0.004178    0.000000    0.000000    1.200000 ^ x[23] (in)
                                                         x[23] (net)
                      0.000053    0.000027    1.200027 ^ input16/A (sky130_fd_sc_hd__clkbuf_4)
     7    0.039076    0.125833    0.178604    1.378630 ^ input16/X (sky130_fd_sc_hd__clkbuf_4)
                                                         net16 (net)
                      0.125833    0.000234    1.378864 ^ _0966_/D (sky130_fd_sc_hd__nor4_2)
     1    0.020820    0.065093    0.091812    1.470676 v _0966_/Y (sky130_fd_sc_hd__nor4_2)
                                                         _0091_ (net)
                      0.065096    0.000513    1.471189 v _0968_/A (sky130_fd_sc_hd__nand2_8)
    12    0.052900    0.097455    0.110670    1.581859 ^ _0968_/Y (sky130_fd_sc_hd__nand2_8)
                                                         _0093_ (net)
                      0.097459    0.000504    1.582363 ^ _1833_/A1_N (sky130_fd_sc_hd__a2bb2oi_1)
     1    0.004894    0.130481    0.197848    1.780211 ^ _1833_/Y (sky130_fd_sc_hd__a2bb2oi_1)
                                                         net81 (net)
                      0.130481    0.000064    1.780275 ^ output81/A (sky130_fd_sc_hd__buf_1)
     1    0.013289    0.162536    0.186679    1.966954 ^ output81/X (sky130_fd_sc_hd__buf_1)
                                                         result[24] (net)
                      0.162536    0.000240    1.967194 ^ result[24] (out)
                                              1.967194   data arrival time

                      0.000000    0.000000    0.000000   clock __VIRTUAL_CLK__ (rise edge)
                                  0.200000    0.200000   clock network delay (ideal)
                                  0.000000    0.200000   clock reconvergence pessimism
                                 -0.500000   -0.300000   output external delay
                                             -0.300000   data required time
---------------------------------------------------------------------------------------------
                                             -0.300000   data required time
                                             -1.967194   data arrival time
---------------------------------------------------------------------------------------------
                                              2.267194   slack (MET)



