
===========================================================================
report_checks -unconstrained
===========================================================================
======================= max_tt_025C_1v80 Corner ===================================

Startpoint: x[27] (input port clocked by __VIRTUAL_CLK__)
Endpoint: result[25] (output port clocked by __VIRTUAL_CLK__)
Path Group: __VIRTUAL_CLK__
Path Type: max

Fanout         Cap        Slew       Delay        Time   Description
---------------------------------------------------------------------------------------------
                      0.000000    0.000000    0.000000   clock __VIRTUAL_CLK__ (rise edge)
                                  0.200000    0.200000   clock network delay (ideal)
                                  1.000000    1.200000 ^ input external delay
     1    0.033275    0.000000    0.000000    1.200000 ^ x[27] (in)
                                                         x[27] (net)
                      0.004271    0.002136    1.202136 ^ input20/A (sky130_fd_sc_hd__buf_2)
     7    0.108924    0.523123    0.413459    1.615595 ^ input20/X (sky130_fd_sc_hd__buf_2)
                                                         net20 (net)
                      0.524279    0.020303    1.635898 ^ _0975_/B_N (sky130_fd_sc_hd__nor2b_1)
     4    0.085723    1.542576    1.249030    2.884928 ^ _0975_/Y (sky130_fd_sc_hd__nor2b_1)
                                                         _0100_ (net)
                      1.542649    0.009102    2.894030 ^ _1082_/A1 (sky130_fd_sc_hd__a21oi_1)
     1    0.031852    0.486634    0.551599    3.445630 v _1082_/Y (sky130_fd_sc_hd__a21oi_1)
                                                         _0207_ (net)
                      0.486672    0.003534    3.449164 v _1100_/C1 (sky130_fd_sc_hd__o221ai_4)
     5    0.034362    0.336067    0.295584    3.744748 ^ _1100_/Y (sky130_fd_sc_hd__o221ai_4)
                                                         _0225_ (net)
                      0.336089    0.002650    3.747398 ^ _1101_/B1 (sky130_fd_sc_hd__o21ai_1)
     2    0.039633    0.329661    0.361763    4.109161 v _1101_/Y (sky130_fd_sc_hd__o21ai_1)
                                                         _0226_ (net)
                      0.329808    0.005771    4.114932 v _1104_/A (sky130_fd_sc_hd__nand2_2)
     1    0.035414    0.203302    0.289017    4.403949 ^ _1104_/Y (sky130_fd_sc_hd__nand2_2)
                                                         _0229_ (net)
                      0.203470    0.003312    4.407260 ^ _1106_/B (sky130_fd_sc_hd__nand2_8)
    27    0.151384    0.216674    0.188999    4.596259 v _1106_/Y (sky130_fd_sc_hd__nand2_8)
                                                         _0231_ (net)
                      0.220133    0.021882    4.618142 v _1109_/D1 (sky130_fd_sc_hd__o2111ai_4)
    19    0.128243    0.908454    0.388027    5.006169 ^ _1109_/Y (sky130_fd_sc_hd__o2111ai_4)
                                                         _0234_ (net)
                      0.908569    0.008410    5.014579 ^ _1260_/A1 (sky130_fd_sc_hd__o22ai_2)
     3    0.017910    0.193997    0.270463    5.285041 v _1260_/Y (sky130_fd_sc_hd__o22ai_2)
                                                         _0385_ (net)
                      0.193999    0.000997    5.286039 v _1292_/A2 (sky130_fd_sc_hd__o211ai_1)
     2    0.014537    0.352000    0.374496    5.660535 ^ _1292_/Y (sky130_fd_sc_hd__o211ai_1)
                                                         _0417_ (net)
                      0.352118    0.001250    5.661785 ^ _1352_/A (sky130_fd_sc_hd__nand3_1)
     1    0.010044    0.156870    0.194061    5.855846 v _1352_/Y (sky130_fd_sc_hd__nand3_1)
                                                         _0477_ (net)
                      0.156874    0.000968    5.856814 v _1358_/B1 (sky130_fd_sc_hd__a2bb2oi_2)
     3    0.027262    0.336171    0.350604    6.207417 ^ _1358_/Y (sky130_fd_sc_hd__a2bb2oi_2)
                                                         _0483_ (net)
                      0.336220    0.003373    6.210790 ^ _1379_/D (sky130_fd_sc_hd__nand4_2)
     6    0.019611    0.212500    0.228475    6.439265 v _1379_/Y (sky130_fd_sc_hd__nand4_2)
                                                         _0504_ (net)
                      0.212511    0.001235    6.440500 v _1381_/C (sky130_fd_sc_hd__nor3_1)
     3    0.010981    0.356816    0.347575    6.788075 ^ _1381_/Y (sky130_fd_sc_hd__nor3_1)
                                                         _0506_ (net)
                      0.356816    0.000324    6.788399 ^ _1384_/B (sky130_fd_sc_hd__nand4b_1)
     2    0.006173    0.136097    0.177707    6.966106 v _1384_/Y (sky130_fd_sc_hd__nand4b_1)
                                                         _0509_ (net)
                      0.136097    0.000409    6.966515 v _1386_/C (sky130_fd_sc_hd__nor3_1)
     2    0.004600    0.190622    0.193388    7.159904 ^ _1386_/Y (sky130_fd_sc_hd__nor3_1)
                                                         _0511_ (net)
                      0.190622    0.000147    7.160051 ^ _1390_/D_N (sky130_fd_sc_hd__or4b_2)
     3    0.011769    0.136391    0.663945    7.823996 v _1390_/X (sky130_fd_sc_hd__or4b_2)
                                                         _0515_ (net)
                      0.136391    0.000663    7.824658 v _1393_/A3 (sky130_fd_sc_hd__o31ai_2)
     2    0.014084    0.343148    0.338149    8.162807 ^ _1393_/Y (sky130_fd_sc_hd__o31ai_2)
                                                         _0518_ (net)
                      0.343148    0.000440    8.163247 ^ _1394_/B1 (sky130_fd_sc_hd__o21ai_2)
     2    0.012212    0.120346    0.138228    8.301476 v _1394_/Y (sky130_fd_sc_hd__o21ai_2)
                                                         _0519_ (net)
                      0.120346    0.000449    8.301924 v _1395_/B1 (sky130_fd_sc_hd__a41o_1)
     2    0.014739    0.089870    0.281912    8.583837 v _1395_/X (sky130_fd_sc_hd__a41o_1)
                                                         _0520_ (net)
                      0.089873    0.000622    8.584457 v _1396_/B1 (sky130_fd_sc_hd__a41oi_2)
     3    0.008436    0.186583    0.204031    8.788489 ^ _1396_/Y (sky130_fd_sc_hd__a41oi_2)
                                                         _0521_ (net)
                      0.186583    0.000258    8.788748 ^ _1397_/B1 (sky130_fd_sc_hd__o31a_1)
     3    0.015055    0.165038    0.249495    9.038242 ^ _1397_/X (sky130_fd_sc_hd__o31a_1)
                                                         _0522_ (net)
                      0.165038    0.000606    9.038848 ^ _1398_/B1 (sky130_fd_sc_hd__o41ai_4)
     3    0.014400    0.106302    0.125861    9.164709 v _1398_/Y (sky130_fd_sc_hd__o41ai_4)
                                                         _0523_ (net)
                      0.106308    0.000865    9.165574 v _1399_/B1 (sky130_fd_sc_hd__a21oi_1)
     1    0.006131    0.164905    0.179756    9.345330 ^ _1399_/Y (sky130_fd_sc_hd__a21oi_1)
                                                         _0524_ (net)
                      0.164905    0.000450    9.345780 ^ _1405_/B (sky130_fd_sc_hd__xor2_1)
     3    0.016028    0.166973    0.158706    9.504486 v _1405_/X (sky130_fd_sc_hd__xor2_1)
                                                         _0530_ (net)
                      0.166973    0.000685    9.505171 v _1409_/A (sky130_fd_sc_hd__or2_2)
     3    0.025923    0.112791    0.412903    9.918074 v _1409_/X (sky130_fd_sc_hd__or2_2)
                                                         _0534_ (net)
                      0.112814    0.001580    9.919654 v _1565_/A (sky130_fd_sc_hd__nand2_1)
     1    0.012574    0.130095    0.144416   10.064070 ^ _1565_/Y (sky130_fd_sc_hd__nand2_1)
                                                         _0690_ (net)
                      0.130157    0.001122   10.065191 ^ _1566_/A (sky130_fd_sc_hd__inv_1)
     2    0.021183    0.106252    0.128653   10.193844 v _1566_/Y (sky130_fd_sc_hd__inv_1)
                                                         _0691_ (net)
                      0.106326    0.001853   10.195697 v _1567_/B (sky130_fd_sc_hd__nand2_2)
     2    0.020248    0.118723    0.145043   10.340740 ^ _1567_/Y (sky130_fd_sc_hd__nand2_2)
                                                         _0692_ (net)
                      0.118732    0.000852   10.341592 ^ _1572_/A2_N (sky130_fd_sc_hd__o2bb2ai_4)
    12    0.097256    0.613565    0.316997   10.658589 ^ _1572_/Y (sky130_fd_sc_hd__o2bb2ai_4)
                                                         _0697_ (net)
                      0.613886    0.011613   10.670202 ^ _1580_/B (sky130_fd_sc_hd__nand3_4)
    11    0.067416    0.278248    0.326706   10.996907 v _1580_/Y (sky130_fd_sc_hd__nand3_4)
                                                         _0705_ (net)
                      0.278332    0.003889   11.000797 v _1599_/B (sky130_fd_sc_hd__nand3_1)
     2    0.013638    0.174806    0.258161   11.258959 ^ _1599_/Y (sky130_fd_sc_hd__nand3_1)
                                                         _0724_ (net)
                      0.174807    0.000770   11.259728 ^ _1617_/B (sky130_fd_sc_hd__nand4_2)
     2    0.015739    0.154618    0.179935   11.439664 v _1617_/Y (sky130_fd_sc_hd__nand4_2)
                                                         _0742_ (net)
                      0.154631    0.001106   11.440769 v _1619_/B2 (sky130_fd_sc_hd__o22ai_4)
     4    0.025809    0.257409    0.230961   11.671731 ^ _1619_/Y (sky130_fd_sc_hd__o22ai_4)
                                                         _0744_ (net)
                      0.257418    0.001394   11.673124 ^ _1627_/A1 (sky130_fd_sc_hd__a21boi_1)
     1    0.009304    0.109577    0.148264   11.821387 v _1627_/Y (sky130_fd_sc_hd__a21boi_1)
                                                         _0752_ (net)
                      0.109579    0.000690   11.822078 v _1632_/B2 (sky130_fd_sc_hd__o32ai_4)
     4    0.013742    0.269073    0.153374   11.975452 ^ _1632_/Y (sky130_fd_sc_hd__o32ai_4)
                                                         _0757_ (net)
                      0.269074    0.001117   11.976569 ^ _1641_/A1 (sky130_fd_sc_hd__a21oi_1)
     1    0.002718    0.114499    0.103614   12.080183 v _1641_/Y (sky130_fd_sc_hd__a21oi_1)
                                                         _0766_ (net)
                      0.114499    0.000127   12.080311 v _1646_/A1 (sky130_fd_sc_hd__a21oi_1)
     3    0.017478    0.381503    0.350081   12.430391 ^ _1646_/Y (sky130_fd_sc_hd__a21oi_1)
                                                         _0771_ (net)
                      0.381508    0.001159   12.431550 ^ _1834_/B2 (sky130_fd_sc_hd__o221ai_1)
     1    0.004634    0.120460    0.179368   12.610918 v _1834_/Y (sky130_fd_sc_hd__o221ai_1)
                                                         _0936_ (net)
                      0.120460    0.000303   12.611221 v _1835_/B2 (sky130_fd_sc_hd__a2bb2oi_1)
     1    0.018603    0.430011    0.377039   12.988259 ^ _1835_/Y (sky130_fd_sc_hd__a2bb2oi_1)
                                                         net82 (net)
                      0.430020    0.001590   12.989849 ^ output82/A (sky130_fd_sc_hd__buf_1)
     1    0.025969    0.306305    0.317669   13.307518 ^ output82/X (sky130_fd_sc_hd__buf_1)
                                                         result[25] (net)
                      0.306320    0.001820   13.309338 ^ result[25] (out)
                                             13.309338   data arrival time

                      0.000000   20.000000   20.000000   clock __VIRTUAL_CLK__ (rise edge)
                                  0.200000   20.200001   clock network delay (ideal)
                                  0.000000   20.200001   clock reconvergence pessimism
                                 -0.500000   19.700001   output external delay
                                             19.700001   data required time
---------------------------------------------------------------------------------------------
                                             19.700001   data required time
                                            -13.309338   data arrival time
---------------------------------------------------------------------------------------------
                                              6.390662   slack (MET)




===========================================================================
report_checks --slack_max -0.01
============================================================================
======================= max_tt_025C_1v80 Corner ===================================

No paths found.


===========================================================================
 report_check_types -max_slew -max_cap -max_fanout -violators
============================================================================
======================= max_tt_025C_1v80 Corner ===================================

max slew

Pin                                        Limit        Slew       Slack
------------------------------------------------------------------------
_0975_/Y                                1.496919    1.542576   -0.045657 (VIOLATED)
_1083_/A1                               1.500000    1.542651   -0.042651 (VIOLATED)
_1144_/B1                               1.500000    1.542650   -0.042650 (VIOLATED)
_1082_/A1                               1.500000    1.542649   -0.042649 (VIOLATED)
ANTENNA_2/DIODE                         1.500000    1.542649   -0.042649 (VIOLATED)

max capacitance

Pin                                        Limit         Cap       Slack
------------------------------------------------------------------------
_0975_/Y                                0.082407    0.085723   -0.003316 (VIOLATED)



===========================================================================
report_parasitic_annotation -report_unannotated
============================================================================
Found 0 unannotated drivers.
Found 0 partially unannotated drivers.

===========================================================================
max slew violation count 5
max fanout violation count 0
max cap violation count 1
============================================================================

===========================================================================
check_setup -verbose -unconstrained_endpoints -multiple_clock -no_clock -no_input_delay -loops -generated_clocks
===========================================================================
